Log file open, 12/08/20 23:01:47
LogInit: Display: Running engine for game: UnrealGame
LogPlatformFile: Not using cached read wrapper
LogTaskGraph: Started task graph with 5 named threads and 35 total threads with 3 sets of task threads.
LogStats: Stats thread started at 0.174304
LogD3D11RHI: Loaded GFSDK_Aftermath_Lib.x64.dll
LogICUInternationalization: ICU TimeZone Detection - Raw Offset: -7:00, Platform Override: ''
LogPluginManager: Mounting plugin Paper2D
LogPluginManager: Mounting plugin AISupport
LogPluginManager: Mounting plugin LightPropagationVolume
LogPluginManager: Mounting plugin CameraShakePreviewer
LogPluginManager: Mounting plugin ActorLayerUtilities
LogPluginManager: Mounting plugin AnimationSharing
LogPluginManager: Mounting plugin CLionSourceCodeAccess
LogPluginManager: Mounting plugin CodeLiteSourceCodeAccess
LogPluginManager: Mounting plugin GitSourceControl
LogPluginManager: Mounting plugin KDevelopSourceCodeAccess
LogPluginManager: Mounting plugin NullSourceCodeAccess
LogPluginManager: Mounting plugin PerforceSourceControl
LogPluginManager: Mounting plugin PlasticSourceControl
LogPluginManager: Mounting plugin RiderSourceCodeAccess
LogPluginManager: Mounting plugin SubversionSourceControl
LogPluginManager: Mounting plugin UObjectPlugin
LogPluginManager: Mounting plugin VisualStudioCodeSourceCodeAccess
LogPluginManager: Mounting plugin VisualStudioSourceCodeAccess
LogPluginManager: Mounting plugin XCodeSourceCodeAccess
LogPluginManager: Mounting plugin AssetManagerEditor
LogPluginManager: Mounting plugin CryptoKeys
LogPluginManager: Mounting plugin CurveEditorTools
LogPluginManager: Mounting plugin DataValidation
LogPluginManager: Mounting plugin EditorScriptingUtilities
LogPluginManager: Mounting plugin FacialAnimation
LogPluginManager: Mounting plugin GameplayTagsEditor
LogPluginManager: Mounting plugin GeometryMode
LogPluginManager: Mounting plugin MacGraphicsSwitching
LogPluginManager: Mounting plugin MaterialAnalyzer
LogPluginManager: Mounting plugin MobileLauncherProfileWizard
LogPluginManager: Mounting plugin PluginBrowser
LogPluginManager: Mounting plugin SpeedTreeImporter
LogPluginManager: Mounting plugin DatasmithContent
LogPluginManager: Mounting plugin VariantManagerContent
LogPluginManager: Mounting plugin AlembicImporter
LogPluginManager: Mounting plugin AutomationUtils
LogPluginManager: Mounting plugin BackChannel
LogPluginManager: Mounting plugin ChaosCloth
LogPluginManager: Mounting plugin ChaosClothEditor
LogPluginManager: Mounting plugin ChaosEditor
LogPluginManager: Mounting plugin ChaosNiagara
LogPluginManager: Mounting plugin ChaosSolverPlugin
LogPluginManager: Mounting plugin CharacterAI
LogPluginManager: Mounting plugin GeometryCache
LogPluginManager: Mounting plugin GeometryCollectionPlugin
LogPluginManager: Mounting plugin GeometryProcessing
LogPluginManager: Mounting plugin PlanarCut
LogPluginManager: Mounting plugin PlatformCrypto
LogPluginManager: Mounting plugin ProxyLODPlugin
LogPluginManager: Mounting plugin PythonScriptPlugin
LogPluginManager: Mounting plugin SkeletalReduction
LogPluginManager: Mounting plugin Niagara
LogPluginManager: Mounting plugin MagicLeap
LogPluginManager: Mounting plugin MagicLeapLightEstimation
LogPluginManager: Mounting plugin MagicLeapMedia
LogPluginManager: Mounting plugin MagicLeapPassableWorld
LogPluginManager: Mounting plugin MLSDK
LogPluginManager: Mounting plugin AndroidMedia
LogPluginManager: Mounting plugin AvfMedia
LogPluginManager: Mounting plugin ImgMedia
LogPluginManager: Mounting plugin MediaCompositing
LogPluginManager: Mounting plugin MediaPlayerEditor
LogPluginManager: Mounting plugin WebMMedia
LogPluginManager: Mounting plugin WmfMedia
LogPluginManager: Mounting plugin MegascansPlugin
LogPluginManager: Mounting plugin MeshPainting
LogPluginManager: Mounting plugin TcpMessaging
LogPluginManager: Mounting plugin UdpMessaging
LogPluginManager: Mounting plugin ActorSequence
LogPluginManager: Mounting plugin LevelSequenceEditor
LogPluginManager: Mounting plugin MatineeToLevelSequence
LogPluginManager: Mounting plugin MovieRenderPipeline
LogPluginManager: Mounting plugin TemplateSequence
LogPluginManager: Mounting plugin NetcodeUnitTest
LogPluginManager: Mounting plugin NUTUnrealEngine4
LogPluginManager: Mounting plugin OnlineSubsystemGooglePlay
LogPluginManager: Mounting plugin OnlineSubsystemIOS
LogPluginManager: Mounting plugin OnlineSubsystem
LogPluginManager: Mounting plugin OnlineSubsystemNull
LogPluginManager: Mounting plugin OnlineSubsystemUtils
LogPluginManager: Mounting plugin LauncherChunkInstaller
LogPluginManager: Mounting plugin AndroidDeviceProfileSelector
LogPluginManager: Mounting plugin AndroidMoviePlayer
LogPluginManager: Mounting plugin AndroidPermission
LogPluginManager: Mounting plugin AppleImageUtils
LogPluginManager: Mounting plugin AppleMoviePlayer
LogPluginManager: Mounting plugin ArchVisCharacter
LogPluginManager: Mounting plugin AssetTags
LogPluginManager: Mounting plugin AudioCapture
LogPluginManager: Mounting plugin CableComponent
LogPluginManager: Mounting plugin CustomMeshComponent
LogPluginManager: Mounting plugin DatabaseSupport
LogPluginManager: Mounting plugin SQLiteCore
LogPluginManager: Mounting plugin SQLiteSupport
LogPluginManager: Mounting plugin EditableMesh
LogPluginManager: Mounting plugin ExampleDeviceProfileSelector
LogPluginManager: Mounting plugin GoogleCloudMessaging
LogPluginManager: Mounting plugin GooglePAD
LogPluginManager: Mounting plugin IOSDeviceProfileSelector
LogPluginManager: Mounting plugin LinuxDeviceProfileSelector
LogPluginManager: Mounting plugin LocationServicesBPLibrary
LogPluginManager: Mounting plugin MobilePatchingUtils
LogPluginManager: Mounting plugin OculusVR
LogPluginManager: Mounting plugin PhysXVehicles
LogPluginManager: Mounting plugin PostSplashScreen
LogPluginManager: Mounting plugin ProceduralMeshComponent
LogPluginManager: Mounting plugin RuntimePhysXCooking
LogPluginManager: Mounting plugin SignificanceManager
LogPluginManager: Mounting plugin SoundFields
LogPluginManager: Mounting plugin SteamVR
LogPluginManager: Mounting plugin Synthesis
LogPluginManager: Mounting plugin WebMMoviePlayer
LogPluginManager: Mounting plugin WindowsMoviePlayer
LogPluginManager: Mounting plugin ScreenshotTools
LogInit: Using libcurl 7.55.1-DEV
LogInit:  - built for x86_64-pc-win32
LogInit:  - supports SSL with OpenSSL/1.1.1
LogInit:  - supports HTTP deflate (compression) using libz 1.2.8
LogInit:  - other features:
LogInit:      CURL_VERSION_SSL
LogInit:      CURL_VERSION_LIBZ
LogInit:      CURL_VERSION_IPV6
LogInit:      CURL_VERSION_ASYNCHDNS
LogInit:      CURL_VERSION_LARGEFILE
LogInit:      CURL_VERSION_IDN
LogInit:  CurlRequestOptions (configurable via config and command line):
LogInit:  - bVerifyPeer = true  - Libcurl will verify peer certificate
LogInit:  - bUseHttpProxy = false  - Libcurl will NOT use HTTP proxy
LogInit:  - bDontReuseConnections = false  - Libcurl will reuse connections
LogInit:  - MaxHostConnections = 16  - Libcurl will limit the number of connections to a host
LogInit:  - LocalHostAddr = Default
LogInit:  - BufferSize = 65536
LogOnline: OSS: Creating online subsystem instance for: NULL
LogInit: WinSock: version 1.1 (2.2), MaxSocks=32767, MaxUdp=65467
LogOnline: OSS: TryLoadSubsystemAndSetDefault: Loaded subsystem for module [NULL]
LogOculusPluginWrapper: OculusPlugin initialized successfully
LogHMD: Failed initializing OVRPlugin 1.44.0
LogInit: Build: ++UE4+Release-4.25-CL-14469661
LogInit: Engine Version: 4.25.4-14469661+++UE4+Release-4.25
LogInit: Compatible Engine Version: 4.25.0-13144385+++UE4+Release-4.25
LogInit: Net CL: 13144385
LogInit: OS: Windows 10 (Release 1909) (), CPU: AMD Ryzen 5 3600 6-Core Processor              , GPU: NVIDIA GeForce GTX 1070 Ti
LogInit: Compiled (64-bit): Oct 11 2020 08:10:49
LogInit: Compiled with Visual C++: 19.24.28315.00
LogInit: Build Configuration: Development
LogInit: Branch Name: ++UE4+Release-4.25
LogInit: Command Line:  -EpicPortal -epicusername=dodomino14 -epicuserid=e018436c4d954060add09c406714a73c -epiclocale=en
LogInit: Base Directory: E:/Unreal/UE_4.25/Engine/Binaries/Win64/
LogInit: Allocator: TBB
LogInit: Installed Engine Build: 1
LogDevObjectVersion: Number of dev versions registered: 26
LogDevObjectVersion:   Dev-Blueprints (B0D832E4-1F89-4F0D-ACCF-7EB736FD4AA2): 10
LogDevObjectVersion:   Dev-Build (E1C64328-A22C-4D53-A36C-8E866417BD8C): 0
LogDevObjectVersion:   Dev-Core (375EC13C-06E4-48FB-B500-84F0262A717E): 4
LogDevObjectVersion:   Dev-Editor (E4B068ED-F494-42E9-A231-DA0B2E46BB41): 38
LogDevObjectVersion:   Dev-Framework (CFFC743F-43B0-4480-9391-14DF171D2073): 37
LogDevObjectVersion:   Dev-Mobile (B02B49B5-BB20-44E9-A304-32B752E40360): 2
LogDevObjectVersion:   Dev-Networking (A4E4105C-59A1-49B5-A7C5-40C4547EDFEE): 0
LogDevObjectVersion:   Dev-Online (39C831C9-5AE6-47DC-9A44-9C173E1C8E7C): 0
LogDevObjectVersion:   Dev-Physics (78F01B33-EBEA-4F98-B9B4-84EACCB95AA2): 4
LogDevObjectVersion:   Dev-Platform (6631380F-2D4D-43E0-8009-CF276956A95A): 0
LogDevObjectVersion:   Dev-Rendering (12F88B9F-8875-4AFC-A67C-D90C383ABD29): 43
LogDevObjectVersion:   Dev-Sequencer (7B5AE74C-D270-4C10-A958-57980B212A5A): 12
LogDevObjectVersion:   Dev-VR (D7296918-1DD6-4BDD-9DE2-64A83CC13884): 3
LogDevObjectVersion:   Dev-LoadTimes (C2A15278-BFE7-4AFE-6C17-90FF531DF755): 1
LogDevObjectVersion:   Private-Geometry (6EACA3D4-40EC-4CC1-B786-8BED09428FC5): 3
LogDevObjectVersion:   Dev-AnimPhys (29E575DD-E0A3-4627-9D10-D276232CDCEA): 17
LogDevObjectVersion:   Dev-Anim (AF43A65D-7FD3-4947-9873-3E8ED9C1BB05): 7
LogDevObjectVersion:   Dev-ReflectionCapture (6B266CEC-1EC7-4B8F-A30B-E4D90942FC07): 1
LogDevObjectVersion:   Dev-Automation (0DF73D61-A23F-47EA-B727-89E90C41499A): 1
LogDevObjectVersion:   FortniteMain (601D1886-AC64-4F84-AA16-D3DE0DEAC7D6): 31
LogDevObjectVersion:   Dev-Enterprise (9DFFBCD6-494F-0158-E221-12823C92A888): 10
LogDevObjectVersion:   Dev-Niagara (F2AED0AC-9AFE-416F-8664-AA7FFA26D6FC): 1
LogDevObjectVersion:   Dev-Destruction (174F1F0B-B4C6-45A5-B13F-2EE8D0FB917D): 10
LogDevObjectVersion:   Dev-Physics-Ext (35F94A83-E258-406C-A318-09F59610247C): 37
LogDevObjectVersion:   Dev-PhysicsMaterial-Chaos (B68FC16E-8B1B-42E2-B453-215C058844FE): 1
LogDevObjectVersion:   Dev-CineCamera (B2E18506-4273-CFC2-A54E-F4BB758BBA07): 1
LogInit: Presizing for max 25165824 objects, including 0 objects not considered by GC, pre-allocating 0 bytes for permanent pool.
LogConfig: Applying CVar settings from Section [/Script/Engine.StreamingSettings] File [E:/Unreal Projects/UnrealGame/UnrealGame/UnrealGame/Saved/Config/Windows/Engine.ini]
LogConfig: Setting CVar [[s.MinBulkDataSizeForAsyncLoading:131072]]
LogConfig: Setting CVar [[s.AsyncLoadingThreadEnabled:0]]
LogConfig: Setting CVar [[s.EventDrivenLoaderEnabled:1]]
LogConfig: Setting CVar [[s.WarnIfTimeLimitExceeded:0]]
LogConfig: Setting CVar [[s.TimeLimitExceededMultiplier:1.5]]
LogConfig: Setting CVar [[s.TimeLimitExceededMinTime:0.005]]
LogConfig: Setting CVar [[s.UseBackgroundLevelStreaming:1]]
LogConfig: Setting CVar [[s.PriorityAsyncLoadingExtraTime:15.0]]
LogConfig: Setting CVar [[s.LevelStreamingActorsUpdateTimeLimit:5.0]]
LogConfig: Setting CVar [[s.PriorityLevelStreamingActorsUpdateExtraTime:5.0]]
LogConfig: Setting CVar [[s.LevelStreamingComponentsRegistrationGranularity:10]]
LogConfig: Setting CVar [[s.UnregisterComponentsTimeLimit:1.0]]
LogConfig: Setting CVar [[s.LevelStreamingComponentsUnregistrationGranularity:5]]
LogConfig: Setting CVar [[s.FlushStreamingOnExit:1]]
LogInit: Object subsystem initialized
LogConfig: Setting CVar [[con.DebugEarlyDefault:1]]
LogConfig: Setting CVar [[r.setres:1280x720]]
[2020.12.09-06.01.47:915][  0]LogConfig: Setting CVar [[r.VSync:0]]
[2020.12.09-06.01.47:915][  0]LogConfig: Setting CVar [[r.RHICmdBypass:0]]
[2020.12.09-06.01.47:915][  0]LogConfig: Applying CVar settings from Section [/Script/Engine.RendererSettings] File [E:/Unreal Projects/UnrealGame/UnrealGame/UnrealGame/Saved/Config/Windows/Engine.ini]
[2020.12.09-06.01.47:915][  0]LogConfig: Setting CVar [[r.GPUCrashDebugging:0]]
[2020.12.09-06.01.47:915][  0]LogConfig: Setting CVar [[r.DefaultFeature.AutoExposure:0]]
[2020.12.09-06.01.47:915][  0]LogConfig: Applying CVar settings from Section [/Script/Engine.RendererOverrideSettings] File [E:/Unreal Projects/UnrealGame/UnrealGame/UnrealGame/Saved/Config/Windows/Engine.ini]
[2020.12.09-06.01.47:915][  0]LogConfig: Applying CVar settings from Section [/Script/Engine.StreamingSettings] File [E:/Unreal Projects/UnrealGame/UnrealGame/UnrealGame/Saved/Config/Windows/Engine.ini]
[2020.12.09-06.01.47:915][  0]LogConfig: Setting CVar [[s.MinBulkDataSizeForAsyncLoading:131072]]
[2020.12.09-06.01.47:915][  0]LogConfig: Setting CVar [[s.AsyncLoadingThreadEnabled:0]]
[2020.12.09-06.01.47:915][  0]LogConfig: Setting CVar [[s.EventDrivenLoaderEnabled:1]]
[2020.12.09-06.01.47:915][  0]LogConfig: Setting CVar [[s.WarnIfTimeLimitExceeded:0]]
[2020.12.09-06.01.47:915][  0]LogConfig: Setting CVar [[s.TimeLimitExceededMultiplier:1.5]]
[2020.12.09-06.01.47:915][  0]LogConfig: Setting CVar [[s.TimeLimitExceededMinTime:0.005]]
[2020.12.09-06.01.47:915][  0]LogConfig: Setting CVar [[s.UseBackgroundLevelStreaming:1]]
[2020.12.09-06.01.47:915][  0]LogConfig: Setting CVar [[s.PriorityAsyncLoadingExtraTime:15.0]]
[2020.12.09-06.01.47:915][  0]LogConfig: Setting CVar [[s.LevelStreamingActorsUpdateTimeLimit:5.0]]
[2020.12.09-06.01.47:915][  0]LogConfig: Setting CVar [[s.PriorityLevelStreamingActorsUpdateExtraTime:5.0]]
[2020.12.09-06.01.47:915][  0]LogConfig: Setting CVar [[s.LevelStreamingComponentsRegistrationGranularity:10]]
[2020.12.09-06.01.47:915][  0]LogConfig: Setting CVar [[s.UnregisterComponentsTimeLimit:1.0]]
[2020.12.09-06.01.47:915][  0]LogConfig: Setting CVar [[s.LevelStreamingComponentsUnregistrationGranularity:5]]
[2020.12.09-06.01.47:915][  0]LogConfig: Setting CVar [[s.FlushStreamingOnExit:1]]
[2020.12.09-06.01.47:915][  0]LogConfig: Applying CVar settings from Section [/Script/Engine.GarbageCollectionSettings] File [E:/Unreal Projects/UnrealGame/UnrealGame/UnrealGame/Saved/Config/Windows/Engine.ini]
[2020.12.09-06.01.47:915][  0]LogConfig: Setting CVar [[gc.MaxObjectsNotConsideredByGC:1]]
[2020.12.09-06.01.47:915][  0]LogConfig: Setting CVar [[gc.SizeOfPermanentObjectPool:0]]
[2020.12.09-06.01.47:915][  0]LogConfig: Setting CVar [[gc.FlushStreamingOnGC:0]]
[2020.12.09-06.01.47:915][  0]LogConfig: Setting CVar [[gc.NumRetriesBeforeForcingGC:10]]
[2020.12.09-06.01.47:915][  0]LogConfig: Setting CVar [[gc.AllowParallelGC:1]]
[2020.12.09-06.01.47:915][  0]LogConfig: Setting CVar [[gc.TimeBetweenPurgingPendingKillObjects:61.1]]
[2020.12.09-06.01.47:915][  0]LogConfig: Setting CVar [[gc.MaxObjectsInEditor:25165824]]
[2020.12.09-06.01.47:915][  0]LogConfig: Setting CVar [[gc.IncrementalBeginDestroyEnabled:1]]
[2020.12.09-06.01.47:915][  0]LogConfig: Setting CVar [[gc.CreateGCClusters:1]]
[2020.12.09-06.01.47:915][  0]LogConfig: Setting CVar [[gc.MinGCClusterSize:5]]
[2020.12.09-06.01.47:915][  0]LogConfig: Setting CVar [[gc.ActorClusteringEnabled:0]]
[2020.12.09-06.01.47:915][  0]LogConfig: Setting CVar [[gc.BlueprintClusteringEnabled:0]]
[2020.12.09-06.01.47:915][  0]LogConfig: Setting CVar [[gc.UseDisregardForGCOnDedicatedServers:0]]
[2020.12.09-06.01.47:915][  0]LogConfig: Applying CVar settings from Section [/Script/Engine.NetworkSettings] File [E:/Unreal Projects/UnrealGame/UnrealGame/UnrealGame/Saved/Config/Windows/Engine.ini]
[2020.12.09-06.01.47:915][  0]LogConfig: Applying CVar settings from Section [/Script/UnrealEd.CookerSettings] File [E:/Unreal Projects/UnrealGame/UnrealGame/UnrealGame/Saved/Config/Windows/Engine.ini]
[2020.12.09-06.01.47:917][  0]LogConfig: Applying CVar settings from Section [ViewDistanceQuality@3] File [E:/Unreal Projects/UnrealGame/UnrealGame/UnrealGame/Saved/Config/Windows/Scalability.ini]
[2020.12.09-06.01.47:917][  0]LogConfig: Setting CVar [[r.SkeletalMeshLODBias:0]]
[2020.12.09-06.01.47:917][  0]LogConfig: Setting CVar [[r.ViewDistanceScale:1.0]]
[2020.12.09-06.01.47:917][  0]LogConfig: Applying CVar settings from Section [AntiAliasingQuality@3] File [E:/Unreal Projects/UnrealGame/UnrealGame/UnrealGame/Saved/Config/Windows/Scalability.ini]
[2020.12.09-06.01.47:917][  0]LogConfig: Setting CVar [[r.PostProcessAAQuality:4]]
[2020.12.09-06.01.47:917][  0]LogConfig: Applying CVar settings from Section [ShadowQuality@3] File [E:/Unreal Projects/UnrealGame/UnrealGame/UnrealGame/Saved/Config/Windows/Scalability.ini]
[2020.12.09-06.01.47:917][  0]LogConfig: Setting CVar [[r.LightFunctionQuality:1]]
[2020.12.09-06.01.47:917][  0]LogConfig: Setting CVar [[r.ShadowQuality:5]]
[2020.12.09-06.01.47:917][  0]LogConfig: Setting CVar [[r.Shadow.CSM.MaxCascades:10]]
[2020.12.09-06.01.47:917][  0]LogConfig: Setting CVar [[r.Shadow.MaxResolution:2048]]
[2020.12.09-06.01.47:918][  0]LogConfig: Setting CVar [[r.Shadow.MaxCSMResolution:2048]]
[2020.12.09-06.01.47:918][  0]LogConfig: Setting CVar [[r.Shadow.RadiusThreshold:0.01]]
[2020.12.09-06.01.47:918][  0]LogConfig: Setting CVar [[r.Shadow.DistanceScale:1.0]]
[2020.12.09-06.01.47:918][  0]LogConfig: Setting CVar [[r.Shadow.CSM.TransitionScale:1.0]]
[2020.12.09-06.01.47:918][  0]LogConfig: Setting CVar [[r.Shadow.PreShadowResolutionFactor:1.0]]
[2020.12.09-06.01.47:918][  0]LogConfig: Setting CVar [[r.DistanceFieldShadowing:1]]
[2020.12.09-06.01.47:918][  0]LogConfig: Setting CVar [[r.DistanceFieldAO:1]]
[2020.12.09-06.01.47:918][  0]LogConfig: Setting CVar [[r.AOQuality:2]]
[2020.12.09-06.01.47:918][  0]LogConfig: Setting CVar [[r.VolumetricFog:1]]
[2020.12.09-06.01.47:918][  0]LogConfig: Setting CVar [[r.VolumetricFog.GridPixelSize:8]]
[2020.12.09-06.01.47:918][  0]LogConfig: Setting CVar [[r.VolumetricFog.GridSizeZ:128]]
[2020.12.09-06.01.47:918][  0]LogConfig: Setting CVar [[r.VolumetricFog.HistoryMissSupersampleCount:4]]
[2020.12.09-06.01.47:918][  0]LogConfig: Setting CVar [[r.LightMaxDrawDistanceScale:1]]
[2020.12.09-06.01.47:918][  0]LogConfig: Setting CVar [[r.CapsuleShadows:1]]
[2020.12.09-06.01.47:918][  0]LogConfig: Applying CVar settings from Section [PostProcessQuality@3] File [E:/Unreal Projects/UnrealGame/UnrealGame/UnrealGame/Saved/Config/Windows/Scalability.ini]
[2020.12.09-06.01.47:918][  0]LogConfig: Setting CVar [[r.MotionBlurQuality:4]]
[2020.12.09-06.01.47:918][  0]LogConfig: Setting CVar [[r.AmbientOcclusionMipLevelFactor:0.4]]
[2020.12.09-06.01.47:918][  0]LogConfig: Setting CVar [[r.AmbientOcclusionMaxQuality:100]]
[2020.12.09-06.01.47:918][  0]LogConfig: Setting CVar [[r.AmbientOcclusionLevels:-1]]
[2020.12.09-06.01.47:918][  0]LogConfig: Setting CVar [[r.AmbientOcclusionRadiusScale:1.0]]
[2020.12.09-06.01.47:918][  0]LogConfig: Setting CVar [[r.DepthOfFieldQuality:2]]
[2020.12.09-06.01.47:918][  0]LogConfig: Setting CVar [[r.RenderTargetPoolMin:400]]
[2020.12.09-06.01.47:918][  0]LogConfig: Setting CVar [[r.LensFlareQuality:2]]
[2020.12.09-06.01.47:918][  0]LogConfig: Setting CVar [[r.SceneColorFringeQuality:1]]
[2020.12.09-06.01.47:918][  0]LogConfig: Setting CVar [[r.EyeAdaptationQuality:2]]
[2020.12.09-06.01.47:918][  0]LogConfig: Setting CVar [[r.BloomQuality:5]]
[2020.12.09-06.01.47:918][  0]LogConfig: Setting CVar [[r.FastBlurThreshold:100]]
[2020.12.09-06.01.47:918][  0]LogConfig: Setting CVar [[r.Upscale.Quality:3]]
[2020.12.09-06.01.47:918][  0]LogConfig: Setting CVar [[r.Tonemapper.GrainQuantization:1]]
[2020.12.09-06.01.47:918][  0]LogConfig: Setting CVar [[r.LightShaftQuality:1]]
[2020.12.09-06.01.47:918][  0]LogConfig: Setting CVar [[r.Filter.SizeScale:1]]
[2020.12.09-06.01.47:918][  0]LogConfig: Setting CVar [[r.Tonemapper.Quality:5]]
[2020.12.09-06.01.47:918][  0]LogConfig: Setting CVar [[r.DOF.Gather.AccumulatorQuality:1        ; higher gathering accumulator quality]]
[2020.12.09-06.01.47:918][  0]LogConfig: Setting CVar [[r.DOF.Gather.PostfilterMethod:1          ; Median3x3 postfilering method]]
[2020.12.09-06.01.47:918][  0]LogConfig: Setting CVar [[r.DOF.Gather.EnableBokehSettings:0       ; no bokeh simulation when gathering]]
[2020.12.09-06.01.47:918][  0]LogConfig: Setting CVar [[r.DOF.Gather.RingCount:4                 ; medium number of samples when gathering]]
[2020.12.09-06.01.47:918][  0]LogConfig: Setting CVar [[r.DOF.Scatter.ForegroundCompositing:1    ; additive foreground scattering]]
[2020.12.09-06.01.47:918][  0]LogConfig: Setting CVar [[r.DOF.Scatter.BackgroundCompositing:2    ; additive background scattering]]
[2020.12.09-06.01.47:918][  0]LogConfig: Setting CVar [[r.DOF.Scatter.EnableBokehSettings:1      ; bokeh simulation when scattering]]
[2020.12.09-06.01.47:918][  0]LogConfig: Setting CVar [[r.DOF.Scatter.MaxSpriteRatio:0.1         ; only a maximum of 10% of scattered bokeh]]
[2020.12.09-06.01.47:918][  0]LogConfig: Setting CVar [[r.DOF.Recombine.Quality:1                ; cheap slight out of focus]]
[2020.12.09-06.01.47:918][  0]LogConfig: Setting CVar [[r.DOF.Recombine.EnableBokehSettings:0    ; no bokeh simulation on slight out of focus]]
[2020.12.09-06.01.47:918][  0]LogConfig: Setting CVar [[r.DOF.TemporalAAQuality:1                ; more stable temporal accumulation]]
[2020.12.09-06.01.47:918][  0]LogConfig: Setting CVar [[r.DOF.Kernel.MaxForegroundRadius:0.025]]
[2020.12.09-06.01.47:918][  0]LogConfig: Setting CVar [[r.DOF.Kernel.MaxBackgroundRadius:0.025]]
[2020.12.09-06.01.47:918][  0]LogConfig: Applying CVar settings from Section [TextureQuality@3] File [E:/Unreal Projects/UnrealGame/UnrealGame/UnrealGame/Saved/Config/Windows/Scalability.ini]
[2020.12.09-06.01.47:918][  0]LogConfig: Setting CVar [[r.Streaming.MipBias:0]]
[2020.12.09-06.01.47:918][  0]LogConfig: Setting CVar [[r.Streaming.AmortizeCPUToGPUCopy:0]]
[2020.12.09-06.01.47:918][  0]LogConfig: Setting CVar [[r.Streaming.MaxNumTexturesToStreamPerFrame:0]]
[2020.12.09-06.01.47:918][  0]LogConfig: Setting CVar [[r.Streaming.Boost:1]]
[2020.12.09-06.01.47:918][  0]LogConfig: Setting CVar [[r.MaxAnisotropy:8]]
[2020.12.09-06.01.47:918][  0]LogConfig: Setting CVar [[r.VT.MaxAnisotropy:8]]
[2020.12.09-06.01.47:918][  0]LogConfig: Setting CVar [[r.Streaming.LimitPoolSizeToVRAM:0]]
[2020.12.09-06.01.47:918][  0]LogConfig: Setting CVar [[r.Streaming.PoolSize:1000]]
[2020.12.09-06.01.47:918][  0]LogConfig: Setting CVar [[r.Streaming.MaxEffectiveScreenSize:0]]
[2020.12.09-06.01.47:918][  0]LogConfig: Applying CVar settings from Section [EffectsQuality@3] File [E:/Unreal Projects/UnrealGame/UnrealGame/UnrealGame/Saved/Config/Windows/Scalability.ini]
[2020.12.09-06.01.47:918][  0]LogConfig: Setting CVar [[r.TranslucencyLightingVolumeDim:64]]
[2020.12.09-06.01.47:918][  0]LogConfig: Setting CVar [[r.RefractionQuality:2]]
[2020.12.09-06.01.47:918][  0]LogConfig: Setting CVar [[r.SSR.Quality:3]]
[2020.12.09-06.01.47:918][  0]LogConfig: Setting CVar [[r.SSR.HalfResSceneColor:0]]
[2020.12.09-06.01.47:918][  0]LogConfig: Setting CVar [[r.SceneColorFormat:4]]
[2020.12.09-06.01.47:918][  0]LogConfig: Setting CVar [[r.DetailMode:2]]
[2020.12.09-06.01.47:918][  0]LogConfig: Setting CVar [[r.TranslucencyVolumeBlur:1]]
[2020.12.09-06.01.47:918][  0]LogConfig: Setting CVar [[r.MaterialQualityLevel:1 ; High quality]]
[2020.12.09-06.01.47:918][  0]LogConfig: Setting CVar [[r.SSS.Scale:1]]
[2020.12.09-06.01.47:918][  0]LogConfig: Setting CVar [[r.SSS.SampleSet:2]]
[2020.12.09-06.01.47:918][  0]LogConfig: Setting CVar [[r.SSS.Quality:1]]
[2020.12.09-06.01.47:918][  0]LogConfig: Setting CVar [[r.SSS.HalfRes:0]]
[2020.12.09-06.01.47:918][  0]LogConfig: Setting CVar [[r.SSGI.Quality:3]]
[2020.12.09-06.01.47:918][  0]LogConfig: Setting CVar [[r.EmitterSpawnRateScale:1.0]]
[2020.12.09-06.01.47:918][  0]LogConfig: Setting CVar [[r.ParticleLightQuality:2]]
[2020.12.09-06.01.47:918][  0]LogConfig: Setting CVar [[r.SkyAtmosphere.AerialPerspectiveLUT.FastApplyOnOpaque:1 ; Always have FastSkyLUT 1 in this case to avoid wrong sky]]
[2020.12.09-06.01.47:918][  0]LogConfig: Setting CVar [[r.SkyAtmosphere.AerialPerspectiveLUT.SampleCountPerSlice:1]]
[2020.12.09-06.01.47:918][  0]LogConfig: Setting CVar [[r.SkyAtmosphere.AerialPerspectiveLUT.DepthResolution:16.0]]
[2020.12.09-06.01.47:918][  0]LogConfig: Setting CVar [[r.SkyAtmosphere.FastSkyLUT:1]]
[2020.12.09-06.01.47:918][  0]LogConfig: Setting CVar [[r.SkyAtmosphere.FastSkyLUT.SampleCountMin:4.0]]
[2020.12.09-06.01.47:918][  0]LogConfig: Setting CVar [[r.SkyAtmosphere.FastSkyLUT.SampleCountMax:32.0]]
[2020.12.09-06.01.47:918][  0]LogConfig: Setting CVar [[r.SkyAtmosphere.SampleCountMin:4.0]]
[2020.12.09-06.01.47:918][  0]LogConfig: Setting CVar [[r.SkyAtmosphere.SampleCountMax:32.0]]
[2020.12.09-06.01.47:918][  0]LogConfig: Setting CVar [[r.SkyAtmosphere.TransmittanceLUT.UseSmallFormat:0]]
[2020.12.09-06.01.47:918][  0]LogConfig: Setting CVar [[r.SkyAtmosphere.TransmittanceLUT.SampleCount:10.0]]
[2020.12.09-06.01.47:918][  0]LogConfig: Setting CVar [[r.SkyAtmosphere.MultiScatteringLUT.SampleCount:15.0]]
[2020.12.09-06.01.47:918][  0]LogConfig: Applying CVar settings from Section [FoliageQuality@3] File [E:/Unreal Projects/UnrealGame/UnrealGame/UnrealGame/Saved/Config/Windows/Scalability.ini]
[2020.12.09-06.01.47:918][  0]LogConfig: Setting CVar [[foliage.DensityScale:1.0]]
[2020.12.09-06.01.47:918][  0]LogConfig: Setting CVar [[grass.DensityScale:1.0]]
[2020.12.09-06.01.47:918][  0]LogConfig: Applying CVar settings from Section [ShadingQuality@3] File [E:/Unreal Projects/UnrealGame/UnrealGame/UnrealGame/Saved/Config/Windows/Scalability.ini]
[2020.12.09-06.01.47:918][  0]LogConfig: Setting CVar [[r.HairStrands.SkyLighting.SampleCount:16]]
[2020.12.09-06.01.47:918][  0]LogConfig: Setting CVar [[r.HairStrands.SkyLighting.JitterIntegration:0]]
[2020.12.09-06.01.47:918][  0]LogConfig: Setting CVar [[r.HairStrands.SkyAO.SampleCount:16]]
[2020.12.09-06.01.47:919][  0]LogConfig: Setting CVar [[r.HairStrands.DeepShadow.SuperSampling:0]]
[2020.12.09-06.01.47:919][  0]LogConfig: Setting CVar [[r.HairStrands.VisibilityPPLL:0]]
[2020.12.09-06.01.47:919][  0]LogConfig: Setting CVar [[r.HairStrands.RasterizationScale:0.5]]
[2020.12.09-06.01.47:919][  0]LogConfig: Setting CVar [[r.HairStrands.VelocityRasterizationScale:1]]
[2020.12.09-06.01.47:919][  0]LogInit: Selected Device Profile: [Windows]
[2020.12.09-06.01.47:919][  0]LogInit: Applying CVar settings loaded from the selected device profile: [Windows]
[2020.12.09-06.01.47:919][  0]LogHAL: Display: Platform has ~ 16 GB [17103020032 / 17179869184 / 16], which maps to Larger [LargestMinGB=32, LargerMinGB=12, DefaultMinGB=8, SmallerMinGB=6, SmallestMinGB=0)
[2020.12.09-06.01.47:919][  0]LogInit: Going up to parent DeviceProfile []
[2020.12.09-06.01.47:919][  0]LogConfig: Applying CVar settings from Section [ViewDistanceQuality@3] File [E:/Unreal Projects/UnrealGame/UnrealGame/UnrealGame/Saved/Config/Windows/Scalability.ini]
[2020.12.09-06.01.47:919][  0]LogConfig: Setting CVar [[r.SkeletalMeshLODBias:0]]
[2020.12.09-06.01.47:919][  0]LogConfig: Setting CVar [[r.ViewDistanceScale:1.0]]
[2020.12.09-06.01.47:919][  0]LogConfig: Applying CVar settings from Section [AntiAliasingQuality@3] File [E:/Unreal Projects/UnrealGame/UnrealGame/UnrealGame/Saved/Config/Windows/Scalability.ini]
[2020.12.09-06.01.47:919][  0]LogConfig: Setting CVar [[r.PostProcessAAQuality:4]]
[2020.12.09-06.01.47:919][  0]LogConfig: Applying CVar settings from Section [ShadowQuality@3] File [E:/Unreal Projects/UnrealGame/UnrealGame/UnrealGame/Saved/Config/Windows/Scalability.ini]
[2020.12.09-06.01.47:919][  0]LogConfig: Setting CVar [[r.LightFunctionQuality:1]]
[2020.12.09-06.01.47:919][  0]LogConfig: Setting CVar [[r.ShadowQuality:5]]
[2020.12.09-06.01.47:919][  0]LogConfig: Setting CVar [[r.Shadow.CSM.MaxCascades:10]]
[2020.12.09-06.01.47:919][  0]LogConfig: Setting CVar [[r.Shadow.MaxResolution:2048]]
[2020.12.09-06.01.47:919][  0]LogConfig: Setting CVar [[r.Shadow.MaxCSMResolution:2048]]
[2020.12.09-06.01.47:919][  0]LogConfig: Setting CVar [[r.Shadow.RadiusThreshold:0.01]]
[2020.12.09-06.01.47:919][  0]LogConfig: Setting CVar [[r.Shadow.DistanceScale:1.0]]
[2020.12.09-06.01.47:919][  0]LogConfig: Setting CVar [[r.Shadow.CSM.TransitionScale:1.0]]
[2020.12.09-06.01.47:919][  0]LogConfig: Setting CVar [[r.Shadow.PreShadowResolutionFactor:1.0]]
[2020.12.09-06.01.47:919][  0]LogConfig: Setting CVar [[r.DistanceFieldShadowing:1]]
[2020.12.09-06.01.47:919][  0]LogConfig: Setting CVar [[r.DistanceFieldAO:1]]
[2020.12.09-06.01.47:919][  0]LogConfig: Setting CVar [[r.AOQuality:2]]
[2020.12.09-06.01.47:919][  0]LogConfig: Setting CVar [[r.VolumetricFog:1]]
[2020.12.09-06.01.47:919][  0]LogConfig: Setting CVar [[r.VolumetricFog.GridPixelSize:8]]
[2020.12.09-06.01.47:919][  0]LogConfig: Setting CVar [[r.VolumetricFog.GridSizeZ:128]]
[2020.12.09-06.01.47:919][  0]LogConfig: Setting CVar [[r.VolumetricFog.HistoryMissSupersampleCount:4]]
[2020.12.09-06.01.47:919][  0]LogConfig: Setting CVar [[r.LightMaxDrawDistanceScale:1]]
[2020.12.09-06.01.47:919][  0]LogConfig: Setting CVar [[r.CapsuleShadows:1]]
[2020.12.09-06.01.47:919][  0]LogConfig: Applying CVar settings from Section [PostProcessQuality@3] File [E:/Unreal Projects/UnrealGame/UnrealGame/UnrealGame/Saved/Config/Windows/Scalability.ini]
[2020.12.09-06.01.47:919][  0]LogConfig: Setting CVar [[r.MotionBlurQuality:4]]
[2020.12.09-06.01.47:919][  0]LogConfig: Setting CVar [[r.AmbientOcclusionMipLevelFactor:0.4]]
[2020.12.09-06.01.47:919][  0]LogConfig: Setting CVar [[r.AmbientOcclusionMaxQuality:100]]
[2020.12.09-06.01.47:919][  0]LogConfig: Setting CVar [[r.AmbientOcclusionLevels:-1]]
[2020.12.09-06.01.47:919][  0]LogConfig: Setting CVar [[r.AmbientOcclusionRadiusScale:1.0]]
[2020.12.09-06.01.47:919][  0]LogConfig: Setting CVar [[r.DepthOfFieldQuality:2]]
[2020.12.09-06.01.47:919][  0]LogConfig: Setting CVar [[r.RenderTargetPoolMin:400]]
[2020.12.09-06.01.47:919][  0]LogConfig: Setting CVar [[r.LensFlareQuality:2]]
[2020.12.09-06.01.47:919][  0]LogConfig: Setting CVar [[r.SceneColorFringeQuality:1]]
[2020.12.09-06.01.47:919][  0]LogConfig: Setting CVar [[r.EyeAdaptationQuality:2]]
[2020.12.09-06.01.47:919][  0]LogConfig: Setting CVar [[r.BloomQuality:5]]
[2020.12.09-06.01.47:919][  0]LogConfig: Setting CVar [[r.FastBlurThreshold:100]]
[2020.12.09-06.01.47:919][  0]LogConfig: Setting CVar [[r.Upscale.Quality:3]]
[2020.12.09-06.01.47:919][  0]LogConfig: Setting CVar [[r.Tonemapper.GrainQuantization:1]]
[2020.12.09-06.01.47:919][  0]LogConfig: Setting CVar [[r.LightShaftQuality:1]]
[2020.12.09-06.01.47:919][  0]LogConfig: Setting CVar [[r.Filter.SizeScale:1]]
[2020.12.09-06.01.47:919][  0]LogConfig: Setting CVar [[r.Tonemapper.Quality:5]]
[2020.12.09-06.01.47:919][  0]LogConfig: Setting CVar [[r.DOF.Gather.AccumulatorQuality:1        ; higher gathering accumulator quality]]
[2020.12.09-06.01.47:919][  0]LogConfig: Setting CVar [[r.DOF.Gather.PostfilterMethod:1          ; Median3x3 postfilering method]]
[2020.12.09-06.01.47:919][  0]LogConfig: Setting CVar [[r.DOF.Gather.EnableBokehSettings:0       ; no bokeh simulation when gathering]]
[2020.12.09-06.01.47:919][  0]LogConfig: Setting CVar [[r.DOF.Gather.RingCount:4                 ; medium number of samples when gathering]]
[2020.12.09-06.01.47:919][  0]LogConfig: Setting CVar [[r.DOF.Scatter.ForegroundCompositing:1    ; additive foreground scattering]]
[2020.12.09-06.01.47:919][  0]LogConfig: Setting CVar [[r.DOF.Scatter.BackgroundCompositing:2    ; additive background scattering]]
[2020.12.09-06.01.47:919][  0]LogConfig: Setting CVar [[r.DOF.Scatter.EnableBokehSettings:1      ; bokeh simulation when scattering]]
[2020.12.09-06.01.47:919][  0]LogConfig: Setting CVar [[r.DOF.Scatter.MaxSpriteRatio:0.1         ; only a maximum of 10% of scattered bokeh]]
[2020.12.09-06.01.47:919][  0]LogConfig: Setting CVar [[r.DOF.Recombine.Quality:1                ; cheap slight out of focus]]
[2020.12.09-06.01.47:919][  0]LogConfig: Setting CVar [[r.DOF.Recombine.EnableBokehSettings:0    ; no bokeh simulation on slight out of focus]]
[2020.12.09-06.01.47:919][  0]LogConfig: Setting CVar [[r.DOF.TemporalAAQuality:1                ; more stable temporal accumulation]]
[2020.12.09-06.01.47:919][  0]LogConfig: Setting CVar [[r.DOF.Kernel.MaxForegroundRadius:0.025]]
[2020.12.09-06.01.47:919][  0]LogConfig: Setting CVar [[r.DOF.Kernel.MaxBackgroundRadius:0.025]]
[2020.12.09-06.01.47:919][  0]LogConfig: Applying CVar settings from Section [TextureQuality@3] File [E:/Unreal Projects/UnrealGame/UnrealGame/UnrealGame/Saved/Config/Windows/Scalability.ini]
[2020.12.09-06.01.47:919][  0]LogConfig: Setting CVar [[r.Streaming.MipBias:0]]
[2020.12.09-06.01.47:919][  0]LogConfig: Setting CVar [[r.Streaming.AmortizeCPUToGPUCopy:0]]
[2020.12.09-06.01.47:919][  0]LogConfig: Setting CVar [[r.Streaming.MaxNumTexturesToStreamPerFrame:0]]
[2020.12.09-06.01.47:919][  0]LogConfig: Setting CVar [[r.Streaming.Boost:1]]
[2020.12.09-06.01.47:919][  0]LogConfig: Setting CVar [[r.MaxAnisotropy:8]]
[2020.12.09-06.01.47:919][  0]LogConfig: Setting CVar [[r.VT.MaxAnisotropy:8]]
[2020.12.09-06.01.47:919][  0]LogConfig: Setting CVar [[r.Streaming.LimitPoolSizeToVRAM:0]]
[2020.12.09-06.01.47:919][  0]LogConfig: Setting CVar [[r.Streaming.PoolSize:1000]]
[2020.12.09-06.01.47:919][  0]LogConfig: Setting CVar [[r.Streaming.MaxEffectiveScreenSize:0]]
[2020.12.09-06.01.47:919][  0]LogConfig: Applying CVar settings from Section [EffectsQuality@3] File [E:/Unreal Projects/UnrealGame/UnrealGame/UnrealGame/Saved/Config/Windows/Scalability.ini]
[2020.12.09-06.01.47:919][  0]LogConfig: Setting CVar [[r.TranslucencyLightingVolumeDim:64]]
[2020.12.09-06.01.47:919][  0]LogConfig: Setting CVar [[r.RefractionQuality:2]]
[2020.12.09-06.01.47:919][  0]LogConfig: Setting CVar [[r.SSR.Quality:3]]
[2020.12.09-06.01.47:919][  0]LogConfig: Setting CVar [[r.SSR.HalfResSceneColor:0]]
[2020.12.09-06.01.47:919][  0]LogConfig: Setting CVar [[r.SceneColorFormat:4]]
[2020.12.09-06.01.47:919][  0]LogConfig: Setting CVar [[r.DetailMode:2]]
[2020.12.09-06.01.47:919][  0]LogConfig: Setting CVar [[r.TranslucencyVolumeBlur:1]]
[2020.12.09-06.01.47:919][  0]LogConfig: Setting CVar [[r.MaterialQualityLevel:1 ; High quality]]
[2020.12.09-06.01.47:919][  0]LogConfig: Setting CVar [[r.SSS.Scale:1]]
[2020.12.09-06.01.47:919][  0]LogConfig: Setting CVar [[r.SSS.SampleSet:2]]
[2020.12.09-06.01.47:919][  0]LogConfig: Setting CVar [[r.SSS.Quality:1]]
[2020.12.09-06.01.47:920][  0]LogConfig: Setting CVar [[r.SSS.HalfRes:0]]
[2020.12.09-06.01.47:920][  0]LogConfig: Setting CVar [[r.SSGI.Quality:3]]
[2020.12.09-06.01.47:920][  0]LogConfig: Setting CVar [[r.EmitterSpawnRateScale:1.0]]
[2020.12.09-06.01.47:920][  0]LogConfig: Setting CVar [[r.ParticleLightQuality:2]]
[2020.12.09-06.01.47:920][  0]LogConfig: Setting CVar [[r.SkyAtmosphere.AerialPerspectiveLUT.FastApplyOnOpaque:1 ; Always have FastSkyLUT 1 in this case to avoid wrong sky]]
[2020.12.09-06.01.47:920][  0]LogConfig: Setting CVar [[r.SkyAtmosphere.AerialPerspectiveLUT.SampleCountPerSlice:1]]
[2020.12.09-06.01.47:920][  0]LogConfig: Setting CVar [[r.SkyAtmosphere.AerialPerspectiveLUT.DepthResolution:16.0]]
[2020.12.09-06.01.47:920][  0]LogConfig: Setting CVar [[r.SkyAtmosphere.FastSkyLUT:1]]
[2020.12.09-06.01.47:920][  0]LogConfig: Setting CVar [[r.SkyAtmosphere.FastSkyLUT.SampleCountMin:4.0]]
[2020.12.09-06.01.47:920][  0]LogConfig: Setting CVar [[r.SkyAtmosphere.FastSkyLUT.SampleCountMax:32.0]]
[2020.12.09-06.01.47:920][  0]LogConfig: Setting CVar [[r.SkyAtmosphere.SampleCountMin:4.0]]
[2020.12.09-06.01.47:920][  0]LogConfig: Setting CVar [[r.SkyAtmosphere.SampleCountMax:32.0]]
[2020.12.09-06.01.47:920][  0]LogConfig: Setting CVar [[r.SkyAtmosphere.TransmittanceLUT.UseSmallFormat:0]]
[2020.12.09-06.01.47:920][  0]LogConfig: Setting CVar [[r.SkyAtmosphere.TransmittanceLUT.SampleCount:10.0]]
[2020.12.09-06.01.47:920][  0]LogConfig: Setting CVar [[r.SkyAtmosphere.MultiScatteringLUT.SampleCount:15.0]]
[2020.12.09-06.01.47:920][  0]LogConfig: Applying CVar settings from Section [FoliageQuality@3] File [E:/Unreal Projects/UnrealGame/UnrealGame/UnrealGame/Saved/Config/Windows/Scalability.ini]
[2020.12.09-06.01.47:920][  0]LogConfig: Setting CVar [[foliage.DensityScale:1.0]]
[2020.12.09-06.01.47:920][  0]LogConfig: Setting CVar [[grass.DensityScale:1.0]]
[2020.12.09-06.01.47:920][  0]LogConfig: Applying CVar settings from Section [ShadingQuality@3] File [E:/Unreal Projects/UnrealGame/UnrealGame/UnrealGame/Saved/Config/Windows/Scalability.ini]
[2020.12.09-06.01.47:920][  0]LogConfig: Setting CVar [[r.HairStrands.SkyLighting.SampleCount:16]]
[2020.12.09-06.01.47:920][  0]LogConfig: Setting CVar [[r.HairStrands.SkyLighting.JitterIntegration:0]]
[2020.12.09-06.01.47:920][  0]LogConfig: Setting CVar [[r.HairStrands.SkyAO.SampleCount:16]]
[2020.12.09-06.01.47:920][  0]LogConfig: Setting CVar [[r.HairStrands.DeepShadow.SuperSampling:0]]
[2020.12.09-06.01.47:920][  0]LogConfig: Setting CVar [[r.HairStrands.VisibilityPPLL:0]]
[2020.12.09-06.01.47:920][  0]LogConfig: Setting CVar [[r.HairStrands.RasterizationScale:0.5]]
[2020.12.09-06.01.47:920][  0]LogConfig: Setting CVar [[r.HairStrands.VelocityRasterizationScale:1]]
[2020.12.09-06.01.47:920][  0]LogConfig: Applying CVar settings from Section [Startup] File [../../../Engine/Config/ConsoleVariables.ini]
[2020.12.09-06.01.47:920][  0]LogConfig: Setting CVar [[net.UseAdaptiveNetUpdateFrequency:0]]
[2020.12.09-06.01.47:920][  0]LogConfig: Setting CVar [[p.chaos.AllowCreatePhysxBodies:1]]
[2020.12.09-06.01.47:920][  0]LogConfig: Setting CVar [[fx.SkipVectorVMBackendOptimizations:1]]
[2020.12.09-06.01.47:920][  0]LogConfig: Applying CVar settings from Section [ConsoleVariables] File [E:/Unreal Projects/UnrealGame/UnrealGame/UnrealGame/Saved/Config/Windows/Engine.ini]
[2020.12.09-06.01.47:920][  0]LogInit: Computer: DESKTOP-JKG5DN5
[2020.12.09-06.01.47:920][  0]LogInit: User: boste
[2020.12.09-06.01.47:920][  0]LogInit: CPU Page size=4096, Cores=6
[2020.12.09-06.01.47:920][  0]LogInit: High frequency timer resolution =10.000000 MHz
[2020.12.09-06.01.47:920][  0]LogMemory: Memory total: Physical=15.9GB (16GB approx)
[2020.12.09-06.01.47:920][  0]LogMemory: Platform Memory Stats for Windows
[2020.12.09-06.01.47:920][  0]LogMemory: Process Physical Memory: 119.73 MB used, 119.74 MB peak
[2020.12.09-06.01.47:920][  0]LogMemory: Process Virtual Memory: 110.07 MB used, 110.07 MB peak
[2020.12.09-06.01.47:920][  0]LogMemory: Physical Memory: 8805.58 MB used,  7505.13 MB free, 16310.71 MB total
[2020.12.09-06.01.47:920][  0]LogMemory: Virtual Memory: 5219.08 MB used,  134212512.00 MB free, 134217728.00 MB total
[2020.12.09-06.01.47:926][  0]LogWindows: WindowsPlatformFeatures enabled
[2020.12.09-06.01.47:954][  0]LogInit: Physics initialised using underlying interface: PhysX
[2020.12.09-06.01.47:955][  0]LogInit: Using OS detected language (en-US).
[2020.12.09-06.01.47:955][  0]LogInit: Using OS detected locale (en-US).
[2020.12.09-06.01.47:956][  0]LogTextLocalizationManager: No specific localization for 'en-US' exists, so the 'en' localization will be used.
[2020.12.09-06.01.48:111][  0]LogInit: Setting process to per monitor DPI aware
[2020.12.09-06.01.48:139][  0]LogSlate: New Slate User Created.  User Index 0, Is Virtual User: 0
[2020.12.09-06.01.48:139][  0]LogSlate: Slate User Registered.  User Index 0, Is Virtual User: 0
[2020.12.09-06.01.48:288][  0]LogHMD: Failed to initialize OpenVR with code 108
[2020.12.09-06.01.48:288][  0]LogD3D11RHI: D3D11 min allowed feature level: 11_0
[2020.12.09-06.01.48:288][  0]LogD3D11RHI: D3D11 max allowed feature level: 11_0
[2020.12.09-06.01.48:288][  0]LogD3D11RHI: D3D11 adapters:
[2020.12.09-06.01.48:348][  0]LogD3D11RHI:    0. 'NVIDIA GeForce GTX 1070 Ti' (Feature Level 11_0)
[2020.12.09-06.01.48:348][  0]LogD3D11RHI:       8079/0/8155 MB DedicatedVideo/DedicatedSystem/SharedSystem, Outputs:1, VendorId:0x10de
[2020.12.09-06.01.48:351][  0]LogD3D11RHI:    1. 'Microsoft Basic Render Driver' (Feature Level 11_0)
[2020.12.09-06.01.48:351][  0]LogD3D11RHI:       0/0/8155 MB DedicatedVideo/DedicatedSystem/SharedSystem, Outputs:0, VendorId:0x1414
[2020.12.09-06.01.48:351][  0]LogD3D11RHI: Chosen D3D11 Adapter: 0
[2020.12.09-06.01.48:362][  0]LogD3D11RHI: Creating new Direct3DDevice
[2020.12.09-06.01.48:362][  0]LogD3D11RHI:     GPU DeviceId: 0x1b82 (for the marketing name, search the web for "GPU Device Id")
[2020.12.09-06.01.48:362][  0]LogWindows: EnumDisplayDevices:
[2020.12.09-06.01.48:362][  0]LogWindows:    0. 'NVIDIA GeForce GTX 1070 Ti' (P:1 D:1)
[2020.12.09-06.01.48:362][  0]LogWindows:    1. 'NVIDIA GeForce GTX 1070 Ti' (P:0 D:0)
[2020.12.09-06.01.48:362][  0]LogWindows:    2. 'NVIDIA GeForce GTX 1070 Ti' (P:0 D:0)
[2020.12.09-06.01.48:363][  0]LogWindows:    3. 'NVIDIA GeForce GTX 1070 Ti' (P:0 D:0)
[2020.12.09-06.01.48:364][  0]LogWindows: DebugString: FoundDriverCount:4 
[2020.12.09-06.01.48:364][  0]LogD3D11RHI:     Adapter Name: NVIDIA GeForce GTX 1070 Ti
[2020.12.09-06.01.48:364][  0]LogD3D11RHI:   Driver Version: 445.87 (internal:26.21.14.4587, unified:445.87)
[2020.12.09-06.01.48:364][  0]LogD3D11RHI:      Driver Date: 4-3-2020
[2020.12.09-06.01.48:364][  0]LogRHI: Texture pool is 5655 MB (70% of 8079 MB)
[2020.12.09-06.01.48:403][  0]LogD3D11RHI: RHI has support for 64 bit atomics
[2020.12.09-06.01.48:403][  0]LogD3D11RHI: Async texture creation enabled
[2020.12.09-06.01.48:403][  0]LogD3D11RHI: Array index from any shader is supported
[2020.12.09-06.01.48:418][  0]LogD3D11RHI: GPU Timing Frequency: 1000.000000 (Debug: 2 1)
[2020.12.09-06.01.48:671][  0]LogTargetPlatformManager: Display: Loaded TargetPlatform 'AllDesktop'
[2020.12.09-06.01.48:692][  0]LogTargetPlatformManager: Display: Loaded TargetPlatform 'Android'
[2020.12.09-06.01.48:692][  0]LogTargetPlatformManager: Display: Loaded TargetPlatform 'Android_ASTC'
[2020.12.09-06.01.48:692][  0]LogTargetPlatformManager: Display: Loaded TargetPlatform 'Android_DXT'
[2020.12.09-06.01.48:692][  0]LogTargetPlatformManager: Display: Loaded TargetPlatform 'Android_ETC2'
[2020.12.09-06.01.48:692][  0]LogTargetPlatformManager: Display: Loaded TargetPlatform 'AndroidClient'
[2020.12.09-06.01.48:692][  0]LogTargetPlatformManager: Display: Loaded TargetPlatform 'Android_ASTCClient'
[2020.12.09-06.01.48:692][  0]LogTargetPlatformManager: Display: Loaded TargetPlatform 'Android_DXTClient'
[2020.12.09-06.01.48:692][  0]LogTargetPlatformManager: Display: Loaded TargetPlatform 'Android_ETC2Client'
[2020.12.09-06.01.48:692][  0]LogTargetPlatformManager: Display: Loaded TargetPlatform 'Android_Multi'
[2020.12.09-06.01.48:692][  0]LogTargetPlatformManager: Display: Loaded TargetPlatform 'Android_MultiClient'
[2020.12.09-06.01.48:714][  0]LogTargetPlatformManager: Display: Loaded TargetPlatform 'IOSClient'
[2020.12.09-06.01.48:714][  0]LogTargetPlatformManager: Display: Loaded TargetPlatform 'IOS'
[2020.12.09-06.01.48:724][  0]LogTargetPlatformManager: Display: Loaded TargetPlatform 'Linux'
[2020.12.09-06.01.48:733][  0]LogTargetPlatformManager: Display: Loaded TargetPlatform 'LinuxNoEditor'
[2020.12.09-06.01.48:741][  0]LogTargetPlatformManager: Display: Loaded TargetPlatform 'LinuxClient'
[2020.12.09-06.01.48:750][  0]LogTargetPlatformManager: Display: Loaded TargetPlatform 'LinuxServer'
[2020.12.09-06.01.48:759][  0]LogTargetPlatformManager: Display: Loaded TargetPlatform 'LinuxAArch64NoEditor'
[2020.12.09-06.01.48:768][  0]LogTargetPlatformManager: Display: Loaded TargetPlatform 'LinuxAArch64Client'
[2020.12.09-06.01.48:777][  0]LogTargetPlatformManager: Display: Loaded TargetPlatform 'LinuxAArch64Server'
[2020.12.09-06.01.48:800][  0]LogTargetPlatformManager: Display: Loaded TargetPlatform 'Lumin'
[2020.12.09-06.01.48:801][  0]LogTargetPlatformManager: Display: Loaded TargetPlatform 'LuminClient'
[2020.12.09-06.01.48:816][  0]LogTargetPlatformManager: Display: Loaded TargetPlatform 'TVOSClient'
[2020.12.09-06.01.48:816][  0]LogTargetPlatformManager: Display: Loaded TargetPlatform 'TVOS'
[2020.12.09-06.01.48:825][  0]LogTargetPlatformManager: Display: Loaded TargetPlatform 'WindowsNoEditor'
[2020.12.09-06.01.48:835][  0]LogTargetPlatformManager: Display: Loaded TargetPlatform 'Windows'
[2020.12.09-06.01.48:843][  0]LogTargetPlatformManager: Display: Loaded TargetPlatform 'WindowsClient'
[2020.12.09-06.01.48:852][  0]LogTargetPlatformManager: Display: Loaded TargetPlatform 'WindowsServer'
[2020.12.09-06.01.48:853][  0]LogTargetPlatformManager: Display: Building Assets For Windows
[2020.12.09-06.01.48:860][  0]LogAudioDebug: Display: Lib vorbis DLL was dynamically loaded.
[2020.12.09-06.01.48:908][  0]LogShaderCompilers: Guid format shader working directory is -18 characters bigger than the processId version (../../../../../Unreal Projects/UnrealGame/UnrealGame/UnrealGame/Intermediate/Shaders/WorkingDirectory/20464/).
[2020.12.09-06.01.48:908][  0]LogShaderCompilers: Cleaned the shader compiler working directory 'C:/Users/boste/AppData/Local/Temp/UnrealShaderWorkingDir/7F1330464DC1CEC982E35EBD1470F8D8/'.
[2020.12.09-06.01.48:908][  0]LogXGEController: Cannot use XGE Controller as Incredibuild is not installed on this machine.
[2020.12.09-06.01.48:909][  0]LogShaderCompilers: Cannot use XGE Shader Compiler as Incredibuild is not installed on this machine.
[2020.12.09-06.01.48:909][  0]LogShaderCompilers: Display: Using Local Shader Compiler.
[2020.12.09-06.01.49:591][  0]LogDerivedDataCache: Display: Max Cache Size: 512 MB
[2020.12.09-06.01.49:649][  0]LogDerivedDataCache: Loaded boot cache 0.06s 79MB C:/Users/boste/AppData/Local/UnrealEngine/4.25/DerivedDataCache/Boot.ddc.
[2020.12.09-06.01.49:649][  0]LogDerivedDataCache: Display: Loaded Boot cache: C:/Users/boste/AppData/Local/UnrealEngine/4.25/DerivedDataCache/Boot.ddc
[2020.12.09-06.01.49:649][  0]LogDerivedDataCache: FDerivedDataBackendGraph:  Pak pak cache file ../../../../../Unreal Projects/UnrealGame/UnrealGame/UnrealGame/DerivedDataCache/DDC.ddp not found, will not use a pak cache.
[2020.12.09-06.01.49:649][  0]LogDerivedDataCache: Unable to find inner node Pak for hierarchical cache Hierarchy.
[2020.12.09-06.01.49:649][  0]LogDerivedDataCache: FDerivedDataBackendGraph:  CompressedPak pak cache file ../../../../../Unreal Projects/UnrealGame/UnrealGame/UnrealGame/DerivedDataCache/Compressed.ddp not found, will not use a pak cache.
[2020.12.09-06.01.49:649][  0]LogDerivedDataCache: Unable to find inner node CompressedPak for hierarchical cache Hierarchy.
[2020.12.09-06.01.49:659][  0]LogDerivedDataCache: Display: Pak cache opened for reading ../../../Engine/DerivedDataCache/Compressed.ddp.
[2020.12.09-06.01.49:659][  0]LogDerivedDataCache: FDerivedDataBackendGraph:  EnterprisePak pak cache file ../../../Enterprise/DerivedDataCache/Compressed.ddp not found, will not use a pak cache.
[2020.12.09-06.01.49:659][  0]LogDerivedDataCache: Unable to find inner node EnterprisePak for hierarchical cache Hierarchy.
[2020.12.09-06.01.49:661][  0]LogDerivedDataCache: Using Local data cache path C:/Users/boste/AppData/Local/UnrealEngine/Common/DerivedDataCache: Writable
[2020.12.09-06.01.49:661][  0]LogDerivedDataCache: Shared data cache path not found in *engine.ini, will not use an Shared cache.
[2020.12.09-06.01.49:661][  0]LogDerivedDataCache: Unable to find inner node Shared for hierarchical cache Hierarchy.
[2020.12.09-06.01.49:706][  0]LogSlate: Using FreeType 2.10.0
[2020.12.09-06.01.49:706][  0]LogSlate: SlateFontServices - WITH_FREETYPE: 1, WITH_HARFBUZZ: 1
[2020.12.09-06.01.49:725][  0]LogAssetRegistry: FAssetRegistry took 0.0024 seconds to start up
[2020.12.09-06.01.49:938][  0]LogInit: Selected Device Profile: [Windows]
[2020.12.09-06.01.50:034][  0]LogMeshReduction: Using QuadricMeshReduction for automatic static mesh reduction
[2020.12.09-06.01.50:034][  0]LogMeshReduction: Using SimplygonMeshReduction for automatic skeletal mesh reduction
[2020.12.09-06.01.50:034][  0]LogMeshReduction: Using ProxyLODMeshReduction for automatic mesh merging
[2020.12.09-06.01.50:034][  0]LogMeshReduction: No distributed automatic mesh merging module available
[2020.12.09-06.01.50:034][  0]LogMeshMerging: No distributed automatic mesh merging module available
[2020.12.09-06.01.50:046][  0]LogNetVersion: UnrealGame 1.0.0, NetCL: 13144385, EngineNetVer: 14, GameNetVer: 0 (Checksum: 2606401877)
[2020.12.09-06.01.50:385][  0]LogAISub: UAISubsystem::UAISubsystem AISubsystem (000001DA5D20E180), frame # 0
[2020.12.09-06.01.50:385][  0]LogAISub: UAISubsystem::UAISubsystem AIPerceptionSystem (000001DA5D18AAC0), frame # 0
[2020.12.09-06.01.50:387][  0]LogAISub: UAISubsystem::UAISubsystem EnvQueryManager (000001DA5D1E1E00), frame # 0
[2020.12.09-06.01.50:414][  0]LogPackageLocalizationCache: Processed 21 localized package path(s) for 1 prioritized culture(s) in 0.022377 seconds
[2020.12.09-06.01.50:419][  0]LogUObjectArray: 15917 objects as part of root set at end of initial load.
[2020.12.09-06.01.50:419][  0]LogUObjectAllocator: 3965568 out of 0 bytes used by permanent object pool.
[2020.12.09-06.01.50:419][  0]LogUObjectArray: CloseDisregardForGC: 0/0 objects in disregard for GC pool
[2020.12.09-06.01.50:625][  0]LogPython: Using Python 2.7.14
[2020.12.09-06.01.51:314][  0]LogTcpMessaging: Initializing TcpMessaging bridge
[2020.12.09-06.01.51:319][  0]LogUdpMessaging: Initializing bridge on interface 0.0.0.0:0 to multicast group 230.0.0.1:6666.
[2020.12.09-06.01.51:409][  0]SourceControl: Source control is disabled
[2020.12.09-06.01.51:409][  0]SourceControl: Source control is disabled
[2020.12.09-06.01.51:412][  0]SourceControl: Source control is disabled
[2020.12.09-06.01.51:414][  0]SourceControl: Source control is disabled
[2020.12.09-06.01.51:420][  0]SourceControl: Source control is disabled
[2020.12.09-06.01.51:671][  0]LogAndroidPermission: UAndroidPermissionCallbackProxy::GetInstance
[2020.12.09-06.01.51:697][  0]LogAudioCaptureCore: Display: No Audio Capture implementations found. Audio input will be silent.
[2020.12.09-06.01.51:698][  0]LogAudioCaptureCore: Display: No Audio Capture implementations found. Audio input will be silent.
[2020.12.09-06.01.51:763][  0]LogOcInput: OculusInput pre-init called
[2020.12.09-06.01.52:214][  0]LogEngine: Initializing Engine...
[2020.12.09-06.01.52:277][  0]LogHMD: Failed to initialize OpenVR with code 108
[2020.12.09-06.01.52:277][  0]LogMagicLeap: Warning: VR disabled because ZI is not enabled.  To enable, in the editor, Edit -> Project Settings -> Plugins -> Magic Leap Plugin -> Enable Zero Iteration
[2020.12.09-06.01.52:278][  0]LogStats: UGameplayTagsManager::InitializeManager -  0.000 s
[2020.12.09-06.01.52:374][  0]LogInit: Initializing FReadOnlyCVARCache
[2020.12.09-06.01.52:385][  0]LogAIModule: Creating AISystem for world Untitled
[2020.12.09-06.01.52:385][  0]LogAISub: UAISubsystem::UAISubsystem EnvQueryManager (000001DA70BAD200), frame # 0
[2020.12.09-06.01.52:385][  0]LogAISub: UAISubsystem::UAISubsystem AIPerceptionSystem (000001DA70BF0CC0), frame # 0
[2020.12.09-06.01.52:395][  0]LogAudioMixer: Display: Audio Mixer Platform Settings:
[2020.12.09-06.01.52:395][  0]LogAudioMixer: Display: 	Sample Rate:						  48000
[2020.12.09-06.01.52:395][  0]LogAudioMixer: Display: 	Callback Buffer Frame Size Requested: 1024
[2020.12.09-06.01.52:395][  0]LogAudioMixer: Display: 	Callback Buffer Frame Size To Use:	  1024
[2020.12.09-06.01.52:395][  0]LogAudioMixer: Display: 	Number of buffers to queue:			  2
[2020.12.09-06.01.52:395][  0]LogAudioMixer: Display: 	Max Channels (voices):				  32
[2020.12.09-06.01.52:395][  0]LogAudioMixer: Display: 	Number of Async Source Workers:		  0
[2020.12.09-06.01.52:395][  0]LogAudio: Display: AudioDevice MaxSources: 32
[2020.12.09-06.01.52:395][  0]LogAudio: Display: Using built-in audio occlusion.
[2020.12.09-06.01.52:395][  0]LogAudioMixer: Display: Initializing audio mixer.
[2020.12.09-06.01.52:417][  0]LogAudioMixer: Display: 0: FrontLeft
[2020.12.09-06.01.52:417][  0]LogAudioMixer: Display: 1: FrontRight
[2020.12.09-06.01.52:496][  0]LogAudioMixer: Display: Using Audio Device Speakers (Realtek High Definition Audio)
[2020.12.09-06.01.52:499][  0]LogAudioMixer: Display: Initializing Sound Submixes...
[2020.12.09-06.01.52:501][  0]LogAudioMixer: Display: Creating Master Submix 'MasterSubmixDefault'
[2020.12.09-06.01.52:501][  0]LogAudioMixer: Display: Creating Master Submix 'MasterReverbSubmixDefault'
[2020.12.09-06.01.52:502][  0]LogAudioMixer: Display: Creating Master Submix 'MasterEQSubmixDefault'
[2020.12.09-06.01.52:503][  0]LogInit: FAudioDevice initialized.
[2020.12.09-06.01.52:503][  0]LogNetVersion: Set ProjectVersion to 1.0.0.0. Version Checksum will be recalculated on next use.
[2020.12.09-06.01.52:674][  0]LogDerivedDataCache: Saved boot cache 0.17s 79MB C:/Users/boste/AppData/Local/UnrealEngine/4.25/DerivedDataCache/Boot.ddc.
[2020.12.09-06.01.52:675][  0]LogInit: Texture streaming: Enabled
[2020.12.09-06.01.52:691][  0]LogEngineSessionManager: EngineSessionManager initialized
[2020.12.09-06.01.52:691][  0]LogEditorSessionSummary: Verbose: Initializing EditorSessionSummaryWriter for editor session tracking
[2020.12.09-06.01.52:692][  0]LogEditorSessionSummary: EditorSessionSummaryWriter initialized
[2020.12.09-06.01.52:737][  0]LogInit: Transaction tracking system initialized
[2020.12.09-06.01.52:757][  0]BlueprintLog: New page: Editor Load
[2020.12.09-06.01.52:822][  0]LocalizationService: Localization service is disabled
[2020.12.09-06.01.52:956][  0]LogCook: Display: Max memory allowance for cook 16384mb min free memory 0mb
[2020.12.09-06.01.52:956][  0]LogCook: Display: Mobile HDR setting 1
[2020.12.09-06.01.53:088][  0]LogFileCache: Scanning file cache for directory 'E:/Unreal Projects/UnrealGame/UnrealGame/UnrealGame/Content/' took 0.01s
[2020.12.09-06.01.53:236][  0]SourceControl: Source control is disabled
[2020.12.09-06.01.53:237][  0]LogUnrealEdMisc: Loading editor; pre map load, took 6.854
[2020.12.09-06.01.53:237][  0]Cmd: MAP LOAD FILE="../../../../../Unreal Projects/UnrealGame/UnrealGame/UnrealGame/Content/SideScrollerBP/Maps/SideScrollerExampleMap.umap" TEMPLATE=0 SHOWPROGRESS=1 FEATURELEVEL=3
[2020.12.09-06.01.53:237][  0]LogEditorServer: Warning: Can't find file '../../../../../Unreal Projects/UnrealGame/UnrealGame/UnrealGame/Content/SideScrollerBP/Maps/SideScrollerExampleMap.umap'
[2020.12.09-06.01.53:237][  0]Cmd: MAP CHECKDEP NOCLEARLOG
[2020.12.09-06.01.53:237][  0]MapCheck: Map check complete: 0 Error(s), 0 Warning(s), took 0.086ms to complete.
[2020.12.09-06.01.53:237][  0]LogFileHelpers: Loading map 'SideScrollerExampleMap' took 0.000
[2020.12.09-06.01.53:239][  0]LogUnrealEdMisc: Total Editor Startup Time, took 6.857
[2020.12.09-06.01.53:379][  0]LogSlate: Updating window title bar state: overlay mode, drag disabled, window buttons hidden, title bar hidden
[2020.12.09-06.01.53:385][  0]LogSlate: Updating window title bar state: overlay mode, drag disabled, window buttons hidden, title bar hidden
[2020.12.09-06.01.53:391][  0]LogSlate: Updating window title bar state: overlay mode, drag disabled, window buttons hidden, title bar hidden
[2020.12.09-06.01.53:397][  0]LogSlate: Updating window title bar state: overlay mode, drag disabled, window buttons hidden, title bar hidden
[2020.12.09-06.01.53:403][  0]LogCollectionManager: Loaded 0 collections in 0.000791 seconds
[2020.12.09-06.01.53:418][  0]LogFileCache: Scanning file cache for directory 'E:/Unreal Projects/UnrealGame/UnrealGame/UnrealGame/Saved/Collections/' took 0.00s
[2020.12.09-06.01.53:418][  0]LogFileCache: Scanning file cache for directory 'E:/Unreal Projects/UnrealGame/UnrealGame/UnrealGame/Content/Developers/boste/Collections/' took 0.00s
[2020.12.09-06.01.53:418][  0]LogFileCache: Scanning file cache for directory 'E:/Unreal Projects/UnrealGame/UnrealGame/UnrealGame/Content/Collections/' took 0.00s
[2020.12.09-06.01.53:418][  0]LogContentBrowser: Native class hierarchy populated in 0.0111 seconds. Added 3450 classes and 830 folders.
[2020.12.09-06.01.53:423][  0]LogContentBrowser: Native class hierarchy updated for 'WidgetCarousel' in 0.0003 seconds. Added 0 classes and 0 folders.
[2020.12.09-06.01.53:457][  0]LogContentBrowser: Native class hierarchy updated for 'AddContentDialog' in 0.0003 seconds. Added 0 classes and 0 folders.
[2020.12.09-06.01.53:457][  0]LogContentBrowser: Native class hierarchy updated for 'SceneOutliner' in 0.0002 seconds. Added 2 classes and 0 folders.
[2020.12.09-06.01.53:529][  0]LogSlate: Took 0.000143 seconds to synchronously load lazily loaded font '../../../Engine/Content/Slate/Fonts/Roboto-Regular.ttf' (155K)
[2020.12.09-06.01.53:531][  0]LogSlate: Took 0.000114 seconds to synchronously load lazily loaded font '../../../Engine/Content/Slate/Fonts/Roboto-Bold.ttf' (160K)
[2020.12.09-06.01.53:535][  0]LogSlate: Took 0.000099 seconds to synchronously load lazily loaded font '../../../Engine/Content/Editor/Slate/Fonts/FontAwesome.ttf' (139K)
[2020.12.09-06.01.53:581][  0]LogRenderer: Reallocating scene render targets to support 1276x660 Format 10 NumSamples 1 (Frame:1).
[2020.12.09-06.01.53:610][  0]LogSlate: Took 0.000143 seconds to synchronously load lazily loaded font '../../../Engine/Content/Slate/Fonts/Roboto-Light.ttf' (167K)
[2020.12.09-06.01.53:645][  0]LogContentBrowser: Native class hierarchy updated for 'HierarchicalLODOutliner' in 0.0003 seconds. Added 0 classes and 0 folders.
[2020.12.09-06.01.53:645][  0]LogLoad: (Engine Initialization) Total time: 7.26 seconds
[2020.12.09-06.01.53:645][  0]LogLoad: (Engine Initialization) Total Blueprint compile time: 0.00 seconds
[2020.12.09-06.01.53:694][  0]LogAssetRegistry: Asset discovery search completed in 3.9693 seconds
[2020.12.09-06.01.53:698][  0]LogCollectionManager: Fixed up redirectors for 0 collections in 0.000002 seconds (updated 0 objects)
[2020.12.09-06.01.53:699][  0]LogContentStreaming: Texture pool size now 1000 MB
[2020.12.09-06.01.53:737][  1]LogFileCache: Retrieving MD5 hashes for directory 'E:/Unreal Projects/UnrealGame/UnrealGame/UnrealGame/Content/' took 0.08s
[2020.12.09-06.01.54:670][106]LogSlate: Took 0.000160 seconds to synchronously load lazily loaded font '../../../Engine/Content/Slate/Fonts/Roboto-Light.ttf' (167K)
[2020.12.09-06.01.56:344][258]LogAssetEditorSubsystem: Opening Asset editor for Class /Script/UnrealGame.MainPlayer
[2020.12.09-06.11.21:845][542]LogLinker: Warning: Asset '../../../../../Unreal Projects/UnrealGame/UnrealGame/UnrealGame/Content/MSPresets/Decal_MasterMaterial/Decal_MasterMaterial.uasset' has been saved with empty engine version. The asset will be loaded but may be incompatible.
[2020.12.09-06.11.21:853][542]LogLinker: Warning: While loading '../../../../../Unreal Projects/UnrealGame/UnrealGame/UnrealGame/Content/Megascans/Atlases/Tileable_Leakage_tc1fdi2c_atlas/Tileable_Leakage_tc1fdi2c_atlas_inst.uasset' failed to load '/Game/Megascans/Atlases/Tileable_Leakage_tc1fdi2c_atlas/Albedo_2K_tc1fdi2c': Can't find file.
[2020.12.09-06.11.21:853][542]LogLinker: Warning: While loading '../../../../../Unreal Projects/UnrealGame/UnrealGame/UnrealGame/Content/Megascans/Atlases/Tileable_Leakage_tc1fdi2c_atlas/Tileable_Leakage_tc1fdi2c_atlas_inst.uasset' failed to load '/Game/Megascans/Atlases/Tileable_Leakage_tc1fdi2c_atlas/Albedo_2K_tc1fdi2c': Can't find file.
[2020.12.09-06.11.21:853][542]LogLinker: Warning: While loading '../../../../../Unreal Projects/UnrealGame/UnrealGame/UnrealGame/Content/Megascans/Atlases/Tileable_Leakage_tc1fdi2c_atlas/Tileable_Leakage_tc1fdi2c_atlas_inst.uasset' failed to load '/Game/Megascans/Atlases/Tileable_Leakage_tc1fdi2c_atlas/Albedo_2K_tc1fdi2c': Can't find file.
[2020.12.09-06.11.21:853][542]LogLinker: Warning: While loading '../../../../../Unreal Projects/UnrealGame/UnrealGame/UnrealGame/Content/Megascans/Atlases/Tileable_Leakage_tc1fdi2c_atlas/Tileable_Leakage_tc1fdi2c_atlas_inst.uasset' failed to load '/Game/Megascans/Atlases/Tileable_Leakage_tc1fdi2c_atlas/Albedo_2K_tc1fdi2c': Can't find file.
[2020.12.09-06.11.21:864][542]LogLinker: Warning: Asset '../../../../../Unreal Projects/UnrealGame/UnrealGame/UnrealGame/Content/MSPresets/MSTextures/Albedo.uasset' has been saved with empty engine version. The asset will be loaded but may be incompatible.
[2020.12.09-06.11.21:864][542]LogLinker: Warning: Asset '../../../../../Unreal Projects/UnrealGame/UnrealGame/UnrealGame/Content/MSPresets/MSTextures/Normal.uasset' has been saved with empty engine version. The asset will be loaded but may be incompatible.
[2020.12.09-06.11.21:865][542]LogLinker: Warning: Asset '../../../../../Unreal Projects/UnrealGame/UnrealGame/UnrealGame/Content/MSPresets/MSTextures/Roughness.uasset' has been saved with empty engine version. The asset will be loaded but may be incompatible.
[2020.12.09-06.11.21:900][542]LogLinker: Warning: While loading '../../../../../Unreal Projects/UnrealGame/UnrealGame/UnrealGame/Content/Megascans/Atlases/Tileable_Leakage_tc1fdi2c_atlas/Tileable_Leakage_tc1fdi2c_atlas_inst.uasset' failed to load '/Game/Megascans/Atlases/Tileable_Leakage_tc1fdi2c_atlas/Albedo_2K_tc1fdi2c': Can't find file.
[2020.12.09-06.11.21:900][542]LoadErrors: Failed to load /Game/Megascans/Atlases/Tileable_Leakage_tc1fdi2c_atlas/Albedo_2K_tc1fdi2c.Albedo_2K_tc1fdi2c Referenced by Tileable_Leakage_tc1fdi2c_atlas_inst
[2020.12.09-06.11.21:900][542]LogLinker: Warning: While loading '../../../../../Unreal Projects/UnrealGame/UnrealGame/UnrealGame/Content/Megascans/Atlases/Tileable_Leakage_tc1fdi2c_atlas/Tileable_Leakage_tc1fdi2c_atlas_inst.uasset' failed to load '/Game/Megascans/Atlases/Tileable_Leakage_tc1fdi2c_atlas/Albedo_2K_tc1fdi2c': Can't find file.
[2020.12.09-06.11.22:099][542]LogStaticMesh: Building static mesh Coin_Mesh...
[2020.12.09-06.11.22:113][542]LogStaticMesh: Built static mesh [0.05s] /Game/OurContent/Blueprints/DogeCoin/Coin_Mesh.Coin_Mesh
[2020.12.09-06.11.22:248][542]LogAssetEditorSubsystem: Opening Asset editor for World /Game/OurContent/Maps/Map.Map
[2020.12.09-06.11.22:263][542]LogUObjectHash: Compacting FUObjectHashTables data took   1.08ms
[2020.12.09-06.11.22:268][542]Cmd: MAP LOAD FILE="../../../../../Unreal Projects/UnrealGame/UnrealGame/UnrealGame/Content/OurContent/Maps/Map.umap" TEMPLATE=0 SHOWPROGRESS=1 FEATURELEVEL=3
[2020.12.09-06.11.22:268][542]LightingResults: New page: Lighting Build
[2020.12.09-06.11.22:269][542]LogContentBrowser: Native class hierarchy updated for 'StatsViewer' in 0.0004 seconds. Added 6 classes and 0 folders.
[2020.12.09-06.11.22:269][542]LoadErrors: New page: Loading map: Map.umap
[2020.12.09-06.11.22:304][542]LogWorld: UWorld::CleanupWorld for Untitled, bSessionEnded=true, bCleanupResources=true
[2020.12.09-06.11.22:304][542]LogSlate: InvalidateAllWidgets triggered.  All widgets were invalidated
[2020.12.09-06.11.22:304][542]MapCheck: New page: Map Check
[2020.12.09-06.11.22:304][542]LightingResults: New page: Lighting Build
[2020.12.09-06.11.22:314][542]LogAISub: UAISubsystem::~UAISubsystem EnvQueryManager (000001DA70BAD200), frame # 3542
[2020.12.09-06.11.22:314][542]LogAISub: UAISubsystem::~UAISubsystem AIPerceptionSystem (000001DA70BF0CC0), frame # 3542
[2020.12.09-06.11.22:315][542]LogUObjectHash: Compacting FUObjectHashTables data took   0.74ms
[2020.12.09-06.11.22:387][542]LogEditorServer: Finished looking for orphan Actors (0.000 secs)
[2020.12.09-06.11.22:387][542]LogAIModule: Creating AISystem for world Map
[2020.12.09-06.11.22:387][542]LogAISub: UAISubsystem::UAISubsystem EnvQueryManager (000001DA7AA6AC00), frame # 3542
[2020.12.09-06.11.22:387][542]LogAISub: UAISubsystem::UAISubsystem AIPerceptionSystem (000001DA4D72B240), frame # 3542
[2020.12.09-06.11.22:403][542]LogUObjectHash: Compacting FUObjectHashTables data took   0.76ms
[2020.12.09-06.11.22:429][542]Cmd: MAP CHECKDEP NOCLEARLOG
[2020.12.09-06.11.22:429][542]MapCheck: Map check complete: 0 Error(s), 0 Warning(s), took 0.086ms to complete.
[2020.12.09-06.11.22:429][542]LogFileHelpers: Loading map 'Map' took 0.161
[2020.12.09-06.11.49:385][293]LogAssetEditorSubsystem: Opening Asset editor for Blueprint /Game/OurContent/OurGameBase.OurGameBase
[2020.12.09-06.11.49:566][293]LogContentBrowser: Native class hierarchy updated for 'BlueprintGraph' in 0.0006 seconds. Added 125 classes and 0 folders.
[2020.12.09-06.11.50:358][293]LogSlate: Took 0.000161 seconds to synchronously load lazily loaded font '../../../Engine/Content/Slate/Fonts/Roboto-BoldCondensed.ttf' (158K)
[2020.12.09-06.11.53:470][625]LogSlate: Window 'OurGameBase' being destroyed
[2020.12.09-06.11.59:171][294]LogWorld: UWorld::CleanupWorld for World_0, bSessionEnded=true, bCleanupResources=true
[2020.12.09-06.11.59:171][294]LogSlate: InvalidateAllWidgets triggered.  All widgets were invalidated
[2020.12.09-06.12.01:874][601]LogActor: Warning: BP_Crate_C /Engine/Transient.World_3:PersistentLevel.BP_Crate_C_0 has natively added scene component(s), but none of them were set as the actor's RootComponent - picking one arbitrarily
[2020.12.09-06.12.16:329][502]LogAssetEditorSubsystem: Opening Asset editor for Blueprint /Game/OurContent/Blueprints/BP_ZoomScript.BP_ZoomScript
[2020.12.09-06.12.17:437][577]LogSlate: Took 0.000171 seconds to synchronously load lazily loaded font '../../../Engine/Content/Slate/Fonts/Roboto-Italic.ttf' (157K)
[2020.12.09-06.12.18:339][667]LogSlate: Window 'BP_ZoomScript' being destroyed
[2020.12.09-06.12.27:733][781]BlueprintLog: New page: Compile BP_ZoomScript
[2020.12.09-06.12.27:768][781]LogUObjectHash: Compacting FUObjectHashTables data took   2.30ms
[2020.12.09-06.12.27:805][781]LogSlate: Took 0.000169 seconds to synchronously load lazily loaded font '../../../Engine/Content/Slate/Fonts/DroidSansMono.ttf' (77K)
[2020.12.09-06.12.28:304][837]LogSavePackage: Moving '../../../../../Unreal Projects/UnrealGame/UnrealGame/UnrealGame/Saved/BP_ZoomScript665AB704468C8B9ABDEC28AC588BF5DA.tmp' to '../../../../../Unreal Projects/UnrealGame/UnrealGame/UnrealGame/Content/OurContent/Blueprints/BP_ZoomScript.uasset'
[2020.12.09-06.12.28:313][837]AssetCheck: New page: Asset Save: BP_ZoomScript
[2020.12.09-06.12.28:313][837]LogContentValidation: Display: Validating Blueprint /Game/OurContent/Blueprints/BP_ZoomScript.BP_ZoomScript
[2020.12.09-06.12.59:643][699]LogUObjectHash: Compacting FUObjectHashTables data took   2.37ms
[2020.12.09-06.12.59:686][699]LogSavePackage: Moving '../../../../../Unreal Projects/UnrealGame/UnrealGame/UnrealGame/Saved/Map7E3289DD4D97D5740D84AEA4C5940FB7.tmp' to '../../../../../Unreal Projects/UnrealGame/UnrealGame/UnrealGame/Content/OurContent/Maps/Map.umap'
[2020.12.09-06.12.59:723][699]AssetCheck: New page: Asset Save: Map
[2020.12.09-06.12.59:723][699]LogContentValidation: Display: Validating World /Game/OurContent/Maps/Map.Map
[2020.12.09-06.13.00:468][782]LogTemp: Repeating last play command: Simulate
[2020.12.09-06.13.00:487][782]LogPlayLevel: PlayLevel: No blueprints needed recompiling
[2020.12.09-06.13.00:488][782]PIE: New page: SIE session: Map (Dec 8, 2020, 4:13:00 PM)
[2020.12.09-06.13.00:491][782]LogOnline: OSS: Creating online subsystem instance for: NULL
[2020.12.09-06.13.00:492][782]LogOnline: OSS: TryLoadSubsystemAndSetDefault: Loaded subsystem for module [NULL]
[2020.12.09-06.13.00:493][782]LogPlayLevel: Creating play world package: /Game/OurContent/Maps/UEDPIE_0_Map
[2020.12.09-06.13.00:505][782]LogPlayLevel: PIE: StaticDuplicateObject took: (0.011396s)
[2020.12.09-06.13.00:506][782]LogAIModule: Creating AISystem for world Map
[2020.12.09-06.13.00:506][782]LogAISub: UAISubsystem::UAISubsystem EnvQueryManager (000001DAC152DC00), frame # 11782
[2020.12.09-06.13.00:506][782]LogAISub: UAISubsystem::UAISubsystem AIPerceptionSystem (000001DAA8547D80), frame # 11782
[2020.12.09-06.13.00:506][782]LogPlayLevel: PIE: World Init took: (0.001260s)
[2020.12.09-06.13.00:506][782]LogPlayLevel: PIE: Created PIE world by copying editor world from /Game/OurContent/Maps/Map.Map to /Game/OurContent/Maps/UEDPIE_0_Map.Map (0.012926s)
[2020.12.09-06.13.00:525][782]LogUObjectHash: Compacting FUObjectHashTables data took   1.91ms
[2020.12.09-06.13.00:528][782]LogAudioMixer: Display: Audio Mixer Platform Settings:
[2020.12.09-06.13.00:528][782]LogAudioMixer: Display: 	Sample Rate:						  48000
[2020.12.09-06.13.00:528][782]LogAudioMixer: Display: 	Callback Buffer Frame Size Requested: 1024
[2020.12.09-06.13.00:528][782]LogAudioMixer: Display: 	Callback Buffer Frame Size To Use:	  1024
[2020.12.09-06.13.00:528][782]LogAudioMixer: Display: 	Number of buffers to queue:			  2
[2020.12.09-06.13.00:528][782]LogAudioMixer: Display: 	Max Channels (voices):				  32
[2020.12.09-06.13.00:528][782]LogAudioMixer: Display: 	Number of Async Source Workers:		  0
[2020.12.09-06.13.00:528][782]LogAudio: Display: AudioDevice MaxSources: 32
[2020.12.09-06.13.00:528][782]LogAudio: Display: Using built-in audio occlusion.
[2020.12.09-06.13.00:528][782]LogAudioMixer: Display: Initializing audio mixer.
[2020.12.09-06.13.00:538][782]LogAudioMixer: Display: 0: FrontLeft
[2020.12.09-06.13.00:538][782]LogAudioMixer: Display: 1: FrontRight
[2020.12.09-06.13.00:596][782]LogAudioMixer: Display: Using Audio Device Speakers (Realtek High Definition Audio)
[2020.12.09-06.13.00:596][782]LogAudioMixer: Display: Initializing Sound Submixes...
[2020.12.09-06.13.00:596][782]LogAudioMixer: Display: Creating Master Submix 'MasterSubmixDefault'
[2020.12.09-06.13.00:596][782]LogAudioMixer: Display: Creating Master Submix 'MasterReverbSubmixDefault'
[2020.12.09-06.13.00:596][782]LogAudioMixer: Display: Creating Master Submix 'MasterEQSubmixDefault'
[2020.12.09-06.13.00:609][782]LogInit: FAudioDevice initialized.
[2020.12.09-06.13.00:615][782]LogLoad: Game class is 'OurGameBase_C'
[2020.12.09-06.13.00:622][782]LogWorld: Bringing World /Game/OurContent/Maps/UEDPIE_0_Map.Map up for play (max tick rate 0) at 2020.12.08-23.13.00
[2020.12.09-06.13.00:623][782]LogWorld: Bringing up level for play took: 0.002305
[2020.12.09-06.13.00:623][782]LogOnline: OSS: Creating online subsystem instance for: :Context_7
[2020.12.09-06.13.00:633][782]LogContentBrowser: Native class hierarchy updated for 'MovieSceneCapture' in 0.0004 seconds. Added 20 classes and 0 folders.
[2020.12.09-06.13.00:637][782]PIE: Server logged in
[2020.12.09-06.13.00:639][782]PIE: Play in editor total start time 0.157 seconds.
[2020.12.09-06.13.03:685][ 97]LogSlate: Updating window title bar state: overlay mode, drag disabled, window buttons hidden, title bar hidden
[2020.12.09-06.13.03:685][ 97]LogWorld: BeginTearingDown for /Game/OurContent/Maps/UEDPIE_0_Map
[2020.12.09-06.13.03:685][ 97]LogWorld: UWorld::CleanupWorld for Map, bSessionEnded=true, bCleanupResources=true
[2020.12.09-06.13.03:686][ 97]LogSlate: InvalidateAllWidgets triggered.  All widgets were invalidated
[2020.12.09-06.13.03:698][ 97]LogPlayLevel: Display: Shutting down PIE online subsystems
[2020.12.09-06.13.03:703][ 97]LogSlate: InvalidateAllWidgets triggered.  All widgets were invalidated
[2020.12.09-06.13.03:723][ 97]LogSlate: Updating window title bar state: overlay mode, drag disabled, window buttons hidden, title bar hidden
[2020.12.09-06.13.03:757][ 97]LogAISub: UAISubsystem::~UAISubsystem AIPerceptionSystem (000001DAA8547D80), frame # 12097
[2020.12.09-06.13.03:757][ 97]LogAISub: UAISubsystem::~UAISubsystem EnvQueryManager (000001DAC152DC00), frame # 12097
[2020.12.09-06.13.03:779][ 97]LogUObjectHash: Compacting FUObjectHashTables data took   3.24ms
[2020.12.09-06.13.03:814][ 98]LogPlayLevel: Display: Destroying online subsystem :Context_7
[2020.12.09-06.13.29:435][504]LogAssetEditorSubsystem: Opening Asset editor for Blueprint /Game/OurContent/Blueprints/BP_Character.BP_Character
[2020.12.09-06.14.38:016][161]BlueprintLog: New page: Compile BP_Character
[2020.12.09-06.14.38:076][161]LogUObjectHash: Compacting FUObjectHashTables data took   4.39ms
[2020.12.09-06.17.27:463][783]Candidate modules for hot reload:
[2020.12.09-06.17.27:463][783]  UnrealGame
[2020.12.09-06.17.27:463][783]Launching UnrealBuildTool... [E:/Unreal/UE_4.25/Engine/Binaries/DotNET/UnrealBuildTool.exe  -ModuleWithSuffix=UnrealGame,6113 UnrealGameEditor Win64 Development -Project="E:/Unreal Projects/UnrealGame/UnrealGame/UnrealGame/UnrealGame.uproject" "E:/Unreal Projects/UnrealGame/UnrealGame/UnrealGame/UnrealGame.uproject"  -IgnoreJunk]
[2020.12.09-06.17.27:467][783]Warning: Starting HotReload took  0.0s.
[2020.12.09-06.17.28:989][919]CompilerResultsLog: New page: Compilation - Dec 8, 2020, 4:17:28 PM
[2020.12.09-06.17.28:989][919]CompilerResultsLog: Using 'git status' to determine working set for adaptive non-unity build (E:\Unreal Projects\UnrealGame\UnrealGame).
[2020.12.09-06.17.28:989][919]CompilerResultsLog: Building UnrealGameEditor...
[2020.12.09-06.17.28:989][919]CompilerResultsLog: Using Visual Studio 2019 14.27.29112 toolchain (C:\Program Files (x86)\Microsoft Visual Studio\2019\Community\VC\Tools\MSVC\14.27.29110) and Windows 10.0.18362.0 SDK (C:\Program Files (x86)\Windows Kits\10).
[2020.12.09-06.17.28:989][919]CompilerResultsLog: Building 4 actions with 12 processes...
[2020.12.09-06.17.28:989][919]CompilerResultsLog:   [1/4] MainPlayer.cpp
[2020.12.09-06.17.28:989][919]CompilerResultsLog:    E:\Unreal Projects\UnrealGame\UnrealGame\UnrealGame\Source\UnrealGame\MainPlayer.cpp(64) : error C2601: 'AMainPlayer::BeginPlay': local function definitions are illegal
[2020.12.09-06.17.28:989][919]CompilerResultsLog:   E:\Unreal Projects\UnrealGame\UnrealGame\UnrealGame\Source\UnrealGame\MainPlayer.cpp(34): note: this line contains a '{' which has not yet been matched
[2020.12.09-06.17.28:989][919]CompilerResultsLog:    E:\Unreal Projects\UnrealGame\UnrealGame\UnrealGame\Source\UnrealGame\MainPlayer.cpp(69) : error C2601: 'AMainPlayer::getMoveDir': local function definitions are illegal
[2020.12.09-06.17.28:989][919]CompilerResultsLog:   E:\Unreal Projects\UnrealGame\UnrealGame\UnrealGame\Source\UnrealGame\MainPlayer.cpp(34): note: this line contains a '{' which has not yet been matched
[2020.12.09-06.17.28:989][919]CompilerResultsLog:    E:\Unreal Projects\UnrealGame\UnrealGame\UnrealGame\Source\UnrealGame\MainPlayer.cpp(73) : error C2601: 'AMainPlayer::moveRight': local function definitions are illegal
[2020.12.09-06.17.28:989][919]CompilerResultsLog:   E:\Unreal Projects\UnrealGame\UnrealGame\UnrealGame\Source\UnrealGame\MainPlayer.cpp(34): note: this line contains a '{' which has not yet been matched
[2020.12.09-06.17.28:989][919]CompilerResultsLog:    E:\Unreal Projects\UnrealGame\UnrealGame\UnrealGame\Source\UnrealGame\MainPlayer.cpp(82) : error C2601: 'AMainPlayer::moveUp': local function definitions are illegal
[2020.12.09-06.17.28:990][919]CompilerResultsLog:   E:\Unreal Projects\UnrealGame\UnrealGame\UnrealGame\Source\UnrealGame\MainPlayer.cpp(34): note: this line contains a '{' which has not yet been matched
[2020.12.09-06.17.28:990][919]CompilerResultsLog:    E:\Unreal Projects\UnrealGame\UnrealGame\UnrealGame\Source\UnrealGame\MainPlayer.cpp(89) : error C2601: 'AMainPlayer::DashPrepare': local function definitions are illegal
[2020.12.09-06.17.28:990][919]CompilerResultsLog:   E:\Unreal Projects\UnrealGame\UnrealGame\UnrealGame\Source\UnrealGame\MainPlayer.cpp(34): note: this line contains a '{' which has not yet been matched
[2020.12.09-06.17.28:990][919]CompilerResultsLog:    E:\Unreal Projects\UnrealGame\UnrealGame\UnrealGame\Source\UnrealGame\MainPlayer.cpp(97) : error C2601: 'AMainPlayer::DashExecute': local function definitions are illegal
[2020.12.09-06.17.28:990][919]CompilerResultsLog:   E:\Unreal Projects\UnrealGame\UnrealGame\UnrealGame\Source\UnrealGame\MainPlayer.cpp(34): note: this line contains a '{' which has not yet been matched
[2020.12.09-06.17.28:990][919]CompilerResultsLog:    E:\Unreal Projects\UnrealGame\UnrealGame\UnrealGame\Source\UnrealGame\MainPlayer.cpp(111) : error C2601: 'AMainPlayer::Dash': local function definitions are illegal
[2020.12.09-06.17.28:990][919]CompilerResultsLog:   E:\Unreal Projects\UnrealGame\UnrealGame\UnrealGame\Source\UnrealGame\MainPlayer.cpp(34): note: this line contains a '{' which has not yet been matched
[2020.12.09-06.17.28:990][919]CompilerResultsLog:    E:\Unreal Projects\UnrealGame\UnrealGame\UnrealGame\Source\UnrealGame\MainPlayer.cpp(128) : error C2601: 'AMainPlayer::ShakeCamera': local function definitions are illegal
[2020.12.09-06.17.28:990][919]CompilerResultsLog:   E:\Unreal Projects\UnrealGame\UnrealGame\UnrealGame\Source\UnrealGame\MainPlayer.cpp(34): note: this line contains a '{' which has not yet been matched
[2020.12.09-06.17.28:990][919]CompilerResultsLog:    E:\Unreal Projects\UnrealGame\UnrealGame\UnrealGame\Source\UnrealGame\MainPlayer.cpp(142) : error C2601: 'AMainPlayer::ZoomCamera': local function definitions are illegal
[2020.12.09-06.17.28:990][919]CompilerResultsLog:   E:\Unreal Projects\UnrealGame\UnrealGame\UnrealGame\Source\UnrealGame\MainPlayer.cpp(34): note: this line contains a '{' which has not yet been matched
[2020.12.09-06.17.28:990][919]CompilerResultsLog:    E:\Unreal Projects\UnrealGame\UnrealGame\UnrealGame\Source\UnrealGame\MainPlayer.cpp(155) : error C2601: 'AMainPlayer::SetupPlayerInputComponent': local function definitions are illegal
[2020.12.09-06.17.28:990][919]CompilerResultsLog:   E:\Unreal Projects\UnrealGame\UnrealGame\UnrealGame\Source\UnrealGame\MainPlayer.cpp(34): note: this line contains a '{' which has not yet been matched
[2020.12.09-06.17.28:990][919]CompilerResultsLog:   E:\Unreal Projects\UnrealGame\UnrealGame\UnrealGame\Source\UnrealGame\MainPlayer.cpp(34): fatal error C1075: '{': no matching token found
[2020.12.09-06.17.28:990][919]LogMainFrame: MainFrame: Module compiling took 1.530 seconds
[2020.12.09-06.17.28:990][919]Warning: HotReload failed, recompile failed
[2020.12.09-06.17.40:015][218]LogSlate: Window 'Message Log' being destroyed
[2020.12.09-06.17.40:019][218]LogSlate: Window 'Message Log' being destroyed
[2020.12.09-06.18.48:791][585]Candidate modules for hot reload:
[2020.12.09-06.18.48:791][585]  UnrealGame
[2020.12.09-06.18.48:791][585]Launching UnrealBuildTool... [E:/Unreal/UE_4.25/Engine/Binaries/DotNET/UnrealBuildTool.exe  -ModuleWithSuffix=UnrealGame,8555 UnrealGameEditor Win64 Development -Project="E:/Unreal Projects/UnrealGame/UnrealGame/UnrealGame/UnrealGame.uproject" "E:/Unreal Projects/UnrealGame/UnrealGame/UnrealGame/UnrealGame.uproject"  -IgnoreJunk]
[2020.12.09-06.18.48:815][585]Warning: Starting HotReload took  0.0s.
[2020.12.09-06.18.50:610][754]CompilerResultsLog: New page: Compilation - Dec 8, 2020, 4:18:50 PM
[2020.12.09-06.18.50:610][754]CompilerResultsLog: Using 'git status' to determine working set for adaptive non-unity build (E:\Unreal Projects\UnrealGame\UnrealGame).
[2020.12.09-06.18.50:610][754]CompilerResultsLog: Building UnrealGameEditor...
[2020.12.09-06.18.50:610][754]CompilerResultsLog: Using Visual Studio 2019 14.27.29112 toolchain (C:\Program Files (x86)\Microsoft Visual Studio\2019\Community\VC\Tools\MSVC\14.27.29110) and Windows 10.0.18362.0 SDK (C:\Program Files (x86)\Windows Kits\10).
[2020.12.09-06.18.50:610][754]CompilerResultsLog: Building 3 actions with 12 processes...
[2020.12.09-06.18.50:610][754]CompilerResultsLog:   [1/3] UE4Editor-UnrealGame-8555.lib
[2020.12.09-06.18.50:610][754]CompilerResultsLog:      Creating library E:\Unreal Projects\UnrealGame\UnrealGame\UnrealGame\Intermediate\Build\Win64\UE4Editor\Development\UnrealGame\UE4Editor-UnrealGame-8555.lib and object E:\Unreal Projects\UnrealGame\UnrealGame\UnrealGame\Intermediate\Build\Win64\UE4Editor\Development\UnrealGame\UE4Editor-UnrealGame-8555.exp
[2020.12.09-06.18.50:610][754]CompilerResultsLog:   [2/3] UE4Editor-UnrealGame-8555.dll
[2020.12.09-06.18.50:610][754]CompilerResultsLog:      Creating library E:\Unreal Projects\UnrealGame\UnrealGame\UnrealGame\Intermediate\Build\Win64\UE4Editor\Development\UnrealGame\UE4Editor-UnrealGame-8555.suppressed.lib and object E:\Unreal Projects\UnrealGame\UnrealGame\UnrealGame\Intermediate\Build\Win64\UE4Editor\Development\UnrealGame\UE4Editor-UnrealGame-8555.suppressed.exp
[2020.12.09-06.18.50:610][754]CompilerResultsLog:   [3/3] UnrealGameEditor.target
[2020.12.09-06.18.50:610][754]CompilerResultsLog: Total time in Parallel executor: 0.99 seconds
[2020.12.09-06.18.50:610][754]CompilerResultsLog: Total execution time: 1.72 seconds
[2020.12.09-06.18.50:610][754]LogMainFrame: MainFrame: Module compiling took 1.822 seconds
[2020.12.09-06.18.50:682][754]LogClass: Could not find existing class MainPlayer in package /Script/UnrealGame for HotReload, assuming new class
[2020.12.09-06.18.50:682][754]LogClass: Function getMoveDir is new.
[2020.12.09-06.18.50:682][754]LogClass: Function ShakeCamera is new.
[2020.12.09-06.18.50:682][754]LogClass: Function ZoomCamera is new.
[2020.12.09-06.18.50:686][754]LogHotReload: Re-instancing DashCameraShake after hot-reload.
[2020.12.09-06.18.50:721][754]LogHotReload: Re-instancing MainPlayer after hot-reload.
[2020.12.09-06.18.50:772][754]LogContentBrowser: Native class hierarchy updated for 'UnrealGame' in 0.0004 seconds. Added 4 classes and 2 folders.
[2020.12.09-06.18.50:779][754]Display: HotReload successful (0 functions remapped  0 scriptstructs remapped)
[2020.12.09-06.18.54:096][754]LogThreadingWindows: Error: Runnable thread PoolThread 34 crashed.
[2020.12.09-06.18.54:096][754]LogWindows: Error: === Critical error: ===
[2020.12.09-06.18.54:096][754]LogWindows: Error: 
[2020.12.09-06.18.54:096][754]LogWindows: Error: Fatal error!
[2020.12.09-06.18.54:096][754]LogWindows: Error: 
[2020.12.09-06.18.54:096][754]LogWindows: Error: Unhandled Exception: EXCEPTION_ACCESS_VIOLATION reading address 0x00000018
[2020.12.09-06.18.54:096][754]LogWindows: Error: 
[2020.12.09-06.18.54:096][754]LogWindows: Error: [Callstack] 0x00007fffb6160de8 UE4Editor-CoreUObject.dll!UnknownFunction []
[2020.12.09-06.18.54:096][754]LogWindows: Error: [Callstack] 0x00007fffb6255a85 UE4Editor-CoreUObject.dll!UnknownFunction []
[2020.12.09-06.18.54:096][754]LogWindows: Error: [Callstack] 0x00007fffb62557a3 UE4Editor-CoreUObject.dll!UnknownFunction []
[2020.12.09-06.18.54:096][754]LogWindows: Error: [Callstack] 0x00007fffb625486a UE4Editor-CoreUObject.dll!UnknownFunction []
[2020.12.09-06.18.54:096][754]LogWindows: Error: [Callstack] 0x00007fffb6253cfe UE4Editor-CoreUObject.dll!UnknownFunction []
[2020.12.09-06.18.54:096][754]LogWindows: Error: [Callstack] 0x00007fff6a74c39c UE4Editor-HotReload.dll!UnknownFunction []
[2020.12.09-06.18.54:096][754]LogWindows: Error: [Callstack] 0x00007fff6a74c13e UE4Editor-HotReload.dll!UnknownFunction []
[2020.12.09-06.18.54:096][754]LogWindows: Error: [Callstack] 0x00007fffa8ff630d UE4Editor-Core.dll!UnknownFunction []
[2020.12.09-06.18.54:096][754]LogWindows: Error: [Callstack] 0x00007fffa93c04db UE4Editor-Core.dll!UnknownFunction []
[2020.12.09-06.18.54:096][754]LogWindows: Error: [Callstack] 0x00007fffa93b7eb0 UE4Editor-Core.dll!UnknownFunction []
[2020.12.09-06.18.54:096][754]LogWindows: Error: [Callstack] 0x00007fffe7a47c24 KERNEL32.DLL!UnknownFunction []
[2020.12.09-06.18.54:096][754]LogWindows: Error: [Callstack] 0x00007fffe87ad4d1 ntdll.dll!UnknownFunction []
[2020.12.09-06.18.54:096][754]LogWindows: Error: 
[2020.12.09-06.18.54:096][754]LogWindows: Error: Crash in runnable thread PoolThread 34
[2020.12.09-06.18.54:108][754]LogExit: Executing StaticShutdownAfterError
[2020.12.09-06.18.54:108][754]LogWindows: FPlatformMisc::RequestExit(1)
[2020.12.09-06.18.54:108][754]LogCore: Engine exit requested (reason: Win RequestExit)
[2020.12.09-06.18.54:119][754]Log file closed, 12/08/20 23:18:54
