Log file open, 12/15/20 14:47:33
LogInit: Display: Running engine for game: UnrealGame
LogPlatformFile: Not using cached read wrapper
LogTaskGraph: Started task graph with 5 named threads and 35 total threads with 3 sets of task threads.
LogStats: Stats thread started at 0.346644
LogD3D11RHI: Loaded GFSDK_Aftermath_Lib.x64.dll
LogICUInternationalization: ICU TimeZone Detection - Raw Offset: -7:00, Platform Override: ''
LogPluginManager: Mounting plugin Paper2D
LogPluginManager: Mounting plugin AISupport
LogPluginManager: Mounting plugin LightPropagationVolume
LogPluginManager: Mounting plugin CameraShakePreviewer
LogPluginManager: Mounting plugin ActorLayerUtilities
LogPluginManager: Mounting plugin AnimationSharing
LogPluginManager: Mounting plugin CLionSourceCodeAccess
LogPluginManager: Mounting plugin CodeLiteSourceCodeAccess
LogPluginManager: Mounting plugin GitSourceControl
LogPluginManager: Mounting plugin KDevelopSourceCodeAccess
LogPluginManager: Mounting plugin NullSourceCodeAccess
LogPluginManager: Mounting plugin PerforceSourceControl
LogPluginManager: Mounting plugin PlasticSourceControl
LogPluginManager: Mounting plugin RiderSourceCodeAccess
LogPluginManager: Mounting plugin SubversionSourceControl
LogPluginManager: Mounting plugin UObjectPlugin
LogPluginManager: Mounting plugin VisualStudioCodeSourceCodeAccess
LogPluginManager: Mounting plugin VisualStudioSourceCodeAccess
LogPluginManager: Mounting plugin XCodeSourceCodeAccess
LogPluginManager: Mounting plugin AssetManagerEditor
LogPluginManager: Mounting plugin CryptoKeys
LogPluginManager: Mounting plugin CurveEditorTools
LogPluginManager: Mounting plugin DataValidation
LogPluginManager: Mounting plugin EditorScriptingUtilities
LogPluginManager: Mounting plugin FacialAnimation
LogPluginManager: Mounting plugin GameplayTagsEditor
LogPluginManager: Mounting plugin GeometryMode
LogPluginManager: Mounting plugin MacGraphicsSwitching
LogPluginManager: Mounting plugin MaterialAnalyzer
LogPluginManager: Mounting plugin MobileLauncherProfileWizard
LogPluginManager: Mounting plugin PluginBrowser
LogPluginManager: Mounting plugin SpeedTreeImporter
LogPluginManager: Mounting plugin DatasmithContent
LogPluginManager: Mounting plugin VariantManagerContent
LogPluginManager: Mounting plugin AlembicImporter
LogPluginManager: Mounting plugin AutomationUtils
LogPluginManager: Mounting plugin BackChannel
LogPluginManager: Mounting plugin ChaosCloth
LogPluginManager: Mounting plugin ChaosClothEditor
LogPluginManager: Mounting plugin ChaosEditor
LogPluginManager: Mounting plugin ChaosNiagara
LogPluginManager: Mounting plugin ChaosSolverPlugin
LogPluginManager: Mounting plugin CharacterAI
LogPluginManager: Mounting plugin GeometryCache
LogPluginManager: Mounting plugin GeometryCollectionPlugin
LogPluginManager: Mounting plugin GeometryProcessing
LogPluginManager: Mounting plugin PlanarCut
LogPluginManager: Mounting plugin PlatformCrypto
LogPluginManager: Mounting plugin ProxyLODPlugin
LogPluginManager: Mounting plugin PythonScriptPlugin
LogPluginManager: Mounting plugin SkeletalReduction
LogPluginManager: Mounting plugin Niagara
LogPluginManager: Mounting plugin MagicLeap
LogPluginManager: Mounting plugin MagicLeapLightEstimation
LogPluginManager: Mounting plugin MagicLeapMedia
LogPluginManager: Mounting plugin MagicLeapPassableWorld
LogPluginManager: Mounting plugin MLSDK
LogPluginManager: Mounting plugin AndroidMedia
LogPluginManager: Mounting plugin AvfMedia
LogPluginManager: Mounting plugin ImgMedia
LogPluginManager: Mounting plugin MediaCompositing
LogPluginManager: Mounting plugin MediaPlayerEditor
LogPluginManager: Mounting plugin WebMMedia
LogPluginManager: Mounting plugin WmfMedia
LogPluginManager: Mounting plugin MegascansPlugin
LogPluginManager: Mounting plugin MeshPainting
LogPluginManager: Mounting plugin TcpMessaging
LogPluginManager: Mounting plugin UdpMessaging
LogPluginManager: Mounting plugin ActorSequence
LogPluginManager: Mounting plugin LevelSequenceEditor
LogPluginManager: Mounting plugin MatineeToLevelSequence
LogPluginManager: Mounting plugin MovieRenderPipeline
LogPluginManager: Mounting plugin TemplateSequence
LogPluginManager: Mounting plugin NetcodeUnitTest
LogPluginManager: Mounting plugin NUTUnrealEngine4
LogPluginManager: Mounting plugin OnlineSubsystemGooglePlay
LogPluginManager: Mounting plugin OnlineSubsystemIOS
LogPluginManager: Mounting plugin OnlineSubsystem
LogPluginManager: Mounting plugin OnlineSubsystemNull
LogPluginManager: Mounting plugin OnlineSubsystemUtils
LogPluginManager: Mounting plugin LauncherChunkInstaller
LogPluginManager: Mounting plugin AndroidDeviceProfileSelector
LogPluginManager: Mounting plugin AndroidMoviePlayer
LogPluginManager: Mounting plugin AndroidPermission
LogPluginManager: Mounting plugin AppleImageUtils
LogPluginManager: Mounting plugin AppleMoviePlayer
LogPluginManager: Mounting plugin ArchVisCharacter
LogPluginManager: Mounting plugin AssetTags
LogPluginManager: Mounting plugin AudioCapture
LogPluginManager: Mounting plugin CableComponent
LogPluginManager: Mounting plugin CustomMeshComponent
LogPluginManager: Mounting plugin DatabaseSupport
LogPluginManager: Mounting plugin SQLiteCore
LogPluginManager: Mounting plugin SQLiteSupport
LogPluginManager: Mounting plugin EditableMesh
LogPluginManager: Mounting plugin ExampleDeviceProfileSelector
LogPluginManager: Mounting plugin GoogleCloudMessaging
LogPluginManager: Mounting plugin GooglePAD
LogPluginManager: Mounting plugin IOSDeviceProfileSelector
LogPluginManager: Mounting plugin LinuxDeviceProfileSelector
LogPluginManager: Mounting plugin LocationServicesBPLibrary
LogPluginManager: Mounting plugin MobilePatchingUtils
LogPluginManager: Mounting plugin OculusVR
LogPluginManager: Mounting plugin PhysXVehicles
LogPluginManager: Mounting plugin PostSplashScreen
LogPluginManager: Mounting plugin ProceduralMeshComponent
LogPluginManager: Mounting plugin RuntimePhysXCooking
LogPluginManager: Mounting plugin SignificanceManager
LogPluginManager: Mounting plugin SoundFields
LogPluginManager: Mounting plugin SteamVR
LogPluginManager: Mounting plugin Synthesis
LogPluginManager: Mounting plugin WebMMoviePlayer
LogPluginManager: Mounting plugin WindowsMoviePlayer
LogPluginManager: Mounting plugin ScreenshotTools
LogInit: Using libcurl 7.55.1-DEV
LogInit:  - built for x86_64-pc-win32
LogInit:  - supports SSL with OpenSSL/1.1.1
LogInit:  - supports HTTP deflate (compression) using libz 1.2.8
LogInit:  - other features:
LogInit:      CURL_VERSION_SSL
LogInit:      CURL_VERSION_LIBZ
LogInit:      CURL_VERSION_IPV6
LogInit:      CURL_VERSION_ASYNCHDNS
LogInit:      CURL_VERSION_LARGEFILE
LogInit:      CURL_VERSION_IDN
LogInit:  CurlRequestOptions (configurable via config and command line):
LogInit:  - bVerifyPeer = true  - Libcurl will verify peer certificate
LogInit:  - bUseHttpProxy = false  - Libcurl will NOT use HTTP proxy
LogInit:  - bDontReuseConnections = false  - Libcurl will reuse connections
LogInit:  - MaxHostConnections = 16  - Libcurl will limit the number of connections to a host
LogInit:  - LocalHostAddr = Default
LogInit:  - BufferSize = 65536
LogOnline: OSS: Creating online subsystem instance for: NULL
LogInit: WinSock: version 1.1 (2.2), MaxSocks=32767, MaxUdp=65467
LogOnline: OSS: TryLoadSubsystemAndSetDefault: Loaded subsystem for module [NULL]
LogOculusPluginWrapper: OculusPlugin initialized successfully
LogHMD: Failed initializing OVRPlugin 1.44.0
LogInit: Build: ++UE4+Release-4.25-CL-14469661
LogInit: Engine Version: 4.25.4-14469661+++UE4+Release-4.25
LogInit: Compatible Engine Version: 4.25.0-13144385+++UE4+Release-4.25
LogInit: Net CL: 13144385
LogInit: OS: Windows 10 (Release 1909) (), CPU: AMD Ryzen 5 3600 6-Core Processor              , GPU: NVIDIA GeForce GTX 1070 Ti
LogInit: Compiled (64-bit): Oct 11 2020 08:10:49
LogInit: Compiled with Visual C++: 19.24.28315.00
LogInit: Build Configuration: Development
LogInit: Branch Name: ++UE4+Release-4.25
LogInit: Command Line: 
LogInit: Base Directory: E:/Unreal/UE_4.25/Engine/Binaries/Win64/
LogInit: Allocator: TBB
LogInit: Installed Engine Build: 1
LogDevObjectVersion: Number of dev versions registered: 26
LogDevObjectVersion:   Dev-Blueprints (B0D832E4-1F89-4F0D-ACCF-7EB736FD4AA2): 10
LogDevObjectVersion:   Dev-Build (E1C64328-A22C-4D53-A36C-8E866417BD8C): 0
LogDevObjectVersion:   Dev-Core (375EC13C-06E4-48FB-B500-84F0262A717E): 4
LogDevObjectVersion:   Dev-Editor (E4B068ED-F494-42E9-A231-DA0B2E46BB41): 38
LogDevObjectVersion:   Dev-Framework (CFFC743F-43B0-4480-9391-14DF171D2073): 37
LogDevObjectVersion:   Dev-Mobile (B02B49B5-BB20-44E9-A304-32B752E40360): 2
LogDevObjectVersion:   Dev-Networking (A4E4105C-59A1-49B5-A7C5-40C4547EDFEE): 0
LogDevObjectVersion:   Dev-Online (39C831C9-5AE6-47DC-9A44-9C173E1C8E7C): 0
LogDevObjectVersion:   Dev-Physics (78F01B33-EBEA-4F98-B9B4-84EACCB95AA2): 4
LogDevObjectVersion:   Dev-Platform (6631380F-2D4D-43E0-8009-CF276956A95A): 0
LogDevObjectVersion:   Dev-Rendering (12F88B9F-8875-4AFC-A67C-D90C383ABD29): 43
LogDevObjectVersion:   Dev-Sequencer (7B5AE74C-D270-4C10-A958-57980B212A5A): 12
LogDevObjectVersion:   Dev-VR (D7296918-1DD6-4BDD-9DE2-64A83CC13884): 3
LogDevObjectVersion:   Dev-LoadTimes (C2A15278-BFE7-4AFE-6C17-90FF531DF755): 1
LogDevObjectVersion:   Private-Geometry (6EACA3D4-40EC-4CC1-B786-8BED09428FC5): 3
LogDevObjectVersion:   Dev-AnimPhys (29E575DD-E0A3-4627-9D10-D276232CDCEA): 17
LogDevObjectVersion:   Dev-Anim (AF43A65D-7FD3-4947-9873-3E8ED9C1BB05): 7
LogDevObjectVersion:   Dev-ReflectionCapture (6B266CEC-1EC7-4B8F-A30B-E4D90942FC07): 1
LogDevObjectVersion:   Dev-Automation (0DF73D61-A23F-47EA-B727-89E90C41499A): 1
LogDevObjectVersion:   FortniteMain (601D1886-AC64-4F84-AA16-D3DE0DEAC7D6): 31
LogDevObjectVersion:   Dev-Enterprise (9DFFBCD6-494F-0158-E221-12823C92A888): 10
LogDevObjectVersion:   Dev-Niagara (F2AED0AC-9AFE-416F-8664-AA7FFA26D6FC): 1
LogDevObjectVersion:   Dev-Destruction (174F1F0B-B4C6-45A5-B13F-2EE8D0FB917D): 10
LogDevObjectVersion:   Dev-Physics-Ext (35F94A83-E258-406C-A318-09F59610247C): 37
LogDevObjectVersion:   Dev-PhysicsMaterial-Chaos (B68FC16E-8B1B-42E2-B453-215C058844FE): 1
LogDevObjectVersion:   Dev-CineCamera (B2E18506-4273-CFC2-A54E-F4BB758BBA07): 1
LogInit: Presizing for max 25165824 objects, including 0 objects not considered by GC, pre-allocating 0 bytes for permanent pool.
LogConfig: Applying CVar settings from Section [/Script/Engine.StreamingSettings] File [E:/Unreal Projects/UnrealGame/UnrealGame/UnrealGame/Saved/Config/Windows/Engine.ini]
LogConfig: Setting CVar [[s.MinBulkDataSizeForAsyncLoading:131072]]
LogConfig: Setting CVar [[s.AsyncLoadingThreadEnabled:0]]
LogConfig: Setting CVar [[s.EventDrivenLoaderEnabled:1]]
LogConfig: Setting CVar [[s.WarnIfTimeLimitExceeded:0]]
LogConfig: Setting CVar [[s.TimeLimitExceededMultiplier:1.5]]
LogConfig: Setting CVar [[s.TimeLimitExceededMinTime:0.005]]
LogConfig: Setting CVar [[s.UseBackgroundLevelStreaming:1]]
LogConfig: Setting CVar [[s.PriorityAsyncLoadingExtraTime:15.0]]
LogConfig: Setting CVar [[s.LevelStreamingActorsUpdateTimeLimit:5.0]]
LogConfig: Setting CVar [[s.PriorityLevelStreamingActorsUpdateExtraTime:5.0]]
LogConfig: Setting CVar [[s.LevelStreamingComponentsRegistrationGranularity:10]]
LogConfig: Setting CVar [[s.UnregisterComponentsTimeLimit:1.0]]
LogConfig: Setting CVar [[s.LevelStreamingComponentsUnregistrationGranularity:5]]
LogConfig: Setting CVar [[s.FlushStreamingOnExit:1]]
LogInit: Object subsystem initialized
LogConfig: Setting CVar [[con.DebugEarlyDefault:1]]
LogConfig: Setting CVar [[r.setres:1280x720]]
[2020.12.15-21.47.34:233][  0]LogConfig: Setting CVar [[r.VSync:0]]
[2020.12.15-21.47.34:233][  0]LogConfig: Setting CVar [[r.RHICmdBypass:0]]
[2020.12.15-21.47.34:233][  0]LogConfig: Applying CVar settings from Section [/Script/Engine.RendererSettings] File [E:/Unreal Projects/UnrealGame/UnrealGame/UnrealGame/Saved/Config/Windows/Engine.ini]
[2020.12.15-21.47.34:233][  0]LogConfig: Setting CVar [[r.GPUCrashDebugging:0]]
[2020.12.15-21.47.34:233][  0]LogConfig: Setting CVar [[r.DefaultFeature.AutoExposure:0]]
[2020.12.15-21.47.34:233][  0]LogConfig: Applying CVar settings from Section [/Script/Engine.RendererOverrideSettings] File [E:/Unreal Projects/UnrealGame/UnrealGame/UnrealGame/Saved/Config/Windows/Engine.ini]
[2020.12.15-21.47.34:233][  0]LogConfig: Applying CVar settings from Section [/Script/Engine.StreamingSettings] File [E:/Unreal Projects/UnrealGame/UnrealGame/UnrealGame/Saved/Config/Windows/Engine.ini]
[2020.12.15-21.47.34:233][  0]LogConfig: Setting CVar [[s.MinBulkDataSizeForAsyncLoading:131072]]
[2020.12.15-21.47.34:233][  0]LogConfig: Setting CVar [[s.AsyncLoadingThreadEnabled:0]]
[2020.12.15-21.47.34:233][  0]LogConfig: Setting CVar [[s.EventDrivenLoaderEnabled:1]]
[2020.12.15-21.47.34:233][  0]LogConfig: Setting CVar [[s.WarnIfTimeLimitExceeded:0]]
[2020.12.15-21.47.34:233][  0]LogConfig: Setting CVar [[s.TimeLimitExceededMultiplier:1.5]]
[2020.12.15-21.47.34:233][  0]LogConfig: Setting CVar [[s.TimeLimitExceededMinTime:0.005]]
[2020.12.15-21.47.34:234][  0]LogConfig: Setting CVar [[s.UseBackgroundLevelStreaming:1]]
[2020.12.15-21.47.34:234][  0]LogConfig: Setting CVar [[s.PriorityAsyncLoadingExtraTime:15.0]]
[2020.12.15-21.47.34:234][  0]LogConfig: Setting CVar [[s.LevelStreamingActorsUpdateTimeLimit:5.0]]
[2020.12.15-21.47.34:234][  0]LogConfig: Setting CVar [[s.PriorityLevelStreamingActorsUpdateExtraTime:5.0]]
[2020.12.15-21.47.34:234][  0]LogConfig: Setting CVar [[s.LevelStreamingComponentsRegistrationGranularity:10]]
[2020.12.15-21.47.34:234][  0]LogConfig: Setting CVar [[s.UnregisterComponentsTimeLimit:1.0]]
[2020.12.15-21.47.34:234][  0]LogConfig: Setting CVar [[s.LevelStreamingComponentsUnregistrationGranularity:5]]
[2020.12.15-21.47.34:234][  0]LogConfig: Setting CVar [[s.FlushStreamingOnExit:1]]
[2020.12.15-21.47.34:234][  0]LogConfig: Applying CVar settings from Section [/Script/Engine.GarbageCollectionSettings] File [E:/Unreal Projects/UnrealGame/UnrealGame/UnrealGame/Saved/Config/Windows/Engine.ini]
[2020.12.15-21.47.34:234][  0]LogConfig: Setting CVar [[gc.MaxObjectsNotConsideredByGC:1]]
[2020.12.15-21.47.34:234][  0]LogConfig: Setting CVar [[gc.SizeOfPermanentObjectPool:0]]
[2020.12.15-21.47.34:234][  0]LogConfig: Setting CVar [[gc.FlushStreamingOnGC:0]]
[2020.12.15-21.47.34:234][  0]LogConfig: Setting CVar [[gc.NumRetriesBeforeForcingGC:10]]
[2020.12.15-21.47.34:234][  0]LogConfig: Setting CVar [[gc.AllowParallelGC:1]]
[2020.12.15-21.47.34:234][  0]LogConfig: Setting CVar [[gc.TimeBetweenPurgingPendingKillObjects:61.1]]
[2020.12.15-21.47.34:234][  0]LogConfig: Setting CVar [[gc.MaxObjectsInEditor:25165824]]
[2020.12.15-21.47.34:234][  0]LogConfig: Setting CVar [[gc.IncrementalBeginDestroyEnabled:1]]
[2020.12.15-21.47.34:234][  0]LogConfig: Setting CVar [[gc.CreateGCClusters:1]]
[2020.12.15-21.47.34:234][  0]LogConfig: Setting CVar [[gc.MinGCClusterSize:5]]
[2020.12.15-21.47.34:234][  0]LogConfig: Setting CVar [[gc.ActorClusteringEnabled:0]]
[2020.12.15-21.47.34:234][  0]LogConfig: Setting CVar [[gc.BlueprintClusteringEnabled:0]]
[2020.12.15-21.47.34:234][  0]LogConfig: Setting CVar [[gc.UseDisregardForGCOnDedicatedServers:0]]
[2020.12.15-21.47.34:234][  0]LogConfig: Applying CVar settings from Section [/Script/Engine.NetworkSettings] File [E:/Unreal Projects/UnrealGame/UnrealGame/UnrealGame/Saved/Config/Windows/Engine.ini]
[2020.12.15-21.47.34:234][  0]LogConfig: Applying CVar settings from Section [/Script/UnrealEd.CookerSettings] File [E:/Unreal Projects/UnrealGame/UnrealGame/UnrealGame/Saved/Config/Windows/Engine.ini]
[2020.12.15-21.47.34:236][  0]LogConfig: Applying CVar settings from Section [ViewDistanceQuality@3] File [E:/Unreal Projects/UnrealGame/UnrealGame/UnrealGame/Saved/Config/Windows/Scalability.ini]
[2020.12.15-21.47.34:236][  0]LogConfig: Setting CVar [[r.SkeletalMeshLODBias:0]]
[2020.12.15-21.47.34:236][  0]LogConfig: Setting CVar [[r.ViewDistanceScale:1.0]]
[2020.12.15-21.47.34:236][  0]LogConfig: Applying CVar settings from Section [AntiAliasingQuality@3] File [E:/Unreal Projects/UnrealGame/UnrealGame/UnrealGame/Saved/Config/Windows/Scalability.ini]
[2020.12.15-21.47.34:236][  0]LogConfig: Setting CVar [[r.PostProcessAAQuality:4]]
[2020.12.15-21.47.34:236][  0]LogConfig: Applying CVar settings from Section [ShadowQuality@3] File [E:/Unreal Projects/UnrealGame/UnrealGame/UnrealGame/Saved/Config/Windows/Scalability.ini]
[2020.12.15-21.47.34:236][  0]LogConfig: Setting CVar [[r.LightFunctionQuality:1]]
[2020.12.15-21.47.34:236][  0]LogConfig: Setting CVar [[r.ShadowQuality:5]]
[2020.12.15-21.47.34:236][  0]LogConfig: Setting CVar [[r.Shadow.CSM.MaxCascades:10]]
[2020.12.15-21.47.34:236][  0]LogConfig: Setting CVar [[r.Shadow.MaxResolution:2048]]
[2020.12.15-21.47.34:236][  0]LogConfig: Setting CVar [[r.Shadow.MaxCSMResolution:2048]]
[2020.12.15-21.47.34:236][  0]LogConfig: Setting CVar [[r.Shadow.RadiusThreshold:0.01]]
[2020.12.15-21.47.34:236][  0]LogConfig: Setting CVar [[r.Shadow.DistanceScale:1.0]]
[2020.12.15-21.47.34:236][  0]LogConfig: Setting CVar [[r.Shadow.CSM.TransitionScale:1.0]]
[2020.12.15-21.47.34:236][  0]LogConfig: Setting CVar [[r.Shadow.PreShadowResolutionFactor:1.0]]
[2020.12.15-21.47.34:236][  0]LogConfig: Setting CVar [[r.DistanceFieldShadowing:1]]
[2020.12.15-21.47.34:236][  0]LogConfig: Setting CVar [[r.DistanceFieldAO:1]]
[2020.12.15-21.47.34:236][  0]LogConfig: Setting CVar [[r.AOQuality:2]]
[2020.12.15-21.47.34:236][  0]LogConfig: Setting CVar [[r.VolumetricFog:1]]
[2020.12.15-21.47.34:236][  0]LogConfig: Setting CVar [[r.VolumetricFog.GridPixelSize:8]]
[2020.12.15-21.47.34:236][  0]LogConfig: Setting CVar [[r.VolumetricFog.GridSizeZ:128]]
[2020.12.15-21.47.34:236][  0]LogConfig: Setting CVar [[r.VolumetricFog.HistoryMissSupersampleCount:4]]
[2020.12.15-21.47.34:236][  0]LogConfig: Setting CVar [[r.LightMaxDrawDistanceScale:1]]
[2020.12.15-21.47.34:236][  0]LogConfig: Setting CVar [[r.CapsuleShadows:1]]
[2020.12.15-21.47.34:236][  0]LogConfig: Applying CVar settings from Section [PostProcessQuality@3] File [E:/Unreal Projects/UnrealGame/UnrealGame/UnrealGame/Saved/Config/Windows/Scalability.ini]
[2020.12.15-21.47.34:236][  0]LogConfig: Setting CVar [[r.MotionBlurQuality:4]]
[2020.12.15-21.47.34:236][  0]LogConfig: Setting CVar [[r.AmbientOcclusionMipLevelFactor:0.4]]
[2020.12.15-21.47.34:236][  0]LogConfig: Setting CVar [[r.AmbientOcclusionMaxQuality:100]]
[2020.12.15-21.47.34:236][  0]LogConfig: Setting CVar [[r.AmbientOcclusionLevels:-1]]
[2020.12.15-21.47.34:236][  0]LogConfig: Setting CVar [[r.AmbientOcclusionRadiusScale:1.0]]
[2020.12.15-21.47.34:236][  0]LogConfig: Setting CVar [[r.DepthOfFieldQuality:2]]
[2020.12.15-21.47.34:236][  0]LogConfig: Setting CVar [[r.RenderTargetPoolMin:400]]
[2020.12.15-21.47.34:236][  0]LogConfig: Setting CVar [[r.LensFlareQuality:2]]
[2020.12.15-21.47.34:236][  0]LogConfig: Setting CVar [[r.SceneColorFringeQuality:1]]
[2020.12.15-21.47.34:236][  0]LogConfig: Setting CVar [[r.EyeAdaptationQuality:2]]
[2020.12.15-21.47.34:236][  0]LogConfig: Setting CVar [[r.BloomQuality:5]]
[2020.12.15-21.47.34:236][  0]LogConfig: Setting CVar [[r.FastBlurThreshold:100]]
[2020.12.15-21.47.34:236][  0]LogConfig: Setting CVar [[r.Upscale.Quality:3]]
[2020.12.15-21.47.34:236][  0]LogConfig: Setting CVar [[r.Tonemapper.GrainQuantization:1]]
[2020.12.15-21.47.34:236][  0]LogConfig: Setting CVar [[r.LightShaftQuality:1]]
[2020.12.15-21.47.34:236][  0]LogConfig: Setting CVar [[r.Filter.SizeScale:1]]
[2020.12.15-21.47.34:236][  0]LogConfig: Setting CVar [[r.Tonemapper.Quality:5]]
[2020.12.15-21.47.34:236][  0]LogConfig: Setting CVar [[r.DOF.Gather.AccumulatorQuality:1        ; higher gathering accumulator quality]]
[2020.12.15-21.47.34:236][  0]LogConfig: Setting CVar [[r.DOF.Gather.PostfilterMethod:1          ; Median3x3 postfilering method]]
[2020.12.15-21.47.34:236][  0]LogConfig: Setting CVar [[r.DOF.Gather.EnableBokehSettings:0       ; no bokeh simulation when gathering]]
[2020.12.15-21.47.34:236][  0]LogConfig: Setting CVar [[r.DOF.Gather.RingCount:4                 ; medium number of samples when gathering]]
[2020.12.15-21.47.34:236][  0]LogConfig: Setting CVar [[r.DOF.Scatter.ForegroundCompositing:1    ; additive foreground scattering]]
[2020.12.15-21.47.34:236][  0]LogConfig: Setting CVar [[r.DOF.Scatter.BackgroundCompositing:2    ; additive background scattering]]
[2020.12.15-21.47.34:236][  0]LogConfig: Setting CVar [[r.DOF.Scatter.EnableBokehSettings:1      ; bokeh simulation when scattering]]
[2020.12.15-21.47.34:236][  0]LogConfig: Setting CVar [[r.DOF.Scatter.MaxSpriteRatio:0.1         ; only a maximum of 10% of scattered bokeh]]
[2020.12.15-21.47.34:236][  0]LogConfig: Setting CVar [[r.DOF.Recombine.Quality:1                ; cheap slight out of focus]]
[2020.12.15-21.47.34:236][  0]LogConfig: Setting CVar [[r.DOF.Recombine.EnableBokehSettings:0    ; no bokeh simulation on slight out of focus]]
[2020.12.15-21.47.34:236][  0]LogConfig: Setting CVar [[r.DOF.TemporalAAQuality:1                ; more stable temporal accumulation]]
[2020.12.15-21.47.34:236][  0]LogConfig: Setting CVar [[r.DOF.Kernel.MaxForegroundRadius:0.025]]
[2020.12.15-21.47.34:236][  0]LogConfig: Setting CVar [[r.DOF.Kernel.MaxBackgroundRadius:0.025]]
[2020.12.15-21.47.34:236][  0]LogConfig: Applying CVar settings from Section [TextureQuality@3] File [E:/Unreal Projects/UnrealGame/UnrealGame/UnrealGame/Saved/Config/Windows/Scalability.ini]
[2020.12.15-21.47.34:236][  0]LogConfig: Setting CVar [[r.Streaming.MipBias:0]]
[2020.12.15-21.47.34:236][  0]LogConfig: Setting CVar [[r.Streaming.AmortizeCPUToGPUCopy:0]]
[2020.12.15-21.47.34:236][  0]LogConfig: Setting CVar [[r.Streaming.MaxNumTexturesToStreamPerFrame:0]]
[2020.12.15-21.47.34:236][  0]LogConfig: Setting CVar [[r.Streaming.Boost:1]]
[2020.12.15-21.47.34:236][  0]LogConfig: Setting CVar [[r.MaxAnisotropy:8]]
[2020.12.15-21.47.34:236][  0]LogConfig: Setting CVar [[r.VT.MaxAnisotropy:8]]
[2020.12.15-21.47.34:236][  0]LogConfig: Setting CVar [[r.Streaming.LimitPoolSizeToVRAM:0]]
[2020.12.15-21.47.34:236][  0]LogConfig: Setting CVar [[r.Streaming.PoolSize:1000]]
[2020.12.15-21.47.34:236][  0]LogConfig: Setting CVar [[r.Streaming.MaxEffectiveScreenSize:0]]
[2020.12.15-21.47.34:236][  0]LogConfig: Applying CVar settings from Section [EffectsQuality@3] File [E:/Unreal Projects/UnrealGame/UnrealGame/UnrealGame/Saved/Config/Windows/Scalability.ini]
[2020.12.15-21.47.34:236][  0]LogConfig: Setting CVar [[r.TranslucencyLightingVolumeDim:64]]
[2020.12.15-21.47.34:236][  0]LogConfig: Setting CVar [[r.RefractionQuality:2]]
[2020.12.15-21.47.34:236][  0]LogConfig: Setting CVar [[r.SSR.Quality:3]]
[2020.12.15-21.47.34:237][  0]LogConfig: Setting CVar [[r.SSR.HalfResSceneColor:0]]
[2020.12.15-21.47.34:237][  0]LogConfig: Setting CVar [[r.SceneColorFormat:4]]
[2020.12.15-21.47.34:237][  0]LogConfig: Setting CVar [[r.DetailMode:2]]
[2020.12.15-21.47.34:237][  0]LogConfig: Setting CVar [[r.TranslucencyVolumeBlur:1]]
[2020.12.15-21.47.34:237][  0]LogConfig: Setting CVar [[r.MaterialQualityLevel:1 ; High quality]]
[2020.12.15-21.47.34:237][  0]LogConfig: Setting CVar [[r.SSS.Scale:1]]
[2020.12.15-21.47.34:237][  0]LogConfig: Setting CVar [[r.SSS.SampleSet:2]]
[2020.12.15-21.47.34:237][  0]LogConfig: Setting CVar [[r.SSS.Quality:1]]
[2020.12.15-21.47.34:237][  0]LogConfig: Setting CVar [[r.SSS.HalfRes:0]]
[2020.12.15-21.47.34:237][  0]LogConfig: Setting CVar [[r.SSGI.Quality:3]]
[2020.12.15-21.47.34:237][  0]LogConfig: Setting CVar [[r.EmitterSpawnRateScale:1.0]]
[2020.12.15-21.47.34:237][  0]LogConfig: Setting CVar [[r.ParticleLightQuality:2]]
[2020.12.15-21.47.34:237][  0]LogConfig: Setting CVar [[r.SkyAtmosphere.AerialPerspectiveLUT.FastApplyOnOpaque:1 ; Always have FastSkyLUT 1 in this case to avoid wrong sky]]
[2020.12.15-21.47.34:237][  0]LogConfig: Setting CVar [[r.SkyAtmosphere.AerialPerspectiveLUT.SampleCountPerSlice:1]]
[2020.12.15-21.47.34:237][  0]LogConfig: Setting CVar [[r.SkyAtmosphere.AerialPerspectiveLUT.DepthResolution:16.0]]
[2020.12.15-21.47.34:237][  0]LogConfig: Setting CVar [[r.SkyAtmosphere.FastSkyLUT:1]]
[2020.12.15-21.47.34:237][  0]LogConfig: Setting CVar [[r.SkyAtmosphere.FastSkyLUT.SampleCountMin:4.0]]
[2020.12.15-21.47.34:237][  0]LogConfig: Setting CVar [[r.SkyAtmosphere.FastSkyLUT.SampleCountMax:32.0]]
[2020.12.15-21.47.34:237][  0]LogConfig: Setting CVar [[r.SkyAtmosphere.SampleCountMin:4.0]]
[2020.12.15-21.47.34:237][  0]LogConfig: Setting CVar [[r.SkyAtmosphere.SampleCountMax:32.0]]
[2020.12.15-21.47.34:237][  0]LogConfig: Setting CVar [[r.SkyAtmosphere.TransmittanceLUT.UseSmallFormat:0]]
[2020.12.15-21.47.34:237][  0]LogConfig: Setting CVar [[r.SkyAtmosphere.TransmittanceLUT.SampleCount:10.0]]
[2020.12.15-21.47.34:237][  0]LogConfig: Setting CVar [[r.SkyAtmosphere.MultiScatteringLUT.SampleCount:15.0]]
[2020.12.15-21.47.34:237][  0]LogConfig: Applying CVar settings from Section [FoliageQuality@3] File [E:/Unreal Projects/UnrealGame/UnrealGame/UnrealGame/Saved/Config/Windows/Scalability.ini]
[2020.12.15-21.47.34:237][  0]LogConfig: Setting CVar [[foliage.DensityScale:1.0]]
[2020.12.15-21.47.34:237][  0]LogConfig: Setting CVar [[grass.DensityScale:1.0]]
[2020.12.15-21.47.34:237][  0]LogConfig: Applying CVar settings from Section [ShadingQuality@3] File [E:/Unreal Projects/UnrealGame/UnrealGame/UnrealGame/Saved/Config/Windows/Scalability.ini]
[2020.12.15-21.47.34:237][  0]LogConfig: Setting CVar [[r.HairStrands.SkyLighting.SampleCount:16]]
[2020.12.15-21.47.34:237][  0]LogConfig: Setting CVar [[r.HairStrands.SkyLighting.JitterIntegration:0]]
[2020.12.15-21.47.34:237][  0]LogConfig: Setting CVar [[r.HairStrands.SkyAO.SampleCount:16]]
[2020.12.15-21.47.34:237][  0]LogConfig: Setting CVar [[r.HairStrands.DeepShadow.SuperSampling:0]]
[2020.12.15-21.47.34:237][  0]LogConfig: Setting CVar [[r.HairStrands.VisibilityPPLL:0]]
[2020.12.15-21.47.34:237][  0]LogConfig: Setting CVar [[r.HairStrands.RasterizationScale:0.5]]
[2020.12.15-21.47.34:237][  0]LogConfig: Setting CVar [[r.HairStrands.VelocityRasterizationScale:1]]
[2020.12.15-21.47.34:237][  0]LogInit: Selected Device Profile: [Windows]
[2020.12.15-21.47.34:237][  0]LogInit: Applying CVar settings loaded from the selected device profile: [Windows]
[2020.12.15-21.47.34:237][  0]LogHAL: Display: Platform has ~ 16 GB [17103020032 / 17179869184 / 16], which maps to Larger [LargestMinGB=32, LargerMinGB=12, DefaultMinGB=8, SmallerMinGB=6, SmallestMinGB=0)
[2020.12.15-21.47.34:237][  0]LogInit: Going up to parent DeviceProfile []
[2020.12.15-21.47.34:237][  0]LogConfig: Applying CVar settings from Section [ViewDistanceQuality@3] File [E:/Unreal Projects/UnrealGame/UnrealGame/UnrealGame/Saved/Config/Windows/Scalability.ini]
[2020.12.15-21.47.34:237][  0]LogConfig: Setting CVar [[r.SkeletalMeshLODBias:0]]
[2020.12.15-21.47.34:237][  0]LogConfig: Setting CVar [[r.ViewDistanceScale:1.0]]
[2020.12.15-21.47.34:237][  0]LogConfig: Applying CVar settings from Section [AntiAliasingQuality@3] File [E:/Unreal Projects/UnrealGame/UnrealGame/UnrealGame/Saved/Config/Windows/Scalability.ini]
[2020.12.15-21.47.34:237][  0]LogConfig: Setting CVar [[r.PostProcessAAQuality:4]]
[2020.12.15-21.47.34:237][  0]LogConfig: Applying CVar settings from Section [ShadowQuality@3] File [E:/Unreal Projects/UnrealGame/UnrealGame/UnrealGame/Saved/Config/Windows/Scalability.ini]
[2020.12.15-21.47.34:237][  0]LogConfig: Setting CVar [[r.LightFunctionQuality:1]]
[2020.12.15-21.47.34:237][  0]LogConfig: Setting CVar [[r.ShadowQuality:5]]
[2020.12.15-21.47.34:237][  0]LogConfig: Setting CVar [[r.Shadow.CSM.MaxCascades:10]]
[2020.12.15-21.47.34:237][  0]LogConfig: Setting CVar [[r.Shadow.MaxResolution:2048]]
[2020.12.15-21.47.34:237][  0]LogConfig: Setting CVar [[r.Shadow.MaxCSMResolution:2048]]
[2020.12.15-21.47.34:237][  0]LogConfig: Setting CVar [[r.Shadow.RadiusThreshold:0.01]]
[2020.12.15-21.47.34:237][  0]LogConfig: Setting CVar [[r.Shadow.DistanceScale:1.0]]
[2020.12.15-21.47.34:237][  0]LogConfig: Setting CVar [[r.Shadow.CSM.TransitionScale:1.0]]
[2020.12.15-21.47.34:237][  0]LogConfig: Setting CVar [[r.Shadow.PreShadowResolutionFactor:1.0]]
[2020.12.15-21.47.34:237][  0]LogConfig: Setting CVar [[r.DistanceFieldShadowing:1]]
[2020.12.15-21.47.34:237][  0]LogConfig: Setting CVar [[r.DistanceFieldAO:1]]
[2020.12.15-21.47.34:237][  0]LogConfig: Setting CVar [[r.AOQuality:2]]
[2020.12.15-21.47.34:237][  0]LogConfig: Setting CVar [[r.VolumetricFog:1]]
[2020.12.15-21.47.34:237][  0]LogConfig: Setting CVar [[r.VolumetricFog.GridPixelSize:8]]
[2020.12.15-21.47.34:237][  0]LogConfig: Setting CVar [[r.VolumetricFog.GridSizeZ:128]]
[2020.12.15-21.47.34:237][  0]LogConfig: Setting CVar [[r.VolumetricFog.HistoryMissSupersampleCount:4]]
[2020.12.15-21.47.34:237][  0]LogConfig: Setting CVar [[r.LightMaxDrawDistanceScale:1]]
[2020.12.15-21.47.34:237][  0]LogConfig: Setting CVar [[r.CapsuleShadows:1]]
[2020.12.15-21.47.34:237][  0]LogConfig: Applying CVar settings from Section [PostProcessQuality@3] File [E:/Unreal Projects/UnrealGame/UnrealGame/UnrealGame/Saved/Config/Windows/Scalability.ini]
[2020.12.15-21.47.34:237][  0]LogConfig: Setting CVar [[r.MotionBlurQuality:4]]
[2020.12.15-21.47.34:237][  0]LogConfig: Setting CVar [[r.AmbientOcclusionMipLevelFactor:0.4]]
[2020.12.15-21.47.34:237][  0]LogConfig: Setting CVar [[r.AmbientOcclusionMaxQuality:100]]
[2020.12.15-21.47.34:237][  0]LogConfig: Setting CVar [[r.AmbientOcclusionLevels:-1]]
[2020.12.15-21.47.34:237][  0]LogConfig: Setting CVar [[r.AmbientOcclusionRadiusScale:1.0]]
[2020.12.15-21.47.34:237][  0]LogConfig: Setting CVar [[r.DepthOfFieldQuality:2]]
[2020.12.15-21.47.34:237][  0]LogConfig: Setting CVar [[r.RenderTargetPoolMin:400]]
[2020.12.15-21.47.34:237][  0]LogConfig: Setting CVar [[r.LensFlareQuality:2]]
[2020.12.15-21.47.34:237][  0]LogConfig: Setting CVar [[r.SceneColorFringeQuality:1]]
[2020.12.15-21.47.34:237][  0]LogConfig: Setting CVar [[r.EyeAdaptationQuality:2]]
[2020.12.15-21.47.34:237][  0]LogConfig: Setting CVar [[r.BloomQuality:5]]
[2020.12.15-21.47.34:237][  0]LogConfig: Setting CVar [[r.FastBlurThreshold:100]]
[2020.12.15-21.47.34:237][  0]LogConfig: Setting CVar [[r.Upscale.Quality:3]]
[2020.12.15-21.47.34:237][  0]LogConfig: Setting CVar [[r.Tonemapper.GrainQuantization:1]]
[2020.12.15-21.47.34:237][  0]LogConfig: Setting CVar [[r.LightShaftQuality:1]]
[2020.12.15-21.47.34:237][  0]LogConfig: Setting CVar [[r.Filter.SizeScale:1]]
[2020.12.15-21.47.34:237][  0]LogConfig: Setting CVar [[r.Tonemapper.Quality:5]]
[2020.12.15-21.47.34:237][  0]LogConfig: Setting CVar [[r.DOF.Gather.AccumulatorQuality:1        ; higher gathering accumulator quality]]
[2020.12.15-21.47.34:237][  0]LogConfig: Setting CVar [[r.DOF.Gather.PostfilterMethod:1          ; Median3x3 postfilering method]]
[2020.12.15-21.47.34:238][  0]LogConfig: Setting CVar [[r.DOF.Gather.EnableBokehSettings:0       ; no bokeh simulation when gathering]]
[2020.12.15-21.47.34:238][  0]LogConfig: Setting CVar [[r.DOF.Gather.RingCount:4                 ; medium number of samples when gathering]]
[2020.12.15-21.47.34:238][  0]LogConfig: Setting CVar [[r.DOF.Scatter.ForegroundCompositing:1    ; additive foreground scattering]]
[2020.12.15-21.47.34:238][  0]LogConfig: Setting CVar [[r.DOF.Scatter.BackgroundCompositing:2    ; additive background scattering]]
[2020.12.15-21.47.34:238][  0]LogConfig: Setting CVar [[r.DOF.Scatter.EnableBokehSettings:1      ; bokeh simulation when scattering]]
[2020.12.15-21.47.34:238][  0]LogConfig: Setting CVar [[r.DOF.Scatter.MaxSpriteRatio:0.1         ; only a maximum of 10% of scattered bokeh]]
[2020.12.15-21.47.34:238][  0]LogConfig: Setting CVar [[r.DOF.Recombine.Quality:1                ; cheap slight out of focus]]
[2020.12.15-21.47.34:238][  0]LogConfig: Setting CVar [[r.DOF.Recombine.EnableBokehSettings:0    ; no bokeh simulation on slight out of focus]]
[2020.12.15-21.47.34:238][  0]LogConfig: Setting CVar [[r.DOF.TemporalAAQuality:1                ; more stable temporal accumulation]]
[2020.12.15-21.47.34:238][  0]LogConfig: Setting CVar [[r.DOF.Kernel.MaxForegroundRadius:0.025]]
[2020.12.15-21.47.34:238][  0]LogConfig: Setting CVar [[r.DOF.Kernel.MaxBackgroundRadius:0.025]]
[2020.12.15-21.47.34:238][  0]LogConfig: Applying CVar settings from Section [TextureQuality@3] File [E:/Unreal Projects/UnrealGame/UnrealGame/UnrealGame/Saved/Config/Windows/Scalability.ini]
[2020.12.15-21.47.34:238][  0]LogConfig: Setting CVar [[r.Streaming.MipBias:0]]
[2020.12.15-21.47.34:238][  0]LogConfig: Setting CVar [[r.Streaming.AmortizeCPUToGPUCopy:0]]
[2020.12.15-21.47.34:238][  0]LogConfig: Setting CVar [[r.Streaming.MaxNumTexturesToStreamPerFrame:0]]
[2020.12.15-21.47.34:238][  0]LogConfig: Setting CVar [[r.Streaming.Boost:1]]
[2020.12.15-21.47.34:238][  0]LogConfig: Setting CVar [[r.MaxAnisotropy:8]]
[2020.12.15-21.47.34:238][  0]LogConfig: Setting CVar [[r.VT.MaxAnisotropy:8]]
[2020.12.15-21.47.34:238][  0]LogConfig: Setting CVar [[r.Streaming.LimitPoolSizeToVRAM:0]]
[2020.12.15-21.47.34:238][  0]LogConfig: Setting CVar [[r.Streaming.PoolSize:1000]]
[2020.12.15-21.47.34:238][  0]LogConfig: Setting CVar [[r.Streaming.MaxEffectiveScreenSize:0]]
[2020.12.15-21.47.34:238][  0]LogConfig: Applying CVar settings from Section [EffectsQuality@3] File [E:/Unreal Projects/UnrealGame/UnrealGame/UnrealGame/Saved/Config/Windows/Scalability.ini]
[2020.12.15-21.47.34:238][  0]LogConfig: Setting CVar [[r.TranslucencyLightingVolumeDim:64]]
[2020.12.15-21.47.34:238][  0]LogConfig: Setting CVar [[r.RefractionQuality:2]]
[2020.12.15-21.47.34:238][  0]LogConfig: Setting CVar [[r.SSR.Quality:3]]
[2020.12.15-21.47.34:238][  0]LogConfig: Setting CVar [[r.SSR.HalfResSceneColor:0]]
[2020.12.15-21.47.34:238][  0]LogConfig: Setting CVar [[r.SceneColorFormat:4]]
[2020.12.15-21.47.34:238][  0]LogConfig: Setting CVar [[r.DetailMode:2]]
[2020.12.15-21.47.34:238][  0]LogConfig: Setting CVar [[r.TranslucencyVolumeBlur:1]]
[2020.12.15-21.47.34:238][  0]LogConfig: Setting CVar [[r.MaterialQualityLevel:1 ; High quality]]
[2020.12.15-21.47.34:238][  0]LogConfig: Setting CVar [[r.SSS.Scale:1]]
[2020.12.15-21.47.34:238][  0]LogConfig: Setting CVar [[r.SSS.SampleSet:2]]
[2020.12.15-21.47.34:238][  0]LogConfig: Setting CVar [[r.SSS.Quality:1]]
[2020.12.15-21.47.34:238][  0]LogConfig: Setting CVar [[r.SSS.HalfRes:0]]
[2020.12.15-21.47.34:238][  0]LogConfig: Setting CVar [[r.SSGI.Quality:3]]
[2020.12.15-21.47.34:238][  0]LogConfig: Setting CVar [[r.EmitterSpawnRateScale:1.0]]
[2020.12.15-21.47.34:238][  0]LogConfig: Setting CVar [[r.ParticleLightQuality:2]]
[2020.12.15-21.47.34:238][  0]LogConfig: Setting CVar [[r.SkyAtmosphere.AerialPerspectiveLUT.FastApplyOnOpaque:1 ; Always have FastSkyLUT 1 in this case to avoid wrong sky]]
[2020.12.15-21.47.34:238][  0]LogConfig: Setting CVar [[r.SkyAtmosphere.AerialPerspectiveLUT.SampleCountPerSlice:1]]
[2020.12.15-21.47.34:238][  0]LogConfig: Setting CVar [[r.SkyAtmosphere.AerialPerspectiveLUT.DepthResolution:16.0]]
[2020.12.15-21.47.34:238][  0]LogConfig: Setting CVar [[r.SkyAtmosphere.FastSkyLUT:1]]
[2020.12.15-21.47.34:238][  0]LogConfig: Setting CVar [[r.SkyAtmosphere.FastSkyLUT.SampleCountMin:4.0]]
[2020.12.15-21.47.34:238][  0]LogConfig: Setting CVar [[r.SkyAtmosphere.FastSkyLUT.SampleCountMax:32.0]]
[2020.12.15-21.47.34:238][  0]LogConfig: Setting CVar [[r.SkyAtmosphere.SampleCountMin:4.0]]
[2020.12.15-21.47.34:238][  0]LogConfig: Setting CVar [[r.SkyAtmosphere.SampleCountMax:32.0]]
[2020.12.15-21.47.34:238][  0]LogConfig: Setting CVar [[r.SkyAtmosphere.TransmittanceLUT.UseSmallFormat:0]]
[2020.12.15-21.47.34:238][  0]LogConfig: Setting CVar [[r.SkyAtmosphere.TransmittanceLUT.SampleCount:10.0]]
[2020.12.15-21.47.34:238][  0]LogConfig: Setting CVar [[r.SkyAtmosphere.MultiScatteringLUT.SampleCount:15.0]]
[2020.12.15-21.47.34:238][  0]LogConfig: Applying CVar settings from Section [FoliageQuality@3] File [E:/Unreal Projects/UnrealGame/UnrealGame/UnrealGame/Saved/Config/Windows/Scalability.ini]
[2020.12.15-21.47.34:238][  0]LogConfig: Setting CVar [[foliage.DensityScale:1.0]]
[2020.12.15-21.47.34:238][  0]LogConfig: Setting CVar [[grass.DensityScale:1.0]]
[2020.12.15-21.47.34:238][  0]LogConfig: Applying CVar settings from Section [ShadingQuality@3] File [E:/Unreal Projects/UnrealGame/UnrealGame/UnrealGame/Saved/Config/Windows/Scalability.ini]
[2020.12.15-21.47.34:238][  0]LogConfig: Setting CVar [[r.HairStrands.SkyLighting.SampleCount:16]]
[2020.12.15-21.47.34:238][  0]LogConfig: Setting CVar [[r.HairStrands.SkyLighting.JitterIntegration:0]]
[2020.12.15-21.47.34:238][  0]LogConfig: Setting CVar [[r.HairStrands.SkyAO.SampleCount:16]]
[2020.12.15-21.47.34:238][  0]LogConfig: Setting CVar [[r.HairStrands.DeepShadow.SuperSampling:0]]
[2020.12.15-21.47.34:238][  0]LogConfig: Setting CVar [[r.HairStrands.VisibilityPPLL:0]]
[2020.12.15-21.47.34:238][  0]LogConfig: Setting CVar [[r.HairStrands.RasterizationScale:0.5]]
[2020.12.15-21.47.34:238][  0]LogConfig: Setting CVar [[r.HairStrands.VelocityRasterizationScale:1]]
[2020.12.15-21.47.34:238][  0]LogConfig: Applying CVar settings from Section [Startup] File [../../../Engine/Config/ConsoleVariables.ini]
[2020.12.15-21.47.34:238][  0]LogConfig: Setting CVar [[net.UseAdaptiveNetUpdateFrequency:0]]
[2020.12.15-21.47.34:238][  0]LogConfig: Setting CVar [[p.chaos.AllowCreatePhysxBodies:1]]
[2020.12.15-21.47.34:238][  0]LogConfig: Setting CVar [[fx.SkipVectorVMBackendOptimizations:1]]
[2020.12.15-21.47.34:238][  0]LogConfig: Applying CVar settings from Section [ConsoleVariables] File [E:/Unreal Projects/UnrealGame/UnrealGame/UnrealGame/Saved/Config/Windows/Engine.ini]
[2020.12.15-21.47.34:238][  0]LogInit: Computer: DESKTOP-JKG5DN5
[2020.12.15-21.47.34:238][  0]LogInit: User: boste
[2020.12.15-21.47.34:238][  0]LogInit: CPU Page size=4096, Cores=6
[2020.12.15-21.47.34:238][  0]LogInit: High frequency timer resolution =10.000000 MHz
[2020.12.15-21.47.34:239][  0]LogMemory: Memory total: Physical=15.9GB (16GB approx)
[2020.12.15-21.47.34:239][  0]LogMemory: Platform Memory Stats for Windows
[2020.12.15-21.47.34:239][  0]LogMemory: Process Physical Memory: 123.98 MB used, 123.98 MB peak
[2020.12.15-21.47.34:239][  0]LogMemory: Process Virtual Memory: 108.59 MB used, 108.59 MB peak
[2020.12.15-21.47.34:239][  0]LogMemory: Physical Memory: 10177.93 MB used,  6132.78 MB free, 16310.71 MB total
[2020.12.15-21.47.34:239][  0]LogMemory: Virtual Memory: 5217.58 MB used,  134212512.00 MB free, 134217728.00 MB total
[2020.12.15-21.47.34:273][  0]LogWindows: WindowsPlatformFeatures enabled
[2020.12.15-21.47.34:419][  0]LogInit: Physics initialised using underlying interface: PhysX
[2020.12.15-21.47.34:420][  0]LogInit: Using OS detected language (en-US).
[2020.12.15-21.47.34:420][  0]LogInit: Using OS detected locale (en-US).
[2020.12.15-21.47.34:429][  0]LogTextLocalizationManager: No specific localization for 'en-US' exists, so the 'en' localization will be used.
[2020.12.15-21.47.34:803][  0]LogInit: Setting process to per monitor DPI aware
[2020.12.15-21.47.34:870][  0]LogSlate: New Slate User Created.  User Index 0, Is Virtual User: 0
[2020.12.15-21.47.34:871][  0]LogSlate: Slate User Registered.  User Index 0, Is Virtual User: 0
[2020.12.15-21.47.44:210][  0]LogHMD: Failed to initialize OpenVR with code 108
[2020.12.15-21.47.44:210][  0]LogD3D11RHI: D3D11 min allowed feature level: 11_0
[2020.12.15-21.47.44:210][  0]LogD3D11RHI: D3D11 max allowed feature level: 11_0
[2020.12.15-21.47.44:210][  0]LogD3D11RHI: D3D11 adapters:
[2020.12.15-21.47.44:286][  0]LogD3D11RHI:    0. 'NVIDIA GeForce GTX 1070 Ti' (Feature Level 11_0)
[2020.12.15-21.47.44:286][  0]LogD3D11RHI:       8079/0/8155 MB DedicatedVideo/DedicatedSystem/SharedSystem, Outputs:1, VendorId:0x10de
[2020.12.15-21.47.44:338][  0]LogD3D11RHI:    1. 'Microsoft Basic Render Driver' (Feature Level 11_0)
[2020.12.15-21.47.44:338][  0]LogD3D11RHI:       0/0/8155 MB DedicatedVideo/DedicatedSystem/SharedSystem, Outputs:0, VendorId:0x1414
[2020.12.15-21.47.44:338][  0]LogD3D11RHI: Chosen D3D11 Adapter: 0
[2020.12.15-21.47.44:349][  0]LogD3D11RHI: Creating new Direct3DDevice
[2020.12.15-21.47.44:349][  0]LogD3D11RHI:     GPU DeviceId: 0x1b82 (for the marketing name, search the web for "GPU Device Id")
[2020.12.15-21.47.44:349][  0]LogWindows: EnumDisplayDevices:
[2020.12.15-21.47.44:349][  0]LogWindows:    0. 'NVIDIA GeForce GTX 1070 Ti' (P:1 D:1)
[2020.12.15-21.47.44:349][  0]LogWindows:    1. 'NVIDIA GeForce GTX 1070 Ti' (P:0 D:0)
[2020.12.15-21.47.44:349][  0]LogWindows:    2. 'NVIDIA GeForce GTX 1070 Ti' (P:0 D:0)
[2020.12.15-21.47.44:349][  0]LogWindows:    3. 'NVIDIA GeForce GTX 1070 Ti' (P:0 D:0)
[2020.12.15-21.47.44:350][  0]LogWindows: DebugString: FoundDriverCount:4 
[2020.12.15-21.47.44:350][  0]LogD3D11RHI:     Adapter Name: NVIDIA GeForce GTX 1070 Ti
[2020.12.15-21.47.44:350][  0]LogD3D11RHI:   Driver Version: 445.87 (internal:26.21.14.4587, unified:445.87)
[2020.12.15-21.47.44:350][  0]LogD3D11RHI:      Driver Date: 4-3-2020
[2020.12.15-21.47.44:350][  0]LogRHI: Texture pool is 5655 MB (70% of 8079 MB)
[2020.12.15-21.47.44:389][  0]LogD3D11RHI: RHI has support for 64 bit atomics
[2020.12.15-21.47.44:389][  0]LogD3D11RHI: Async texture creation enabled
[2020.12.15-21.47.44:389][  0]LogD3D11RHI: Array index from any shader is supported
[2020.12.15-21.47.44:432][  0]LogD3D11RHI: GPU Timing Frequency: 1000.000000 (Debug: 2 1)
[2020.12.15-21.47.44:717][  0]LogTargetPlatformManager: Display: Loaded TargetPlatform 'AllDesktop'
[2020.12.15-21.47.44:738][  0]LogTargetPlatformManager: Display: Loaded TargetPlatform 'Android'
[2020.12.15-21.47.44:738][  0]LogTargetPlatformManager: Display: Loaded TargetPlatform 'Android_ASTC'
[2020.12.15-21.47.44:738][  0]LogTargetPlatformManager: Display: Loaded TargetPlatform 'Android_DXT'
[2020.12.15-21.47.44:738][  0]LogTargetPlatformManager: Display: Loaded TargetPlatform 'Android_ETC2'
[2020.12.15-21.47.44:738][  0]LogTargetPlatformManager: Display: Loaded TargetPlatform 'AndroidClient'
[2020.12.15-21.47.44:738][  0]LogTargetPlatformManager: Display: Loaded TargetPlatform 'Android_ASTCClient'
[2020.12.15-21.47.44:738][  0]LogTargetPlatformManager: Display: Loaded TargetPlatform 'Android_DXTClient'
[2020.12.15-21.47.44:738][  0]LogTargetPlatformManager: Display: Loaded TargetPlatform 'Android_ETC2Client'
[2020.12.15-21.47.44:738][  0]LogTargetPlatformManager: Display: Loaded TargetPlatform 'Android_Multi'
[2020.12.15-21.47.44:738][  0]LogTargetPlatformManager: Display: Loaded TargetPlatform 'Android_MultiClient'
[2020.12.15-21.47.44:769][  0]LogTargetPlatformManager: Display: Loaded TargetPlatform 'IOSClient'
[2020.12.15-21.47.44:770][  0]LogTargetPlatformManager: Display: Loaded TargetPlatform 'IOS'
[2020.12.15-21.47.44:788][  0]LogTargetPlatformManager: Display: Loaded TargetPlatform 'Linux'
[2020.12.15-21.47.44:797][  0]LogTargetPlatformManager: Display: Loaded TargetPlatform 'LinuxNoEditor'
[2020.12.15-21.47.44:806][  0]LogTargetPlatformManager: Display: Loaded TargetPlatform 'LinuxClient'
[2020.12.15-21.47.44:814][  0]LogTargetPlatformManager: Display: Loaded TargetPlatform 'LinuxServer'
[2020.12.15-21.47.44:823][  0]LogTargetPlatformManager: Display: Loaded TargetPlatform 'LinuxAArch64NoEditor'
[2020.12.15-21.47.44:832][  0]LogTargetPlatformManager: Display: Loaded TargetPlatform 'LinuxAArch64Client'
[2020.12.15-21.47.44:841][  0]LogTargetPlatformManager: Display: Loaded TargetPlatform 'LinuxAArch64Server'
[2020.12.15-21.47.44:871][  0]LogTargetPlatformManager: Display: Loaded TargetPlatform 'Lumin'
[2020.12.15-21.47.44:871][  0]LogTargetPlatformManager: Display: Loaded TargetPlatform 'LuminClient'
[2020.12.15-21.47.44:886][  0]LogTargetPlatformManager: Display: Loaded TargetPlatform 'TVOSClient'
[2020.12.15-21.47.44:886][  0]LogTargetPlatformManager: Display: Loaded TargetPlatform 'TVOS'
[2020.12.15-21.47.44:895][  0]LogTargetPlatformManager: Display: Loaded TargetPlatform 'WindowsNoEditor'
[2020.12.15-21.47.44:905][  0]LogTargetPlatformManager: Display: Loaded TargetPlatform 'Windows'
[2020.12.15-21.47.44:914][  0]LogTargetPlatformManager: Display: Loaded TargetPlatform 'WindowsClient'
[2020.12.15-21.47.44:922][  0]LogTargetPlatformManager: Display: Loaded TargetPlatform 'WindowsServer'
[2020.12.15-21.47.44:922][  0]LogTargetPlatformManager: Display: Building Assets For Windows
[2020.12.15-21.47.44:930][  0]LogAudioDebug: Display: Lib vorbis DLL was dynamically loaded.
[2020.12.15-21.47.45:002][  0]LogShaderCompilers: Guid format shader working directory is -18 characters bigger than the processId version (../../../../../Unreal Projects/UnrealGame/UnrealGame/UnrealGame/Intermediate/Shaders/WorkingDirectory/28228/).
[2020.12.15-21.47.45:003][  0]LogShaderCompilers: Cleaned the shader compiler working directory 'C:/Users/boste/AppData/Local/Temp/UnrealShaderWorkingDir/CE3840E845788C06C91412B2B9A75266/'.
[2020.12.15-21.47.45:003][  0]LogXGEController: Cleaning working directory: C:/Users/boste/AppData/Local/Temp/UnrealXGEWorkingDir/
[2020.12.15-21.47.45:003][  0]LogXGEController: Cannot use XGE Controller as Incredibuild is not installed on this machine.
[2020.12.15-21.47.45:003][  0]LogShaderCompilers: Cannot use XGE Shader Compiler as Incredibuild is not installed on this machine.
[2020.12.15-21.47.45:003][  0]LogShaderCompilers: Display: Using Local Shader Compiler.
[2020.12.15-21.47.48:225][  0]LogDerivedDataCache: Display: Max Cache Size: 512 MB
[2020.12.15-21.47.50:028][  0]LogDerivedDataCache: Loaded boot cache 1.80s 79MB C:/Users/boste/AppData/Local/UnrealEngine/4.25/DerivedDataCache/Boot.ddc.
[2020.12.15-21.47.50:028][  0]LogDerivedDataCache: Display: Loaded Boot cache: C:/Users/boste/AppData/Local/UnrealEngine/4.25/DerivedDataCache/Boot.ddc
[2020.12.15-21.47.50:029][  0]LogDerivedDataCache: FDerivedDataBackendGraph:  Pak pak cache file ../../../../../Unreal Projects/UnrealGame/UnrealGame/UnrealGame/DerivedDataCache/DDC.ddp not found, will not use a pak cache.
[2020.12.15-21.47.50:029][  0]LogDerivedDataCache: Unable to find inner node Pak for hierarchical cache Hierarchy.
[2020.12.15-21.47.50:029][  0]LogDerivedDataCache: FDerivedDataBackendGraph:  CompressedPak pak cache file ../../../../../Unreal Projects/UnrealGame/UnrealGame/UnrealGame/DerivedDataCache/Compressed.ddp not found, will not use a pak cache.
[2020.12.15-21.47.50:029][  0]LogDerivedDataCache: Unable to find inner node CompressedPak for hierarchical cache Hierarchy.
[2020.12.15-21.47.50:040][  0]LogDerivedDataCache: Display: Pak cache opened for reading ../../../Engine/DerivedDataCache/Compressed.ddp.
[2020.12.15-21.47.50:040][  0]LogDerivedDataCache: FDerivedDataBackendGraph:  EnterprisePak pak cache file ../../../Enterprise/DerivedDataCache/Compressed.ddp not found, will not use a pak cache.
[2020.12.15-21.47.50:040][  0]LogDerivedDataCache: Unable to find inner node EnterprisePak for hierarchical cache Hierarchy.
[2020.12.15-21.47.50:041][  0]LogDerivedDataCache: Using Local data cache path C:/Users/boste/AppData/Local/UnrealEngine/Common/DerivedDataCache: Writable
[2020.12.15-21.47.50:041][  0]LogDerivedDataCache: Shared data cache path not found in *engine.ini, will not use an Shared cache.
[2020.12.15-21.47.50:041][  0]LogDerivedDataCache: Unable to find inner node Shared for hierarchical cache Hierarchy.
[2020.12.15-21.47.50:086][  0]LogSlate: Using FreeType 2.10.0
[2020.12.15-21.47.50:087][  0]LogSlate: SlateFontServices - WITH_FREETYPE: 1, WITH_HARFBUZZ: 1
[2020.12.15-21.47.50:185][  0]LogAssetRegistry: FAssetRegistry took 0.0029 seconds to start up
[2020.12.15-21.47.50:424][  0]LogInit: Selected Device Profile: [Windows]
[2020.12.15-21.47.50:526][  0]LogMeshReduction: Using QuadricMeshReduction for automatic static mesh reduction
[2020.12.15-21.47.50:526][  0]LogMeshReduction: Using SimplygonMeshReduction for automatic skeletal mesh reduction
[2020.12.15-21.47.50:526][  0]LogMeshReduction: Using ProxyLODMeshReduction for automatic mesh merging
[2020.12.15-21.47.50:526][  0]LogMeshReduction: No distributed automatic mesh merging module available
[2020.12.15-21.47.50:526][  0]LogMeshMerging: No distributed automatic mesh merging module available
[2020.12.15-21.47.50:540][  0]LogNetVersion: UnrealGame 1.0.0, NetCL: 13144385, EngineNetVer: 14, GameNetVer: 0 (Checksum: 2606401877)
[2020.12.15-21.47.53:599][  0]LogAISub: UAISubsystem::UAISubsystem AISubsystem (00000193176F29C0), frame # 0
[2020.12.15-21.47.53:599][  0]LogAISub: UAISubsystem::UAISubsystem AIPerceptionSystem (0000019317599E40), frame # 0
[2020.12.15-21.47.53:600][  0]LogAISub: UAISubsystem::UAISubsystem EnvQueryManager (00000193175D5C00), frame # 0
[2020.12.15-21.47.53:653][  0]LogPackageLocalizationCache: Processed 21 localized package path(s) for 1 prioritized culture(s) in 0.046732 seconds
[2020.12.15-21.47.53:658][  0]LogUObjectArray: 15917 objects as part of root set at end of initial load.
[2020.12.15-21.47.53:658][  0]LogUObjectAllocator: 3965568 out of 0 bytes used by permanent object pool.
[2020.12.15-21.47.53:658][  0]LogUObjectArray: CloseDisregardForGC: 0/0 objects in disregard for GC pool
[2020.12.15-21.47.53:979][  0]LogPython: Using Python 2.7.14
[2020.12.15-21.47.54:944][  0]LogTcpMessaging: Initializing TcpMessaging bridge
[2020.12.15-21.47.54:948][  0]LogUdpMessaging: Initializing bridge on interface 0.0.0.0:0 to multicast group 230.0.0.1:6666.
[2020.12.15-21.47.55:080][  0]SourceControl: Source control is disabled
[2020.12.15-21.47.55:080][  0]SourceControl: Source control is disabled
[2020.12.15-21.47.55:085][  0]SourceControl: Source control is disabled
[2020.12.15-21.47.55:088][  0]SourceControl: Source control is disabled
[2020.12.15-21.47.55:094][  0]SourceControl: Source control is disabled
[2020.12.15-21.47.55:509][  0]LogAndroidPermission: UAndroidPermissionCallbackProxy::GetInstance
[2020.12.15-21.47.55:543][  0]LogAudioCaptureCore: Display: No Audio Capture implementations found. Audio input will be silent.
[2020.12.15-21.47.55:543][  0]LogAudioCaptureCore: Display: No Audio Capture implementations found. Audio input will be silent.
[2020.12.15-21.47.55:617][  0]LogOcInput: OculusInput pre-init called
[2020.12.15-21.47.56:107][  0]LogEngine: Initializing Engine...
[2020.12.15-21.47.56:161][  0]LogHMD: Failed to initialize OpenVR with code 119
[2020.12.15-21.47.56:161][  0]LogMagicLeap: Warning: VR disabled because ZI is not enabled.  To enable, in the editor, Edit -> Project Settings -> Plugins -> Magic Leap Plugin -> Enable Zero Iteration
[2020.12.15-21.47.56:162][  0]LogStats: UGameplayTagsManager::InitializeManager -  0.000 s
[2020.12.15-21.47.56:266][  0]LogInit: Initializing FReadOnlyCVARCache
[2020.12.15-21.47.56:276][  0]LogAIModule: Creating AISystem for world Untitled
[2020.12.15-21.47.56:276][  0]LogAISub: UAISubsystem::UAISubsystem EnvQueryManager (000001932B8D9200), frame # 0
[2020.12.15-21.47.56:276][  0]LogAISub: UAISubsystem::UAISubsystem AIPerceptionSystem (000001932B8EA980), frame # 0
[2020.12.15-21.47.56:287][  0]LogAudioMixer: Display: Audio Mixer Platform Settings:
[2020.12.15-21.47.56:287][  0]LogAudioMixer: Display: 	Sample Rate:						  48000
[2020.12.15-21.47.56:287][  0]LogAudioMixer: Display: 	Callback Buffer Frame Size Requested: 1024
[2020.12.15-21.47.56:287][  0]LogAudioMixer: Display: 	Callback Buffer Frame Size To Use:	  1024
[2020.12.15-21.47.56:287][  0]LogAudioMixer: Display: 	Number of buffers to queue:			  2
[2020.12.15-21.47.56:287][  0]LogAudioMixer: Display: 	Max Channels (voices):				  32
[2020.12.15-21.47.56:287][  0]LogAudioMixer: Display: 	Number of Async Source Workers:		  0
[2020.12.15-21.47.56:287][  0]LogAudio: Display: AudioDevice MaxSources: 32
[2020.12.15-21.47.56:287][  0]LogAudio: Display: Using built-in audio occlusion.
[2020.12.15-21.47.56:287][  0]LogAudioMixer: Display: Initializing audio mixer.
[2020.12.15-21.47.56:384][  0]LogAudioMixer: Display: 0: FrontLeft
[2020.12.15-21.47.56:384][  0]LogAudioMixer: Display: 1: FrontRight
[2020.12.15-21.47.56:514][  0]LogAudioMixer: Display: Using Audio Device Speakers (Realtek High Definition Audio)
[2020.12.15-21.47.56:517][  0]LogAudioMixer: Display: Initializing Sound Submixes...
[2020.12.15-21.47.56:519][  0]LogAudioMixer: Display: Creating Master Submix 'MasterSubmixDefault'
[2020.12.15-21.47.56:519][  0]LogAudioMixer: Display: Creating Master Submix 'MasterReverbSubmixDefault'
[2020.12.15-21.47.56:520][  0]LogAudioMixer: Display: Creating Master Submix 'MasterEQSubmixDefault'
[2020.12.15-21.47.56:522][  0]LogInit: FAudioDevice initialized.
[2020.12.15-21.47.56:522][  0]LogNetVersion: Set ProjectVersion to 1.0.0.0. Version Checksum will be recalculated on next use.
[2020.12.15-21.47.56:758][  0]LogDerivedDataCache: Saved boot cache 0.24s 79MB C:/Users/boste/AppData/Local/UnrealEngine/4.25/DerivedDataCache/Boot.ddc.
[2020.12.15-21.47.56:762][  0]LogInit: Texture streaming: Enabled
[2020.12.15-21.47.56:778][  0]LogEngineSessionManager: EngineSessionManager initialized
[2020.12.15-21.47.56:778][  0]LogEngineSessionManager: EngineSessionManager sent abnormal shutdown report. Type=Crashed, SessionId={E690AB06-4703-1C23-C2CE-548775ACE465}
[2020.12.15-21.47.56:778][  0]LogEditorSessionSummary: Verbose: Initializing EditorSessionSummaryWriter for editor session tracking
[2020.12.15-21.47.56:815][  0]LogEditorSessionSummary: EditorSessionSummaryWriter initialized
[2020.12.15-21.47.56:893][  0]LogInit: Transaction tracking system initialized
[2020.12.15-21.47.56:916][  0]BlueprintLog: New page: Editor Load
[2020.12.15-21.47.57:010][  0]LocalizationService: Localization service is disabled
[2020.12.15-21.47.57:227][  0]LogCook: Display: Max memory allowance for cook 16384mb min free memory 0mb
[2020.12.15-21.47.57:227][  0]LogCook: Display: Mobile HDR setting 1
[2020.12.15-21.47.57:601][  0]LogFileCache: Scanning file cache for directory 'E:/Unreal Projects/UnrealGame/UnrealGame/UnrealGame/Content/' took 0.02s
[2020.12.15-21.47.57:765][  0]SourceControl: Source control is disabled
[2020.12.15-21.47.57:876][  0]LogSlate: Took 0.000150 seconds to synchronously load lazily loaded font '../../../Engine/Content/Slate/Fonts/Roboto-Regular.ttf' (155K)
[2020.12.15-21.48.01:689][  0]LogSlate: Window 'Restore Packages' being destroyed
[2020.12.15-21.48.01:690][  0]LogWindowsTextInputMethodSystem: Display: IME system now deactivated.
[2020.12.15-21.48.01:710][  0]LogWindowsTextInputMethodSystem: Display: IME system now deactivated.
[2020.12.15-21.48.03:463][  0]LogSlate: Window 'Unable to Check Out From Source Control!' being destroyed
[2020.12.15-21.48.03:463][  0]LogWindowsTextInputMethodSystem: Display: IME system now deactivated.
[2020.12.15-21.48.03:467][  0]Message dialog closed, result: Ok, title: Unable to Check Out From Source Control!, text: The following assets could not be successfully checked out from source control:
/Game/OurContent/Maps/DefaultMap
[2020.12.15-21.48.03:480][  0]LogWindowsTextInputMethodSystem: Display: IME system now deactivated.
[2020.12.15-21.48.03:481][  0]LogUnrealEdMisc: Loading editor; pre map load, took 31.621
[2020.12.15-21.48.03:481][  0]Cmd: MAP LOAD FILE="../../../../../Unreal Projects/UnrealGame/UnrealGame/UnrealGame/Content/OurContent/Maps/DefaultMap.umap" TEMPLATE=0 SHOWPROGRESS=1 FEATURELEVEL=3
[2020.12.15-21.48.03:482][  0]LightingResults: New page: Lighting Build
[2020.12.15-21.48.03:483][  0]LogWorld: UWorld::CleanupWorld for Untitled, bSessionEnded=true, bCleanupResources=true
[2020.12.15-21.48.03:483][  0]LogSlate: InvalidateAllWidgets triggered.  All widgets were invalidated
[2020.12.15-21.48.03:484][  0]MapCheck: New page: Map Check
[2020.12.15-21.48.03:484][  0]LightingResults: New page: Lighting Build
[2020.12.15-21.48.03:497][  0]LogAISub: UAISubsystem::~UAISubsystem EnvQueryManager (000001932B8D9200), frame # 0
[2020.12.15-21.48.03:497][  0]LogAISub: UAISubsystem::~UAISubsystem AIPerceptionSystem (000001932B8EA980), frame # 0
[2020.12.15-21.48.03:498][  0]LogUObjectHash: Compacting FUObjectHashTables data took   0.72ms
[2020.12.15-21.48.03:746][  0]LogLinker: Warning: Asset '../../../../../Unreal Projects/UnrealGame/UnrealGame/UnrealGame/Content/MSPresets/MSTextures/Albedo.uasset' has been saved with empty engine version. The asset will be loaded but may be incompatible.
[2020.12.15-21.48.03:747][  0]LogLinker: Warning: Asset '../../../../../Unreal Projects/UnrealGame/UnrealGame/UnrealGame/Content/MSPresets/MSTextures/Normal.uasset' has been saved with empty engine version. The asset will be loaded but may be incompatible.
[2020.12.15-21.48.03:747][  0]LogLinker: Warning: Asset '../../../../../Unreal Projects/UnrealGame/UnrealGame/UnrealGame/Content/MSPresets/MSTextures/Roughness.uasset' has been saved with empty engine version. The asset will be loaded but may be incompatible.
[2020.12.15-21.48.03:787][  0]LogLinker: Warning: Asset '../../../../../Unreal Projects/UnrealGame/UnrealGame/UnrealGame/Content/MSPresets/Decal_MasterMaterial/Decal_MasterMaterial.uasset' has been saved with empty engine version. The asset will be loaded but may be incompatible.
[2020.12.15-21.48.07:390][  0]LogAIModule: Creating AISystem for world DefaultMap
[2020.12.15-21.48.07:390][  0]LogAISub: UAISubsystem::UAISubsystem EnvQueryManager (000001933AE33E00), frame # 0
[2020.12.15-21.48.07:390][  0]LogAISub: UAISubsystem::UAISubsystem AIPerceptionSystem (000001930AEDB240), frame # 0
[2020.12.15-21.48.07:441][  0]LogEditorServer: Finished looking for orphan Actors (0.000 secs)
[2020.12.15-21.48.07:460][  0]LogUObjectHash: Compacting FUObjectHashTables data took   0.99ms
[2020.12.15-21.48.07:464][  0]Cmd: MAP CHECKDEP NOCLEARLOG
[2020.12.15-21.48.07:464][  0]MapCheck: Map check complete: 0 Error(s), 0 Warning(s), took 0.139ms to complete.
[2020.12.15-21.48.07:464][  0]LogFileHelpers: Loading map 'DefaultMap' took 3.983
[2020.12.15-21.48.07:467][  0]LogUnrealEdMisc: Total Editor Startup Time, took 35.607
[2020.12.15-21.48.07:563][  0]LogSlate: Updating window title bar state: overlay mode, drag disabled, window buttons hidden, title bar hidden
[2020.12.15-21.48.07:569][  0]LogSlate: Updating window title bar state: overlay mode, drag disabled, window buttons hidden, title bar hidden
[2020.12.15-21.48.07:576][  0]LogSlate: Updating window title bar state: overlay mode, drag disabled, window buttons hidden, title bar hidden
[2020.12.15-21.48.07:583][  0]LogSlate: Updating window title bar state: overlay mode, drag disabled, window buttons hidden, title bar hidden
[2020.12.15-21.48.07:588][  0]LogCollectionManager: Loaded 0 collections in 0.000743 seconds
[2020.12.15-21.48.07:604][  0]LogFileCache: Scanning file cache for directory 'E:/Unreal Projects/UnrealGame/UnrealGame/UnrealGame/Saved/Collections/' took 0.00s
[2020.12.15-21.48.07:604][  0]LogFileCache: Scanning file cache for directory 'E:/Unreal Projects/UnrealGame/UnrealGame/UnrealGame/Content/Developers/boste/Collections/' took 0.00s
[2020.12.15-21.48.07:604][  0]LogFileCache: Scanning file cache for directory 'E:/Unreal Projects/UnrealGame/UnrealGame/UnrealGame/Content/Collections/' took 0.00s
[2020.12.15-21.48.07:604][  0]LogContentBrowser: Native class hierarchy populated in 0.0108 seconds. Added 3451 classes and 830 folders.
[2020.12.15-21.48.07:609][  0]LogContentBrowser: Native class hierarchy updated for 'WidgetCarousel' in 0.0003 seconds. Added 0 classes and 0 folders.
[2020.12.15-21.48.07:800][  0]LogContentBrowser: Native class hierarchy updated for 'AddContentDialog' in 0.0003 seconds. Added 0 classes and 0 folders.
[2020.12.15-21.48.07:801][  0]LogContentBrowser: Native class hierarchy updated for 'SceneOutliner' in 0.0002 seconds. Added 2 classes and 0 folders.
[2020.12.15-21.48.07:896][  0]LogSlate: Took 0.000169 seconds to synchronously load lazily loaded font '../../../Engine/Content/Slate/Fonts/Roboto-Bold.ttf' (160K)
[2020.12.15-21.48.07:906][  0]LogSlate: Took 0.005836 seconds to synchronously load lazily loaded font '../../../Engine/Content/Editor/Slate/Fonts/FontAwesome.ttf' (139K)
[2020.12.15-21.48.07:941][  0]LogRenderer: Reallocating scene render targets to support 1272x640 Format 10 NumSamples 1 (Frame:1).
[2020.12.15-21.48.08:079][  0]LogContentBrowser: Native class hierarchy updated for 'HierarchicalLODOutliner' in 0.0005 seconds. Added 0 classes and 0 folders.
[2020.12.15-21.48.08:079][  0]LogLoad: (Engine Initialization) Total time: 36.22 seconds
[2020.12.15-21.48.08:079][  0]LogLoad: (Engine Initialization) Total Blueprint compile time: 0.00 seconds
[2020.12.15-21.48.08:138][  0]LogContentStreaming: Texture pool size now 1000 MB
[2020.12.15-21.48.08:178][  0]LogSlate: Took 0.000583 seconds to synchronously load lazily loaded font '../../../Engine/Content/Slate/Fonts/Roboto-Light.ttf' (167K)
[2020.12.15-21.48.08:184][  1]LogFileCache: Retrieving MD5 hashes for directory 'E:/Unreal Projects/UnrealGame/UnrealGame/UnrealGame/Content/' took 0.09s
[2020.12.15-21.48.08:194][  1]LogAssetRegistry: Asset discovery search completed in 18.0095 seconds
[2020.12.15-21.48.08:197][  1]LogCollectionManager: Fixed up redirectors for 0 collections in 0.000002 seconds (updated 0 objects)
[2020.12.15-21.48.09:294][ 23]LogSlate: Took 0.000096 seconds to synchronously load lazily loaded font '../../../Engine/Content/Slate/Fonts/Roboto-Light.ttf' (167K)
[2020.12.15-21.48.15:662][615]Candidate modules for hot reload:
[2020.12.15-21.48.15:662][615]  UnrealGame
[2020.12.15-21.48.15:663][615]Launching UnrealBuildTool... [E:/Unreal/UE_4.25/Engine/Binaries/DotNET/UnrealBuildTool.exe  -ModuleWithSuffix=UnrealGame,4591 UnrealGameEditor Win64 Development -Project="E:/Unreal Projects/UnrealGame/UnrealGame/UnrealGame/UnrealGame.uproject" "E:/Unreal Projects/UnrealGame/UnrealGame/UnrealGame/UnrealGame.uproject"  -IgnoreJunk]
[2020.12.15-21.48.15:666][615]Warning: Starting HotReload took  0.0s.
[2020.12.15-21.48.18:024][674]CompilerResultsLog: New page: Compilation - Dec 15, 2020, 7:48:18 AM
[2020.12.15-21.48.18:024][674]CompilerResultsLog: Using 'git status' to determine working set for adaptive non-unity build (E:\Unreal Projects\UnrealGame\UnrealGame).
[2020.12.15-21.48.18:024][674]CompilerResultsLog: Building UnrealGameEditor...
[2020.12.15-21.48.18:024][674]CompilerResultsLog: Using Visual Studio 2019 14.27.29112 toolchain (C:\Program Files (x86)\Microsoft Visual Studio\2019\Community\VC\Tools\MSVC\14.27.29110) and Windows 10.0.18362.0 SDK (C:\Program Files (x86)\Windows Kits\10).
[2020.12.15-21.48.18:024][674]CompilerResultsLog: Building 3 actions with 12 processes...
[2020.12.15-21.48.18:024][674]CompilerResultsLog:   [1/3] UE4Editor-UnrealGame-4591.lib
[2020.12.15-21.48.18:024][674]CompilerResultsLog:      Creating library E:\Unreal Projects\UnrealGame\UnrealGame\UnrealGame\Intermediate\Build\Win64\UE4Editor\Development\UnrealGame\UE4Editor-UnrealGame-4591.lib and object E:\Unreal Projects\UnrealGame\UnrealGame\UnrealGame\Intermediate\Build\Win64\UE4Editor\Development\UnrealGame\UE4Editor-UnrealGame-4591.exp
[2020.12.15-21.48.18:024][674]CompilerResultsLog:   [2/3] UE4Editor-UnrealGame-4591.dll
[2020.12.15-21.48.18:024][674]CompilerResultsLog:      Creating library E:\Unreal Projects\UnrealGame\UnrealGame\UnrealGame\Intermediate\Build\Win64\UE4Editor\Development\UnrealGame\UE4Editor-UnrealGame-4591.suppressed.lib and object E:\Unreal Projects\UnrealGame\UnrealGame\UnrealGame\Intermediate\Build\Win64\UE4Editor\Development\UnrealGame\UE4Editor-UnrealGame-4591.suppressed.exp
[2020.12.15-21.48.18:024][674]CompilerResultsLog:   [3/3] UnrealGameEditor.target
[2020.12.15-21.48.18:024][674]CompilerResultsLog: Total time in Parallel executor: 0.94 seconds
[2020.12.15-21.48.18:024][674]CompilerResultsLog: Total execution time: 1.91 seconds
[2020.12.15-21.48.18:024][674]LogMainFrame: MainFrame: Module compiling took 2.364 seconds
[2020.12.15-21.48.18:045][674]LogHotReload: Re-instancing DashCameraShake after hot-reload.
[2020.12.15-21.48.18:052][674]LogContentBrowser: Native class hierarchy updated for 'UnrealGame' in 0.0004 seconds. Added 5 classes and 2 folders.
[2020.12.15-21.48.18:056][674]Display: HotReload successful (3 functions remapped  0 scriptstructs remapped)
[2020.12.15-21.48.18:101][674]LogContentBrowser: Native class hierarchy populated in 0.0090 seconds. Added 3451 classes and 830 folders.
[2020.12.15-21.48.18:101][674]Display: HotReload took  2.5s.
[2020.12.15-21.48.25:493][298]LogActor: Warning: BP_Crate_C /Engine/Transient.World_4:PersistentLevel.BP_Crate_C_0 has natively added scene component(s), but none of them were set as the actor's RootComponent - picking one arbitrarily
[2020.12.15-21.48.26:503][360]LogAssetEditorSubsystem: Opening Asset editor for Blueprint /Game/OurContent/Blueprints/BP_Train.BP_Train
[2020.12.15-21.48.26:655][360]LogContentBrowser: Native class hierarchy updated for 'BlueprintGraph' in 0.0006 seconds. Added 125 classes and 0 folders.
[2020.12.15-21.48.27:477][360]LogSlate: Took 0.000597 seconds to synchronously load lazily loaded font '../../../Engine/Content/Slate/Fonts/Roboto-BoldCondensed.ttf' (158K)
[2020.12.15-21.48.27:514][361]LogSlate: Took 0.000184 seconds to synchronously load lazily loaded font '../../../Engine/Content/Slate/Fonts/Roboto-Italic.ttf' (157K)
[2020.12.15-21.50.01:844][155]BlueprintLog: New page: Compile BP_Train
[2020.12.15-21.50.01:893][155]LogUObjectHash: Compacting FUObjectHashTables data took   3.68ms
[2020.12.15-21.50.01:967][155]LogSlate: Took 0.000630 seconds to synchronously load lazily loaded font '../../../Engine/Content/Slate/Fonts/DroidSansMono.ttf' (77K)
[2020.12.15-21.50.02:586][220]Cmd: OBJ SAVEPACKAGE PACKAGE="/Game/OurContent/Blueprints/BP_Train" FILE="../../../../../Unreal Projects/UnrealGame/UnrealGame/UnrealGame/Content/OurContent/Blueprints/BP_Train.uasset" SILENT=true
[2020.12.15-21.50.02:630][220]LogSavePackage: Moving '../../../../../Unreal Projects/UnrealGame/UnrealGame/UnrealGame/Saved/BP_Train64A606D9453F77DC50131EBCB4924A82.tmp' to '../../../../../Unreal Projects/UnrealGame/UnrealGame/UnrealGame/Content/OurContent/Blueprints/BP_Train.uasset'
[2020.12.15-21.50.02:646][220]AssetCheck: New page: Asset Save: BP_Train
[2020.12.15-21.50.02:646][220]LogContentValidation: Display: Validating Blueprint /Game/OurContent/Blueprints/BP_Train.BP_Train
[2020.12.15-21.50.05:799][533]LogEditorViewport: Clicking on Actor (LMB): BP_Train_C (BP_Train)
[2020.12.15-21.50.10:840][ 41]LogTemp: Repeating last play command: Simulate
[2020.12.15-21.50.10:871][ 41]LogPlayLevel: PlayLevel: No blueprints needed recompiling
[2020.12.15-21.50.10:871][ 41]PIE: New page: SIE session: DefaultMap (Dec 15, 2020, 7:50:10 AM)
[2020.12.15-21.50.10:872][ 41]LogOnline: OSS: Creating online subsystem instance for: NULL
[2020.12.15-21.50.10:873][ 41]LogOnline: OSS: TryLoadSubsystemAndSetDefault: Loaded subsystem for module [NULL]
[2020.12.15-21.50.10:873][ 41]LogPlayLevel: Creating play world package: /Game/OurContent/Maps/UEDPIE_0_DefaultMap
[2020.12.15-21.50.10:908][ 41]LogPlayLevel: PIE: StaticDuplicateObject took: (0.034725s)
[2020.12.15-21.50.10:909][ 41]LogAIModule: Creating AISystem for world DefaultMap
[2020.12.15-21.50.10:909][ 41]LogAISub: UAISubsystem::UAISubsystem EnvQueryManager (000001933AAB6200), frame # 13041
[2020.12.15-21.50.10:909][ 41]LogAISub: UAISubsystem::UAISubsystem AIPerceptionSystem (00000193D77C2840), frame # 13041
[2020.12.15-21.50.10:909][ 41]LogPlayLevel: PIE: World Init took: (0.001084s)
[2020.12.15-21.50.10:909][ 41]LogPlayLevel: PIE: Created PIE world by copying editor world from /Game/OurContent/Maps/DefaultMap.DefaultMap to /Game/OurContent/Maps/UEDPIE_0_DefaultMap.DefaultMap (0.035996s)
[2020.12.15-21.50.10:933][ 41]LogUObjectHash: Compacting FUObjectHashTables data took   2.20ms
[2020.12.15-21.50.10:935][ 41]LogAudioMixer: Display: Audio Mixer Platform Settings:
[2020.12.15-21.50.10:935][ 41]LogAudioMixer: Display: 	Sample Rate:						  48000
[2020.12.15-21.50.10:935][ 41]LogAudioMixer: Display: 	Callback Buffer Frame Size Requested: 1024
[2020.12.15-21.50.10:935][ 41]LogAudioMixer: Display: 	Callback Buffer Frame Size To Use:	  1024
[2020.12.15-21.50.10:935][ 41]LogAudioMixer: Display: 	Number of buffers to queue:			  2
[2020.12.15-21.50.10:935][ 41]LogAudioMixer: Display: 	Max Channels (voices):				  32
[2020.12.15-21.50.10:935][ 41]LogAudioMixer: Display: 	Number of Async Source Workers:		  0
[2020.12.15-21.50.10:935][ 41]LogAudio: Display: AudioDevice MaxSources: 32
[2020.12.15-21.50.10:936][ 41]LogAudio: Display: Using built-in audio occlusion.
[2020.12.15-21.50.10:936][ 41]LogAudioMixer: Display: Initializing audio mixer.
[2020.12.15-21.50.10:946][ 41]LogAudioMixer: Display: 0: FrontLeft
[2020.12.15-21.50.10:946][ 41]LogAudioMixer: Display: 1: FrontRight
[2020.12.15-21.50.11:003][ 41]LogAudioMixer: Display: Using Audio Device Speakers (Realtek High Definition Audio)
[2020.12.15-21.50.11:004][ 41]LogAudioMixer: Display: Initializing Sound Submixes...
[2020.12.15-21.50.11:004][ 41]LogAudioMixer: Display: Creating Master Submix 'MasterSubmixDefault'
[2020.12.15-21.50.11:004][ 41]LogAudioMixer: Display: Creating Master Submix 'MasterReverbSubmixDefault'
[2020.12.15-21.50.11:004][ 41]LogAudioMixer: Display: Creating Master Submix 'MasterEQSubmixDefault'
[2020.12.15-21.50.11:015][ 41]LogInit: FAudioDevice initialized.
[2020.12.15-21.50.11:025][ 41]LogLoad: Game class is 'OurGameBase_C'
[2020.12.15-21.50.11:032][ 41]LogWorld: Bringing World /Game/OurContent/Maps/UEDPIE_0_DefaultMap.DefaultMap up for play (max tick rate 0) at 2020.12.15-14.50.11
[2020.12.15-21.50.11:033][ 41]LogWorld: Bringing up level for play took: 0.007029
[2020.12.15-21.50.11:033][ 41]LogOnline: OSS: Creating online subsystem instance for: :Context_9
[2020.12.15-21.50.11:045][ 41]LogContentBrowser: Native class hierarchy updated for 'MovieSceneCapture' in 0.0004 seconds. Added 20 classes and 0 folders.
[2020.12.15-21.50.11:047][ 41]PIE: Server logged in
[2020.12.15-21.50.11:048][ 41]PIE: Play in editor total start time 0.187 seconds.
[2020.12.15-21.50.12:368][148]LogAudio: Warning: Detected orphaned looping sound 'Starter_Music01'.
[2020.12.15-21.50.18:255][841]LogSlate: Updating window title bar state: overlay mode, drag disabled, window buttons hidden, title bar hidden
[2020.12.15-21.50.18:255][841]LogWorld: BeginTearingDown for /Game/OurContent/Maps/UEDPIE_0_DefaultMap
[2020.12.15-21.50.18:256][841]LogWorld: UWorld::CleanupWorld for DefaultMap, bSessionEnded=true, bCleanupResources=true
[2020.12.15-21.50.18:257][841]LogSlate: InvalidateAllWidgets triggered.  All widgets were invalidated
[2020.12.15-21.50.18:268][841]LogPlayLevel: Display: Shutting down PIE online subsystems
[2020.12.15-21.50.18:273][841]LogSlate: InvalidateAllWidgets triggered.  All widgets were invalidated
[2020.12.15-21.50.18:294][841]LogSlate: Updating window title bar state: overlay mode, drag disabled, window buttons hidden, title bar hidden
[2020.12.15-21.50.18:317][841]LogAISub: UAISubsystem::~UAISubsystem AIPerceptionSystem (00000193D77C2840), frame # 13841
[2020.12.15-21.50.18:317][841]LogAISub: UAISubsystem::~UAISubsystem EnvQueryManager (000001933AAB6200), frame # 13841
[2020.12.15-21.50.18:336][841]LogUObjectHash: Compacting FUObjectHashTables data took   3.78ms
[2020.12.15-21.50.18:385][842]LogPlayLevel: Display: Destroying online subsystem :Context_9
[2020.12.15-21.50.21:125][138]LogEditorViewport: Clicking on Actor (LMB): BP_Train_C (BP_Train)
[2020.12.15-21.50.24:257][442]LogTemp: Repeating last play command: Simulate
[2020.12.15-21.50.24:279][442]LogPlayLevel: PlayLevel: No blueprints needed recompiling
[2020.12.15-21.50.24:279][442]PIE: New page: SIE session: DefaultMap (Dec 15, 2020, 7:50:24 AM)
[2020.12.15-21.50.24:314][442]LogPlayLevel: Creating play world package: /Game/OurContent/Maps/UEDPIE_0_DefaultMap
[2020.12.15-21.50.24:348][442]LogPlayLevel: PIE: StaticDuplicateObject took: (0.033783s)
[2020.12.15-21.50.24:349][442]LogAIModule: Creating AISystem for world DefaultMap
[2020.12.15-21.50.24:349][442]LogAISub: UAISubsystem::UAISubsystem EnvQueryManager (0000019382CCDE00), frame # 14442
[2020.12.15-21.50.24:349][442]LogAISub: UAISubsystem::UAISubsystem AIPerceptionSystem (0000019382CDE0C0), frame # 14442
[2020.12.15-21.50.24:349][442]LogPlayLevel: PIE: World Init took: (0.001195s)
[2020.12.15-21.50.24:349][442]LogPlayLevel: PIE: Created PIE world by copying editor world from /Game/OurContent/Maps/DefaultMap.DefaultMap to /Game/OurContent/Maps/UEDPIE_0_DefaultMap.DefaultMap (0.035207s)
[2020.12.15-21.50.24:378][442]LogUObjectHash: Compacting FUObjectHashTables data took   2.99ms
[2020.12.15-21.50.24:381][442]LogAudioMixer: Display: Audio Mixer Platform Settings:
[2020.12.15-21.50.24:381][442]LogAudioMixer: Display: 	Sample Rate:						  48000
[2020.12.15-21.50.24:381][442]LogAudioMixer: Display: 	Callback Buffer Frame Size Requested: 1024
[2020.12.15-21.50.24:381][442]LogAudioMixer: Display: 	Callback Buffer Frame Size To Use:	  1024
[2020.12.15-21.50.24:381][442]LogAudioMixer: Display: 	Number of buffers to queue:			  2
[2020.12.15-21.50.24:382][442]LogAudioMixer: Display: 	Max Channels (voices):				  32
[2020.12.15-21.50.24:382][442]LogAudioMixer: Display: 	Number of Async Source Workers:		  0
[2020.12.15-21.50.24:382][442]LogAudio: Display: AudioDevice MaxSources: 32
[2020.12.15-21.50.24:382][442]LogAudio: Display: Using built-in audio occlusion.
[2020.12.15-21.50.24:382][442]LogAudioMixer: Display: Initializing audio mixer.
[2020.12.15-21.50.24:391][442]LogAudioMixer: Display: 0: FrontLeft
[2020.12.15-21.50.24:391][442]LogAudioMixer: Display: 1: FrontRight
[2020.12.15-21.50.24:446][442]LogAudioMixer: Display: Using Audio Device Speakers (Realtek High Definition Audio)
[2020.12.15-21.50.24:447][442]LogAudioMixer: Display: Initializing Sound Submixes...
[2020.12.15-21.50.24:447][442]LogAudioMixer: Display: Creating Master Submix 'MasterSubmixDefault'
[2020.12.15-21.50.24:447][442]LogAudioMixer: Display: Creating Master Submix 'MasterReverbSubmixDefault'
[2020.12.15-21.50.24:447][442]LogAudioMixer: Display: Creating Master Submix 'MasterEQSubmixDefault'
[2020.12.15-21.50.24:458][442]LogInit: FAudioDevice initialized.
[2020.12.15-21.50.24:466][442]LogLoad: Game class is 'OurGameBase_C'
[2020.12.15-21.50.24:473][442]LogWorld: Bringing World /Game/OurContent/Maps/UEDPIE_0_DefaultMap.DefaultMap up for play (max tick rate 0) at 2020.12.15-14.50.24
[2020.12.15-21.50.24:473][442]LogWorld: Bringing up level for play took: 0.006875
[2020.12.15-21.50.24:473][442]LogOnline: OSS: Creating online subsystem instance for: :Context_10
[2020.12.15-21.50.24:476][442]PIE: Server logged in
[2020.12.15-21.50.24:477][442]PIE: Play in editor total start time 0.198 seconds.
[2020.12.15-21.50.24:882][482]LogAudio: Warning: Detected orphaned looping sound 'Starter_Music01'.
[2020.12.15-21.50.26:725][689]LogSlate: Updating window title bar state: overlay mode, drag disabled, window buttons hidden, title bar hidden
[2020.12.15-21.50.26:725][689]LogWorld: BeginTearingDown for /Game/OurContent/Maps/UEDPIE_0_DefaultMap
[2020.12.15-21.50.26:725][689]LogWorld: UWorld::CleanupWorld for DefaultMap, bSessionEnded=true, bCleanupResources=true
[2020.12.15-21.50.26:726][689]LogSlate: InvalidateAllWidgets triggered.  All widgets were invalidated
[2020.12.15-21.50.26:741][689]LogPlayLevel: Display: Shutting down PIE online subsystems
[2020.12.15-21.50.26:746][689]LogSlate: InvalidateAllWidgets triggered.  All widgets were invalidated
[2020.12.15-21.50.26:784][689]LogSlate: Updating window title bar state: overlay mode, drag disabled, window buttons hidden, title bar hidden
[2020.12.15-21.50.26:785][689]LogAISub: UAISubsystem::~UAISubsystem AIPerceptionSystem (0000019382CDE0C0), frame # 14689
[2020.12.15-21.50.26:785][689]LogAISub: UAISubsystem::~UAISubsystem EnvQueryManager (0000019382CCDE00), frame # 14689
[2020.12.15-21.50.26:789][689]LogUObjectHash: Compacting FUObjectHashTables data took   2.51ms
[2020.12.15-21.50.26:836][690]LogPlayLevel: Display: Destroying online subsystem :Context_10
[2020.12.15-21.52.29:601][121]BlueprintLog: New page: Compile BP_Train
[2020.12.15-21.52.29:653][121]LogUObjectHash: Compacting FUObjectHashTables data took   3.48ms
[2020.12.15-21.52.30:015][153]Cmd: OBJ SAVEPACKAGE PACKAGE="/Game/OurContent/Blueprints/BP_Train" FILE="../../../../../Unreal Projects/UnrealGame/UnrealGame/UnrealGame/Content/OurContent/Blueprints/BP_Train.uasset" SILENT=true
[2020.12.15-21.52.30:042][153]LogSavePackage: Moving '../../../../../Unreal Projects/UnrealGame/UnrealGame/UnrealGame/Saved/BP_Train032E37C84AB8217345776D96D6C28A8C.tmp' to '../../../../../Unreal Projects/UnrealGame/UnrealGame/UnrealGame/Content/OurContent/Blueprints/BP_Train.uasset'
[2020.12.15-21.52.30:054][153]AssetCheck: New page: Asset Save: BP_Train
[2020.12.15-21.52.30:054][153]LogContentValidation: Display: Validating Blueprint /Game/OurContent/Blueprints/BP_Train.BP_Train
[2020.12.15-21.52.31:855][335]LogTemp: Repeating last play command: Simulate
[2020.12.15-21.52.31:876][335]LogPlayLevel: PlayLevel: No blueprints needed recompiling
[2020.12.15-21.52.31:876][335]PIE: New page: SIE session: DefaultMap (Dec 15, 2020, 7:52:31 AM)
[2020.12.15-21.52.31:877][335]LogPlayLevel: Creating play world package: /Game/OurContent/Maps/UEDPIE_0_DefaultMap
[2020.12.15-21.52.31:908][335]LogPlayLevel: PIE: StaticDuplicateObject took: (0.031753s)
[2020.12.15-21.52.31:909][335]LogAIModule: Creating AISystem for world DefaultMap
[2020.12.15-21.52.31:909][335]LogAISub: UAISubsystem::UAISubsystem EnvQueryManager (0000019383339600), frame # 28335
[2020.12.15-21.52.31:909][335]LogAISub: UAISubsystem::UAISubsystem AIPerceptionSystem (0000019391A71800), frame # 28335
[2020.12.15-21.52.31:910][335]LogPlayLevel: PIE: World Init took: (0.001144s)
[2020.12.15-21.52.31:910][335]LogPlayLevel: PIE: Created PIE world by copying editor world from /Game/OurContent/Maps/DefaultMap.DefaultMap to /Game/OurContent/Maps/UEDPIE_0_DefaultMap.DefaultMap (0.033049s)
[2020.12.15-21.52.31:935][335]LogUObjectHash: Compacting FUObjectHashTables data took   3.14ms
[2020.12.15-21.52.31:938][335]LogAudioMixer: Display: Audio Mixer Platform Settings:
[2020.12.15-21.52.31:938][335]LogAudioMixer: Display: 	Sample Rate:						  48000
[2020.12.15-21.52.31:938][335]LogAudioMixer: Display: 	Callback Buffer Frame Size Requested: 1024
[2020.12.15-21.52.31:938][335]LogAudioMixer: Display: 	Callback Buffer Frame Size To Use:	  1024
[2020.12.15-21.52.31:938][335]LogAudioMixer: Display: 	Number of buffers to queue:			  2
[2020.12.15-21.52.31:938][335]LogAudioMixer: Display: 	Max Channels (voices):				  32
[2020.12.15-21.52.31:938][335]LogAudioMixer: Display: 	Number of Async Source Workers:		  0
[2020.12.15-21.52.31:938][335]LogAudio: Display: AudioDevice MaxSources: 32
[2020.12.15-21.52.31:938][335]LogAudio: Display: Using built-in audio occlusion.
[2020.12.15-21.52.31:938][335]LogAudioMixer: Display: Initializing audio mixer.
[2020.12.15-21.52.31:948][335]LogAudioMixer: Display: 0: FrontLeft
[2020.12.15-21.52.31:948][335]LogAudioMixer: Display: 1: FrontRight
[2020.12.15-21.52.32:008][335]LogAudioMixer: Display: Using Audio Device Speakers (Realtek High Definition Audio)
[2020.12.15-21.52.32:008][335]LogAudioMixer: Display: Initializing Sound Submixes...
[2020.12.15-21.52.32:008][335]LogAudioMixer: Display: Creating Master Submix 'MasterSubmixDefault'
[2020.12.15-21.52.32:008][335]LogAudioMixer: Display: Creating Master Submix 'MasterReverbSubmixDefault'
[2020.12.15-21.52.32:008][335]LogAudioMixer: Display: Creating Master Submix 'MasterEQSubmixDefault'
[2020.12.15-21.52.32:019][335]LogInit: FAudioDevice initialized.
[2020.12.15-21.52.32:024][335]LogLoad: Game class is 'OurGameBase_C'
[2020.12.15-21.52.32:032][335]LogWorld: Bringing World /Game/OurContent/Maps/UEDPIE_0_DefaultMap.DefaultMap up for play (max tick rate 0) at 2020.12.15-14.52.32
[2020.12.15-21.52.32:032][335]LogWorld: Bringing up level for play took: 0.007886
[2020.12.15-21.52.32:032][335]LogOnline: OSS: Creating online subsystem instance for: :Context_11
[2020.12.15-21.52.32:036][335]PIE: Server logged in
[2020.12.15-21.52.32:038][335]PIE: Play in editor total start time 0.162 seconds.
[2020.12.15-21.52.32:423][373]LogAudio: Warning: Detected orphaned looping sound 'Starter_Music01'.
[2020.12.15-21.52.41:445][392]LogSlate: Updating window title bar state: overlay mode, drag disabled, window buttons hidden, title bar hidden
[2020.12.15-21.52.41:445][392]LogWorld: BeginTearingDown for /Game/OurContent/Maps/UEDPIE_0_DefaultMap
[2020.12.15-21.52.41:445][392]LogWorld: UWorld::CleanupWorld for DefaultMap, bSessionEnded=true, bCleanupResources=true
[2020.12.15-21.52.41:447][392]LogSlate: InvalidateAllWidgets triggered.  All widgets were invalidated
[2020.12.15-21.52.41:463][392]LogPlayLevel: Display: Shutting down PIE online subsystems
[2020.12.15-21.52.41:468][392]LogSlate: InvalidateAllWidgets triggered.  All widgets were invalidated
[2020.12.15-21.52.41:490][392]LogSlate: Updating window title bar state: overlay mode, drag disabled, window buttons hidden, title bar hidden
[2020.12.15-21.52.41:510][392]LogAISub: UAISubsystem::~UAISubsystem EnvQueryManager (0000019383339600), frame # 29392
[2020.12.15-21.52.41:510][392]LogAISub: UAISubsystem::~UAISubsystem AIPerceptionSystem (0000019391A71800), frame # 29392
[2020.12.15-21.52.41:513][392]LogUObjectHash: Compacting FUObjectHashTables data took   2.98ms
[2020.12.15-21.52.41:561][393]LogPlayLevel: Display: Destroying online subsystem :Context_11
[2020.12.15-21.52.48:059][ 57]LogEditorViewport: Clicking on Actor (LMB): BP_Train_C (BP_Train)
[2020.12.15-21.52.51:302][365]LogTemp: Repeating last play command: Simulate
[2020.12.15-21.52.51:324][365]LogPlayLevel: PlayLevel: No blueprints needed recompiling
[2020.12.15-21.52.51:325][365]PIE: New page: SIE session: DefaultMap (Dec 15, 2020, 7:52:51 AM)
[2020.12.15-21.52.51:325][365]LogPlayLevel: Creating play world package: /Game/OurContent/Maps/UEDPIE_0_DefaultMap
[2020.12.15-21.52.51:360][365]LogPlayLevel: PIE: StaticDuplicateObject took: (0.034995s)
[2020.12.15-21.52.51:361][365]LogAIModule: Creating AISystem for world DefaultMap
[2020.12.15-21.52.51:361][365]LogAISub: UAISubsystem::UAISubsystem EnvQueryManager (00000193CC97E200), frame # 30365
[2020.12.15-21.52.51:361][365]LogAISub: UAISubsystem::UAISubsystem AIPerceptionSystem (0000019386FC6980), frame # 30365
[2020.12.15-21.52.51:361][365]LogPlayLevel: PIE: World Init took: (0.001318s)
[2020.12.15-21.52.51:361][365]LogPlayLevel: PIE: Created PIE world by copying editor world from /Game/OurContent/Maps/DefaultMap.DefaultMap to /Game/OurContent/Maps/UEDPIE_0_DefaultMap.DefaultMap (0.036454s)
[2020.12.15-21.52.51:387][365]LogUObjectHash: Compacting FUObjectHashTables data took   2.67ms
[2020.12.15-21.52.51:395][365]LogAudioMixer: Display: Audio Mixer Platform Settings:
[2020.12.15-21.52.51:396][365]LogAudioMixer: Display: 	Sample Rate:						  48000
[2020.12.15-21.52.51:396][365]LogAudioMixer: Display: 	Callback Buffer Frame Size Requested: 1024
[2020.12.15-21.52.51:396][365]LogAudioMixer: Display: 	Callback Buffer Frame Size To Use:	  1024
[2020.12.15-21.52.51:396][365]LogAudioMixer: Display: 	Number of buffers to queue:			  2
[2020.12.15-21.52.51:396][365]LogAudioMixer: Display: 	Max Channels (voices):				  32
[2020.12.15-21.52.51:396][365]LogAudioMixer: Display: 	Number of Async Source Workers:		  0
[2020.12.15-21.52.51:396][365]LogAudio: Display: AudioDevice MaxSources: 32
[2020.12.15-21.52.51:396][365]LogAudio: Display: Using built-in audio occlusion.
[2020.12.15-21.52.51:396][365]LogAudioMixer: Display: Initializing audio mixer.
[2020.12.15-21.52.51:406][365]LogAudioMixer: Display: 0: FrontLeft
[2020.12.15-21.52.51:406][365]LogAudioMixer: Display: 1: FrontRight
[2020.12.15-21.52.51:462][365]LogAudioMixer: Display: Using Audio Device Speakers (Realtek High Definition Audio)
[2020.12.15-21.52.51:462][365]LogAudioMixer: Display: Initializing Sound Submixes...
[2020.12.15-21.52.51:462][365]LogAudioMixer: Display: Creating Master Submix 'MasterSubmixDefault'
[2020.12.15-21.52.51:462][365]LogAudioMixer: Display: Creating Master Submix 'MasterReverbSubmixDefault'
[2020.12.15-21.52.51:463][365]LogAudioMixer: Display: Creating Master Submix 'MasterEQSubmixDefault'
[2020.12.15-21.52.51:474][365]LogInit: FAudioDevice initialized.
[2020.12.15-21.52.51:483][365]LogLoad: Game class is 'OurGameBase_C'
[2020.12.15-21.52.51:491][365]LogWorld: Bringing World /Game/OurContent/Maps/UEDPIE_0_DefaultMap.DefaultMap up for play (max tick rate 0) at 2020.12.15-14.52.51
[2020.12.15-21.52.51:492][365]LogWorld: Bringing up level for play took: 0.008023
[2020.12.15-21.52.51:492][365]LogOnline: OSS: Creating online subsystem instance for: :Context_12
[2020.12.15-21.52.51:495][365]PIE: Server logged in
[2020.12.15-21.52.51:496][365]PIE: Play in editor total start time 0.172 seconds.
[2020.12.15-21.52.51:920][408]LogAudio: Warning: Detected orphaned looping sound 'Starter_Music01'.
[2020.12.15-21.52.54:985][772]LogSlate: Updating window title bar state: overlay mode, drag disabled, window buttons hidden, title bar hidden
[2020.12.15-21.52.54:985][772]LogWorld: BeginTearingDown for /Game/OurContent/Maps/UEDPIE_0_DefaultMap
[2020.12.15-21.52.54:986][772]LogWorld: UWorld::CleanupWorld for DefaultMap, bSessionEnded=true, bCleanupResources=true
[2020.12.15-21.52.54:987][772]LogSlate: InvalidateAllWidgets triggered.  All widgets were invalidated
[2020.12.15-21.52.54:995][772]LogPlayLevel: Display: Shutting down PIE online subsystems
[2020.12.15-21.52.55:000][772]LogSlate: InvalidateAllWidgets triggered.  All widgets were invalidated
[2020.12.15-21.52.55:024][772]LogSlate: Updating window title bar state: overlay mode, drag disabled, window buttons hidden, title bar hidden
[2020.12.15-21.52.55:041][772]LogAISub: UAISubsystem::~UAISubsystem AIPerceptionSystem (0000019386FC6980), frame # 30772
[2020.12.15-21.52.55:041][772]LogAISub: UAISubsystem::~UAISubsystem EnvQueryManager (00000193CC97E200), frame # 30772
[2020.12.15-21.52.55:045][772]LogUObjectHash: Compacting FUObjectHashTables data took   3.19ms
[2020.12.15-21.52.55:090][773]LogPlayLevel: Display: Destroying online subsystem :Context_12
[2020.12.15-21.53.04:932][886]LogSlate: Took 0.000183 seconds to synchronously load lazily loaded font '../../../Engine/Content/Slate/Fonts/Roboto-BoldCondensedItalic.ttf' (160K)
[2020.12.15-21.53.14:146][878]BlueprintLog: New page: Compile BP_Train
[2020.12.15-21.53.14:201][878]LogUObjectHash: Compacting FUObjectHashTables data took   4.78ms
[2020.12.15-21.53.14:660][918]Cmd: OBJ SAVEPACKAGE PACKAGE="/Game/OurContent/Blueprints/BP_Train" FILE="../../../../../Unreal Projects/UnrealGame/UnrealGame/UnrealGame/Content/OurContent/Blueprints/BP_Train.uasset" SILENT=true
[2020.12.15-21.53.14:686][918]LogSavePackage: Moving '../../../../../Unreal Projects/UnrealGame/UnrealGame/UnrealGame/Saved/BP_TrainB28825D343D9EAB727F87F95E194DFFA.tmp' to '../../../../../Unreal Projects/UnrealGame/UnrealGame/UnrealGame/Content/OurContent/Blueprints/BP_Train.uasset'
[2020.12.15-21.53.14:698][918]AssetCheck: New page: Asset Save: BP_Train
[2020.12.15-21.53.14:698][918]LogContentValidation: Display: Validating Blueprint /Game/OurContent/Blueprints/BP_Train.BP_Train
[2020.12.15-21.53.16:330][ 87]LogEditorViewport: Clicking on Actor (LMB): BP_Train_C (BP_Train)
[2020.12.15-21.54.02:310][920]LogEditorViewport: Clicking on Actor (LMB): PlayerStart (PlayerStart)
[2020.12.15-21.54.05:413][195]LogNavigationPoint: PostEditMove Clear paths rebuilt
[2020.12.15-21.54.07:212][340]LogEditorViewport: Clicking on Actor (LMB): BP_Train_C (BP_Train)
[2020.12.15-21.54.19:595][569]BlueprintLog: New page: Compile BP_Train
[2020.12.15-21.54.19:655][569]LogUObjectHash: Compacting FUObjectHashTables data took   3.68ms
[2020.12.15-21.54.19:950][589]Cmd: OBJ SAVEPACKAGE PACKAGE="/Game/OurContent/Blueprints/BP_Train" FILE="../../../../../Unreal Projects/UnrealGame/UnrealGame/UnrealGame/Content/OurContent/Blueprints/BP_Train.uasset" SILENT=true
[2020.12.15-21.54.19:976][589]LogSavePackage: Moving '../../../../../Unreal Projects/UnrealGame/UnrealGame/UnrealGame/Saved/BP_Train086AF7DB4416CB757DDF69AF7042589C.tmp' to '../../../../../Unreal Projects/UnrealGame/UnrealGame/UnrealGame/Content/OurContent/Blueprints/BP_Train.uasset'
[2020.12.15-21.54.19:991][589]AssetCheck: New page: Asset Save: BP_Train
[2020.12.15-21.54.19:991][589]LogContentValidation: Display: Validating Blueprint /Game/OurContent/Blueprints/BP_Train.BP_Train
[2020.12.15-21.54.26:490][181]LogEditorViewport: Clicking on Actor (LMB): TriggerBox (TriggerBox)
[2020.12.15-21.54.28:189][338]LogEditorViewport: Clicking on Actor (LMB): BP_Train_C (BP_Train)
[2020.12.15-21.54.38:088][253]LogEditorViewport: Clicking on Actor (LMB): TriggerBox (TriggerBox)
[2020.12.15-21.54.48:823][391]BlueprintLog: New page: Compile BP_Train
[2020.12.15-21.54.48:877][391]LogUObjectHash: Compacting FUObjectHashTables data took   3.41ms
[2020.12.15-21.54.49:158][413]Cmd: OBJ SAVEPACKAGE PACKAGE="/Game/OurContent/Blueprints/BP_Train" FILE="../../../../../Unreal Projects/UnrealGame/UnrealGame/UnrealGame/Content/OurContent/Blueprints/BP_Train.uasset" SILENT=true
[2020.12.15-21.54.49:187][413]LogSavePackage: Moving '../../../../../Unreal Projects/UnrealGame/UnrealGame/UnrealGame/Saved/BP_Train0F899EFA42FBC6E87E6EC392599F3031.tmp' to '../../../../../Unreal Projects/UnrealGame/UnrealGame/UnrealGame/Content/OurContent/Blueprints/BP_Train.uasset'
[2020.12.15-21.54.49:198][413]AssetCheck: New page: Asset Save: BP_Train
[2020.12.15-21.54.49:198][413]LogContentValidation: Display: Validating Blueprint /Game/OurContent/Blueprints/BP_Train.BP_Train
[2020.12.15-21.55.16:026][ 91]LogEditorViewport: Clicking on Actor (LMB): BP_Train_C (BP_Train)
[2020.12.15-21.56.44:362][219]BlueprintLog: New page: Compile BP_Train
[2020.12.15-21.56.44:428][219]LogUObjectHash: Compacting FUObjectHashTables data took   4.35ms
[2020.12.15-21.56.46:212][396]Candidate modules for hot reload:
[2020.12.15-21.56.46:212][396]  UnrealGame
[2020.12.15-21.56.46:212][396]Launching UnrealBuildTool... [E:/Unreal/UE_4.25/Engine/Binaries/DotNET/UnrealBuildTool.exe  -ModuleWithSuffix=UnrealGame,5134 UnrealGameEditor Win64 Development -Project="E:/Unreal Projects/UnrealGame/UnrealGame/UnrealGame/UnrealGame.uproject" "E:/Unreal Projects/UnrealGame/UnrealGame/UnrealGame/UnrealGame.uproject"  -IgnoreJunk]
[2020.12.15-21.56.46:215][396]Warning: Starting HotReload took  0.0s.
[2020.12.15-21.56.54:189][470]CompilerResultsLog: New page: Compilation - Dec 15, 2020, 7:56:54 AM
[2020.12.15-21.56.54:189][470]CompilerResultsLog: Using 'git status' to determine working set for adaptive non-unity build (E:\Unreal Projects\UnrealGame\UnrealGame).
[2020.12.15-21.56.54:189][470]CompilerResultsLog: Parsing headers for UnrealGameEditor
[2020.12.15-21.56.54:189][470]CompilerResultsLog:   Running UnrealHeaderTool "E:\Unreal Projects\UnrealGame\UnrealGame\UnrealGame\UnrealGame.uproject" "E:\Unreal Projects\UnrealGame\UnrealGame\UnrealGame\Intermediate\Build\Win64\UnrealGameEditor\Development\UnrealGameEditor.uhtmanifest" -LogCmds="loginit warning, logexit warning, logdatabase error" -Unattended -WarningsAsErrors -abslog="C:\Users\boste\AppData\Local\UnrealBuildTool\Log_UHT.txt" -installed
[2020.12.15-21.56.54:189][470]CompilerResultsLog: Reflection code generated for UnrealGameEditor in 5.2049373 seconds
[2020.12.15-21.56.54:189][470]CompilerResultsLog: Building UnrealGameEditor...
[2020.12.15-21.56.54:189][470]CompilerResultsLog: Using Visual Studio 2019 14.27.29112 toolchain (C:\Program Files (x86)\Microsoft Visual Studio\2019\Community\VC\Tools\MSVC\14.27.29110) and Windows 10.0.18362.0 SDK (C:\Program Files (x86)\Windows Kits\10).
[2020.12.15-21.56.54:189][470]CompilerResultsLog: Building 6 actions with 12 processes...
[2020.12.15-21.56.54:189][470]CompilerResultsLog:   [1/6] UnrealGame.init.gen.cpp
[2020.12.15-21.56.54:189][470]CompilerResultsLog:   [2/6] MovingPlatform.cpp
[2020.12.15-21.56.54:189][470]CompilerResultsLog:   [3/6] MovingPlatform.gen.cpp
[2020.12.15-21.56.54:189][470]CompilerResultsLog:   [4/6] UE4Editor-UnrealGame-5134.lib
[2020.12.15-21.56.54:189][470]CompilerResultsLog:      Creating library E:\Unreal Projects\UnrealGame\UnrealGame\UnrealGame\Intermediate\Build\Win64\UE4Editor\Development\UnrealGame\UE4Editor-UnrealGame-5134.lib and object E:\Unreal Projects\UnrealGame\UnrealGame\UnrealGame\Intermediate\Build\Win64\UE4Editor\Development\UnrealGame\UE4Editor-UnrealGame-5134.exp
[2020.12.15-21.56.54:189][470]CompilerResultsLog:   [5/6] UE4Editor-UnrealGame-5134.dll
[2020.12.15-21.56.54:189][470]CompilerResultsLog:      Creating library E:\Unreal Projects\UnrealGame\UnrealGame\UnrealGame\Intermediate\Build\Win64\UE4Editor\Development\UnrealGame\UE4Editor-UnrealGame-5134.suppressed.lib and object E:\Unreal Projects\UnrealGame\UnrealGame\UnrealGame\Intermediate\Build\Win64\UE4Editor\Development\UnrealGame\UE4Editor-UnrealGame-5134.suppressed.exp
[2020.12.15-21.56.54:189][470]CompilerResultsLog:   [6/6] UnrealGameEditor.target
[2020.12.15-21.56.54:189][470]CompilerResultsLog: Total time in Parallel executor: 1.64 seconds
[2020.12.15-21.56.54:189][470]CompilerResultsLog: Total execution time: 7.76 seconds
[2020.12.15-21.56.54:189][470]LogMainFrame: MainFrame: Module compiling took 7.980 seconds
[2020.12.15-21.56.54:231][470]LogClass: Could not find existing class MovingPlatform in package /Script/UnrealGame for HotReload, assuming new class
[2020.12.15-21.56.54:235][470]LogHotReload: Re-instancing DashCameraShake after hot-reload.
[2020.12.15-21.56.54:260][470]LogHotReload: Re-instancing MovingPlatform after hot-reload.
[2020.12.15-21.56.54:359][470]LogContentBrowser: Native class hierarchy updated for 'UnrealGame' in 0.0004 seconds. Added 5 classes and 2 folders.
[2020.12.15-21.56.54:367][470]Display: HotReload successful (3 functions remapped  0 scriptstructs remapped)
[2020.12.15-21.56.55:683][470]LogThreadingWindows: Error: Runnable thread PoolThread 37 crashed.
[2020.12.15-21.56.55:683][470]LogWindows: Error: === Critical error: ===
[2020.12.15-21.56.55:683][470]LogWindows: Error: 
[2020.12.15-21.56.55:683][470]LogWindows: Error: Fatal error!
[2020.12.15-21.56.55:683][470]LogWindows: Error: 
[2020.12.15-21.56.55:683][470]LogWindows: Error: Unhandled Exception: EXCEPTION_ACCESS_VIOLATION reading address 0x00000019
[2020.12.15-21.56.55:683][470]LogWindows: Error: 
[2020.12.15-21.56.55:683][470]LogWindows: Error: [Callstack] 0x00007fffa3c00de8 UE4Editor-CoreUObject.dll!UnknownFunction []
[2020.12.15-21.56.55:683][470]LogWindows: Error: [Callstack] 0x00007fffa3cf5a85 UE4Editor-CoreUObject.dll!UnknownFunction []
[2020.12.15-21.56.55:683][470]LogWindows: Error: [Callstack] 0x00007fffa3cf5dc2 UE4Editor-CoreUObject.dll!UnknownFunction []
[2020.12.15-21.56.55:683][470]LogWindows: Error: [Callstack] 0x00007fffa3cf557b UE4Editor-CoreUObject.dll!UnknownFunction []
[2020.12.15-21.56.55:683][470]LogWindows: Error: [Callstack] 0x00007fffa3cf486a UE4Editor-CoreUObject.dll!UnknownFunction []
[2020.12.15-21.56.55:683][470]LogWindows: Error: [Callstack] 0x00007fffa3cf3cfe UE4Editor-CoreUObject.dll!UnknownFunction []
[2020.12.15-21.56.55:683][470]LogWindows: Error: [Callstack] 0x00007fff6b67c39c UE4Editor-HotReload.dll!UnknownFunction []
[2020.12.15-21.56.55:683][470]LogWindows: Error: [Callstack] 0x00007fff6b67c13e UE4Editor-HotReload.dll!UnknownFunction []
[2020.12.15-21.56.55:683][470]LogWindows: Error: [Callstack] 0x00007fffa2eb630d UE4Editor-Core.dll!UnknownFunction []
[2020.12.15-21.56.55:683][470]LogWindows: Error: [Callstack] 0x00007fffa32804db UE4Editor-Core.dll!UnknownFunction []
[2020.12.15-21.56.55:683][470]LogWindows: Error: [Callstack] 0x00007fffa3277eb0 UE4Editor-Core.dll!UnknownFunction []
[2020.12.15-21.56.55:683][470]LogWindows: Error: [Callstack] 0x00007fffe7a47c24 KERNEL32.DLL!UnknownFunction []
[2020.12.15-21.56.55:683][470]LogWindows: Error: [Callstack] 0x00007fffe87ad4d1 ntdll.dll!UnknownFunction []
[2020.12.15-21.56.55:683][470]LogWindows: Error: 
[2020.12.15-21.56.55:683][470]LogWindows: Error: Crash in runnable thread PoolThread 37
[2020.12.15-21.56.55:701][470]LogExit: Executing StaticShutdownAfterError
[2020.12.15-21.56.55:701][470]LogWindows: FPlatformMisc::RequestExit(1)
[2020.12.15-21.56.55:701][470]LogCore: Engine exit requested (reason: Win RequestExit)
[2020.12.15-21.56.55:711][470]Log file closed, 12/15/20 14:56:55
