Log file open, 11/03/20 20:15:29
LogInit: Display: Running engine for game: UnrealGame
LogPlatformFile: Not using cached read wrapper
LogTaskGraph: Started task graph with 5 named threads and 35 total threads with 3 sets of task threads.
LogStats: Stats thread started at 0.855890
LogD3D11RHI: Loaded GFSDK_Aftermath_Lib.x64.dll
LogICUInternationalization: ICU TimeZone Detection - Raw Offset: -7:00, Platform Override: ''
LogPluginManager: Mounting plugin Paper2D
LogPluginManager: Mounting plugin AISupport
LogPluginManager: Mounting plugin LightPropagationVolume
LogPluginManager: Mounting plugin CameraShakePreviewer
LogPluginManager: Mounting plugin ActorLayerUtilities
LogPluginManager: Mounting plugin AnimationSharing
LogPluginManager: Mounting plugin CLionSourceCodeAccess
LogPluginManager: Mounting plugin CodeLiteSourceCodeAccess
LogPluginManager: Mounting plugin GitSourceControl
LogPluginManager: Mounting plugin KDevelopSourceCodeAccess
LogPluginManager: Mounting plugin NullSourceCodeAccess
LogPluginManager: Mounting plugin PerforceSourceControl
LogPluginManager: Mounting plugin PlasticSourceControl
LogPluginManager: Mounting plugin RiderSourceCodeAccess
LogPluginManager: Mounting plugin SubversionSourceControl
LogPluginManager: Mounting plugin UObjectPlugin
LogPluginManager: Mounting plugin VisualStudioCodeSourceCodeAccess
LogPluginManager: Mounting plugin VisualStudioSourceCodeAccess
LogPluginManager: Mounting plugin XCodeSourceCodeAccess
LogPluginManager: Mounting plugin AssetManagerEditor
LogPluginManager: Mounting plugin CryptoKeys
LogPluginManager: Mounting plugin CurveEditorTools
LogPluginManager: Mounting plugin DataValidation
LogPluginManager: Mounting plugin EditorScriptingUtilities
LogPluginManager: Mounting plugin FacialAnimation
LogPluginManager: Mounting plugin GameplayTagsEditor
LogPluginManager: Mounting plugin GeometryMode
LogPluginManager: Mounting plugin MacGraphicsSwitching
LogPluginManager: Mounting plugin MaterialAnalyzer
LogPluginManager: Mounting plugin MobileLauncherProfileWizard
LogPluginManager: Mounting plugin PluginBrowser
LogPluginManager: Mounting plugin SpeedTreeImporter
LogPluginManager: Mounting plugin DatasmithContent
LogPluginManager: Mounting plugin VariantManagerContent
LogPluginManager: Mounting plugin AlembicImporter
LogPluginManager: Mounting plugin AutomationUtils
LogPluginManager: Mounting plugin BackChannel
LogPluginManager: Mounting plugin ChaosCloth
LogPluginManager: Mounting plugin ChaosClothEditor
LogPluginManager: Mounting plugin ChaosEditor
LogPluginManager: Mounting plugin ChaosNiagara
LogPluginManager: Mounting plugin ChaosSolverPlugin
LogPluginManager: Mounting plugin CharacterAI
LogPluginManager: Mounting plugin GeometryCache
LogPluginManager: Mounting plugin GeometryCollectionPlugin
LogPluginManager: Mounting plugin GeometryProcessing
LogPluginManager: Mounting plugin PlanarCut
LogPluginManager: Mounting plugin PlatformCrypto
LogPluginManager: Mounting plugin ProxyLODPlugin
LogPluginManager: Mounting plugin SkeletalReduction
LogPluginManager: Mounting plugin Niagara
LogPluginManager: Mounting plugin MagicLeap
LogPluginManager: Mounting plugin MagicLeapLightEstimation
LogPluginManager: Mounting plugin MagicLeapMedia
LogPluginManager: Mounting plugin MagicLeapPassableWorld
LogPluginManager: Mounting plugin MLSDK
LogPluginManager: Mounting plugin AndroidMedia
LogPluginManager: Mounting plugin AvfMedia
LogPluginManager: Mounting plugin ImgMedia
LogPluginManager: Mounting plugin MediaCompositing
LogPluginManager: Mounting plugin MediaPlayerEditor
LogPluginManager: Mounting plugin WebMMedia
LogPluginManager: Mounting plugin WmfMedia
LogPluginManager: Mounting plugin MeshPainting
LogPluginManager: Mounting plugin TcpMessaging
LogPluginManager: Mounting plugin UdpMessaging
LogPluginManager: Mounting plugin ActorSequence
LogPluginManager: Mounting plugin LevelSequenceEditor
LogPluginManager: Mounting plugin MatineeToLevelSequence
LogPluginManager: Mounting plugin MovieRenderPipeline
LogPluginManager: Mounting plugin TemplateSequence
LogPluginManager: Mounting plugin NetcodeUnitTest
LogPluginManager: Mounting plugin NUTUnrealEngine4
LogPluginManager: Mounting plugin OnlineSubsystemGooglePlay
LogPluginManager: Mounting plugin OnlineSubsystemIOS
LogPluginManager: Mounting plugin OnlineSubsystem
LogPluginManager: Mounting plugin OnlineSubsystemNull
LogPluginManager: Mounting plugin OnlineSubsystemUtils
LogPluginManager: Mounting plugin LauncherChunkInstaller
LogPluginManager: Mounting plugin AndroidDeviceProfileSelector
LogPluginManager: Mounting plugin AndroidMoviePlayer
LogPluginManager: Mounting plugin AndroidPermission
LogPluginManager: Mounting plugin AppleImageUtils
LogPluginManager: Mounting plugin AppleMoviePlayer
LogPluginManager: Mounting plugin ArchVisCharacter
LogPluginManager: Mounting plugin AssetTags
LogPluginManager: Mounting plugin AudioCapture
LogPluginManager: Mounting plugin CableComponent
LogPluginManager: Mounting plugin CustomMeshComponent
LogPluginManager: Mounting plugin EditableMesh
LogPluginManager: Mounting plugin ExampleDeviceProfileSelector
LogPluginManager: Mounting plugin GoogleCloudMessaging
LogPluginManager: Mounting plugin GooglePAD
LogPluginManager: Mounting plugin IOSDeviceProfileSelector
LogPluginManager: Mounting plugin LinuxDeviceProfileSelector
LogPluginManager: Mounting plugin LocationServicesBPLibrary
LogPluginManager: Mounting plugin MobilePatchingUtils
LogPluginManager: Mounting plugin OculusVR
LogPluginManager: Mounting plugin PhysXVehicles
LogPluginManager: Mounting plugin PostSplashScreen
LogPluginManager: Mounting plugin ProceduralMeshComponent
LogPluginManager: Mounting plugin RuntimePhysXCooking
LogPluginManager: Mounting plugin SignificanceManager
LogPluginManager: Mounting plugin SoundFields
LogPluginManager: Mounting plugin SteamVR
LogPluginManager: Mounting plugin Synthesis
LogPluginManager: Mounting plugin WebMMoviePlayer
LogPluginManager: Mounting plugin WindowsMoviePlayer
LogPluginManager: Mounting plugin ScreenshotTools
LogInit: Using libcurl 7.55.1-DEV
LogInit:  - built for x86_64-pc-win32
LogInit:  - supports SSL with OpenSSL/1.1.1
LogInit:  - supports HTTP deflate (compression) using libz 1.2.8
LogInit:  - other features:
LogInit:      CURL_VERSION_SSL
LogInit:      CURL_VERSION_LIBZ
LogInit:      CURL_VERSION_IPV6
LogInit:      CURL_VERSION_ASYNCHDNS
LogInit:      CURL_VERSION_LARGEFILE
LogInit:      CURL_VERSION_IDN
LogInit:  CurlRequestOptions (configurable via config and command line):
LogInit:  - bVerifyPeer = true  - Libcurl will verify peer certificate
LogInit:  - bUseHttpProxy = false  - Libcurl will NOT use HTTP proxy
LogInit:  - bDontReuseConnections = false  - Libcurl will reuse connections
LogInit:  - MaxHostConnections = 16  - Libcurl will limit the number of connections to a host
LogInit:  - LocalHostAddr = Default
LogInit:  - BufferSize = 65536
LogOnline: OSS: Creating online subsystem instance for: NULL
LogInit: WinSock: version 1.1 (2.2), MaxSocks=32767, MaxUdp=65467
LogOnline: OSS: TryLoadSubsystemAndSetDefault: Loaded subsystem for module [NULL]
LogOculusPluginWrapper: OculusPlugin initialized successfully
LogHMD: Failed initializing OVRPlugin 1.44.0
LogInit: Build: ++UE4+Release-4.25-CL-14469661
LogInit: Engine Version: 4.25.4-14469661+++UE4+Release-4.25
LogInit: Compatible Engine Version: 4.25.0-13144385+++UE4+Release-4.25
LogInit: Net CL: 13144385
LogInit: OS: Windows 10 (Release 1903) (), CPU: AMD Ryzen 5 3600 6-Core Processor              , GPU: NVIDIA GeForce GTX 1070 Ti
LogInit: Compiled (64-bit): Oct 11 2020 08:10:49
LogInit: Compiled with Visual C++: 19.24.28315.00
LogInit: Build Configuration: Development
LogInit: Branch Name: ++UE4+Release-4.25
LogInit: Command Line: 
LogInit: Base Directory: E:/Unreal/UE_4.25/Engine/Binaries/Win64/
LogInit: Allocator: TBB
LogInit: Installed Engine Build: 1
LogDevObjectVersion: Number of dev versions registered: 26
LogDevObjectVersion:   Dev-Blueprints (B0D832E4-1F89-4F0D-ACCF-7EB736FD4AA2): 10
LogDevObjectVersion:   Dev-Build (E1C64328-A22C-4D53-A36C-8E866417BD8C): 0
LogDevObjectVersion:   Dev-Core (375EC13C-06E4-48FB-B500-84F0262A717E): 4
LogDevObjectVersion:   Dev-Editor (E4B068ED-F494-42E9-A231-DA0B2E46BB41): 38
LogDevObjectVersion:   Dev-Framework (CFFC743F-43B0-4480-9391-14DF171D2073): 37
LogDevObjectVersion:   Dev-Mobile (B02B49B5-BB20-44E9-A304-32B752E40360): 2
LogDevObjectVersion:   Dev-Networking (A4E4105C-59A1-49B5-A7C5-40C4547EDFEE): 0
LogDevObjectVersion:   Dev-Online (39C831C9-5AE6-47DC-9A44-9C173E1C8E7C): 0
LogDevObjectVersion:   Dev-Physics (78F01B33-EBEA-4F98-B9B4-84EACCB95AA2): 4
LogDevObjectVersion:   Dev-Platform (6631380F-2D4D-43E0-8009-CF276956A95A): 0
LogDevObjectVersion:   Dev-Rendering (12F88B9F-8875-4AFC-A67C-D90C383ABD29): 43
LogDevObjectVersion:   Dev-Sequencer (7B5AE74C-D270-4C10-A958-57980B212A5A): 12
LogDevObjectVersion:   Dev-VR (D7296918-1DD6-4BDD-9DE2-64A83CC13884): 3
LogDevObjectVersion:   Dev-LoadTimes (C2A15278-BFE7-4AFE-6C17-90FF531DF755): 1
LogDevObjectVersion:   Private-Geometry (6EACA3D4-40EC-4CC1-B786-8BED09428FC5): 3
LogDevObjectVersion:   Dev-AnimPhys (29E575DD-E0A3-4627-9D10-D276232CDCEA): 17
LogDevObjectVersion:   Dev-Anim (AF43A65D-7FD3-4947-9873-3E8ED9C1BB05): 7
LogDevObjectVersion:   Dev-ReflectionCapture (6B266CEC-1EC7-4B8F-A30B-E4D90942FC07): 1
LogDevObjectVersion:   Dev-Automation (0DF73D61-A23F-47EA-B727-89E90C41499A): 1
LogDevObjectVersion:   FortniteMain (601D1886-AC64-4F84-AA16-D3DE0DEAC7D6): 31
LogDevObjectVersion:   Dev-Enterprise (9DFFBCD6-494F-0158-E221-12823C92A888): 10
LogDevObjectVersion:   Dev-Niagara (F2AED0AC-9AFE-416F-8664-AA7FFA26D6FC): 1
LogDevObjectVersion:   Dev-Destruction (174F1F0B-B4C6-45A5-B13F-2EE8D0FB917D): 10
LogDevObjectVersion:   Dev-Physics-Ext (35F94A83-E258-406C-A318-09F59610247C): 37
LogDevObjectVersion:   Dev-PhysicsMaterial-Chaos (B68FC16E-8B1B-42E2-B453-215C058844FE): 1
LogDevObjectVersion:   Dev-CineCamera (B2E18506-4273-CFC2-A54E-F4BB758BBA07): 1
LogInit: Presizing for max 25165824 objects, including 0 objects not considered by GC, pre-allocating 0 bytes for permanent pool.
LogConfig: Applying CVar settings from Section [/Script/Engine.StreamingSettings] File [E:/Unreal Projects/UnrealGame/UnrealGame/Saved/Config/Windows/Engine.ini]
LogConfig: Setting CVar [[s.MinBulkDataSizeForAsyncLoading:131072]]
LogConfig: Setting CVar [[s.AsyncLoadingThreadEnabled:0]]
LogConfig: Setting CVar [[s.EventDrivenLoaderEnabled:1]]
LogConfig: Setting CVar [[s.WarnIfTimeLimitExceeded:0]]
LogConfig: Setting CVar [[s.TimeLimitExceededMultiplier:1.5]]
LogConfig: Setting CVar [[s.TimeLimitExceededMinTime:0.005]]
LogConfig: Setting CVar [[s.UseBackgroundLevelStreaming:1]]
LogConfig: Setting CVar [[s.PriorityAsyncLoadingExtraTime:15.0]]
LogConfig: Setting CVar [[s.LevelStreamingActorsUpdateTimeLimit:5.0]]
LogConfig: Setting CVar [[s.PriorityLevelStreamingActorsUpdateExtraTime:5.0]]
LogConfig: Setting CVar [[s.LevelStreamingComponentsRegistrationGranularity:10]]
LogConfig: Setting CVar [[s.UnregisterComponentsTimeLimit:1.0]]
LogConfig: Setting CVar [[s.LevelStreamingComponentsUnregistrationGranularity:5]]
LogConfig: Setting CVar [[s.FlushStreamingOnExit:1]]
LogInit: Object subsystem initialized
LogConfig: Setting CVar [[con.DebugEarlyDefault:1]]
LogConfig: Setting CVar [[r.setres:1280x720]]
[2020.11.04-03.15.32:349][  0]LogConfig: Setting CVar [[r.VSync:0]]
[2020.11.04-03.15.32:349][  0]LogConfig: Setting CVar [[r.RHICmdBypass:0]]
[2020.11.04-03.15.32:349][  0]LogConfig: Applying CVar settings from Section [/Script/Engine.RendererSettings] File [E:/Unreal Projects/UnrealGame/UnrealGame/Saved/Config/Windows/Engine.ini]
[2020.11.04-03.15.32:349][  0]LogConfig: Setting CVar [[r.GPUCrashDebugging:0]]
[2020.11.04-03.15.32:349][  0]LogConfig: Applying CVar settings from Section [/Script/Engine.RendererOverrideSettings] File [E:/Unreal Projects/UnrealGame/UnrealGame/Saved/Config/Windows/Engine.ini]
[2020.11.04-03.15.32:349][  0]LogConfig: Applying CVar settings from Section [/Script/Engine.StreamingSettings] File [E:/Unreal Projects/UnrealGame/UnrealGame/Saved/Config/Windows/Engine.ini]
[2020.11.04-03.15.32:349][  0]LogConfig: Setting CVar [[s.MinBulkDataSizeForAsyncLoading:131072]]
[2020.11.04-03.15.32:349][  0]LogConfig: Setting CVar [[s.AsyncLoadingThreadEnabled:0]]
[2020.11.04-03.15.32:349][  0]LogConfig: Setting CVar [[s.EventDrivenLoaderEnabled:1]]
[2020.11.04-03.15.32:349][  0]LogConfig: Setting CVar [[s.WarnIfTimeLimitExceeded:0]]
[2020.11.04-03.15.32:349][  0]LogConfig: Setting CVar [[s.TimeLimitExceededMultiplier:1.5]]
[2020.11.04-03.15.32:349][  0]LogConfig: Setting CVar [[s.TimeLimitExceededMinTime:0.005]]
[2020.11.04-03.15.32:349][  0]LogConfig: Setting CVar [[s.UseBackgroundLevelStreaming:1]]
[2020.11.04-03.15.32:349][  0]LogConfig: Setting CVar [[s.PriorityAsyncLoadingExtraTime:15.0]]
[2020.11.04-03.15.32:349][  0]LogConfig: Setting CVar [[s.LevelStreamingActorsUpdateTimeLimit:5.0]]
[2020.11.04-03.15.32:349][  0]LogConfig: Setting CVar [[s.PriorityLevelStreamingActorsUpdateExtraTime:5.0]]
[2020.11.04-03.15.32:349][  0]LogConfig: Setting CVar [[s.LevelStreamingComponentsRegistrationGranularity:10]]
[2020.11.04-03.15.32:349][  0]LogConfig: Setting CVar [[s.UnregisterComponentsTimeLimit:1.0]]
[2020.11.04-03.15.32:349][  0]LogConfig: Setting CVar [[s.LevelStreamingComponentsUnregistrationGranularity:5]]
[2020.11.04-03.15.32:349][  0]LogConfig: Setting CVar [[s.FlushStreamingOnExit:1]]
[2020.11.04-03.15.32:349][  0]LogConfig: Applying CVar settings from Section [/Script/Engine.GarbageCollectionSettings] File [E:/Unreal Projects/UnrealGame/UnrealGame/Saved/Config/Windows/Engine.ini]
[2020.11.04-03.15.32:349][  0]LogConfig: Setting CVar [[gc.MaxObjectsNotConsideredByGC:1]]
[2020.11.04-03.15.32:350][  0]LogConfig: Setting CVar [[gc.SizeOfPermanentObjectPool:0]]
[2020.11.04-03.15.32:350][  0]LogConfig: Setting CVar [[gc.FlushStreamingOnGC:0]]
[2020.11.04-03.15.32:350][  0]LogConfig: Setting CVar [[gc.NumRetriesBeforeForcingGC:10]]
[2020.11.04-03.15.32:350][  0]LogConfig: Setting CVar [[gc.AllowParallelGC:1]]
[2020.11.04-03.15.32:350][  0]LogConfig: Setting CVar [[gc.TimeBetweenPurgingPendingKillObjects:61.1]]
[2020.11.04-03.15.32:350][  0]LogConfig: Setting CVar [[gc.MaxObjectsInEditor:25165824]]
[2020.11.04-03.15.32:350][  0]LogConfig: Setting CVar [[gc.IncrementalBeginDestroyEnabled:1]]
[2020.11.04-03.15.32:350][  0]LogConfig: Setting CVar [[gc.CreateGCClusters:1]]
[2020.11.04-03.15.32:350][  0]LogConfig: Setting CVar [[gc.MinGCClusterSize:5]]
[2020.11.04-03.15.32:350][  0]LogConfig: Setting CVar [[gc.ActorClusteringEnabled:0]]
[2020.11.04-03.15.32:350][  0]LogConfig: Setting CVar [[gc.BlueprintClusteringEnabled:0]]
[2020.11.04-03.15.32:350][  0]LogConfig: Setting CVar [[gc.UseDisregardForGCOnDedicatedServers:0]]
[2020.11.04-03.15.32:350][  0]LogConfig: Applying CVar settings from Section [/Script/Engine.NetworkSettings] File [E:/Unreal Projects/UnrealGame/UnrealGame/Saved/Config/Windows/Engine.ini]
[2020.11.04-03.15.32:350][  0]LogConfig: Applying CVar settings from Section [/Script/UnrealEd.CookerSettings] File [E:/Unreal Projects/UnrealGame/UnrealGame/Saved/Config/Windows/Engine.ini]
[2020.11.04-03.15.32:353][  0]LogConfig: Applying CVar settings from Section [ViewDistanceQuality@3] File [E:/Unreal Projects/UnrealGame/UnrealGame/Saved/Config/Windows/Scalability.ini]
[2020.11.04-03.15.32:353][  0]LogConfig: Setting CVar [[r.SkeletalMeshLODBias:0]]
[2020.11.04-03.15.32:353][  0]LogConfig: Setting CVar [[r.ViewDistanceScale:1.0]]
[2020.11.04-03.15.32:353][  0]LogConfig: Applying CVar settings from Section [AntiAliasingQuality@3] File [E:/Unreal Projects/UnrealGame/UnrealGame/Saved/Config/Windows/Scalability.ini]
[2020.11.04-03.15.32:353][  0]LogConfig: Setting CVar [[r.PostProcessAAQuality:4]]
[2020.11.04-03.15.32:353][  0]LogConfig: Applying CVar settings from Section [ShadowQuality@3] File [E:/Unreal Projects/UnrealGame/UnrealGame/Saved/Config/Windows/Scalability.ini]
[2020.11.04-03.15.32:353][  0]LogConfig: Setting CVar [[r.LightFunctionQuality:1]]
[2020.11.04-03.15.32:353][  0]LogConfig: Setting CVar [[r.ShadowQuality:5]]
[2020.11.04-03.15.32:353][  0]LogConfig: Setting CVar [[r.Shadow.CSM.MaxCascades:10]]
[2020.11.04-03.15.32:353][  0]LogConfig: Setting CVar [[r.Shadow.MaxResolution:2048]]
[2020.11.04-03.15.32:353][  0]LogConfig: Setting CVar [[r.Shadow.MaxCSMResolution:2048]]
[2020.11.04-03.15.32:354][  0]LogConfig: Setting CVar [[r.Shadow.RadiusThreshold:0.01]]
[2020.11.04-03.15.32:354][  0]LogConfig: Setting CVar [[r.Shadow.DistanceScale:1.0]]
[2020.11.04-03.15.32:354][  0]LogConfig: Setting CVar [[r.Shadow.CSM.TransitionScale:1.0]]
[2020.11.04-03.15.32:354][  0]LogConfig: Setting CVar [[r.Shadow.PreShadowResolutionFactor:1.0]]
[2020.11.04-03.15.32:354][  0]LogConfig: Setting CVar [[r.DistanceFieldShadowing:1]]
[2020.11.04-03.15.32:354][  0]LogConfig: Setting CVar [[r.DistanceFieldAO:1]]
[2020.11.04-03.15.32:354][  0]LogConfig: Setting CVar [[r.AOQuality:2]]
[2020.11.04-03.15.32:354][  0]LogConfig: Setting CVar [[r.VolumetricFog:1]]
[2020.11.04-03.15.32:354][  0]LogConfig: Setting CVar [[r.VolumetricFog.GridPixelSize:8]]
[2020.11.04-03.15.32:354][  0]LogConfig: Setting CVar [[r.VolumetricFog.GridSizeZ:128]]
[2020.11.04-03.15.32:354][  0]LogConfig: Setting CVar [[r.VolumetricFog.HistoryMissSupersampleCount:4]]
[2020.11.04-03.15.32:354][  0]LogConfig: Setting CVar [[r.LightMaxDrawDistanceScale:1]]
[2020.11.04-03.15.32:354][  0]LogConfig: Setting CVar [[r.CapsuleShadows:1]]
[2020.11.04-03.15.32:354][  0]LogConfig: Applying CVar settings from Section [PostProcessQuality@3] File [E:/Unreal Projects/UnrealGame/UnrealGame/Saved/Config/Windows/Scalability.ini]
[2020.11.04-03.15.32:354][  0]LogConfig: Setting CVar [[r.MotionBlurQuality:4]]
[2020.11.04-03.15.32:354][  0]LogConfig: Setting CVar [[r.AmbientOcclusionMipLevelFactor:0.4]]
[2020.11.04-03.15.32:354][  0]LogConfig: Setting CVar [[r.AmbientOcclusionMaxQuality:100]]
[2020.11.04-03.15.32:354][  0]LogConfig: Setting CVar [[r.AmbientOcclusionLevels:-1]]
[2020.11.04-03.15.32:354][  0]LogConfig: Setting CVar [[r.AmbientOcclusionRadiusScale:1.0]]
[2020.11.04-03.15.32:354][  0]LogConfig: Setting CVar [[r.DepthOfFieldQuality:2]]
[2020.11.04-03.15.32:354][  0]LogConfig: Setting CVar [[r.RenderTargetPoolMin:400]]
[2020.11.04-03.15.32:354][  0]LogConfig: Setting CVar [[r.LensFlareQuality:2]]
[2020.11.04-03.15.32:354][  0]LogConfig: Setting CVar [[r.SceneColorFringeQuality:1]]
[2020.11.04-03.15.32:354][  0]LogConfig: Setting CVar [[r.EyeAdaptationQuality:2]]
[2020.11.04-03.15.32:354][  0]LogConfig: Setting CVar [[r.BloomQuality:5]]
[2020.11.04-03.15.32:354][  0]LogConfig: Setting CVar [[r.FastBlurThreshold:100]]
[2020.11.04-03.15.32:354][  0]LogConfig: Setting CVar [[r.Upscale.Quality:3]]
[2020.11.04-03.15.32:354][  0]LogConfig: Setting CVar [[r.Tonemapper.GrainQuantization:1]]
[2020.11.04-03.15.32:354][  0]LogConfig: Setting CVar [[r.LightShaftQuality:1]]
[2020.11.04-03.15.32:354][  0]LogConfig: Setting CVar [[r.Filter.SizeScale:1]]
[2020.11.04-03.15.32:354][  0]LogConfig: Setting CVar [[r.Tonemapper.Quality:5]]
[2020.11.04-03.15.32:354][  0]LogConfig: Setting CVar [[r.DOF.Gather.AccumulatorQuality:1        ; higher gathering accumulator quality]]
[2020.11.04-03.15.32:354][  0]LogConfig: Setting CVar [[r.DOF.Gather.PostfilterMethod:1          ; Median3x3 postfilering method]]
[2020.11.04-03.15.32:354][  0]LogConfig: Setting CVar [[r.DOF.Gather.EnableBokehSettings:0       ; no bokeh simulation when gathering]]
[2020.11.04-03.15.32:354][  0]LogConfig: Setting CVar [[r.DOF.Gather.RingCount:4                 ; medium number of samples when gathering]]
[2020.11.04-03.15.32:354][  0]LogConfig: Setting CVar [[r.DOF.Scatter.ForegroundCompositing:1    ; additive foreground scattering]]
[2020.11.04-03.15.32:354][  0]LogConfig: Setting CVar [[r.DOF.Scatter.BackgroundCompositing:2    ; additive background scattering]]
[2020.11.04-03.15.32:354][  0]LogConfig: Setting CVar [[r.DOF.Scatter.EnableBokehSettings:1      ; bokeh simulation when scattering]]
[2020.11.04-03.15.32:354][  0]LogConfig: Setting CVar [[r.DOF.Scatter.MaxSpriteRatio:0.1         ; only a maximum of 10% of scattered bokeh]]
[2020.11.04-03.15.32:354][  0]LogConfig: Setting CVar [[r.DOF.Recombine.Quality:1                ; cheap slight out of focus]]
[2020.11.04-03.15.32:354][  0]LogConfig: Setting CVar [[r.DOF.Recombine.EnableBokehSettings:0    ; no bokeh simulation on slight out of focus]]
[2020.11.04-03.15.32:354][  0]LogConfig: Setting CVar [[r.DOF.TemporalAAQuality:1                ; more stable temporal accumulation]]
[2020.11.04-03.15.32:354][  0]LogConfig: Setting CVar [[r.DOF.Kernel.MaxForegroundRadius:0.025]]
[2020.11.04-03.15.32:354][  0]LogConfig: Setting CVar [[r.DOF.Kernel.MaxBackgroundRadius:0.025]]
[2020.11.04-03.15.32:354][  0]LogConfig: Applying CVar settings from Section [TextureQuality@3] File [E:/Unreal Projects/UnrealGame/UnrealGame/Saved/Config/Windows/Scalability.ini]
[2020.11.04-03.15.32:354][  0]LogConfig: Setting CVar [[r.Streaming.MipBias:0]]
[2020.11.04-03.15.32:354][  0]LogConfig: Setting CVar [[r.Streaming.AmortizeCPUToGPUCopy:0]]
[2020.11.04-03.15.32:354][  0]LogConfig: Setting CVar [[r.Streaming.MaxNumTexturesToStreamPerFrame:0]]
[2020.11.04-03.15.32:354][  0]LogConfig: Setting CVar [[r.Streaming.Boost:1]]
[2020.11.04-03.15.32:354][  0]LogConfig: Setting CVar [[r.MaxAnisotropy:8]]
[2020.11.04-03.15.32:354][  0]LogConfig: Setting CVar [[r.VT.MaxAnisotropy:8]]
[2020.11.04-03.15.32:354][  0]LogConfig: Setting CVar [[r.Streaming.LimitPoolSizeToVRAM:0]]
[2020.11.04-03.15.32:354][  0]LogConfig: Setting CVar [[r.Streaming.PoolSize:1000]]
[2020.11.04-03.15.32:354][  0]LogConfig: Setting CVar [[r.Streaming.MaxEffectiveScreenSize:0]]
[2020.11.04-03.15.32:354][  0]LogConfig: Applying CVar settings from Section [EffectsQuality@3] File [E:/Unreal Projects/UnrealGame/UnrealGame/Saved/Config/Windows/Scalability.ini]
[2020.11.04-03.15.32:354][  0]LogConfig: Setting CVar [[r.TranslucencyLightingVolumeDim:64]]
[2020.11.04-03.15.32:354][  0]LogConfig: Setting CVar [[r.RefractionQuality:2]]
[2020.11.04-03.15.32:354][  0]LogConfig: Setting CVar [[r.SSR.Quality:3]]
[2020.11.04-03.15.32:354][  0]LogConfig: Setting CVar [[r.SSR.HalfResSceneColor:0]]
[2020.11.04-03.15.32:354][  0]LogConfig: Setting CVar [[r.SceneColorFormat:4]]
[2020.11.04-03.15.32:354][  0]LogConfig: Setting CVar [[r.DetailMode:2]]
[2020.11.04-03.15.32:354][  0]LogConfig: Setting CVar [[r.TranslucencyVolumeBlur:1]]
[2020.11.04-03.15.32:354][  0]LogConfig: Setting CVar [[r.MaterialQualityLevel:1 ; High quality]]
[2020.11.04-03.15.32:354][  0]LogConfig: Setting CVar [[r.SSS.Scale:1]]
[2020.11.04-03.15.32:354][  0]LogConfig: Setting CVar [[r.SSS.SampleSet:2]]
[2020.11.04-03.15.32:354][  0]LogConfig: Setting CVar [[r.SSS.Quality:1]]
[2020.11.04-03.15.32:354][  0]LogConfig: Setting CVar [[r.SSS.HalfRes:0]]
[2020.11.04-03.15.32:354][  0]LogConfig: Setting CVar [[r.SSGI.Quality:3]]
[2020.11.04-03.15.32:354][  0]LogConfig: Setting CVar [[r.EmitterSpawnRateScale:1.0]]
[2020.11.04-03.15.32:354][  0]LogConfig: Setting CVar [[r.ParticleLightQuality:2]]
[2020.11.04-03.15.32:354][  0]LogConfig: Setting CVar [[r.SkyAtmosphere.AerialPerspectiveLUT.FastApplyOnOpaque:1 ; Always have FastSkyLUT 1 in this case to avoid wrong sky]]
[2020.11.04-03.15.32:354][  0]LogConfig: Setting CVar [[r.SkyAtmosphere.AerialPerspectiveLUT.SampleCountPerSlice:1]]
[2020.11.04-03.15.32:354][  0]LogConfig: Setting CVar [[r.SkyAtmosphere.AerialPerspectiveLUT.DepthResolution:16.0]]
[2020.11.04-03.15.32:354][  0]LogConfig: Setting CVar [[r.SkyAtmosphere.FastSkyLUT:1]]
[2020.11.04-03.15.32:354][  0]LogConfig: Setting CVar [[r.SkyAtmosphere.FastSkyLUT.SampleCountMin:4.0]]
[2020.11.04-03.15.32:354][  0]LogConfig: Setting CVar [[r.SkyAtmosphere.FastSkyLUT.SampleCountMax:32.0]]
[2020.11.04-03.15.32:354][  0]LogConfig: Setting CVar [[r.SkyAtmosphere.SampleCountMin:4.0]]
[2020.11.04-03.15.32:354][  0]LogConfig: Setting CVar [[r.SkyAtmosphere.SampleCountMax:32.0]]
[2020.11.04-03.15.32:354][  0]LogConfig: Setting CVar [[r.SkyAtmosphere.TransmittanceLUT.UseSmallFormat:0]]
[2020.11.04-03.15.32:354][  0]LogConfig: Setting CVar [[r.SkyAtmosphere.TransmittanceLUT.SampleCount:10.0]]
[2020.11.04-03.15.32:354][  0]LogConfig: Setting CVar [[r.SkyAtmosphere.MultiScatteringLUT.SampleCount:15.0]]
[2020.11.04-03.15.32:354][  0]LogConfig: Applying CVar settings from Section [FoliageQuality@3] File [E:/Unreal Projects/UnrealGame/UnrealGame/Saved/Config/Windows/Scalability.ini]
[2020.11.04-03.15.32:354][  0]LogConfig: Setting CVar [[foliage.DensityScale:1.0]]
[2020.11.04-03.15.32:354][  0]LogConfig: Setting CVar [[grass.DensityScale:1.0]]
[2020.11.04-03.15.32:354][  0]LogConfig: Applying CVar settings from Section [ShadingQuality@3] File [E:/Unreal Projects/UnrealGame/UnrealGame/Saved/Config/Windows/Scalability.ini]
[2020.11.04-03.15.32:354][  0]LogConfig: Setting CVar [[r.HairStrands.SkyLighting.SampleCount:16]]
[2020.11.04-03.15.32:354][  0]LogConfig: Setting CVar [[r.HairStrands.SkyLighting.JitterIntegration:0]]
[2020.11.04-03.15.32:354][  0]LogConfig: Setting CVar [[r.HairStrands.SkyAO.SampleCount:16]]
[2020.11.04-03.15.32:354][  0]LogConfig: Setting CVar [[r.HairStrands.DeepShadow.SuperSampling:0]]
[2020.11.04-03.15.32:354][  0]LogConfig: Setting CVar [[r.HairStrands.VisibilityPPLL:0]]
[2020.11.04-03.15.32:354][  0]LogConfig: Setting CVar [[r.HairStrands.RasterizationScale:0.5]]
[2020.11.04-03.15.32:354][  0]LogConfig: Setting CVar [[r.HairStrands.VelocityRasterizationScale:1]]
[2020.11.04-03.15.32:355][  0]LogInit: Selected Device Profile: [Windows]
[2020.11.04-03.15.32:355][  0]LogInit: Applying CVar settings loaded from the selected device profile: [Windows]
[2020.11.04-03.15.32:355][  0]LogHAL: Display: Platform has ~ 16 GB [17103020032 / 17179869184 / 16], which maps to Larger [LargestMinGB=32, LargerMinGB=12, DefaultMinGB=8, SmallerMinGB=6, SmallestMinGB=0)
[2020.11.04-03.15.32:355][  0]LogInit: Going up to parent DeviceProfile []
[2020.11.04-03.15.32:356][  0]LogConfig: Applying CVar settings from Section [ViewDistanceQuality@3] File [E:/Unreal Projects/UnrealGame/UnrealGame/Saved/Config/Windows/Scalability.ini]
[2020.11.04-03.15.32:356][  0]LogConfig: Setting CVar [[r.SkeletalMeshLODBias:0]]
[2020.11.04-03.15.32:356][  0]LogConfig: Setting CVar [[r.ViewDistanceScale:1.0]]
[2020.11.04-03.15.32:356][  0]LogConfig: Applying CVar settings from Section [AntiAliasingQuality@3] File [E:/Unreal Projects/UnrealGame/UnrealGame/Saved/Config/Windows/Scalability.ini]
[2020.11.04-03.15.32:356][  0]LogConfig: Setting CVar [[r.PostProcessAAQuality:4]]
[2020.11.04-03.15.32:356][  0]LogConfig: Applying CVar settings from Section [ShadowQuality@3] File [E:/Unreal Projects/UnrealGame/UnrealGame/Saved/Config/Windows/Scalability.ini]
[2020.11.04-03.15.32:356][  0]LogConfig: Setting CVar [[r.LightFunctionQuality:1]]
[2020.11.04-03.15.32:356][  0]LogConfig: Setting CVar [[r.ShadowQuality:5]]
[2020.11.04-03.15.32:356][  0]LogConfig: Setting CVar [[r.Shadow.CSM.MaxCascades:10]]
[2020.11.04-03.15.32:356][  0]LogConfig: Setting CVar [[r.Shadow.MaxResolution:2048]]
[2020.11.04-03.15.32:356][  0]LogConfig: Setting CVar [[r.Shadow.MaxCSMResolution:2048]]
[2020.11.04-03.15.32:356][  0]LogConfig: Setting CVar [[r.Shadow.RadiusThreshold:0.01]]
[2020.11.04-03.15.32:356][  0]LogConfig: Setting CVar [[r.Shadow.DistanceScale:1.0]]
[2020.11.04-03.15.32:356][  0]LogConfig: Setting CVar [[r.Shadow.CSM.TransitionScale:1.0]]
[2020.11.04-03.15.32:356][  0]LogConfig: Setting CVar [[r.Shadow.PreShadowResolutionFactor:1.0]]
[2020.11.04-03.15.32:356][  0]LogConfig: Setting CVar [[r.DistanceFieldShadowing:1]]
[2020.11.04-03.15.32:356][  0]LogConfig: Setting CVar [[r.DistanceFieldAO:1]]
[2020.11.04-03.15.32:356][  0]LogConfig: Setting CVar [[r.AOQuality:2]]
[2020.11.04-03.15.32:356][  0]LogConfig: Setting CVar [[r.VolumetricFog:1]]
[2020.11.04-03.15.32:356][  0]LogConfig: Setting CVar [[r.VolumetricFog.GridPixelSize:8]]
[2020.11.04-03.15.32:356][  0]LogConfig: Setting CVar [[r.VolumetricFog.GridSizeZ:128]]
[2020.11.04-03.15.32:356][  0]LogConfig: Setting CVar [[r.VolumetricFog.HistoryMissSupersampleCount:4]]
[2020.11.04-03.15.32:356][  0]LogConfig: Setting CVar [[r.LightMaxDrawDistanceScale:1]]
[2020.11.04-03.15.32:356][  0]LogConfig: Setting CVar [[r.CapsuleShadows:1]]
[2020.11.04-03.15.32:356][  0]LogConfig: Applying CVar settings from Section [PostProcessQuality@3] File [E:/Unreal Projects/UnrealGame/UnrealGame/Saved/Config/Windows/Scalability.ini]
[2020.11.04-03.15.32:356][  0]LogConfig: Setting CVar [[r.MotionBlurQuality:4]]
[2020.11.04-03.15.32:356][  0]LogConfig: Setting CVar [[r.AmbientOcclusionMipLevelFactor:0.4]]
[2020.11.04-03.15.32:356][  0]LogConfig: Setting CVar [[r.AmbientOcclusionMaxQuality:100]]
[2020.11.04-03.15.32:356][  0]LogConfig: Setting CVar [[r.AmbientOcclusionLevels:-1]]
[2020.11.04-03.15.32:356][  0]LogConfig: Setting CVar [[r.AmbientOcclusionRadiusScale:1.0]]
[2020.11.04-03.15.32:356][  0]LogConfig: Setting CVar [[r.DepthOfFieldQuality:2]]
[2020.11.04-03.15.32:356][  0]LogConfig: Setting CVar [[r.RenderTargetPoolMin:400]]
[2020.11.04-03.15.32:356][  0]LogConfig: Setting CVar [[r.LensFlareQuality:2]]
[2020.11.04-03.15.32:356][  0]LogConfig: Setting CVar [[r.SceneColorFringeQuality:1]]
[2020.11.04-03.15.32:356][  0]LogConfig: Setting CVar [[r.EyeAdaptationQuality:2]]
[2020.11.04-03.15.32:356][  0]LogConfig: Setting CVar [[r.BloomQuality:5]]
[2020.11.04-03.15.32:356][  0]LogConfig: Setting CVar [[r.FastBlurThreshold:100]]
[2020.11.04-03.15.32:356][  0]LogConfig: Setting CVar [[r.Upscale.Quality:3]]
[2020.11.04-03.15.32:356][  0]LogConfig: Setting CVar [[r.Tonemapper.GrainQuantization:1]]
[2020.11.04-03.15.32:356][  0]LogConfig: Setting CVar [[r.LightShaftQuality:1]]
[2020.11.04-03.15.32:356][  0]LogConfig: Setting CVar [[r.Filter.SizeScale:1]]
[2020.11.04-03.15.32:356][  0]LogConfig: Setting CVar [[r.Tonemapper.Quality:5]]
[2020.11.04-03.15.32:356][  0]LogConfig: Setting CVar [[r.DOF.Gather.AccumulatorQuality:1        ; higher gathering accumulator quality]]
[2020.11.04-03.15.32:356][  0]LogConfig: Setting CVar [[r.DOF.Gather.PostfilterMethod:1          ; Median3x3 postfilering method]]
[2020.11.04-03.15.32:356][  0]LogConfig: Setting CVar [[r.DOF.Gather.EnableBokehSettings:0       ; no bokeh simulation when gathering]]
[2020.11.04-03.15.32:356][  0]LogConfig: Setting CVar [[r.DOF.Gather.RingCount:4                 ; medium number of samples when gathering]]
[2020.11.04-03.15.32:356][  0]LogConfig: Setting CVar [[r.DOF.Scatter.ForegroundCompositing:1    ; additive foreground scattering]]
[2020.11.04-03.15.32:356][  0]LogConfig: Setting CVar [[r.DOF.Scatter.BackgroundCompositing:2    ; additive background scattering]]
[2020.11.04-03.15.32:356][  0]LogConfig: Setting CVar [[r.DOF.Scatter.EnableBokehSettings:1      ; bokeh simulation when scattering]]
[2020.11.04-03.15.32:356][  0]LogConfig: Setting CVar [[r.DOF.Scatter.MaxSpriteRatio:0.1         ; only a maximum of 10% of scattered bokeh]]
[2020.11.04-03.15.32:356][  0]LogConfig: Setting CVar [[r.DOF.Recombine.Quality:1                ; cheap slight out of focus]]
[2020.11.04-03.15.32:356][  0]LogConfig: Setting CVar [[r.DOF.Recombine.EnableBokehSettings:0    ; no bokeh simulation on slight out of focus]]
[2020.11.04-03.15.32:356][  0]LogConfig: Setting CVar [[r.DOF.TemporalAAQuality:1                ; more stable temporal accumulation]]
[2020.11.04-03.15.32:356][  0]LogConfig: Setting CVar [[r.DOF.Kernel.MaxForegroundRadius:0.025]]
[2020.11.04-03.15.32:356][  0]LogConfig: Setting CVar [[r.DOF.Kernel.MaxBackgroundRadius:0.025]]
[2020.11.04-03.15.32:356][  0]LogConfig: Applying CVar settings from Section [TextureQuality@3] File [E:/Unreal Projects/UnrealGame/UnrealGame/Saved/Config/Windows/Scalability.ini]
[2020.11.04-03.15.32:356][  0]LogConfig: Setting CVar [[r.Streaming.MipBias:0]]
[2020.11.04-03.15.32:356][  0]LogConfig: Setting CVar [[r.Streaming.AmortizeCPUToGPUCopy:0]]
[2020.11.04-03.15.32:356][  0]LogConfig: Setting CVar [[r.Streaming.MaxNumTexturesToStreamPerFrame:0]]
[2020.11.04-03.15.32:356][  0]LogConfig: Setting CVar [[r.Streaming.Boost:1]]
[2020.11.04-03.15.32:356][  0]LogConfig: Setting CVar [[r.MaxAnisotropy:8]]
[2020.11.04-03.15.32:356][  0]LogConfig: Setting CVar [[r.VT.MaxAnisotropy:8]]
[2020.11.04-03.15.32:356][  0]LogConfig: Setting CVar [[r.Streaming.LimitPoolSizeToVRAM:0]]
[2020.11.04-03.15.32:356][  0]LogConfig: Setting CVar [[r.Streaming.PoolSize:1000]]
[2020.11.04-03.15.32:356][  0]LogConfig: Setting CVar [[r.Streaming.MaxEffectiveScreenSize:0]]
[2020.11.04-03.15.32:356][  0]LogConfig: Applying CVar settings from Section [EffectsQuality@3] File [E:/Unreal Projects/UnrealGame/UnrealGame/Saved/Config/Windows/Scalability.ini]
[2020.11.04-03.15.32:356][  0]LogConfig: Setting CVar [[r.TranslucencyLightingVolumeDim:64]]
[2020.11.04-03.15.32:356][  0]LogConfig: Setting CVar [[r.RefractionQuality:2]]
[2020.11.04-03.15.32:356][  0]LogConfig: Setting CVar [[r.SSR.Quality:3]]
[2020.11.04-03.15.32:356][  0]LogConfig: Setting CVar [[r.SSR.HalfResSceneColor:0]]
[2020.11.04-03.15.32:356][  0]LogConfig: Setting CVar [[r.SceneColorFormat:4]]
[2020.11.04-03.15.32:356][  0]LogConfig: Setting CVar [[r.DetailMode:2]]
[2020.11.04-03.15.32:356][  0]LogConfig: Setting CVar [[r.TranslucencyVolumeBlur:1]]
[2020.11.04-03.15.32:356][  0]LogConfig: Setting CVar [[r.MaterialQualityLevel:1 ; High quality]]
[2020.11.04-03.15.32:356][  0]LogConfig: Setting CVar [[r.SSS.Scale:1]]
[2020.11.04-03.15.32:356][  0]LogConfig: Setting CVar [[r.SSS.SampleSet:2]]
[2020.11.04-03.15.32:356][  0]LogConfig: Setting CVar [[r.SSS.Quality:1]]
[2020.11.04-03.15.32:356][  0]LogConfig: Setting CVar [[r.SSS.HalfRes:0]]
[2020.11.04-03.15.32:356][  0]LogConfig: Setting CVar [[r.SSGI.Quality:3]]
[2020.11.04-03.15.32:356][  0]LogConfig: Setting CVar [[r.EmitterSpawnRateScale:1.0]]
[2020.11.04-03.15.32:356][  0]LogConfig: Setting CVar [[r.ParticleLightQuality:2]]
[2020.11.04-03.15.32:356][  0]LogConfig: Setting CVar [[r.SkyAtmosphere.AerialPerspectiveLUT.FastApplyOnOpaque:1 ; Always have FastSkyLUT 1 in this case to avoid wrong sky]]
[2020.11.04-03.15.32:356][  0]LogConfig: Setting CVar [[r.SkyAtmosphere.AerialPerspectiveLUT.SampleCountPerSlice:1]]
[2020.11.04-03.15.32:356][  0]LogConfig: Setting CVar [[r.SkyAtmosphere.AerialPerspectiveLUT.DepthResolution:16.0]]
[2020.11.04-03.15.32:356][  0]LogConfig: Setting CVar [[r.SkyAtmosphere.FastSkyLUT:1]]
[2020.11.04-03.15.32:356][  0]LogConfig: Setting CVar [[r.SkyAtmosphere.FastSkyLUT.SampleCountMin:4.0]]
[2020.11.04-03.15.32:356][  0]LogConfig: Setting CVar [[r.SkyAtmosphere.FastSkyLUT.SampleCountMax:32.0]]
[2020.11.04-03.15.32:356][  0]LogConfig: Setting CVar [[r.SkyAtmosphere.SampleCountMin:4.0]]
[2020.11.04-03.15.32:356][  0]LogConfig: Setting CVar [[r.SkyAtmosphere.SampleCountMax:32.0]]
[2020.11.04-03.15.32:356][  0]LogConfig: Setting CVar [[r.SkyAtmosphere.TransmittanceLUT.UseSmallFormat:0]]
[2020.11.04-03.15.32:357][  0]LogConfig: Setting CVar [[r.SkyAtmosphere.TransmittanceLUT.SampleCount:10.0]]
[2020.11.04-03.15.32:357][  0]LogConfig: Setting CVar [[r.SkyAtmosphere.MultiScatteringLUT.SampleCount:15.0]]
[2020.11.04-03.15.32:357][  0]LogConfig: Applying CVar settings from Section [FoliageQuality@3] File [E:/Unreal Projects/UnrealGame/UnrealGame/Saved/Config/Windows/Scalability.ini]
[2020.11.04-03.15.32:357][  0]LogConfig: Setting CVar [[foliage.DensityScale:1.0]]
[2020.11.04-03.15.32:357][  0]LogConfig: Setting CVar [[grass.DensityScale:1.0]]
[2020.11.04-03.15.32:357][  0]LogConfig: Applying CVar settings from Section [ShadingQuality@3] File [E:/Unreal Projects/UnrealGame/UnrealGame/Saved/Config/Windows/Scalability.ini]
[2020.11.04-03.15.32:357][  0]LogConfig: Setting CVar [[r.HairStrands.SkyLighting.SampleCount:16]]
[2020.11.04-03.15.32:357][  0]LogConfig: Setting CVar [[r.HairStrands.SkyLighting.JitterIntegration:0]]
[2020.11.04-03.15.32:357][  0]LogConfig: Setting CVar [[r.HairStrands.SkyAO.SampleCount:16]]
[2020.11.04-03.15.32:357][  0]LogConfig: Setting CVar [[r.HairStrands.DeepShadow.SuperSampling:0]]
[2020.11.04-03.15.32:357][  0]LogConfig: Setting CVar [[r.HairStrands.VisibilityPPLL:0]]
[2020.11.04-03.15.32:357][  0]LogConfig: Setting CVar [[r.HairStrands.RasterizationScale:0.5]]
[2020.11.04-03.15.32:357][  0]LogConfig: Setting CVar [[r.HairStrands.VelocityRasterizationScale:1]]
[2020.11.04-03.15.32:357][  0]LogConfig: Applying CVar settings from Section [Startup] File [../../../Engine/Config/ConsoleVariables.ini]
[2020.11.04-03.15.32:362][  0]LogConfig: Setting CVar [[net.UseAdaptiveNetUpdateFrequency:0]]
[2020.11.04-03.15.32:362][  0]LogConfig: Setting CVar [[p.chaos.AllowCreatePhysxBodies:1]]
[2020.11.04-03.15.32:362][  0]LogConfig: Setting CVar [[fx.SkipVectorVMBackendOptimizations:1]]
[2020.11.04-03.15.32:362][  0]LogConfig: Applying CVar settings from Section [ConsoleVariables] File [E:/Unreal Projects/UnrealGame/UnrealGame/Saved/Config/Windows/Engine.ini]
[2020.11.04-03.15.32:362][  0]LogInit: Computer: DESKTOP-JKG5DN5
[2020.11.04-03.15.32:362][  0]LogInit: User: boste
[2020.11.04-03.15.32:362][  0]LogInit: CPU Page size=4096, Cores=6
[2020.11.04-03.15.32:362][  0]LogInit: High frequency timer resolution =10.000000 MHz
[2020.11.04-03.15.32:362][  0]LogMemory: Memory total: Physical=15.9GB (16GB approx)
[2020.11.04-03.15.32:362][  0]LogMemory: Platform Memory Stats for Windows
[2020.11.04-03.15.32:362][  0]LogMemory: Process Physical Memory: 118.68 MB used, 118.69 MB peak
[2020.11.04-03.15.32:362][  0]LogMemory: Process Virtual Memory: 103.07 MB used, 103.07 MB peak
[2020.11.04-03.15.32:362][  0]LogMemory: Physical Memory: 6744.04 MB used,  9566.68 MB free, 16310.71 MB total
[2020.11.04-03.15.32:362][  0]LogMemory: Virtual Memory: 5208.27 MB used,  134212520.00 MB free, 134217728.00 MB total
[2020.11.04-03.15.32:818][  0]LogWindows: WindowsPlatformFeatures enabled
[2020.11.04-03.15.33:332][  0]LogInit: Physics initialised using underlying interface: PhysX
[2020.11.04-03.15.33:333][  0]LogInit: Using OS detected language (en-US).
[2020.11.04-03.15.33:333][  0]LogInit: Using OS detected locale (en-US).
[2020.11.04-03.15.33:341][  0]LogTextLocalizationManager: No specific localization for 'en-US' exists, so the 'en' localization will be used.
[2020.11.04-03.15.33:638][  0]LogInit: Setting process to per monitor DPI aware
[2020.11.04-03.15.34:027][  0]LogSlate: New Slate User Created.  User Index 0, Is Virtual User: 0
[2020.11.04-03.15.34:027][  0]LogSlate: Slate User Registered.  User Index 0, Is Virtual User: 0
[2020.11.04-03.15.45:709][  0]LogHMD: Failed to initialize OpenVR with code 108
[2020.11.04-03.15.45:709][  0]LogD3D11RHI: D3D11 min allowed feature level: 11_0
[2020.11.04-03.15.45:709][  0]LogD3D11RHI: D3D11 max allowed feature level: 11_0
[2020.11.04-03.15.45:709][  0]LogD3D11RHI: D3D11 adapters:
[2020.11.04-03.15.45:762][  0]LogD3D11RHI:    0. 'NVIDIA GeForce GTX 1070 Ti' (Feature Level 11_0)
[2020.11.04-03.15.45:762][  0]LogD3D11RHI:       8079/0/8155 MB DedicatedVideo/DedicatedSystem/SharedSystem, Outputs:1, VendorId:0x10de
[2020.11.04-03.15.45:764][  0]LogD3D11RHI:    1. 'Microsoft Basic Render Driver' (Feature Level 11_0)
[2020.11.04-03.15.45:764][  0]LogD3D11RHI:       0/0/8155 MB DedicatedVideo/DedicatedSystem/SharedSystem, Outputs:0, VendorId:0x1414
[2020.11.04-03.15.45:764][  0]LogD3D11RHI: Chosen D3D11 Adapter: 0
[2020.11.04-03.15.45:772][  0]LogD3D11RHI: Creating new Direct3DDevice
[2020.11.04-03.15.45:772][  0]LogD3D11RHI:     GPU DeviceId: 0x1b82 (for the marketing name, search the web for "GPU Device Id")
[2020.11.04-03.15.45:772][  0]LogWindows: EnumDisplayDevices:
[2020.11.04-03.15.45:772][  0]LogWindows:    0. 'NVIDIA GeForce GTX 1070 Ti' (P:1 D:1)
[2020.11.04-03.15.45:772][  0]LogWindows:    1. 'NVIDIA GeForce GTX 1070 Ti' (P:0 D:0)
[2020.11.04-03.15.45:773][  0]LogWindows:    2. 'NVIDIA GeForce GTX 1070 Ti' (P:0 D:0)
[2020.11.04-03.15.45:773][  0]LogWindows:    3. 'NVIDIA GeForce GTX 1070 Ti' (P:0 D:0)
[2020.11.04-03.15.45:773][  0]LogWindows: DebugString: FoundDriverCount:4 
[2020.11.04-03.15.45:773][  0]LogD3D11RHI:     Adapter Name: NVIDIA GeForce GTX 1070 Ti
[2020.11.04-03.15.45:773][  0]LogD3D11RHI:   Driver Version: 445.87 (internal:26.21.14.4587, unified:445.87)
[2020.11.04-03.15.45:773][  0]LogD3D11RHI:      Driver Date: 4-3-2020
[2020.11.04-03.15.45:773][  0]LogRHI: Texture pool is 5655 MB (70% of 8079 MB)
[2020.11.04-03.15.45:812][  0]LogD3D11RHI: RHI has support for 64 bit atomics
[2020.11.04-03.15.45:812][  0]LogD3D11RHI: Async texture creation enabled
[2020.11.04-03.15.45:812][  0]LogD3D11RHI: Array index from any shader is supported
[2020.11.04-03.15.45:834][  0]LogD3D11RHI: GPU Timing Frequency: 1000.000000 (Debug: 2 1)
[2020.11.04-03.15.46:846][  0]LogTargetPlatformManager: Display: Loaded TargetPlatform 'AllDesktop'
[2020.11.04-03.15.46:879][  0]LogTargetPlatformManager: Display: Loaded TargetPlatform 'Android'
[2020.11.04-03.15.46:879][  0]LogTargetPlatformManager: Display: Loaded TargetPlatform 'Android_ASTC'
[2020.11.04-03.15.46:879][  0]LogTargetPlatformManager: Display: Loaded TargetPlatform 'Android_DXT'
[2020.11.04-03.15.46:879][  0]LogTargetPlatformManager: Display: Loaded TargetPlatform 'Android_ETC2'
[2020.11.04-03.15.46:879][  0]LogTargetPlatformManager: Display: Loaded TargetPlatform 'AndroidClient'
[2020.11.04-03.15.46:879][  0]LogTargetPlatformManager: Display: Loaded TargetPlatform 'Android_ASTCClient'
[2020.11.04-03.15.46:879][  0]LogTargetPlatformManager: Display: Loaded TargetPlatform 'Android_DXTClient'
[2020.11.04-03.15.46:879][  0]LogTargetPlatformManager: Display: Loaded TargetPlatform 'Android_ETC2Client'
[2020.11.04-03.15.46:879][  0]LogTargetPlatformManager: Display: Loaded TargetPlatform 'Android_Multi'
[2020.11.04-03.15.46:879][  0]LogTargetPlatformManager: Display: Loaded TargetPlatform 'Android_MultiClient'
[2020.11.04-03.15.47:041][  0]LogTargetPlatformManager: Display: Loaded TargetPlatform 'IOSClient'
[2020.11.04-03.15.47:041][  0]LogTargetPlatformManager: Display: Loaded TargetPlatform 'IOS'
[2020.11.04-03.15.47:094][  0]LogTargetPlatformManager: Display: Loaded TargetPlatform 'Linux'
[2020.11.04-03.15.47:114][  0]LogTargetPlatformManager: Display: Loaded TargetPlatform 'LinuxNoEditor'
[2020.11.04-03.15.47:135][  0]LogTargetPlatformManager: Display: Loaded TargetPlatform 'LinuxClient'
[2020.11.04-03.15.47:183][  0]LogTargetPlatformManager: Display: Loaded TargetPlatform 'LinuxServer'
[2020.11.04-03.15.47:257][  0]LogTargetPlatformManager: Display: Loaded TargetPlatform 'LinuxAArch64NoEditor'
[2020.11.04-03.15.47:331][  0]LogTargetPlatformManager: Display: Loaded TargetPlatform 'LinuxAArch64Client'
[2020.11.04-03.15.47:352][  0]LogTargetPlatformManager: Display: Loaded TargetPlatform 'LinuxAArch64Server'
[2020.11.04-03.15.47:391][  0]LogTargetPlatformManager: Display: Loaded TargetPlatform 'Lumin'
[2020.11.04-03.15.47:391][  0]LogTargetPlatformManager: Display: Loaded TargetPlatform 'LuminClient'
[2020.11.04-03.15.47:417][  0]LogTargetPlatformManager: Display: Loaded TargetPlatform 'TVOSClient'
[2020.11.04-03.15.47:417][  0]LogTargetPlatformManager: Display: Loaded TargetPlatform 'TVOS'
[2020.11.04-03.15.47:511][  0]LogTargetPlatformManager: Display: Loaded TargetPlatform 'WindowsNoEditor'
[2020.11.04-03.15.47:617][  0]LogTargetPlatformManager: Display: Loaded TargetPlatform 'Windows'
[2020.11.04-03.15.47:639][  0]LogTargetPlatformManager: Display: Loaded TargetPlatform 'WindowsClient'
[2020.11.04-03.15.47:673][  0]LogTargetPlatformManager: Display: Loaded TargetPlatform 'WindowsServer'
[2020.11.04-03.15.47:673][  0]LogTargetPlatformManager: Display: Building Assets For Windows
[2020.11.04-03.15.47:807][  0]LogAudioDebug: Display: Lib vorbis DLL was dynamically loaded.
[2020.11.04-03.15.48:295][  0]LogShaderCompilers: Guid format shader working directory is -6 characters bigger than the processId version (../../../../../Unreal Projects/UnrealGame/UnrealGame/Intermediate/Shaders/WorkingDirectory/8876/).
[2020.11.04-03.15.48:295][  0]LogShaderCompilers: Cleaned the shader compiler working directory 'C:/Users/boste/AppData/Local/Temp/UnrealShaderWorkingDir/9608B40A46C9A5457D3DCF84BC53E76F/'.
[2020.11.04-03.15.48:295][  0]LogXGEController: Cleaning working directory: C:/Users/boste/AppData/Local/Temp/UnrealXGEWorkingDir/
[2020.11.04-03.15.48:295][  0]LogXGEController: Cannot use XGE Controller as Incredibuild is not installed on this machine.
[2020.11.04-03.15.48:295][  0]LogShaderCompilers: Cannot use XGE Shader Compiler as Incredibuild is not installed on this machine.
[2020.11.04-03.15.48:295][  0]LogShaderCompilers: Display: Using Local Shader Compiler.
[2020.11.04-03.15.52:719][  0]LogDerivedDataCache: Display: Max Cache Size: 512 MB
[2020.11.04-03.15.53:633][  0]LogDerivedDataCache: Loaded boot cache 0.91s 79MB C:/Users/boste/AppData/Local/UnrealEngine/4.25/DerivedDataCache/Boot.ddc.
[2020.11.04-03.15.53:633][  0]LogDerivedDataCache: Display: Loaded Boot cache: C:/Users/boste/AppData/Local/UnrealEngine/4.25/DerivedDataCache/Boot.ddc
[2020.11.04-03.15.53:633][  0]LogDerivedDataCache: FDerivedDataBackendGraph:  Pak pak cache file ../../../../../Unreal Projects/UnrealGame/UnrealGame/DerivedDataCache/DDC.ddp not found, will not use a pak cache.
[2020.11.04-03.15.53:633][  0]LogDerivedDataCache: Unable to find inner node Pak for hierarchical cache Hierarchy.
[2020.11.04-03.15.53:633][  0]LogDerivedDataCache: FDerivedDataBackendGraph:  CompressedPak pak cache file ../../../../../Unreal Projects/UnrealGame/UnrealGame/DerivedDataCache/Compressed.ddp not found, will not use a pak cache.
[2020.11.04-03.15.53:633][  0]LogDerivedDataCache: Unable to find inner node CompressedPak for hierarchical cache Hierarchy.
[2020.11.04-03.15.53:681][  0]LogDerivedDataCache: Display: Pak cache opened for reading ../../../Engine/DerivedDataCache/Compressed.ddp.
[2020.11.04-03.15.53:681][  0]LogDerivedDataCache: FDerivedDataBackendGraph:  EnterprisePak pak cache file ../../../Enterprise/DerivedDataCache/Compressed.ddp not found, will not use a pak cache.
[2020.11.04-03.15.53:681][  0]LogDerivedDataCache: Unable to find inner node EnterprisePak for hierarchical cache Hierarchy.
[2020.11.04-03.15.53:682][  0]LogDerivedDataCache: Using Local data cache path C:/Users/boste/AppData/Local/UnrealEngine/Common/DerivedDataCache: Writable
[2020.11.04-03.15.53:682][  0]LogDerivedDataCache: Shared data cache path not found in *engine.ini, will not use an Shared cache.
[2020.11.04-03.15.53:682][  0]LogDerivedDataCache: Unable to find inner node Shared for hierarchical cache Hierarchy.
[2020.11.04-03.15.53:729][  0]LogSlate: Using FreeType 2.10.0
[2020.11.04-03.15.53:747][  0]LogSlate: SlateFontServices - WITH_FREETYPE: 1, WITH_HARFBUZZ: 1
[2020.11.04-03.15.54:342][  0]LogAssetRegistry: FAssetRegistry took 0.0031 seconds to start up
[2020.11.04-03.15.54:617][  0]LogInit: Selected Device Profile: [Windows]
[2020.11.04-03.15.55:714][  0]LogMeshReduction: Using QuadricMeshReduction for automatic static mesh reduction
[2020.11.04-03.15.55:714][  0]LogMeshReduction: Using SimplygonMeshReduction for automatic skeletal mesh reduction
[2020.11.04-03.15.55:714][  0]LogMeshReduction: Using ProxyLODMeshReduction for automatic mesh merging
[2020.11.04-03.15.55:714][  0]LogMeshReduction: No distributed automatic mesh merging module available
[2020.11.04-03.15.55:714][  0]LogMeshMerging: No distributed automatic mesh merging module available
[2020.11.04-03.15.55:862][  0]LogNetVersion: UnrealGame 1.0.0, NetCL: 13144385, EngineNetVer: 14, GameNetVer: 0 (Checksum: 2606401877)
[2020.11.04-03.16.01:391][  0]LogAISub: UAISubsystem::UAISubsystem AISubsystem (0000027204550CC0), frame # 0
[2020.11.04-03.16.01:391][  0]LogAISub: UAISubsystem::UAISubsystem AIPerceptionSystem (00000272068A3D80), frame # 0
[2020.11.04-03.16.01:394][  0]LogAISub: UAISubsystem::UAISubsystem EnvQueryManager (0000027206901C00), frame # 0
[2020.11.04-03.16.01:462][  0]LogPackageLocalizationCache: Processed 19 localized package path(s) for 1 prioritized culture(s) in 0.043768 seconds
[2020.11.04-03.16.01:468][  0]LogUObjectArray: 15917 objects as part of root set at end of initial load.
[2020.11.04-03.16.01:468][  0]LogUObjectAllocator: 3965568 out of 0 bytes used by permanent object pool.
[2020.11.04-03.16.01:468][  0]LogUObjectArray: CloseDisregardForGC: 0/0 objects in disregard for GC pool
[2020.11.04-03.16.04:104][  0]LogTcpMessaging: Initializing TcpMessaging bridge
[2020.11.04-03.16.04:122][  0]LogUdpMessaging: Initializing bridge on interface 0.0.0.0:0 to multicast group 230.0.0.1:6666.
[2020.11.04-03.16.04:707][  0]SourceControl: Source control is disabled
[2020.11.04-03.16.04:707][  0]SourceControl: Source control is disabled
[2020.11.04-03.16.04:729][  0]SourceControl: Source control is disabled
[2020.11.04-03.16.04:749][  0]SourceControl: Source control is disabled
[2020.11.04-03.16.04:786][  0]SourceControl: Source control is disabled
[2020.11.04-03.16.06:964][  0]LogAndroidPermission: UAndroidPermissionCallbackProxy::GetInstance
[2020.11.04-03.16.07:100][  0]LogAudioCaptureCore: Display: No Audio Capture implementations found. Audio input will be silent.
[2020.11.04-03.16.07:100][  0]LogAudioCaptureCore: Display: No Audio Capture implementations found. Audio input will be silent.
[2020.11.04-03.16.07:345][  0]LogOcInput: OculusInput pre-init called
[2020.11.04-03.16.08:188][  0]LogEngine: Initializing Engine...
[2020.11.04-03.16.08:264][  0]LogHMD: Failed to initialize OpenVR with code 108
[2020.11.04-03.16.08:264][  0]LogMagicLeap: Warning: VR disabled because ZI is not enabled.  To enable, in the editor, Edit -> Project Settings -> Plugins -> Magic Leap Plugin -> Enable Zero Iteration
[2020.11.04-03.16.08:265][  0]LogStats: UGameplayTagsManager::InitializeManager -  0.000 s
[2020.11.04-03.16.08:717][  0]LogInit: Initializing FReadOnlyCVARCache
[2020.11.04-03.16.08:750][  0]LogAIModule: Creating AISystem for world Untitled
[2020.11.04-03.16.08:750][  0]LogAISub: UAISubsystem::UAISubsystem EnvQueryManager (000002720F716600), frame # 0
[2020.11.04-03.16.08:750][  0]LogAISub: UAISubsystem::UAISubsystem AIPerceptionSystem (000002720F73B380), frame # 0
[2020.11.04-03.16.08:770][  0]LogAudioMixer: Display: Audio Mixer Platform Settings:
[2020.11.04-03.16.08:770][  0]LogAudioMixer: Display: 	Sample Rate:						  48000
[2020.11.04-03.16.08:770][  0]LogAudioMixer: Display: 	Callback Buffer Frame Size Requested: 1024
[2020.11.04-03.16.08:770][  0]LogAudioMixer: Display: 	Callback Buffer Frame Size To Use:	  1024
[2020.11.04-03.16.08:770][  0]LogAudioMixer: Display: 	Number of buffers to queue:			  2
[2020.11.04-03.16.08:770][  0]LogAudioMixer: Display: 	Max Channels (voices):				  32
[2020.11.04-03.16.08:770][  0]LogAudioMixer: Display: 	Number of Async Source Workers:		  0
[2020.11.04-03.16.08:770][  0]LogAudio: Display: AudioDevice MaxSources: 32
[2020.11.04-03.16.08:771][  0]LogAudio: Display: Using built-in audio occlusion.
[2020.11.04-03.16.08:771][  0]LogAudioMixer: Display: Initializing audio mixer.
[2020.11.04-03.16.08:858][  0]LogAudioMixer: Display: 0: FrontLeft
[2020.11.04-03.16.08:858][  0]LogAudioMixer: Display: 1: FrontRight
[2020.11.04-03.16.08:858][  0]LogAudioMixer: Display: 2: FrontCenter
[2020.11.04-03.16.08:858][  0]LogAudioMixer: Display: 3: LowFrequency
[2020.11.04-03.16.08:858][  0]LogAudioMixer: Display: 4: BackLeft
[2020.11.04-03.16.08:858][  0]LogAudioMixer: Display: 5: BackRight
[2020.11.04-03.16.08:858][  0]LogAudioMixer: Display: 6: SideLeft
[2020.11.04-03.16.08:858][  0]LogAudioMixer: Display: 7: SideRight
[2020.11.04-03.16.08:941][  0]LogAudioMixer: Display: Using Audio Device Speakers (Realtek High Definition Audio)
[2020.11.04-03.16.08:942][  0]LogAudioMixer: Display: Initializing Sound Submixes...
[2020.11.04-03.16.08:966][  0]LogAudioMixer: Display: Creating Master Submix 'MasterSubmixDefault'
[2020.11.04-03.16.08:966][  0]LogAudioMixer: Display: Creating Master Submix 'MasterReverbSubmixDefault'
[2020.11.04-03.16.08:968][  0]LogAudioMixer: Display: Creating Master Submix 'MasterEQSubmixDefault'
[2020.11.04-03.16.08:969][  0]LogInit: FAudioDevice initialized.
[2020.11.04-03.16.08:969][  0]LogNetVersion: Set ProjectVersion to 1.0.0.0. Version Checksum will be recalculated on next use.
[2020.11.04-03.16.09:137][  0]LogDerivedDataCache: Saved boot cache 0.17s 79MB C:/Users/boste/AppData/Local/UnrealEngine/4.25/DerivedDataCache/Boot.ddc.
[2020.11.04-03.16.09:141][  0]LogInit: Texture streaming: Enabled
[2020.11.04-03.16.09:293][  0]LogEngineSessionManager: EngineSessionManager initialized
[2020.11.04-03.16.09:293][  0]LogEditorSessionSummary: Verbose: Initializing EditorSessionSummaryWriter for editor session tracking
[2020.11.04-03.16.09:295][  0]LogEditorSessionSummary: EditorSessionSummaryWriter initialized
[2020.11.04-03.16.09:389][  0]LogInit: Transaction tracking system initialized
[2020.11.04-03.16.09:526][  0]BlueprintLog: New page: Editor Load
[2020.11.04-03.16.10:057][  0]LocalizationService: Localization service is disabled
[2020.11.04-03.16.11:070][  0]LogCook: Display: Max memory allowance for cook 16384mb min free memory 0mb
[2020.11.04-03.16.11:070][  0]LogCook: Display: Mobile HDR setting 1
[2020.11.04-03.16.12:074][  0]LogFileCache: Scanning file cache for directory 'E:/Unreal Projects/UnrealGame/UnrealGame/Content/' took 0.01s
[2020.11.04-03.16.12:604][  0]SourceControl: Source control is disabled
[2020.11.04-03.16.12:604][  0]LogUnrealEdMisc: Loading editor; pre map load, took 47.307
[2020.11.04-03.16.12:604][  0]Cmd: MAP LOAD FILE="../../../../../Unreal Projects/UnrealGame/UnrealGame/Content/SideScrollerBP/Maps/SideScrollerExampleMap.umap" TEMPLATE=0 SHOWPROGRESS=1 FEATURELEVEL=3
[2020.11.04-03.16.12:605][  0]LightingResults: New page: Lighting Build
[2020.11.04-03.16.12:607][  0]LogWorld: UWorld::CleanupWorld for Untitled, bSessionEnded=true, bCleanupResources=true
[2020.11.04-03.16.12:607][  0]LogSlate: InvalidateAllWidgets triggered.  All widgets were invalidated
[2020.11.04-03.16.12:607][  0]MapCheck: New page: Map Check
[2020.11.04-03.16.12:607][  0]LightingResults: New page: Lighting Build
[2020.11.04-03.16.12:626][  0]LogAISub: UAISubsystem::~UAISubsystem EnvQueryManager (000002720F716600), frame # 0
[2020.11.04-03.16.12:626][  0]LogAISub: UAISubsystem::~UAISubsystem AIPerceptionSystem (000002720F73B380), frame # 0
[2020.11.04-03.16.12:626][  0]LogUObjectHash: Compacting FUObjectHashTables data took   0.69ms
[2020.11.04-03.16.12:891][  0]LogAIModule: Creating AISystem for world SideScrollerExampleMap
[2020.11.04-03.16.12:891][  0]LogAISub: UAISubsystem::UAISubsystem EnvQueryManager (000002720FB43E00), frame # 0
[2020.11.04-03.16.12:891][  0]LogAISub: UAISubsystem::UAISubsystem AIPerceptionSystem (00000272103A16C0), frame # 0
[2020.11.04-03.16.12:911][  0]LogEditorServer: Finished looking for orphan Actors (0.000 secs)
[2020.11.04-03.16.12:924][  0]LogUObjectHash: Compacting FUObjectHashTables data took   0.81ms
[2020.11.04-03.16.12:924][  0]Cmd: MAP CHECKDEP NOCLEARLOG
[2020.11.04-03.16.12:924][  0]MapCheck: Map check complete: 0 Error(s), 0 Warning(s), took 0.2ms to complete.
[2020.11.04-03.16.12:924][  0]LogFileHelpers: Loading map 'SideScrollerExampleMap' took 0.321
[2020.11.04-03.16.12:935][  0]LogUnrealEdMisc: Total Editor Startup Time, took 47.638
[2020.11.04-03.16.13:065][  0]LogSlate: Updating window title bar state: overlay mode, drag disabled, window buttons hidden, title bar hidden
[2020.11.04-03.16.13:072][  0]LogSlate: Updating window title bar state: overlay mode, drag disabled, window buttons hidden, title bar hidden
[2020.11.04-03.16.13:078][  0]LogSlate: Updating window title bar state: overlay mode, drag disabled, window buttons hidden, title bar hidden
[2020.11.04-03.16.13:084][  0]LogSlate: Updating window title bar state: overlay mode, drag disabled, window buttons hidden, title bar hidden
[2020.11.04-03.16.13:104][  0]LogCollectionManager: Loaded 0 collections in 0.000724 seconds
[2020.11.04-03.16.13:126][  0]LogFileCache: Scanning file cache for directory 'E:/Unreal Projects/UnrealGame/UnrealGame/Saved/Collections/' took 0.00s
[2020.11.04-03.16.13:126][  0]LogFileCache: Scanning file cache for directory 'E:/Unreal Projects/UnrealGame/UnrealGame/Content/Developers/boste/Collections/' took 0.00s
[2020.11.04-03.16.13:126][  0]LogFileCache: Scanning file cache for directory 'E:/Unreal Projects/UnrealGame/UnrealGame/Content/Collections/' took 0.00s
[2020.11.04-03.16.13:126][  0]LogContentBrowser: Native class hierarchy populated in 0.0101 seconds. Added 3428 classes and 823 folders.
[2020.11.04-03.16.13:130][  0]LogContentBrowser: Native class hierarchy updated for 'WidgetCarousel' in 0.0003 seconds. Added 0 classes and 0 folders.
[2020.11.04-03.16.13:622][  0]LogContentBrowser: Native class hierarchy updated for 'AddContentDialog' in 0.0004 seconds. Added 0 classes and 0 folders.
[2020.11.04-03.16.13:625][  0]LogContentBrowser: Native class hierarchy updated for 'SceneOutliner' in 0.0002 seconds. Added 2 classes and 0 folders.
[2020.11.04-03.16.13:748][  0]LogSlate: Took 0.005191 seconds to synchronously load lazily loaded font '../../../Engine/Content/Slate/Fonts/Roboto-Regular.ttf' (155K)
[2020.11.04-03.16.13:753][  0]LogSlate: Took 0.004067 seconds to synchronously load lazily loaded font '../../../Engine/Content/Slate/Fonts/Roboto-Bold.ttf' (160K)
[2020.11.04-03.16.13:762][  0]LogSlate: Took 0.004957 seconds to synchronously load lazily loaded font '../../../Engine/Content/Editor/Slate/Fonts/FontAwesome.ttf' (139K)
[2020.11.04-03.16.13:832][  0]LogRenderer: Reallocating scene render targets to support 1208x572 Format 10 NumSamples 1 (Frame:1).
[2020.11.04-03.16.13:920][  0]LogContentBrowser: Native class hierarchy updated for 'HierarchicalLODOutliner' in 0.0003 seconds. Added 0 classes and 0 folders.
[2020.11.04-03.16.13:920][  0]LogLoad: (Engine Initialization) Total time: 48.62 seconds
[2020.11.04-03.16.13:920][  0]LogLoad: (Engine Initialization) Total Blueprint compile time: 0.00 seconds
[2020.11.04-03.16.13:959][  0]LogAssetRegistry: Asset discovery search completed in 19.6189 seconds
[2020.11.04-03.16.13:962][  0]LogCollectionManager: Fixed up redirectors for 0 collections in 0.000002 seconds (updated 0 objects)
[2020.11.04-03.16.13:965][  0]LogContentStreaming: Texture pool size now 1000 MB
[2020.11.04-03.16.13:995][  0]LogSlate: Took 0.005947 seconds to synchronously load lazily loaded font '../../../Engine/Content/Slate/Fonts/Roboto-Light.ttf' (167K)
[2020.11.04-03.17.22:082][755]LogSlate: Took 0.000157 seconds to synchronously load lazily loaded font '../../../Engine/Content/Slate/Fonts/Roboto-Light.ttf' (167K)
[2020.11.04-03.17.22:099][755]LogAssetEditorSubsystem: Opening Asset editor for Class /Script/UnrealGame.MainPlayer
[2020.11.04-03.20.48:788][310]LogHotReload: New module detected: UE4Editor-UnrealGame-0011.dll
[2020.11.04-03.20.50:469][316]LogHotReload: Starting Hot-Reload from IDE
[2020.11.04-03.20.50:515][316]LogContentBrowser: Native class hierarchy updated for 'UnrealGame' in 0.0004 seconds. Added 1 classes and 2 folders.
[2020.11.04-03.20.50:516][316]Display: HotReload successful (0 functions remapped  0 scriptstructs remapped)
[2020.11.04-03.20.50:561][316]LogContentBrowser: Native class hierarchy populated in 0.0108 seconds. Added 3428 classes and 823 folders.
[2020.11.04-03.20.50:566][316]Display: HotReload took  0.1s.
[2020.11.04-03.23.26:195][ 22]LogSlate: Window 'Project Settings' being destroyed
[2020.11.04-03.23.26:200][ 22]LogSlate: Window 'Project Settings' being destroyed
[2020.11.04-03.23.34:239][938]LogAssetEditorSubsystem: Opening Asset editor for Blueprint /Game/SideScrollerBP/Blueprints/BP_Character.BP_Character
[2020.11.04-03.23.34:774][938]LogContentBrowser: Native class hierarchy updated for 'BlueprintGraph' in 0.0006 seconds. Added 125 classes and 0 folders.
[2020.11.04-03.23.37:445][122]LogSlate: Window 'BP_Character' being destroyed
[2020.11.04-03.23.37:451][122]LogWorld: UWorld::CleanupWorld for World_1, bSessionEnded=true, bCleanupResources=true
[2020.11.04-03.23.37:451][122]LogSlate: InvalidateAllWidgets triggered.  All widgets were invalidated
[2020.11.04-03.23.37:506][122]LogAssetEditorSubsystem: Opening Asset editor for Blueprint /Game/SideScrollerBP/Blueprints/BP_Character.BP_Character
[2020.11.04-03.23.37:881][122]LogSlate: Took 0.005123 seconds to synchronously load lazily loaded font '../../../Engine/Content/Slate/Fonts/Roboto-BoldCondensed.ttf' (158K)
[2020.11.04-03.23.47:491][567]LogSlate: Took 0.005838 seconds to synchronously load lazily loaded font '../../../Engine/Content/Slate/Fonts/Roboto-Italic.ttf' (157K)
[2020.11.04-03.32.59:555][776]LogHotReload: New module detected: UE4Editor-UnrealGame-0012.dll
[2020.11.04-03.33.00:407][800]LogHotReload: Starting Hot-Reload from IDE
[2020.11.04-03.33.00:478][800]LogContentBrowser: Native class hierarchy updated for 'UnrealGame' in 0.0004 seconds. Added 1 classes and 2 folders.
[2020.11.04-03.33.00:481][800]Display: HotReload successful (0 functions remapped  0 scriptstructs remapped)
[2020.11.04-03.33.00:549][800]LogContentBrowser: Native class hierarchy populated in 0.0093 seconds. Added 3428 classes and 823 folders.
[2020.11.04-03.33.00:551][800]Display: HotReload took  0.1s.
[2020.11.04-03.33.01:932][892]LogSlate: Window 'BP_Character' being destroyed
[2020.11.04-03.33.01:937][892]LogSlate: Window 'BP_Character' being destroyed
[2020.11.04-03.33.01:954][892]LogWorld: UWorld::CleanupWorld for World_4, bSessionEnded=true, bCleanupResources=true
[2020.11.04-03.33.01:954][892]LogSlate: InvalidateAllWidgets triggered.  All widgets were invalidated
[2020.11.04-03.34.37:719][388]LogHotReload: New module detected: UE4Editor-UnrealGame-0013.dll
[2020.11.04-03.34.38:408][391]LogHotReload: Starting Hot-Reload from IDE
[2020.11.04-03.34.38:477][391]LogContentBrowser: Native class hierarchy updated for 'UnrealGame' in 0.0004 seconds. Added 1 classes and 2 folders.
[2020.11.04-03.34.38:482][391]Display: HotReload successful (0 functions remapped  0 scriptstructs remapped)
[2020.11.04-03.34.38:563][391]LogContentBrowser: Native class hierarchy populated in 0.0094 seconds. Added 3428 classes and 823 folders.
[2020.11.04-03.34.38:565][391]Display: HotReload took  0.2s.
[2020.11.04-03.34.55:761][230]LogSlate: Window 'Project Settings' being destroyed
[2020.11.04-03.34.55:763][230]LogSlate: Window 'Project Settings' being destroyed
[2020.11.04-03.34.56:634][329]LogTemp: Repeating last play command: Selected Viewport
[2020.11.04-03.34.56:652][329]LogPlayLevel: PlayLevel: No blueprints needed recompiling
[2020.11.04-03.34.56:654][329]PIE: New page: PIE session: SideScrollerExampleMap (Nov 3, 2020, 1:34:56 PM)
[2020.11.04-03.34.56:657][329]LogOnline: OSS: Creating online subsystem instance for: NULL
[2020.11.04-03.34.56:658][329]LogOnline: OSS: TryLoadSubsystemAndSetDefault: Loaded subsystem for module [NULL]
[2020.11.04-03.34.56:659][329]LogPlayLevel: Creating play world package: /Game/SideScrollerBP/Maps/UEDPIE_0_SideScrollerExampleMap
[2020.11.04-03.34.56:674][329]LogPlayLevel: PIE: StaticDuplicateObject took: (0.014905s)
[2020.11.04-03.34.56:675][329]LogAIModule: Creating AISystem for world SideScrollerExampleMap
[2020.11.04-03.34.56:675][329]LogAISub: UAISubsystem::UAISubsystem EnvQueryManager (000002724051F200), frame # 19329
[2020.11.04-03.34.56:675][329]LogAISub: UAISubsystem::UAISubsystem AIPerceptionSystem (0000027297C674C0), frame # 19329
[2020.11.04-03.34.56:676][329]LogPlayLevel: PIE: World Init took: (0.001770s)
[2020.11.04-03.34.56:676][329]LogPlayLevel: PIE: Created PIE world by copying editor world from /Game/SideScrollerBP/Maps/SideScrollerExampleMap.SideScrollerExampleMap to /Game/SideScrollerBP/Maps/UEDPIE_0_SideScrollerExampleMap.SideScrollerExampleMap (0.016894s)
[2020.11.04-03.34.56:792][329]LogUObjectHash: Compacting FUObjectHashTables data took   3.69ms
[2020.11.04-03.34.56:796][329]LogAudioMixer: Display: Audio Mixer Platform Settings:
[2020.11.04-03.34.56:796][329]LogAudioMixer: Display: 	Sample Rate:						  48000
[2020.11.04-03.34.56:796][329]LogAudioMixer: Display: 	Callback Buffer Frame Size Requested: 1024
[2020.11.04-03.34.56:796][329]LogAudioMixer: Display: 	Callback Buffer Frame Size To Use:	  1024
[2020.11.04-03.34.56:796][329]LogAudioMixer: Display: 	Number of buffers to queue:			  2
[2020.11.04-03.34.56:796][329]LogAudioMixer: Display: 	Max Channels (voices):				  32
[2020.11.04-03.34.56:796][329]LogAudioMixer: Display: 	Number of Async Source Workers:		  0
[2020.11.04-03.34.56:796][329]LogAudio: Display: AudioDevice MaxSources: 32
[2020.11.04-03.34.56:797][329]LogAudio: Display: Using built-in audio occlusion.
[2020.11.04-03.34.56:797][329]LogAudioMixer: Display: Initializing audio mixer.
[2020.11.04-03.34.56:811][329]LogAudioMixer: Display: 0: FrontLeft
[2020.11.04-03.34.56:811][329]LogAudioMixer: Display: 1: FrontRight
[2020.11.04-03.34.56:811][329]LogAudioMixer: Display: 2: FrontCenter
[2020.11.04-03.34.56:811][329]LogAudioMixer: Display: 3: LowFrequency
[2020.11.04-03.34.56:811][329]LogAudioMixer: Display: 4: BackLeft
[2020.11.04-03.34.56:811][329]LogAudioMixer: Display: 5: BackRight
[2020.11.04-03.34.56:811][329]LogAudioMixer: Display: 6: SideLeft
[2020.11.04-03.34.56:811][329]LogAudioMixer: Display: 7: SideRight
[2020.11.04-03.34.56:874][329]LogAudioMixer: Display: Using Audio Device Speakers (Realtek High Definition Audio)
[2020.11.04-03.34.56:875][329]LogAudioMixer: Display: Initializing Sound Submixes...
[2020.11.04-03.34.56:875][329]LogAudioMixer: Display: Creating Master Submix 'MasterSubmixDefault'
[2020.11.04-03.34.56:875][329]LogAudioMixer: Display: Creating Master Submix 'MasterReverbSubmixDefault'
[2020.11.04-03.34.56:875][329]LogAudioMixer: Display: Creating Master Submix 'MasterEQSubmixDefault'
[2020.11.04-03.34.56:888][329]LogInit: FAudioDevice initialized.
[2020.11.04-03.34.56:894][329]LogLoad: Game class is 'SideScrollerGameMode_C'
[2020.11.04-03.34.56:898][329]LogWorld: Bringing World /Game/SideScrollerBP/Maps/UEDPIE_0_SideScrollerExampleMap.SideScrollerExampleMap up for play (max tick rate 0) at 2020.11.03-20.34.56
[2020.11.04-03.34.56:899][329]LogWorld: Bringing up level for play took: 0.001289
[2020.11.04-03.34.56:899][329]LogOnline: OSS: Creating online subsystem instance for: :Context_6
[2020.11.04-03.34.56:919][329]LogContentBrowser: Native class hierarchy updated for 'MovieSceneCapture' in 0.0004 seconds. Added 20 classes and 0 folders.
[2020.11.04-03.34.56:924][329]PIE: Server logged in
[2020.11.04-03.34.56:925][329]PIE: Play in editor total start time 0.278 seconds.
[2020.11.04-03.35.07:494][560]LogSlate: Updating window title bar state: overlay mode, drag disabled, window buttons hidden, title bar hidden
[2020.11.04-03.35.07:494][560]LogWorld: BeginTearingDown for /Game/SideScrollerBP/Maps/UEDPIE_0_SideScrollerExampleMap
[2020.11.04-03.35.07:494][560]LogWorld: UWorld::CleanupWorld for SideScrollerExampleMap, bSessionEnded=true, bCleanupResources=true
[2020.11.04-03.35.07:494][560]LogSlate: InvalidateAllWidgets triggered.  All widgets were invalidated
[2020.11.04-03.35.07:499][560]LogPlayLevel: Display: Shutting down PIE online subsystems
[2020.11.04-03.35.07:504][560]LogSlate: InvalidateAllWidgets triggered.  All widgets were invalidated
[2020.11.04-03.35.07:562][560]LogSlate: Updating window title bar state: overlay mode, drag disabled, window buttons hidden, title bar hidden
[2020.11.04-03.35.07:583][560]LogAISub: UAISubsystem::~UAISubsystem EnvQueryManager (000002724051F200), frame # 20560
[2020.11.04-03.35.07:583][560]LogAISub: UAISubsystem::~UAISubsystem AIPerceptionSystem (0000027297C674C0), frame # 20560
[2020.11.04-03.35.07:641][560]LogUObjectHash: Compacting FUObjectHashTables data took   4.17ms
[2020.11.04-03.35.07:670][561]LogPlayLevel: Display: Destroying online subsystem :Context_6
[2020.11.04-03.35.51:764][520]LogHotReload: New module detected: UE4Editor-UnrealGame-0014.dll
[2020.11.04-03.35.52:133][523]LogHotReload: Starting Hot-Reload from IDE
[2020.11.04-03.35.52:170][523]LogContentBrowser: Native class hierarchy updated for 'UnrealGame' in 0.0005 seconds. Added 1 classes and 2 folders.
[2020.11.04-03.35.52:174][523]Display: HotReload successful (0 functions remapped  0 scriptstructs remapped)
[2020.11.04-03.35.52:252][523]LogContentBrowser: Native class hierarchy populated in 0.0106 seconds. Added 3428 classes and 823 folders.
[2020.11.04-03.35.52:255][523]Display: HotReload took  0.1s.
[2020.11.04-03.35.54:376][716]LogTemp: Repeating last play command: Selected Viewport
[2020.11.04-03.35.54:393][716]LogPlayLevel: PlayLevel: No blueprints needed recompiling
[2020.11.04-03.35.54:393][716]PIE: New page: PIE session: SideScrollerExampleMap (Nov 3, 2020, 1:35:54 PM)
[2020.11.04-03.35.54:443][716]LogPlayLevel: Creating play world package: /Game/SideScrollerBP/Maps/UEDPIE_0_SideScrollerExampleMap
[2020.11.04-03.35.54:450][716]LogPlayLevel: PIE: StaticDuplicateObject took: (0.007636s)
[2020.11.04-03.35.54:451][716]LogAIModule: Creating AISystem for world SideScrollerExampleMap
[2020.11.04-03.35.54:451][716]LogAISub: UAISubsystem::UAISubsystem EnvQueryManager (000002729B5DFE00), frame # 23716
[2020.11.04-03.35.54:452][716]LogAISub: UAISubsystem::UAISubsystem AIPerceptionSystem (000002729B5EBB00), frame # 23716
[2020.11.04-03.35.54:452][716]LogPlayLevel: PIE: World Init took: (0.001620s)
[2020.11.04-03.35.54:452][716]LogPlayLevel: PIE: Created PIE world by copying editor world from /Game/SideScrollerBP/Maps/SideScrollerExampleMap.SideScrollerExampleMap to /Game/SideScrollerBP/Maps/UEDPIE_0_SideScrollerExampleMap.SideScrollerExampleMap (0.009461s)
[2020.11.04-03.35.54:532][716]LogUObjectHash: Compacting FUObjectHashTables data took   2.72ms
[2020.11.04-03.35.54:534][716]LogAudioMixer: Display: Audio Mixer Platform Settings:
[2020.11.04-03.35.54:534][716]LogAudioMixer: Display: 	Sample Rate:						  48000
[2020.11.04-03.35.54:534][716]LogAudioMixer: Display: 	Callback Buffer Frame Size Requested: 1024
[2020.11.04-03.35.54:534][716]LogAudioMixer: Display: 	Callback Buffer Frame Size To Use:	  1024
[2020.11.04-03.35.54:534][716]LogAudioMixer: Display: 	Number of buffers to queue:			  2
[2020.11.04-03.35.54:534][716]LogAudioMixer: Display: 	Max Channels (voices):				  32
[2020.11.04-03.35.54:534][716]LogAudioMixer: Display: 	Number of Async Source Workers:		  0
[2020.11.04-03.35.54:534][716]LogAudio: Display: AudioDevice MaxSources: 32
[2020.11.04-03.35.54:535][716]LogAudio: Display: Using built-in audio occlusion.
[2020.11.04-03.35.54:535][716]LogAudioMixer: Display: Initializing audio mixer.
[2020.11.04-03.35.54:548][716]LogAudioMixer: Display: 0: FrontLeft
[2020.11.04-03.35.54:548][716]LogAudioMixer: Display: 1: FrontRight
[2020.11.04-03.35.54:548][716]LogAudioMixer: Display: 2: FrontCenter
[2020.11.04-03.35.54:548][716]LogAudioMixer: Display: 3: LowFrequency
[2020.11.04-03.35.54:548][716]LogAudioMixer: Display: 4: BackLeft
[2020.11.04-03.35.54:548][716]LogAudioMixer: Display: 5: BackRight
[2020.11.04-03.35.54:548][716]LogAudioMixer: Display: 6: SideLeft
[2020.11.04-03.35.54:548][716]LogAudioMixer: Display: 7: SideRight
[2020.11.04-03.35.54:606][716]LogAudioMixer: Display: Using Audio Device Speakers (Realtek High Definition Audio)
[2020.11.04-03.35.54:606][716]LogAudioMixer: Display: Initializing Sound Submixes...
[2020.11.04-03.35.54:606][716]LogAudioMixer: Display: Creating Master Submix 'MasterSubmixDefault'
[2020.11.04-03.35.54:606][716]LogAudioMixer: Display: Creating Master Submix 'MasterReverbSubmixDefault'
[2020.11.04-03.35.54:607][716]LogAudioMixer: Display: Creating Master Submix 'MasterEQSubmixDefault'
[2020.11.04-03.35.54:619][716]LogInit: FAudioDevice initialized.
[2020.11.04-03.35.54:627][716]LogLoad: Game class is 'SideScrollerGameMode_C'
[2020.11.04-03.35.54:628][716]LogWorld: Bringing World /Game/SideScrollerBP/Maps/UEDPIE_0_SideScrollerExampleMap.SideScrollerExampleMap up for play (max tick rate 0) at 2020.11.03-20.35.54
[2020.11.04-03.35.54:628][716]LogWorld: Bringing up level for play took: 0.000741
[2020.11.04-03.35.54:628][716]LogOnline: OSS: Creating online subsystem instance for: :Context_7
[2020.11.04-03.35.54:630][716]PIE: Server logged in
[2020.11.04-03.35.54:631][716]PIE: Play in editor total start time 0.241 seconds.
[2020.11.04-03.36.11:453][730]LogSlate: Updating window title bar state: overlay mode, drag disabled, window buttons hidden, title bar hidden
[2020.11.04-03.36.11:453][730]LogWorld: BeginTearingDown for /Game/SideScrollerBP/Maps/UEDPIE_0_SideScrollerExampleMap
[2020.11.04-03.36.11:453][730]LogWorld: UWorld::CleanupWorld for SideScrollerExampleMap, bSessionEnded=true, bCleanupResources=true
[2020.11.04-03.36.11:453][730]LogSlate: InvalidateAllWidgets triggered.  All widgets were invalidated
[2020.11.04-03.36.11:460][730]LogPlayLevel: Display: Shutting down PIE online subsystems
[2020.11.04-03.36.11:463][730]LogSlate: InvalidateAllWidgets triggered.  All widgets were invalidated
[2020.11.04-03.36.11:497][730]LogSlate: Updating window title bar state: overlay mode, drag disabled, window buttons hidden, title bar hidden
[2020.11.04-03.36.11:514][730]LogAISub: UAISubsystem::~UAISubsystem AIPerceptionSystem (000002729B5EBB00), frame # 25730
[2020.11.04-03.36.11:514][730]LogAISub: UAISubsystem::~UAISubsystem EnvQueryManager (000002729B5DFE00), frame # 25730
[2020.11.04-03.36.11:516][730]LogUObjectHash: Compacting FUObjectHashTables data took   2.01ms
[2020.11.04-03.36.11:547][731]LogPlayLevel: Display: Destroying online subsystem :Context_7
[2020.11.04-03.36.14:549][ 65]LogAssetEditorSubsystem: Opening Asset editor for Blueprint /Game/SideScrollerBP/Blueprints/Default_Dont_Use.Default_Dont_Use
[2020.11.04-03.36.31:523][947]LogSlate: Window 'Default_Dont_Use' being destroyed
[2020.11.04-03.36.31:527][947]LogSlate: Window 'Default_Dont_Use' being destroyed
[2020.11.04-03.36.31:562][947]LogWorld: UWorld::CleanupWorld for World_5, bSessionEnded=true, bCleanupResources=true
[2020.11.04-03.36.31:562][947]LogSlate: InvalidateAllWidgets triggered.  All widgets were invalidated
[2020.11.04-03.36.38:272][154]LogAssetEditorSubsystem: Opening Asset editor for Blueprint /Game/SideScrollerBP/Blueprints/Default_Dont_Use.Default_Dont_Use
[2020.11.04-03.38.37:522][919]LogSlate: Window 'Default_Dont_Use' being destroyed
[2020.11.04-03.38.37:524][919]LogSlate: Window 'Default_Dont_Use' being destroyed
[2020.11.04-03.38.37:543][919]LogWorld: UWorld::CleanupWorld for World_7, bSessionEnded=true, bCleanupResources=true
[2020.11.04-03.38.37:543][919]LogSlate: InvalidateAllWidgets triggered.  All widgets were invalidated
[2020.11.04-03.39.46:608][124]LogSlate: Window 'Project Settings' being destroyed
[2020.11.04-03.39.46:610][124]LogSlate: Window 'Project Settings' being destroyed
[2020.11.04-03.39.47:944][187]LogAssetEditorSubsystem: Opening Asset editor for Blueprint /Game/SideScrollerBP/Blueprints/Default_Dont_Use.Default_Dont_Use
[2020.11.04-03.39.51:934][537]LogSelectionDetails: Warning: NavigateToFunctionSource:  Unable to find symbols for 'ACharacter::Jump' [The specified module could not be found.]
[2020.11.04-03.40.59:246][999]LogHotReload: New module detected: UE4Editor-UnrealGame-0015.dll
[2020.11.04-03.40.59:605][  1]LogHotReload: Starting Hot-Reload from IDE
[2020.11.04-03.40.59:657][  1]LogContentBrowser: Native class hierarchy updated for 'UnrealGame' in 0.0004 seconds. Added 1 classes and 2 folders.
[2020.11.04-03.40.59:661][  1]Display: HotReload successful (0 functions remapped  0 scriptstructs remapped)
[2020.11.04-03.40.59:726][  1]LogContentBrowser: Native class hierarchy populated in 0.0094 seconds. Added 3428 classes and 823 folders.
[2020.11.04-03.40.59:728][  1]Display: HotReload took  0.1s.
[2020.11.04-03.41.06:106][200]LogTemp: Repeating last play command: Selected Viewport
[2020.11.04-03.41.06:123][200]LogPlayLevel: PlayLevel: No blueprints needed recompiling
[2020.11.04-03.41.06:123][200]PIE: New page: PIE session: SideScrollerExampleMap (Nov 3, 2020, 1:41:06 PM)
[2020.11.04-03.41.06:162][200]LogPlayLevel: Creating play world package: /Game/SideScrollerBP/Maps/UEDPIE_0_SideScrollerExampleMap
[2020.11.04-03.41.06:172][200]LogPlayLevel: PIE: StaticDuplicateObject took: (0.010228s)
[2020.11.04-03.41.06:174][200]LogAIModule: Creating AISystem for world SideScrollerExampleMap
[2020.11.04-03.41.06:174][200]LogAISub: UAISubsystem::UAISubsystem EnvQueryManager (000002727D2D4A00), frame # 33200
[2020.11.04-03.41.06:174][200]LogAISub: UAISubsystem::UAISubsystem AIPerceptionSystem (000002729B5E9440), frame # 33200
[2020.11.04-03.41.06:174][200]LogPlayLevel: PIE: World Init took: (0.001571s)
[2020.11.04-03.41.06:174][200]LogPlayLevel: PIE: Created PIE world by copying editor world from /Game/SideScrollerBP/Maps/SideScrollerExampleMap.SideScrollerExampleMap to /Game/SideScrollerBP/Maps/UEDPIE_0_SideScrollerExampleMap.SideScrollerExampleMap (0.012047s)
[2020.11.04-03.41.06:229][200]LogUObjectHash: Compacting FUObjectHashTables data took   3.28ms
[2020.11.04-03.41.06:232][200]LogAudioMixer: Display: Audio Mixer Platform Settings:
[2020.11.04-03.41.06:232][200]LogAudioMixer: Display: 	Sample Rate:						  48000
[2020.11.04-03.41.06:233][200]LogAudioMixer: Display: 	Callback Buffer Frame Size Requested: 1024
[2020.11.04-03.41.06:233][200]LogAudioMixer: Display: 	Callback Buffer Frame Size To Use:	  1024
[2020.11.04-03.41.06:233][200]LogAudioMixer: Display: 	Number of buffers to queue:			  2
[2020.11.04-03.41.06:233][200]LogAudioMixer: Display: 	Max Channels (voices):				  32
[2020.11.04-03.41.06:233][200]LogAudioMixer: Display: 	Number of Async Source Workers:		  0
[2020.11.04-03.41.06:233][200]LogAudio: Display: AudioDevice MaxSources: 32
[2020.11.04-03.41.06:233][200]LogAudio: Display: Using built-in audio occlusion.
[2020.11.04-03.41.06:233][200]LogAudioMixer: Display: Initializing audio mixer.
[2020.11.04-03.41.06:248][200]LogAudioMixer: Display: 0: FrontLeft
[2020.11.04-03.41.06:248][200]LogAudioMixer: Display: 1: FrontRight
[2020.11.04-03.41.06:248][200]LogAudioMixer: Display: 2: FrontCenter
[2020.11.04-03.41.06:248][200]LogAudioMixer: Display: 3: LowFrequency
[2020.11.04-03.41.06:248][200]LogAudioMixer: Display: 4: BackLeft
[2020.11.04-03.41.06:248][200]LogAudioMixer: Display: 5: BackRight
[2020.11.04-03.41.06:248][200]LogAudioMixer: Display: 6: SideLeft
[2020.11.04-03.41.06:248][200]LogAudioMixer: Display: 7: SideRight
[2020.11.04-03.41.06:311][200]LogAudioMixer: Display: Using Audio Device Speakers (Realtek High Definition Audio)
[2020.11.04-03.41.06:311][200]LogAudioMixer: Display: Initializing Sound Submixes...
[2020.11.04-03.41.06:311][200]LogAudioMixer: Display: Creating Master Submix 'MasterSubmixDefault'
[2020.11.04-03.41.06:311][200]LogAudioMixer: Display: Creating Master Submix 'MasterReverbSubmixDefault'
[2020.11.04-03.41.06:312][200]LogAudioMixer: Display: Creating Master Submix 'MasterEQSubmixDefault'
[2020.11.04-03.41.06:324][200]LogInit: FAudioDevice initialized.
[2020.11.04-03.41.06:328][200]LogLoad: Game class is 'SideScrollerGameMode_C'
[2020.11.04-03.41.06:329][200]LogWorld: Bringing World /Game/SideScrollerBP/Maps/UEDPIE_0_SideScrollerExampleMap.SideScrollerExampleMap up for play (max tick rate 0) at 2020.11.03-20.41.06
[2020.11.04-03.41.06:329][200]LogWorld: Bringing up level for play took: 0.000753
[2020.11.04-03.41.06:329][200]LogOnline: OSS: Creating online subsystem instance for: :Context_12
[2020.11.04-03.41.06:332][200]PIE: Server logged in
[2020.11.04-03.41.06:333][200]PIE: Play in editor total start time 0.212 seconds.
[2020.11.04-03.41.23:993][311]LogSlate: Updating window title bar state: overlay mode, drag disabled, window buttons hidden, title bar hidden
[2020.11.04-03.41.23:993][311]LogWorld: BeginTearingDown for /Game/SideScrollerBP/Maps/UEDPIE_0_SideScrollerExampleMap
[2020.11.04-03.41.23:993][311]LogWorld: UWorld::CleanupWorld for SideScrollerExampleMap, bSessionEnded=true, bCleanupResources=true
[2020.11.04-03.41.23:994][311]LogSlate: InvalidateAllWidgets triggered.  All widgets were invalidated
[2020.11.04-03.41.24:003][311]LogPlayLevel: Display: Shutting down PIE online subsystems
[2020.11.04-03.41.24:007][311]LogSlate: InvalidateAllWidgets triggered.  All widgets were invalidated
[2020.11.04-03.41.24:042][311]LogSlate: Updating window title bar state: overlay mode, drag disabled, window buttons hidden, title bar hidden
[2020.11.04-03.41.24:044][311]LogAISub: UAISubsystem::~UAISubsystem AIPerceptionSystem (000002729B5E9440), frame # 35311
[2020.11.04-03.41.24:044][311]LogAISub: UAISubsystem::~UAISubsystem EnvQueryManager (000002727D2D4A00), frame # 35311
[2020.11.04-03.41.24:050][311]LogUObjectHash: Compacting FUObjectHashTables data took   2.70ms
[2020.11.04-03.41.24:080][312]LogPlayLevel: Display: Destroying online subsystem :Context_12
[2020.11.04-03.41.45:745][710]LogAssetEditorSubsystem: Opening Asset editor for Blueprint /Game/SideScrollerBP/Blueprints/BP_Character.BP_Character
[2020.11.04-03.42.01:455][205]BlueprintLog: New page: Compile BP_Character
[2020.11.04-03.42.01:503][205]LogUObjectHash: Compacting FUObjectHashTables data took   2.58ms
[2020.11.04-03.42.01:555][205]LogSlate: Took 0.020863 seconds to synchronously load lazily loaded font '../../../Engine/Content/Slate/Fonts/DroidSansMono.ttf' (77K)
[2020.11.04-03.42.09:243][689]LogTemp: Repeating last play command: Selected Viewport
[2020.11.04-03.42.09:259][689]LogPlayLevel: PlayLevel: No blueprints needed recompiling
[2020.11.04-03.42.09:259][689]PIE: New page: PIE session: SideScrollerExampleMap (Nov 3, 2020, 1:42:09 PM)
[2020.11.04-03.42.09:282][689]LogPlayLevel: Creating play world package: /Game/SideScrollerBP/Maps/UEDPIE_0_SideScrollerExampleMap
[2020.11.04-03.42.09:291][689]LogPlayLevel: PIE: StaticDuplicateObject took: (0.008791s)
[2020.11.04-03.42.09:292][689]LogAIModule: Creating AISystem for world SideScrollerExampleMap
[2020.11.04-03.42.09:292][689]LogAISub: UAISubsystem::UAISubsystem EnvQueryManager (0000027291FAC800), frame # 37689
[2020.11.04-03.42.09:292][689]LogAISub: UAISubsystem::UAISubsystem AIPerceptionSystem (000002729B85EE80), frame # 37689
[2020.11.04-03.42.09:292][689]LogPlayLevel: PIE: World Init took: (0.001223s)
[2020.11.04-03.42.09:293][689]LogPlayLevel: PIE: Created PIE world by copying editor world from /Game/SideScrollerBP/Maps/SideScrollerExampleMap.SideScrollerExampleMap to /Game/SideScrollerBP/Maps/UEDPIE_0_SideScrollerExampleMap.SideScrollerExampleMap (0.010211s)
[2020.11.04-03.42.09:324][689]LogUObjectHash: Compacting FUObjectHashTables data took   3.22ms
[2020.11.04-03.42.09:326][689]LogAudioMixer: Display: Audio Mixer Platform Settings:
[2020.11.04-03.42.09:326][689]LogAudioMixer: Display: 	Sample Rate:						  48000
[2020.11.04-03.42.09:326][689]LogAudioMixer: Display: 	Callback Buffer Frame Size Requested: 1024
[2020.11.04-03.42.09:326][689]LogAudioMixer: Display: 	Callback Buffer Frame Size To Use:	  1024
[2020.11.04-03.42.09:326][689]LogAudioMixer: Display: 	Number of buffers to queue:			  2
[2020.11.04-03.42.09:326][689]LogAudioMixer: Display: 	Max Channels (voices):				  32
[2020.11.04-03.42.09:326][689]LogAudioMixer: Display: 	Number of Async Source Workers:		  0
[2020.11.04-03.42.09:326][689]LogAudio: Display: AudioDevice MaxSources: 32
[2020.11.04-03.42.09:327][689]LogAudio: Display: Using built-in audio occlusion.
[2020.11.04-03.42.09:327][689]LogAudioMixer: Display: Initializing audio mixer.
[2020.11.04-03.42.09:341][689]LogAudioMixer: Display: 0: FrontLeft
[2020.11.04-03.42.09:341][689]LogAudioMixer: Display: 1: FrontRight
[2020.11.04-03.42.09:341][689]LogAudioMixer: Display: 2: FrontCenter
[2020.11.04-03.42.09:341][689]LogAudioMixer: Display: 3: LowFrequency
[2020.11.04-03.42.09:341][689]LogAudioMixer: Display: 4: BackLeft
[2020.11.04-03.42.09:341][689]LogAudioMixer: Display: 5: BackRight
[2020.11.04-03.42.09:341][689]LogAudioMixer: Display: 6: SideLeft
[2020.11.04-03.42.09:341][689]LogAudioMixer: Display: 7: SideRight
[2020.11.04-03.42.09:402][689]LogAudioMixer: Display: Using Audio Device Speakers (Realtek High Definition Audio)
[2020.11.04-03.42.09:402][689]LogAudioMixer: Display: Initializing Sound Submixes...
[2020.11.04-03.42.09:402][689]LogAudioMixer: Display: Creating Master Submix 'MasterSubmixDefault'
[2020.11.04-03.42.09:402][689]LogAudioMixer: Display: Creating Master Submix 'MasterReverbSubmixDefault'
[2020.11.04-03.42.09:403][689]LogAudioMixer: Display: Creating Master Submix 'MasterEQSubmixDefault'
[2020.11.04-03.42.09:414][689]LogInit: FAudioDevice initialized.
[2020.11.04-03.42.09:425][689]LogLoad: Game class is 'SideScrollerGameMode_C'
[2020.11.04-03.42.09:426][689]LogWorld: Bringing World /Game/SideScrollerBP/Maps/UEDPIE_0_SideScrollerExampleMap.SideScrollerExampleMap up for play (max tick rate 0) at 2020.11.03-20.42.09
[2020.11.04-03.42.09:426][689]LogWorld: Bringing up level for play took: 0.000744
[2020.11.04-03.42.09:426][689]LogOnline: OSS: Creating online subsystem instance for: :Context_14
[2020.11.04-03.42.09:428][689]PIE: Server logged in
[2020.11.04-03.42.09:429][689]PIE: Play in editor total start time 0.171 seconds.
[2020.11.04-03.42.18:893][817]LogSlate: Updating window title bar state: overlay mode, drag disabled, window buttons hidden, title bar hidden
[2020.11.04-03.42.18:893][817]LogWorld: BeginTearingDown for /Game/SideScrollerBP/Maps/UEDPIE_0_SideScrollerExampleMap
[2020.11.04-03.42.18:894][817]LogWorld: UWorld::CleanupWorld for SideScrollerExampleMap, bSessionEnded=true, bCleanupResources=true
[2020.11.04-03.42.18:894][817]LogSlate: InvalidateAllWidgets triggered.  All widgets were invalidated
[2020.11.04-03.42.18:900][817]LogPlayLevel: Display: Shutting down PIE online subsystems
[2020.11.04-03.42.18:904][817]LogSlate: InvalidateAllWidgets triggered.  All widgets were invalidated
[2020.11.04-03.42.18:946][817]LogSlate: Updating window title bar state: overlay mode, drag disabled, window buttons hidden, title bar hidden
[2020.11.04-03.42.18:947][817]LogAISub: UAISubsystem::~UAISubsystem AIPerceptionSystem (000002729B85EE80), frame # 38817
[2020.11.04-03.42.18:947][817]LogAISub: UAISubsystem::~UAISubsystem EnvQueryManager (0000027291FAC800), frame # 38817
[2020.11.04-03.42.18:949][817]LogUObjectHash: Compacting FUObjectHashTables data took   2.47ms
[2020.11.04-03.42.18:980][818]LogPlayLevel: Display: Destroying online subsystem :Context_14
[2020.11.04-03.42.25:430][468]BlueprintLog: New page: Compile BP_Character
[2020.11.04-03.42.25:475][468]LogUObjectHash: Compacting FUObjectHashTables data took   2.48ms
