Log file open, 12/04/20 22:20:11
LogInit: Display: Running engine for game: UnrealGame
LogPlatformFile: Not using cached read wrapper
LogTaskGraph: Started task graph with 5 named threads and 35 total threads with 3 sets of task threads.
LogStats: Stats thread started at 0.184106
LogD3D11RHI: Loaded GFSDK_Aftermath_Lib.x64.dll
LogICUInternationalization: ICU TimeZone Detection - Raw Offset: -7:00, Platform Override: ''
LogPluginManager: Mounting plugin Paper2D
LogPluginManager: Mounting plugin AISupport
LogPluginManager: Mounting plugin LightPropagationVolume
LogPluginManager: Mounting plugin CameraShakePreviewer
LogPluginManager: Mounting plugin ActorLayerUtilities
LogPluginManager: Mounting plugin AnimationSharing
LogPluginManager: Mounting plugin CLionSourceCodeAccess
LogPluginManager: Mounting plugin CodeLiteSourceCodeAccess
LogPluginManager: Mounting plugin GitSourceControl
LogPluginManager: Mounting plugin KDevelopSourceCodeAccess
LogPluginManager: Mounting plugin NullSourceCodeAccess
LogPluginManager: Mounting plugin PerforceSourceControl
LogPluginManager: Mounting plugin PlasticSourceControl
LogPluginManager: Mounting plugin RiderSourceCodeAccess
LogPluginManager: Mounting plugin SubversionSourceControl
LogPluginManager: Mounting plugin UObjectPlugin
LogPluginManager: Mounting plugin VisualStudioCodeSourceCodeAccess
LogPluginManager: Mounting plugin VisualStudioSourceCodeAccess
LogPluginManager: Mounting plugin XCodeSourceCodeAccess
LogPluginManager: Mounting plugin AssetManagerEditor
LogPluginManager: Mounting plugin CryptoKeys
LogPluginManager: Mounting plugin CurveEditorTools
LogPluginManager: Mounting plugin DataValidation
LogPluginManager: Mounting plugin EditorScriptingUtilities
LogPluginManager: Mounting plugin FacialAnimation
LogPluginManager: Mounting plugin GameplayTagsEditor
LogPluginManager: Mounting plugin GeometryMode
LogPluginManager: Mounting plugin MacGraphicsSwitching
LogPluginManager: Mounting plugin MaterialAnalyzer
LogPluginManager: Mounting plugin MobileLauncherProfileWizard
LogPluginManager: Mounting plugin PluginBrowser
LogPluginManager: Mounting plugin SpeedTreeImporter
LogPluginManager: Mounting plugin DatasmithContent
LogPluginManager: Mounting plugin VariantManagerContent
LogPluginManager: Mounting plugin AlembicImporter
LogPluginManager: Mounting plugin AutomationUtils
LogPluginManager: Mounting plugin BackChannel
LogPluginManager: Mounting plugin ChaosCloth
LogPluginManager: Mounting plugin ChaosClothEditor
LogPluginManager: Mounting plugin ChaosEditor
LogPluginManager: Mounting plugin ChaosNiagara
LogPluginManager: Mounting plugin ChaosSolverPlugin
LogPluginManager: Mounting plugin CharacterAI
LogPluginManager: Mounting plugin GeometryCache
LogPluginManager: Mounting plugin GeometryCollectionPlugin
LogPluginManager: Mounting plugin GeometryProcessing
LogPluginManager: Mounting plugin PlanarCut
LogPluginManager: Mounting plugin PlatformCrypto
LogPluginManager: Mounting plugin ProxyLODPlugin
LogPluginManager: Mounting plugin PythonScriptPlugin
LogPluginManager: Mounting plugin SkeletalReduction
LogPluginManager: Mounting plugin Niagara
LogPluginManager: Mounting plugin MagicLeap
LogPluginManager: Mounting plugin MagicLeapLightEstimation
LogPluginManager: Mounting plugin MagicLeapMedia
LogPluginManager: Mounting plugin MagicLeapPassableWorld
LogPluginManager: Mounting plugin MLSDK
LogPluginManager: Mounting plugin AndroidMedia
LogPluginManager: Mounting plugin AvfMedia
LogPluginManager: Mounting plugin ImgMedia
LogPluginManager: Mounting plugin MediaCompositing
LogPluginManager: Mounting plugin MediaPlayerEditor
LogPluginManager: Mounting plugin WebMMedia
LogPluginManager: Mounting plugin WmfMedia
LogPluginManager: Mounting plugin MegascansPlugin
LogPluginManager: Mounting plugin MeshPainting
LogPluginManager: Mounting plugin TcpMessaging
LogPluginManager: Mounting plugin UdpMessaging
LogPluginManager: Mounting plugin ActorSequence
LogPluginManager: Mounting plugin LevelSequenceEditor
LogPluginManager: Mounting plugin MatineeToLevelSequence
LogPluginManager: Mounting plugin MovieRenderPipeline
LogPluginManager: Mounting plugin TemplateSequence
LogPluginManager: Mounting plugin NetcodeUnitTest
LogPluginManager: Mounting plugin NUTUnrealEngine4
LogPluginManager: Mounting plugin OnlineSubsystemGooglePlay
LogPluginManager: Mounting plugin OnlineSubsystemIOS
LogPluginManager: Mounting plugin OnlineSubsystem
LogPluginManager: Mounting plugin OnlineSubsystemNull
LogPluginManager: Mounting plugin OnlineSubsystemUtils
LogPluginManager: Mounting plugin LauncherChunkInstaller
LogPluginManager: Mounting plugin AndroidDeviceProfileSelector
LogPluginManager: Mounting plugin AndroidMoviePlayer
LogPluginManager: Mounting plugin AndroidPermission
LogPluginManager: Mounting plugin AppleImageUtils
LogPluginManager: Mounting plugin AppleMoviePlayer
LogPluginManager: Mounting plugin ArchVisCharacter
LogPluginManager: Mounting plugin AssetTags
LogPluginManager: Mounting plugin AudioCapture
LogPluginManager: Mounting plugin CableComponent
LogPluginManager: Mounting plugin CustomMeshComponent
LogPluginManager: Mounting plugin DatabaseSupport
LogPluginManager: Mounting plugin SQLiteCore
LogPluginManager: Mounting plugin SQLiteSupport
LogPluginManager: Mounting plugin EditableMesh
LogPluginManager: Mounting plugin ExampleDeviceProfileSelector
LogPluginManager: Mounting plugin GoogleCloudMessaging
LogPluginManager: Mounting plugin GooglePAD
LogPluginManager: Mounting plugin IOSDeviceProfileSelector
LogPluginManager: Mounting plugin LinuxDeviceProfileSelector
LogPluginManager: Mounting plugin LocationServicesBPLibrary
LogPluginManager: Mounting plugin MobilePatchingUtils
LogPluginManager: Mounting plugin OculusVR
LogPluginManager: Mounting plugin PhysXVehicles
LogPluginManager: Mounting plugin PostSplashScreen
LogPluginManager: Mounting plugin ProceduralMeshComponent
LogPluginManager: Mounting plugin RuntimePhysXCooking
LogPluginManager: Mounting plugin SignificanceManager
LogPluginManager: Mounting plugin SoundFields
LogPluginManager: Mounting plugin SteamVR
LogPluginManager: Mounting plugin Synthesis
LogPluginManager: Mounting plugin WebMMoviePlayer
LogPluginManager: Mounting plugin WindowsMoviePlayer
LogPluginManager: Mounting plugin ScreenshotTools
LogInit: Using libcurl 7.55.1-DEV
LogInit:  - built for x86_64-pc-win32
LogInit:  - supports SSL with OpenSSL/1.1.1
LogInit:  - supports HTTP deflate (compression) using libz 1.2.8
LogInit:  - other features:
LogInit:      CURL_VERSION_SSL
LogInit:      CURL_VERSION_LIBZ
LogInit:      CURL_VERSION_IPV6
LogInit:      CURL_VERSION_ASYNCHDNS
LogInit:      CURL_VERSION_LARGEFILE
LogInit:      CURL_VERSION_IDN
LogInit:  CurlRequestOptions (configurable via config and command line):
LogInit:  - bVerifyPeer = true  - Libcurl will verify peer certificate
LogInit:  - bUseHttpProxy = false  - Libcurl will NOT use HTTP proxy
LogInit:  - bDontReuseConnections = false  - Libcurl will reuse connections
LogInit:  - MaxHostConnections = 16  - Libcurl will limit the number of connections to a host
LogInit:  - LocalHostAddr = Default
LogInit:  - BufferSize = 65536
LogOnline: OSS: Creating online subsystem instance for: NULL
LogInit: WinSock: version 1.1 (2.2), MaxSocks=32767, MaxUdp=65467
LogOnline: OSS: TryLoadSubsystemAndSetDefault: Loaded subsystem for module [NULL]
LogOculusPluginWrapper: OculusPlugin initialized successfully
LogHMD: Failed initializing OVRPlugin 1.44.0
LogInit: Build: ++UE4+Release-4.25-CL-14469661
LogInit: Engine Version: 4.25.4-14469661+++UE4+Release-4.25
LogInit: Compatible Engine Version: 4.25.0-13144385+++UE4+Release-4.25
LogInit: Net CL: 13144385
LogInit: OS: Windows 10 (Release 1909) (), CPU: AMD Ryzen 5 3600 6-Core Processor              , GPU: NVIDIA GeForce GTX 1070 Ti
LogInit: Compiled (64-bit): Oct 11 2020 08:10:49
LogInit: Compiled with Visual C++: 19.24.28315.00
LogInit: Build Configuration: Development
LogInit: Branch Name: ++UE4+Release-4.25
LogInit: Command Line: 
LogInit: Base Directory: E:/Unreal/UE_4.25/Engine/Binaries/Win64/
LogInit: Allocator: TBB
LogInit: Installed Engine Build: 1
LogDevObjectVersion: Number of dev versions registered: 26
LogDevObjectVersion:   Dev-Blueprints (B0D832E4-1F89-4F0D-ACCF-7EB736FD4AA2): 10
LogDevObjectVersion:   Dev-Build (E1C64328-A22C-4D53-A36C-8E866417BD8C): 0
LogDevObjectVersion:   Dev-Core (375EC13C-06E4-48FB-B500-84F0262A717E): 4
LogDevObjectVersion:   Dev-Editor (E4B068ED-F494-42E9-A231-DA0B2E46BB41): 38
LogDevObjectVersion:   Dev-Framework (CFFC743F-43B0-4480-9391-14DF171D2073): 37
LogDevObjectVersion:   Dev-Mobile (B02B49B5-BB20-44E9-A304-32B752E40360): 2
LogDevObjectVersion:   Dev-Networking (A4E4105C-59A1-49B5-A7C5-40C4547EDFEE): 0
LogDevObjectVersion:   Dev-Online (39C831C9-5AE6-47DC-9A44-9C173E1C8E7C): 0
LogDevObjectVersion:   Dev-Physics (78F01B33-EBEA-4F98-B9B4-84EACCB95AA2): 4
LogDevObjectVersion:   Dev-Platform (6631380F-2D4D-43E0-8009-CF276956A95A): 0
LogDevObjectVersion:   Dev-Rendering (12F88B9F-8875-4AFC-A67C-D90C383ABD29): 43
LogDevObjectVersion:   Dev-Sequencer (7B5AE74C-D270-4C10-A958-57980B212A5A): 12
LogDevObjectVersion:   Dev-VR (D7296918-1DD6-4BDD-9DE2-64A83CC13884): 3
LogDevObjectVersion:   Dev-LoadTimes (C2A15278-BFE7-4AFE-6C17-90FF531DF755): 1
LogDevObjectVersion:   Private-Geometry (6EACA3D4-40EC-4CC1-B786-8BED09428FC5): 3
LogDevObjectVersion:   Dev-AnimPhys (29E575DD-E0A3-4627-9D10-D276232CDCEA): 17
LogDevObjectVersion:   Dev-Anim (AF43A65D-7FD3-4947-9873-3E8ED9C1BB05): 7
LogDevObjectVersion:   Dev-ReflectionCapture (6B266CEC-1EC7-4B8F-A30B-E4D90942FC07): 1
LogDevObjectVersion:   Dev-Automation (0DF73D61-A23F-47EA-B727-89E90C41499A): 1
LogDevObjectVersion:   FortniteMain (601D1886-AC64-4F84-AA16-D3DE0DEAC7D6): 31
LogDevObjectVersion:   Dev-Enterprise (9DFFBCD6-494F-0158-E221-12823C92A888): 10
LogDevObjectVersion:   Dev-Niagara (F2AED0AC-9AFE-416F-8664-AA7FFA26D6FC): 1
LogDevObjectVersion:   Dev-Destruction (174F1F0B-B4C6-45A5-B13F-2EE8D0FB917D): 10
LogDevObjectVersion:   Dev-Physics-Ext (35F94A83-E258-406C-A318-09F59610247C): 37
LogDevObjectVersion:   Dev-PhysicsMaterial-Chaos (B68FC16E-8B1B-42E2-B453-215C058844FE): 1
LogDevObjectVersion:   Dev-CineCamera (B2E18506-4273-CFC2-A54E-F4BB758BBA07): 1
LogInit: Presizing for max 25165824 objects, including 0 objects not considered by GC, pre-allocating 0 bytes for permanent pool.
LogConfig: Applying CVar settings from Section [/Script/Engine.StreamingSettings] File [E:/Unreal Projects/UnrealGame/UnrealGame/Saved/Config/Windows/Engine.ini]
LogConfig: Setting CVar [[s.MinBulkDataSizeForAsyncLoading:131072]]
LogConfig: Setting CVar [[s.AsyncLoadingThreadEnabled:0]]
LogConfig: Setting CVar [[s.EventDrivenLoaderEnabled:1]]
LogConfig: Setting CVar [[s.WarnIfTimeLimitExceeded:0]]
LogConfig: Setting CVar [[s.TimeLimitExceededMultiplier:1.5]]
LogConfig: Setting CVar [[s.TimeLimitExceededMinTime:0.005]]
LogConfig: Setting CVar [[s.UseBackgroundLevelStreaming:1]]
LogConfig: Setting CVar [[s.PriorityAsyncLoadingExtraTime:15.0]]
LogConfig: Setting CVar [[s.LevelStreamingActorsUpdateTimeLimit:5.0]]
LogConfig: Setting CVar [[s.PriorityLevelStreamingActorsUpdateExtraTime:5.0]]
LogConfig: Setting CVar [[s.LevelStreamingComponentsRegistrationGranularity:10]]
LogConfig: Setting CVar [[s.UnregisterComponentsTimeLimit:1.0]]
LogConfig: Setting CVar [[s.LevelStreamingComponentsUnregistrationGranularity:5]]
LogConfig: Setting CVar [[s.FlushStreamingOnExit:1]]
LogInit: Object subsystem initialized
LogConfig: Setting CVar [[con.DebugEarlyDefault:1]]
LogConfig: Setting CVar [[r.setres:1280x720]]
[2020.12.05-05.20.12:535][  0]LogConfig: Setting CVar [[r.VSync:0]]
[2020.12.05-05.20.12:535][  0]LogConfig: Setting CVar [[r.RHICmdBypass:0]]
[2020.12.05-05.20.12:535][  0]LogConfig: Applying CVar settings from Section [/Script/Engine.RendererSettings] File [E:/Unreal Projects/UnrealGame/UnrealGame/Saved/Config/Windows/Engine.ini]
[2020.12.05-05.20.12:535][  0]LogConfig: Setting CVar [[r.GPUCrashDebugging:0]]
[2020.12.05-05.20.12:535][  0]LogConfig: Applying CVar settings from Section [/Script/Engine.RendererOverrideSettings] File [E:/Unreal Projects/UnrealGame/UnrealGame/Saved/Config/Windows/Engine.ini]
[2020.12.05-05.20.12:535][  0]LogConfig: Applying CVar settings from Section [/Script/Engine.StreamingSettings] File [E:/Unreal Projects/UnrealGame/UnrealGame/Saved/Config/Windows/Engine.ini]
[2020.12.05-05.20.12:535][  0]LogConfig: Setting CVar [[s.MinBulkDataSizeForAsyncLoading:131072]]
[2020.12.05-05.20.12:535][  0]LogConfig: Setting CVar [[s.AsyncLoadingThreadEnabled:0]]
[2020.12.05-05.20.12:535][  0]LogConfig: Setting CVar [[s.EventDrivenLoaderEnabled:1]]
[2020.12.05-05.20.12:535][  0]LogConfig: Setting CVar [[s.WarnIfTimeLimitExceeded:0]]
[2020.12.05-05.20.12:535][  0]LogConfig: Setting CVar [[s.TimeLimitExceededMultiplier:1.5]]
[2020.12.05-05.20.12:535][  0]LogConfig: Setting CVar [[s.TimeLimitExceededMinTime:0.005]]
[2020.12.05-05.20.12:535][  0]LogConfig: Setting CVar [[s.UseBackgroundLevelStreaming:1]]
[2020.12.05-05.20.12:535][  0]LogConfig: Setting CVar [[s.PriorityAsyncLoadingExtraTime:15.0]]
[2020.12.05-05.20.12:535][  0]LogConfig: Setting CVar [[s.LevelStreamingActorsUpdateTimeLimit:5.0]]
[2020.12.05-05.20.12:535][  0]LogConfig: Setting CVar [[s.PriorityLevelStreamingActorsUpdateExtraTime:5.0]]
[2020.12.05-05.20.12:535][  0]LogConfig: Setting CVar [[s.LevelStreamingComponentsRegistrationGranularity:10]]
[2020.12.05-05.20.12:535][  0]LogConfig: Setting CVar [[s.UnregisterComponentsTimeLimit:1.0]]
[2020.12.05-05.20.12:535][  0]LogConfig: Setting CVar [[s.LevelStreamingComponentsUnregistrationGranularity:5]]
[2020.12.05-05.20.12:535][  0]LogConfig: Setting CVar [[s.FlushStreamingOnExit:1]]
[2020.12.05-05.20.12:535][  0]LogConfig: Applying CVar settings from Section [/Script/Engine.GarbageCollectionSettings] File [E:/Unreal Projects/UnrealGame/UnrealGame/Saved/Config/Windows/Engine.ini]
[2020.12.05-05.20.12:535][  0]LogConfig: Setting CVar [[gc.MaxObjectsNotConsideredByGC:1]]
[2020.12.05-05.20.12:535][  0]LogConfig: Setting CVar [[gc.SizeOfPermanentObjectPool:0]]
[2020.12.05-05.20.12:535][  0]LogConfig: Setting CVar [[gc.FlushStreamingOnGC:0]]
[2020.12.05-05.20.12:535][  0]LogConfig: Setting CVar [[gc.NumRetriesBeforeForcingGC:10]]
[2020.12.05-05.20.12:535][  0]LogConfig: Setting CVar [[gc.AllowParallelGC:1]]
[2020.12.05-05.20.12:535][  0]LogConfig: Setting CVar [[gc.TimeBetweenPurgingPendingKillObjects:61.1]]
[2020.12.05-05.20.12:535][  0]LogConfig: Setting CVar [[gc.MaxObjectsInEditor:25165824]]
[2020.12.05-05.20.12:535][  0]LogConfig: Setting CVar [[gc.IncrementalBeginDestroyEnabled:1]]
[2020.12.05-05.20.12:535][  0]LogConfig: Setting CVar [[gc.CreateGCClusters:1]]
[2020.12.05-05.20.12:535][  0]LogConfig: Setting CVar [[gc.MinGCClusterSize:5]]
[2020.12.05-05.20.12:535][  0]LogConfig: Setting CVar [[gc.ActorClusteringEnabled:0]]
[2020.12.05-05.20.12:535][  0]LogConfig: Setting CVar [[gc.BlueprintClusteringEnabled:0]]
[2020.12.05-05.20.12:535][  0]LogConfig: Setting CVar [[gc.UseDisregardForGCOnDedicatedServers:0]]
[2020.12.05-05.20.12:535][  0]LogConfig: Applying CVar settings from Section [/Script/Engine.NetworkSettings] File [E:/Unreal Projects/UnrealGame/UnrealGame/Saved/Config/Windows/Engine.ini]
[2020.12.05-05.20.12:535][  0]LogConfig: Applying CVar settings from Section [/Script/UnrealEd.CookerSettings] File [E:/Unreal Projects/UnrealGame/UnrealGame/Saved/Config/Windows/Engine.ini]
[2020.12.05-05.20.12:538][  0]LogConfig: Applying CVar settings from Section [ViewDistanceQuality@3] File [E:/Unreal Projects/UnrealGame/UnrealGame/Saved/Config/Windows/Scalability.ini]
[2020.12.05-05.20.12:538][  0]LogConfig: Setting CVar [[r.SkeletalMeshLODBias:0]]
[2020.12.05-05.20.12:538][  0]LogConfig: Setting CVar [[r.ViewDistanceScale:1.0]]
[2020.12.05-05.20.12:538][  0]LogConfig: Applying CVar settings from Section [AntiAliasingQuality@3] File [E:/Unreal Projects/UnrealGame/UnrealGame/Saved/Config/Windows/Scalability.ini]
[2020.12.05-05.20.12:538][  0]LogConfig: Setting CVar [[r.PostProcessAAQuality:4]]
[2020.12.05-05.20.12:538][  0]LogConfig: Applying CVar settings from Section [ShadowQuality@3] File [E:/Unreal Projects/UnrealGame/UnrealGame/Saved/Config/Windows/Scalability.ini]
[2020.12.05-05.20.12:538][  0]LogConfig: Setting CVar [[r.LightFunctionQuality:1]]
[2020.12.05-05.20.12:538][  0]LogConfig: Setting CVar [[r.ShadowQuality:5]]
[2020.12.05-05.20.12:538][  0]LogConfig: Setting CVar [[r.Shadow.CSM.MaxCascades:10]]
[2020.12.05-05.20.12:538][  0]LogConfig: Setting CVar [[r.Shadow.MaxResolution:2048]]
[2020.12.05-05.20.12:538][  0]LogConfig: Setting CVar [[r.Shadow.MaxCSMResolution:2048]]
[2020.12.05-05.20.12:538][  0]LogConfig: Setting CVar [[r.Shadow.RadiusThreshold:0.01]]
[2020.12.05-05.20.12:538][  0]LogConfig: Setting CVar [[r.Shadow.DistanceScale:1.0]]
[2020.12.05-05.20.12:538][  0]LogConfig: Setting CVar [[r.Shadow.CSM.TransitionScale:1.0]]
[2020.12.05-05.20.12:538][  0]LogConfig: Setting CVar [[r.Shadow.PreShadowResolutionFactor:1.0]]
[2020.12.05-05.20.12:538][  0]LogConfig: Setting CVar [[r.DistanceFieldShadowing:1]]
[2020.12.05-05.20.12:538][  0]LogConfig: Setting CVar [[r.DistanceFieldAO:1]]
[2020.12.05-05.20.12:538][  0]LogConfig: Setting CVar [[r.AOQuality:2]]
[2020.12.05-05.20.12:538][  0]LogConfig: Setting CVar [[r.VolumetricFog:1]]
[2020.12.05-05.20.12:538][  0]LogConfig: Setting CVar [[r.VolumetricFog.GridPixelSize:8]]
[2020.12.05-05.20.12:538][  0]LogConfig: Setting CVar [[r.VolumetricFog.GridSizeZ:128]]
[2020.12.05-05.20.12:538][  0]LogConfig: Setting CVar [[r.VolumetricFog.HistoryMissSupersampleCount:4]]
[2020.12.05-05.20.12:538][  0]LogConfig: Setting CVar [[r.LightMaxDrawDistanceScale:1]]
[2020.12.05-05.20.12:538][  0]LogConfig: Setting CVar [[r.CapsuleShadows:1]]
[2020.12.05-05.20.12:538][  0]LogConfig: Applying CVar settings from Section [PostProcessQuality@3] File [E:/Unreal Projects/UnrealGame/UnrealGame/Saved/Config/Windows/Scalability.ini]
[2020.12.05-05.20.12:538][  0]LogConfig: Setting CVar [[r.MotionBlurQuality:4]]
[2020.12.05-05.20.12:538][  0]LogConfig: Setting CVar [[r.AmbientOcclusionMipLevelFactor:0.4]]
[2020.12.05-05.20.12:538][  0]LogConfig: Setting CVar [[r.AmbientOcclusionMaxQuality:100]]
[2020.12.05-05.20.12:538][  0]LogConfig: Setting CVar [[r.AmbientOcclusionLevels:-1]]
[2020.12.05-05.20.12:538][  0]LogConfig: Setting CVar [[r.AmbientOcclusionRadiusScale:1.0]]
[2020.12.05-05.20.12:538][  0]LogConfig: Setting CVar [[r.DepthOfFieldQuality:2]]
[2020.12.05-05.20.12:538][  0]LogConfig: Setting CVar [[r.RenderTargetPoolMin:400]]
[2020.12.05-05.20.12:538][  0]LogConfig: Setting CVar [[r.LensFlareQuality:2]]
[2020.12.05-05.20.12:538][  0]LogConfig: Setting CVar [[r.SceneColorFringeQuality:1]]
[2020.12.05-05.20.12:538][  0]LogConfig: Setting CVar [[r.EyeAdaptationQuality:2]]
[2020.12.05-05.20.12:538][  0]LogConfig: Setting CVar [[r.BloomQuality:5]]
[2020.12.05-05.20.12:538][  0]LogConfig: Setting CVar [[r.FastBlurThreshold:100]]
[2020.12.05-05.20.12:538][  0]LogConfig: Setting CVar [[r.Upscale.Quality:3]]
[2020.12.05-05.20.12:538][  0]LogConfig: Setting CVar [[r.Tonemapper.GrainQuantization:1]]
[2020.12.05-05.20.12:538][  0]LogConfig: Setting CVar [[r.LightShaftQuality:1]]
[2020.12.05-05.20.12:538][  0]LogConfig: Setting CVar [[r.Filter.SizeScale:1]]
[2020.12.05-05.20.12:538][  0]LogConfig: Setting CVar [[r.Tonemapper.Quality:5]]
[2020.12.05-05.20.12:538][  0]LogConfig: Setting CVar [[r.DOF.Gather.AccumulatorQuality:1        ; higher gathering accumulator quality]]
[2020.12.05-05.20.12:538][  0]LogConfig: Setting CVar [[r.DOF.Gather.PostfilterMethod:1          ; Median3x3 postfilering method]]
[2020.12.05-05.20.12:538][  0]LogConfig: Setting CVar [[r.DOF.Gather.EnableBokehSettings:0       ; no bokeh simulation when gathering]]
[2020.12.05-05.20.12:538][  0]LogConfig: Setting CVar [[r.DOF.Gather.RingCount:4                 ; medium number of samples when gathering]]
[2020.12.05-05.20.12:538][  0]LogConfig: Setting CVar [[r.DOF.Scatter.ForegroundCompositing:1    ; additive foreground scattering]]
[2020.12.05-05.20.12:538][  0]LogConfig: Setting CVar [[r.DOF.Scatter.BackgroundCompositing:2    ; additive background scattering]]
[2020.12.05-05.20.12:538][  0]LogConfig: Setting CVar [[r.DOF.Scatter.EnableBokehSettings:1      ; bokeh simulation when scattering]]
[2020.12.05-05.20.12:538][  0]LogConfig: Setting CVar [[r.DOF.Scatter.MaxSpriteRatio:0.1         ; only a maximum of 10% of scattered bokeh]]
[2020.12.05-05.20.12:538][  0]LogConfig: Setting CVar [[r.DOF.Recombine.Quality:1                ; cheap slight out of focus]]
[2020.12.05-05.20.12:538][  0]LogConfig: Setting CVar [[r.DOF.Recombine.EnableBokehSettings:0    ; no bokeh simulation on slight out of focus]]
[2020.12.05-05.20.12:538][  0]LogConfig: Setting CVar [[r.DOF.TemporalAAQuality:1                ; more stable temporal accumulation]]
[2020.12.05-05.20.12:538][  0]LogConfig: Setting CVar [[r.DOF.Kernel.MaxForegroundRadius:0.025]]
[2020.12.05-05.20.12:538][  0]LogConfig: Setting CVar [[r.DOF.Kernel.MaxBackgroundRadius:0.025]]
[2020.12.05-05.20.12:538][  0]LogConfig: Applying CVar settings from Section [TextureQuality@3] File [E:/Unreal Projects/UnrealGame/UnrealGame/Saved/Config/Windows/Scalability.ini]
[2020.12.05-05.20.12:538][  0]LogConfig: Setting CVar [[r.Streaming.MipBias:0]]
[2020.12.05-05.20.12:538][  0]LogConfig: Setting CVar [[r.Streaming.AmortizeCPUToGPUCopy:0]]
[2020.12.05-05.20.12:538][  0]LogConfig: Setting CVar [[r.Streaming.MaxNumTexturesToStreamPerFrame:0]]
[2020.12.05-05.20.12:538][  0]LogConfig: Setting CVar [[r.Streaming.Boost:1]]
[2020.12.05-05.20.12:538][  0]LogConfig: Setting CVar [[r.MaxAnisotropy:8]]
[2020.12.05-05.20.12:538][  0]LogConfig: Setting CVar [[r.VT.MaxAnisotropy:8]]
[2020.12.05-05.20.12:538][  0]LogConfig: Setting CVar [[r.Streaming.LimitPoolSizeToVRAM:0]]
[2020.12.05-05.20.12:538][  0]LogConfig: Setting CVar [[r.Streaming.PoolSize:1000]]
[2020.12.05-05.20.12:538][  0]LogConfig: Setting CVar [[r.Streaming.MaxEffectiveScreenSize:0]]
[2020.12.05-05.20.12:538][  0]LogConfig: Applying CVar settings from Section [EffectsQuality@3] File [E:/Unreal Projects/UnrealGame/UnrealGame/Saved/Config/Windows/Scalability.ini]
[2020.12.05-05.20.12:538][  0]LogConfig: Setting CVar [[r.TranslucencyLightingVolumeDim:64]]
[2020.12.05-05.20.12:538][  0]LogConfig: Setting CVar [[r.RefractionQuality:2]]
[2020.12.05-05.20.12:538][  0]LogConfig: Setting CVar [[r.SSR.Quality:3]]
[2020.12.05-05.20.12:538][  0]LogConfig: Setting CVar [[r.SSR.HalfResSceneColor:0]]
[2020.12.05-05.20.12:538][  0]LogConfig: Setting CVar [[r.SceneColorFormat:4]]
[2020.12.05-05.20.12:538][  0]LogConfig: Setting CVar [[r.DetailMode:2]]
[2020.12.05-05.20.12:538][  0]LogConfig: Setting CVar [[r.TranslucencyVolumeBlur:1]]
[2020.12.05-05.20.12:538][  0]LogConfig: Setting CVar [[r.MaterialQualityLevel:1 ; High quality]]
[2020.12.05-05.20.12:538][  0]LogConfig: Setting CVar [[r.SSS.Scale:1]]
[2020.12.05-05.20.12:538][  0]LogConfig: Setting CVar [[r.SSS.SampleSet:2]]
[2020.12.05-05.20.12:538][  0]LogConfig: Setting CVar [[r.SSS.Quality:1]]
[2020.12.05-05.20.12:538][  0]LogConfig: Setting CVar [[r.SSS.HalfRes:0]]
[2020.12.05-05.20.12:538][  0]LogConfig: Setting CVar [[r.SSGI.Quality:3]]
[2020.12.05-05.20.12:538][  0]LogConfig: Setting CVar [[r.EmitterSpawnRateScale:1.0]]
[2020.12.05-05.20.12:538][  0]LogConfig: Setting CVar [[r.ParticleLightQuality:2]]
[2020.12.05-05.20.12:538][  0]LogConfig: Setting CVar [[r.SkyAtmosphere.AerialPerspectiveLUT.FastApplyOnOpaque:1 ; Always have FastSkyLUT 1 in this case to avoid wrong sky]]
[2020.12.05-05.20.12:539][  0]LogConfig: Setting CVar [[r.SkyAtmosphere.AerialPerspectiveLUT.SampleCountPerSlice:1]]
[2020.12.05-05.20.12:539][  0]LogConfig: Setting CVar [[r.SkyAtmosphere.AerialPerspectiveLUT.DepthResolution:16.0]]
[2020.12.05-05.20.12:539][  0]LogConfig: Setting CVar [[r.SkyAtmosphere.FastSkyLUT:1]]
[2020.12.05-05.20.12:539][  0]LogConfig: Setting CVar [[r.SkyAtmosphere.FastSkyLUT.SampleCountMin:4.0]]
[2020.12.05-05.20.12:539][  0]LogConfig: Setting CVar [[r.SkyAtmosphere.FastSkyLUT.SampleCountMax:32.0]]
[2020.12.05-05.20.12:539][  0]LogConfig: Setting CVar [[r.SkyAtmosphere.SampleCountMin:4.0]]
[2020.12.05-05.20.12:539][  0]LogConfig: Setting CVar [[r.SkyAtmosphere.SampleCountMax:32.0]]
[2020.12.05-05.20.12:539][  0]LogConfig: Setting CVar [[r.SkyAtmosphere.TransmittanceLUT.UseSmallFormat:0]]
[2020.12.05-05.20.12:539][  0]LogConfig: Setting CVar [[r.SkyAtmosphere.TransmittanceLUT.SampleCount:10.0]]
[2020.12.05-05.20.12:539][  0]LogConfig: Setting CVar [[r.SkyAtmosphere.MultiScatteringLUT.SampleCount:15.0]]
[2020.12.05-05.20.12:539][  0]LogConfig: Applying CVar settings from Section [FoliageQuality@3] File [E:/Unreal Projects/UnrealGame/UnrealGame/Saved/Config/Windows/Scalability.ini]
[2020.12.05-05.20.12:539][  0]LogConfig: Setting CVar [[foliage.DensityScale:1.0]]
[2020.12.05-05.20.12:539][  0]LogConfig: Setting CVar [[grass.DensityScale:1.0]]
[2020.12.05-05.20.12:539][  0]LogConfig: Applying CVar settings from Section [ShadingQuality@3] File [E:/Unreal Projects/UnrealGame/UnrealGame/Saved/Config/Windows/Scalability.ini]
[2020.12.05-05.20.12:539][  0]LogConfig: Setting CVar [[r.HairStrands.SkyLighting.SampleCount:16]]
[2020.12.05-05.20.12:539][  0]LogConfig: Setting CVar [[r.HairStrands.SkyLighting.JitterIntegration:0]]
[2020.12.05-05.20.12:539][  0]LogConfig: Setting CVar [[r.HairStrands.SkyAO.SampleCount:16]]
[2020.12.05-05.20.12:539][  0]LogConfig: Setting CVar [[r.HairStrands.DeepShadow.SuperSampling:0]]
[2020.12.05-05.20.12:539][  0]LogConfig: Setting CVar [[r.HairStrands.VisibilityPPLL:0]]
[2020.12.05-05.20.12:539][  0]LogConfig: Setting CVar [[r.HairStrands.RasterizationScale:0.5]]
[2020.12.05-05.20.12:539][  0]LogConfig: Setting CVar [[r.HairStrands.VelocityRasterizationScale:1]]
[2020.12.05-05.20.12:539][  0]LogInit: Selected Device Profile: [Windows]
[2020.12.05-05.20.12:539][  0]LogInit: Applying CVar settings loaded from the selected device profile: [Windows]
[2020.12.05-05.20.12:539][  0]LogHAL: Display: Platform has ~ 16 GB [17103020032 / 17179869184 / 16], which maps to Larger [LargestMinGB=32, LargerMinGB=12, DefaultMinGB=8, SmallerMinGB=6, SmallestMinGB=0)
[2020.12.05-05.20.12:539][  0]LogInit: Going up to parent DeviceProfile []
[2020.12.05-05.20.12:539][  0]LogConfig: Applying CVar settings from Section [ViewDistanceQuality@3] File [E:/Unreal Projects/UnrealGame/UnrealGame/Saved/Config/Windows/Scalability.ini]
[2020.12.05-05.20.12:539][  0]LogConfig: Setting CVar [[r.SkeletalMeshLODBias:0]]
[2020.12.05-05.20.12:539][  0]LogConfig: Setting CVar [[r.ViewDistanceScale:1.0]]
[2020.12.05-05.20.12:539][  0]LogConfig: Applying CVar settings from Section [AntiAliasingQuality@3] File [E:/Unreal Projects/UnrealGame/UnrealGame/Saved/Config/Windows/Scalability.ini]
[2020.12.05-05.20.12:539][  0]LogConfig: Setting CVar [[r.PostProcessAAQuality:4]]
[2020.12.05-05.20.12:539][  0]LogConfig: Applying CVar settings from Section [ShadowQuality@3] File [E:/Unreal Projects/UnrealGame/UnrealGame/Saved/Config/Windows/Scalability.ini]
[2020.12.05-05.20.12:539][  0]LogConfig: Setting CVar [[r.LightFunctionQuality:1]]
[2020.12.05-05.20.12:539][  0]LogConfig: Setting CVar [[r.ShadowQuality:5]]
[2020.12.05-05.20.12:539][  0]LogConfig: Setting CVar [[r.Shadow.CSM.MaxCascades:10]]
[2020.12.05-05.20.12:539][  0]LogConfig: Setting CVar [[r.Shadow.MaxResolution:2048]]
[2020.12.05-05.20.12:539][  0]LogConfig: Setting CVar [[r.Shadow.MaxCSMResolution:2048]]
[2020.12.05-05.20.12:539][  0]LogConfig: Setting CVar [[r.Shadow.RadiusThreshold:0.01]]
[2020.12.05-05.20.12:539][  0]LogConfig: Setting CVar [[r.Shadow.DistanceScale:1.0]]
[2020.12.05-05.20.12:539][  0]LogConfig: Setting CVar [[r.Shadow.CSM.TransitionScale:1.0]]
[2020.12.05-05.20.12:539][  0]LogConfig: Setting CVar [[r.Shadow.PreShadowResolutionFactor:1.0]]
[2020.12.05-05.20.12:539][  0]LogConfig: Setting CVar [[r.DistanceFieldShadowing:1]]
[2020.12.05-05.20.12:539][  0]LogConfig: Setting CVar [[r.DistanceFieldAO:1]]
[2020.12.05-05.20.12:539][  0]LogConfig: Setting CVar [[r.AOQuality:2]]
[2020.12.05-05.20.12:539][  0]LogConfig: Setting CVar [[r.VolumetricFog:1]]
[2020.12.05-05.20.12:539][  0]LogConfig: Setting CVar [[r.VolumetricFog.GridPixelSize:8]]
[2020.12.05-05.20.12:539][  0]LogConfig: Setting CVar [[r.VolumetricFog.GridSizeZ:128]]
[2020.12.05-05.20.12:539][  0]LogConfig: Setting CVar [[r.VolumetricFog.HistoryMissSupersampleCount:4]]
[2020.12.05-05.20.12:539][  0]LogConfig: Setting CVar [[r.LightMaxDrawDistanceScale:1]]
[2020.12.05-05.20.12:539][  0]LogConfig: Setting CVar [[r.CapsuleShadows:1]]
[2020.12.05-05.20.12:539][  0]LogConfig: Applying CVar settings from Section [PostProcessQuality@3] File [E:/Unreal Projects/UnrealGame/UnrealGame/Saved/Config/Windows/Scalability.ini]
[2020.12.05-05.20.12:539][  0]LogConfig: Setting CVar [[r.MotionBlurQuality:4]]
[2020.12.05-05.20.12:539][  0]LogConfig: Setting CVar [[r.AmbientOcclusionMipLevelFactor:0.4]]
[2020.12.05-05.20.12:539][  0]LogConfig: Setting CVar [[r.AmbientOcclusionMaxQuality:100]]
[2020.12.05-05.20.12:539][  0]LogConfig: Setting CVar [[r.AmbientOcclusionLevels:-1]]
[2020.12.05-05.20.12:539][  0]LogConfig: Setting CVar [[r.AmbientOcclusionRadiusScale:1.0]]
[2020.12.05-05.20.12:539][  0]LogConfig: Setting CVar [[r.DepthOfFieldQuality:2]]
[2020.12.05-05.20.12:539][  0]LogConfig: Setting CVar [[r.RenderTargetPoolMin:400]]
[2020.12.05-05.20.12:539][  0]LogConfig: Setting CVar [[r.LensFlareQuality:2]]
[2020.12.05-05.20.12:539][  0]LogConfig: Setting CVar [[r.SceneColorFringeQuality:1]]
[2020.12.05-05.20.12:539][  0]LogConfig: Setting CVar [[r.EyeAdaptationQuality:2]]
[2020.12.05-05.20.12:539][  0]LogConfig: Setting CVar [[r.BloomQuality:5]]
[2020.12.05-05.20.12:539][  0]LogConfig: Setting CVar [[r.FastBlurThreshold:100]]
[2020.12.05-05.20.12:539][  0]LogConfig: Setting CVar [[r.Upscale.Quality:3]]
[2020.12.05-05.20.12:539][  0]LogConfig: Setting CVar [[r.Tonemapper.GrainQuantization:1]]
[2020.12.05-05.20.12:539][  0]LogConfig: Setting CVar [[r.LightShaftQuality:1]]
[2020.12.05-05.20.12:539][  0]LogConfig: Setting CVar [[r.Filter.SizeScale:1]]
[2020.12.05-05.20.12:539][  0]LogConfig: Setting CVar [[r.Tonemapper.Quality:5]]
[2020.12.05-05.20.12:539][  0]LogConfig: Setting CVar [[r.DOF.Gather.AccumulatorQuality:1        ; higher gathering accumulator quality]]
[2020.12.05-05.20.12:539][  0]LogConfig: Setting CVar [[r.DOF.Gather.PostfilterMethod:1          ; Median3x3 postfilering method]]
[2020.12.05-05.20.12:539][  0]LogConfig: Setting CVar [[r.DOF.Gather.EnableBokehSettings:0       ; no bokeh simulation when gathering]]
[2020.12.05-05.20.12:539][  0]LogConfig: Setting CVar [[r.DOF.Gather.RingCount:4                 ; medium number of samples when gathering]]
[2020.12.05-05.20.12:539][  0]LogConfig: Setting CVar [[r.DOF.Scatter.ForegroundCompositing:1    ; additive foreground scattering]]
[2020.12.05-05.20.12:539][  0]LogConfig: Setting CVar [[r.DOF.Scatter.BackgroundCompositing:2    ; additive background scattering]]
[2020.12.05-05.20.12:539][  0]LogConfig: Setting CVar [[r.DOF.Scatter.EnableBokehSettings:1      ; bokeh simulation when scattering]]
[2020.12.05-05.20.12:539][  0]LogConfig: Setting CVar [[r.DOF.Scatter.MaxSpriteRatio:0.1         ; only a maximum of 10% of scattered bokeh]]
[2020.12.05-05.20.12:539][  0]LogConfig: Setting CVar [[r.DOF.Recombine.Quality:1                ; cheap slight out of focus]]
[2020.12.05-05.20.12:539][  0]LogConfig: Setting CVar [[r.DOF.Recombine.EnableBokehSettings:0    ; no bokeh simulation on slight out of focus]]
[2020.12.05-05.20.12:539][  0]LogConfig: Setting CVar [[r.DOF.TemporalAAQuality:1                ; more stable temporal accumulation]]
[2020.12.05-05.20.12:539][  0]LogConfig: Setting CVar [[r.DOF.Kernel.MaxForegroundRadius:0.025]]
[2020.12.05-05.20.12:539][  0]LogConfig: Setting CVar [[r.DOF.Kernel.MaxBackgroundRadius:0.025]]
[2020.12.05-05.20.12:539][  0]LogConfig: Applying CVar settings from Section [TextureQuality@3] File [E:/Unreal Projects/UnrealGame/UnrealGame/Saved/Config/Windows/Scalability.ini]
[2020.12.05-05.20.12:539][  0]LogConfig: Setting CVar [[r.Streaming.MipBias:0]]
[2020.12.05-05.20.12:539][  0]LogConfig: Setting CVar [[r.Streaming.AmortizeCPUToGPUCopy:0]]
[2020.12.05-05.20.12:539][  0]LogConfig: Setting CVar [[r.Streaming.MaxNumTexturesToStreamPerFrame:0]]
[2020.12.05-05.20.12:539][  0]LogConfig: Setting CVar [[r.Streaming.Boost:1]]
[2020.12.05-05.20.12:539][  0]LogConfig: Setting CVar [[r.MaxAnisotropy:8]]
[2020.12.05-05.20.12:539][  0]LogConfig: Setting CVar [[r.VT.MaxAnisotropy:8]]
[2020.12.05-05.20.12:539][  0]LogConfig: Setting CVar [[r.Streaming.LimitPoolSizeToVRAM:0]]
[2020.12.05-05.20.12:540][  0]LogConfig: Setting CVar [[r.Streaming.PoolSize:1000]]
[2020.12.05-05.20.12:540][  0]LogConfig: Setting CVar [[r.Streaming.MaxEffectiveScreenSize:0]]
[2020.12.05-05.20.12:540][  0]LogConfig: Applying CVar settings from Section [EffectsQuality@3] File [E:/Unreal Projects/UnrealGame/UnrealGame/Saved/Config/Windows/Scalability.ini]
[2020.12.05-05.20.12:540][  0]LogConfig: Setting CVar [[r.TranslucencyLightingVolumeDim:64]]
[2020.12.05-05.20.12:540][  0]LogConfig: Setting CVar [[r.RefractionQuality:2]]
[2020.12.05-05.20.12:540][  0]LogConfig: Setting CVar [[r.SSR.Quality:3]]
[2020.12.05-05.20.12:540][  0]LogConfig: Setting CVar [[r.SSR.HalfResSceneColor:0]]
[2020.12.05-05.20.12:540][  0]LogConfig: Setting CVar [[r.SceneColorFormat:4]]
[2020.12.05-05.20.12:540][  0]LogConfig: Setting CVar [[r.DetailMode:2]]
[2020.12.05-05.20.12:540][  0]LogConfig: Setting CVar [[r.TranslucencyVolumeBlur:1]]
[2020.12.05-05.20.12:540][  0]LogConfig: Setting CVar [[r.MaterialQualityLevel:1 ; High quality]]
[2020.12.05-05.20.12:540][  0]LogConfig: Setting CVar [[r.SSS.Scale:1]]
[2020.12.05-05.20.12:540][  0]LogConfig: Setting CVar [[r.SSS.SampleSet:2]]
[2020.12.05-05.20.12:540][  0]LogConfig: Setting CVar [[r.SSS.Quality:1]]
[2020.12.05-05.20.12:540][  0]LogConfig: Setting CVar [[r.SSS.HalfRes:0]]
[2020.12.05-05.20.12:540][  0]LogConfig: Setting CVar [[r.SSGI.Quality:3]]
[2020.12.05-05.20.12:540][  0]LogConfig: Setting CVar [[r.EmitterSpawnRateScale:1.0]]
[2020.12.05-05.20.12:540][  0]LogConfig: Setting CVar [[r.ParticleLightQuality:2]]
[2020.12.05-05.20.12:540][  0]LogConfig: Setting CVar [[r.SkyAtmosphere.AerialPerspectiveLUT.FastApplyOnOpaque:1 ; Always have FastSkyLUT 1 in this case to avoid wrong sky]]
[2020.12.05-05.20.12:540][  0]LogConfig: Setting CVar [[r.SkyAtmosphere.AerialPerspectiveLUT.SampleCountPerSlice:1]]
[2020.12.05-05.20.12:540][  0]LogConfig: Setting CVar [[r.SkyAtmosphere.AerialPerspectiveLUT.DepthResolution:16.0]]
[2020.12.05-05.20.12:540][  0]LogConfig: Setting CVar [[r.SkyAtmosphere.FastSkyLUT:1]]
[2020.12.05-05.20.12:540][  0]LogConfig: Setting CVar [[r.SkyAtmosphere.FastSkyLUT.SampleCountMin:4.0]]
[2020.12.05-05.20.12:540][  0]LogConfig: Setting CVar [[r.SkyAtmosphere.FastSkyLUT.SampleCountMax:32.0]]
[2020.12.05-05.20.12:540][  0]LogConfig: Setting CVar [[r.SkyAtmosphere.SampleCountMin:4.0]]
[2020.12.05-05.20.12:540][  0]LogConfig: Setting CVar [[r.SkyAtmosphere.SampleCountMax:32.0]]
[2020.12.05-05.20.12:540][  0]LogConfig: Setting CVar [[r.SkyAtmosphere.TransmittanceLUT.UseSmallFormat:0]]
[2020.12.05-05.20.12:540][  0]LogConfig: Setting CVar [[r.SkyAtmosphere.TransmittanceLUT.SampleCount:10.0]]
[2020.12.05-05.20.12:540][  0]LogConfig: Setting CVar [[r.SkyAtmosphere.MultiScatteringLUT.SampleCount:15.0]]
[2020.12.05-05.20.12:540][  0]LogConfig: Applying CVar settings from Section [FoliageQuality@3] File [E:/Unreal Projects/UnrealGame/UnrealGame/Saved/Config/Windows/Scalability.ini]
[2020.12.05-05.20.12:540][  0]LogConfig: Setting CVar [[foliage.DensityScale:1.0]]
[2020.12.05-05.20.12:540][  0]LogConfig: Setting CVar [[grass.DensityScale:1.0]]
[2020.12.05-05.20.12:540][  0]LogConfig: Applying CVar settings from Section [ShadingQuality@3] File [E:/Unreal Projects/UnrealGame/UnrealGame/Saved/Config/Windows/Scalability.ini]
[2020.12.05-05.20.12:540][  0]LogConfig: Setting CVar [[r.HairStrands.SkyLighting.SampleCount:16]]
[2020.12.05-05.20.12:540][  0]LogConfig: Setting CVar [[r.HairStrands.SkyLighting.JitterIntegration:0]]
[2020.12.05-05.20.12:540][  0]LogConfig: Setting CVar [[r.HairStrands.SkyAO.SampleCount:16]]
[2020.12.05-05.20.12:540][  0]LogConfig: Setting CVar [[r.HairStrands.DeepShadow.SuperSampling:0]]
[2020.12.05-05.20.12:540][  0]LogConfig: Setting CVar [[r.HairStrands.VisibilityPPLL:0]]
[2020.12.05-05.20.12:540][  0]LogConfig: Setting CVar [[r.HairStrands.RasterizationScale:0.5]]
[2020.12.05-05.20.12:540][  0]LogConfig: Setting CVar [[r.HairStrands.VelocityRasterizationScale:1]]
[2020.12.05-05.20.12:540][  0]LogConfig: Applying CVar settings from Section [Startup] File [../../../Engine/Config/ConsoleVariables.ini]
[2020.12.05-05.20.12:540][  0]LogConfig: Setting CVar [[net.UseAdaptiveNetUpdateFrequency:0]]
[2020.12.05-05.20.12:540][  0]LogConfig: Setting CVar [[p.chaos.AllowCreatePhysxBodies:1]]
[2020.12.05-05.20.12:540][  0]LogConfig: Setting CVar [[fx.SkipVectorVMBackendOptimizations:1]]
[2020.12.05-05.20.12:540][  0]LogConfig: Applying CVar settings from Section [ConsoleVariables] File [E:/Unreal Projects/UnrealGame/UnrealGame/Saved/Config/Windows/Engine.ini]
[2020.12.05-05.20.12:540][  0]LogInit: Computer: DESKTOP-JKG5DN5
[2020.12.05-05.20.12:540][  0]LogInit: User: boste
[2020.12.05-05.20.12:540][  0]LogInit: CPU Page size=4096, Cores=6
[2020.12.05-05.20.12:540][  0]LogInit: High frequency timer resolution =10.000000 MHz
[2020.12.05-05.20.12:540][  0]LogMemory: Memory total: Physical=15.9GB (16GB approx)
[2020.12.05-05.20.12:540][  0]LogMemory: Platform Memory Stats for Windows
[2020.12.05-05.20.12:540][  0]LogMemory: Process Physical Memory: 127.50 MB used, 127.50 MB peak
[2020.12.05-05.20.12:540][  0]LogMemory: Process Virtual Memory: 104.70 MB used, 104.70 MB peak
[2020.12.05-05.20.12:540][  0]LogMemory: Physical Memory: 11192.91 MB used,  5117.80 MB free, 16310.71 MB total
[2020.12.05-05.20.12:540][  0]LogMemory: Virtual Memory: 5214.14 MB used,  134212512.00 MB free, 134217728.00 MB total
[2020.12.05-05.20.13:058][  0]LogWindows: WindowsPlatformFeatures enabled
[2020.12.05-05.20.13:091][  0]LogInit: Physics initialised using underlying interface: PhysX
[2020.12.05-05.20.13:092][  0]LogInit: Using OS detected language (en-US).
[2020.12.05-05.20.13:092][  0]LogInit: Using OS detected locale (en-US).
[2020.12.05-05.20.13:093][  0]LogTextLocalizationManager: No specific localization for 'en-US' exists, so the 'en' localization will be used.
[2020.12.05-05.20.13:243][  0]LogInit: Setting process to per monitor DPI aware
[2020.12.05-05.20.13:267][  0]LogSlate: New Slate User Created.  User Index 0, Is Virtual User: 0
[2020.12.05-05.20.13:267][  0]LogSlate: Slate User Registered.  User Index 0, Is Virtual User: 0
[2020.12.05-05.20.19:742][  0]LogHMD: Failed to initialize OpenVR with code 108
[2020.12.05-05.20.19:742][  0]LogD3D11RHI: D3D11 min allowed feature level: 11_0
[2020.12.05-05.20.19:742][  0]LogD3D11RHI: D3D11 max allowed feature level: 11_0
[2020.12.05-05.20.19:742][  0]LogD3D11RHI: D3D11 adapters:
[2020.12.05-05.20.19:797][  0]LogD3D11RHI:    0. 'NVIDIA GeForce GTX 1070 Ti' (Feature Level 11_0)
[2020.12.05-05.20.19:797][  0]LogD3D11RHI:       8079/0/8155 MB DedicatedVideo/DedicatedSystem/SharedSystem, Outputs:1, VendorId:0x10de
[2020.12.05-05.20.19:801][  0]LogD3D11RHI:    1. 'Microsoft Basic Render Driver' (Feature Level 11_0)
[2020.12.05-05.20.19:801][  0]LogD3D11RHI:       0/0/8155 MB DedicatedVideo/DedicatedSystem/SharedSystem, Outputs:0, VendorId:0x1414
[2020.12.05-05.20.19:801][  0]LogD3D11RHI: Chosen D3D11 Adapter: 0
[2020.12.05-05.20.19:811][  0]LogD3D11RHI: Creating new Direct3DDevice
[2020.12.05-05.20.19:811][  0]LogD3D11RHI:     GPU DeviceId: 0x1b82 (for the marketing name, search the web for "GPU Device Id")
[2020.12.05-05.20.19:811][  0]LogWindows: EnumDisplayDevices:
[2020.12.05-05.20.19:811][  0]LogWindows:    0. 'NVIDIA GeForce GTX 1070 Ti' (P:1 D:1)
[2020.12.05-05.20.19:811][  0]LogWindows:    1. 'NVIDIA GeForce GTX 1070 Ti' (P:0 D:0)
[2020.12.05-05.20.19:811][  0]LogWindows:    2. 'NVIDIA GeForce GTX 1070 Ti' (P:0 D:0)
[2020.12.05-05.20.19:812][  0]LogWindows:    3. 'NVIDIA GeForce GTX 1070 Ti' (P:0 D:0)
[2020.12.05-05.20.19:812][  0]LogWindows: DebugString: FoundDriverCount:4 
[2020.12.05-05.20.19:812][  0]LogD3D11RHI:     Adapter Name: NVIDIA GeForce GTX 1070 Ti
[2020.12.05-05.20.19:812][  0]LogD3D11RHI:   Driver Version: 445.87 (internal:26.21.14.4587, unified:445.87)
[2020.12.05-05.20.19:812][  0]LogD3D11RHI:      Driver Date: 4-3-2020
[2020.12.05-05.20.19:812][  0]LogRHI: Texture pool is 5655 MB (70% of 8079 MB)
[2020.12.05-05.20.19:856][  0]LogD3D11RHI: RHI has support for 64 bit atomics
[2020.12.05-05.20.19:856][  0]LogD3D11RHI: Async texture creation enabled
[2020.12.05-05.20.19:856][  0]LogD3D11RHI: Array index from any shader is supported
[2020.12.05-05.20.19:871][  0]LogD3D11RHI: GPU Timing Frequency: 1000.000000 (Debug: 2 1)
[2020.12.05-05.20.20:145][  0]LogTargetPlatformManager: Display: Loaded TargetPlatform 'AllDesktop'
[2020.12.05-05.20.20:166][  0]LogTargetPlatformManager: Display: Loaded TargetPlatform 'Android'
[2020.12.05-05.20.20:166][  0]LogTargetPlatformManager: Display: Loaded TargetPlatform 'Android_ASTC'
[2020.12.05-05.20.20:166][  0]LogTargetPlatformManager: Display: Loaded TargetPlatform 'Android_DXT'
[2020.12.05-05.20.20:166][  0]LogTargetPlatformManager: Display: Loaded TargetPlatform 'Android_ETC2'
[2020.12.05-05.20.20:166][  0]LogTargetPlatformManager: Display: Loaded TargetPlatform 'AndroidClient'
[2020.12.05-05.20.20:166][  0]LogTargetPlatformManager: Display: Loaded TargetPlatform 'Android_ASTCClient'
[2020.12.05-05.20.20:166][  0]LogTargetPlatformManager: Display: Loaded TargetPlatform 'Android_DXTClient'
[2020.12.05-05.20.20:166][  0]LogTargetPlatformManager: Display: Loaded TargetPlatform 'Android_ETC2Client'
[2020.12.05-05.20.20:166][  0]LogTargetPlatformManager: Display: Loaded TargetPlatform 'Android_Multi'
[2020.12.05-05.20.20:166][  0]LogTargetPlatformManager: Display: Loaded TargetPlatform 'Android_MultiClient'
[2020.12.05-05.20.20:190][  0]LogTargetPlatformManager: Display: Loaded TargetPlatform 'IOSClient'
[2020.12.05-05.20.20:190][  0]LogTargetPlatformManager: Display: Loaded TargetPlatform 'IOS'
[2020.12.05-05.20.20:200][  0]LogTargetPlatformManager: Display: Loaded TargetPlatform 'Linux'
[2020.12.05-05.20.20:208][  0]LogTargetPlatformManager: Display: Loaded TargetPlatform 'LinuxNoEditor'
[2020.12.05-05.20.20:217][  0]LogTargetPlatformManager: Display: Loaded TargetPlatform 'LinuxClient'
[2020.12.05-05.20.20:226][  0]LogTargetPlatformManager: Display: Loaded TargetPlatform 'LinuxServer'
[2020.12.05-05.20.20:235][  0]LogTargetPlatformManager: Display: Loaded TargetPlatform 'LinuxAArch64NoEditor'
[2020.12.05-05.20.20:245][  0]LogTargetPlatformManager: Display: Loaded TargetPlatform 'LinuxAArch64Client'
[2020.12.05-05.20.20:255][  0]LogTargetPlatformManager: Display: Loaded TargetPlatform 'LinuxAArch64Server'
[2020.12.05-05.20.20:278][  0]LogTargetPlatformManager: Display: Loaded TargetPlatform 'Lumin'
[2020.12.05-05.20.20:278][  0]LogTargetPlatformManager: Display: Loaded TargetPlatform 'LuminClient'
[2020.12.05-05.20.20:293][  0]LogTargetPlatformManager: Display: Loaded TargetPlatform 'TVOSClient'
[2020.12.05-05.20.20:293][  0]LogTargetPlatformManager: Display: Loaded TargetPlatform 'TVOS'
[2020.12.05-05.20.20:302][  0]LogTargetPlatformManager: Display: Loaded TargetPlatform 'WindowsNoEditor'
[2020.12.05-05.20.20:311][  0]LogTargetPlatformManager: Display: Loaded TargetPlatform 'Windows'
[2020.12.05-05.20.20:320][  0]LogTargetPlatformManager: Display: Loaded TargetPlatform 'WindowsClient'
[2020.12.05-05.20.20:329][  0]LogTargetPlatformManager: Display: Loaded TargetPlatform 'WindowsServer'
[2020.12.05-05.20.20:329][  0]LogTargetPlatformManager: Display: Building Assets For Windows
[2020.12.05-05.20.20:337][  0]LogAudioDebug: Display: Lib vorbis DLL was dynamically loaded.
[2020.12.05-05.20.20:390][  0]LogShaderCompilers: Guid format shader working directory is -7 characters bigger than the processId version (../../../../../Unreal Projects/UnrealGame/UnrealGame/Intermediate/Shaders/WorkingDirectory/24888/).
[2020.12.05-05.20.20:390][  0]LogShaderCompilers: Cleaned the shader compiler working directory 'C:/Users/boste/AppData/Local/Temp/UnrealShaderWorkingDir/F577F3884288FD2B0F50F48D02E7846E/'.
[2020.12.05-05.20.20:390][  0]LogXGEController: Cleaning working directory: C:/Users/boste/AppData/Local/Temp/UnrealXGEWorkingDir/
[2020.12.05-05.20.20:390][  0]LogXGEController: Cannot use XGE Controller as Incredibuild is not installed on this machine.
[2020.12.05-05.20.20:390][  0]LogShaderCompilers: Cannot use XGE Shader Compiler as Incredibuild is not installed on this machine.
[2020.12.05-05.20.20:390][  0]LogShaderCompilers: Display: Using Local Shader Compiler.
[2020.12.05-05.20.21:101][  0]LogDerivedDataCache: Display: Max Cache Size: 512 MB
[2020.12.05-05.20.21:161][  0]LogDerivedDataCache: Loaded boot cache 0.06s 79MB C:/Users/boste/AppData/Local/UnrealEngine/4.25/DerivedDataCache/Boot.ddc.
[2020.12.05-05.20.21:161][  0]LogDerivedDataCache: Display: Loaded Boot cache: C:/Users/boste/AppData/Local/UnrealEngine/4.25/DerivedDataCache/Boot.ddc
[2020.12.05-05.20.21:161][  0]LogDerivedDataCache: FDerivedDataBackendGraph:  Pak pak cache file ../../../../../Unreal Projects/UnrealGame/UnrealGame/DerivedDataCache/DDC.ddp not found, will not use a pak cache.
[2020.12.05-05.20.21:161][  0]LogDerivedDataCache: Unable to find inner node Pak for hierarchical cache Hierarchy.
[2020.12.05-05.20.21:161][  0]LogDerivedDataCache: FDerivedDataBackendGraph:  CompressedPak pak cache file ../../../../../Unreal Projects/UnrealGame/UnrealGame/DerivedDataCache/Compressed.ddp not found, will not use a pak cache.
[2020.12.05-05.20.21:161][  0]LogDerivedDataCache: Unable to find inner node CompressedPak for hierarchical cache Hierarchy.
[2020.12.05-05.20.21:171][  0]LogDerivedDataCache: Display: Pak cache opened for reading ../../../Engine/DerivedDataCache/Compressed.ddp.
[2020.12.05-05.20.21:171][  0]LogDerivedDataCache: FDerivedDataBackendGraph:  EnterprisePak pak cache file ../../../Enterprise/DerivedDataCache/Compressed.ddp not found, will not use a pak cache.
[2020.12.05-05.20.21:171][  0]LogDerivedDataCache: Unable to find inner node EnterprisePak for hierarchical cache Hierarchy.
[2020.12.05-05.20.21:173][  0]LogDerivedDataCache: Using Local data cache path C:/Users/boste/AppData/Local/UnrealEngine/Common/DerivedDataCache: Writable
[2020.12.05-05.20.21:173][  0]LogDerivedDataCache: Shared data cache path not found in *engine.ini, will not use an Shared cache.
[2020.12.05-05.20.21:173][  0]LogDerivedDataCache: Unable to find inner node Shared for hierarchical cache Hierarchy.
[2020.12.05-05.20.21:220][  0]LogSlate: Using FreeType 2.10.0
[2020.12.05-05.20.21:220][  0]LogSlate: SlateFontServices - WITH_FREETYPE: 1, WITH_HARFBUZZ: 1
[2020.12.05-05.20.21:242][  0]LogAssetRegistry: FAssetRegistry took 0.0028 seconds to start up
[2020.12.05-05.20.21:483][  0]LogInit: Selected Device Profile: [Windows]
[2020.12.05-05.20.21:597][  0]LogMeshReduction: Using QuadricMeshReduction for automatic static mesh reduction
[2020.12.05-05.20.21:597][  0]LogMeshReduction: Using SimplygonMeshReduction for automatic skeletal mesh reduction
[2020.12.05-05.20.21:597][  0]LogMeshReduction: Using ProxyLODMeshReduction for automatic mesh merging
[2020.12.05-05.20.21:597][  0]LogMeshReduction: No distributed automatic mesh merging module available
[2020.12.05-05.20.21:597][  0]LogMeshMerging: No distributed automatic mesh merging module available
[2020.12.05-05.20.21:612][  0]LogNetVersion: UnrealGame 1.0.0, NetCL: 13144385, EngineNetVer: 14, GameNetVer: 0 (Checksum: 2606401877)
[2020.12.05-05.20.22:026][  0]LogAISub: UAISubsystem::UAISubsystem AISubsystem (000001EE87A842C0), frame # 0
[2020.12.05-05.20.22:026][  0]LogAISub: UAISubsystem::UAISubsystem AIPerceptionSystem (000001EE879F07C0), frame # 0
[2020.12.05-05.20.22:028][  0]LogAISub: UAISubsystem::UAISubsystem EnvQueryManager (000001EE87A11E00), frame # 0
[2020.12.05-05.20.22:080][  0]LogPackageLocalizationCache: Processed 21 localized package path(s) for 1 prioritized culture(s) in 0.044789 seconds
[2020.12.05-05.20.22:086][  0]LogUObjectArray: 15917 objects as part of root set at end of initial load.
[2020.12.05-05.20.22:086][  0]LogUObjectAllocator: 3965568 out of 0 bytes used by permanent object pool.
[2020.12.05-05.20.22:087][  0]LogUObjectArray: CloseDisregardForGC: 0/0 objects in disregard for GC pool
[2020.12.05-05.20.22:351][  0]LogPython: Using Python 2.7.14
[2020.12.05-05.20.23:127][  0]LogTcpMessaging: Initializing TcpMessaging bridge
[2020.12.05-05.20.23:132][  0]LogUdpMessaging: Initializing bridge on interface 0.0.0.0:0 to multicast group 230.0.0.1:6666.
[2020.12.05-05.20.23:250][  0]SourceControl: Source control is disabled
[2020.12.05-05.20.23:250][  0]SourceControl: Source control is disabled
[2020.12.05-05.20.23:254][  0]SourceControl: Source control is disabled
[2020.12.05-05.20.23:258][  0]SourceControl: Source control is disabled
[2020.12.05-05.20.23:266][  0]SourceControl: Source control is disabled
[2020.12.05-05.20.23:584][  0]LogAndroidPermission: UAndroidPermissionCallbackProxy::GetInstance
[2020.12.05-05.20.23:616][  0]LogAudioCaptureCore: Display: No Audio Capture implementations found. Audio input will be silent.
[2020.12.05-05.20.23:616][  0]LogAudioCaptureCore: Display: No Audio Capture implementations found. Audio input will be silent.
[2020.12.05-05.20.23:682][  0]LogOcInput: OculusInput pre-init called
[2020.12.05-05.20.24:124][  0]LogEngine: Initializing Engine...
[2020.12.05-05.20.24:198][  0]LogHMD: Failed to initialize OpenVR with code 108
[2020.12.05-05.20.24:198][  0]LogMagicLeap: Warning: VR disabled because ZI is not enabled.  To enable, in the editor, Edit -> Project Settings -> Plugins -> Magic Leap Plugin -> Enable Zero Iteration
[2020.12.05-05.20.24:199][  0]LogStats: UGameplayTagsManager::InitializeManager -  0.000 s
[2020.12.05-05.20.24:305][  0]LogInit: Initializing FReadOnlyCVARCache
[2020.12.05-05.20.24:314][  0]LogAIModule: Creating AISystem for world Untitled
[2020.12.05-05.20.24:314][  0]LogAISub: UAISubsystem::UAISubsystem EnvQueryManager (000001EE9A68D600), frame # 0
[2020.12.05-05.20.24:314][  0]LogAISub: UAISubsystem::UAISubsystem AIPerceptionSystem (000001EE9A6C2480), frame # 0
[2020.12.05-05.20.24:324][  0]LogAudioMixer: Display: Audio Mixer Platform Settings:
[2020.12.05-05.20.24:324][  0]LogAudioMixer: Display: 	Sample Rate:						  48000
[2020.12.05-05.20.24:324][  0]LogAudioMixer: Display: 	Callback Buffer Frame Size Requested: 1024
[2020.12.05-05.20.24:324][  0]LogAudioMixer: Display: 	Callback Buffer Frame Size To Use:	  1024
[2020.12.05-05.20.24:324][  0]LogAudioMixer: Display: 	Number of buffers to queue:			  2
[2020.12.05-05.20.24:324][  0]LogAudioMixer: Display: 	Max Channels (voices):				  32
[2020.12.05-05.20.24:324][  0]LogAudioMixer: Display: 	Number of Async Source Workers:		  0
[2020.12.05-05.20.24:324][  0]LogAudio: Display: AudioDevice MaxSources: 32
[2020.12.05-05.20.24:325][  0]LogAudio: Display: Using built-in audio occlusion.
[2020.12.05-05.20.24:325][  0]LogAudioMixer: Display: Initializing audio mixer.
[2020.12.05-05.20.24:342][  0]LogAudioMixer: Display: 0: FrontLeft
[2020.12.05-05.20.24:342][  0]LogAudioMixer: Display: 1: FrontRight
[2020.12.05-05.20.24:342][  0]LogAudioMixer: Display: 2: FrontCenter
[2020.12.05-05.20.24:342][  0]LogAudioMixer: Display: 3: LowFrequency
[2020.12.05-05.20.24:342][  0]LogAudioMixer: Display: 4: BackLeft
[2020.12.05-05.20.24:342][  0]LogAudioMixer: Display: 5: BackRight
[2020.12.05-05.20.24:342][  0]LogAudioMixer: Display: 6: SideLeft
[2020.12.05-05.20.24:342][  0]LogAudioMixer: Display: 7: SideRight
[2020.12.05-05.20.24:420][  0]LogAudioMixer: Display: Using Audio Device Speakers (Realtek High Definition Audio)
[2020.12.05-05.20.24:423][  0]LogAudioMixer: Display: Initializing Sound Submixes...
[2020.12.05-05.20.24:425][  0]LogAudioMixer: Display: Creating Master Submix 'MasterSubmixDefault'
[2020.12.05-05.20.24:425][  0]LogAudioMixer: Display: Creating Master Submix 'MasterReverbSubmixDefault'
[2020.12.05-05.20.24:426][  0]LogAudioMixer: Display: Creating Master Submix 'MasterEQSubmixDefault'
[2020.12.05-05.20.24:427][  0]LogInit: FAudioDevice initialized.
[2020.12.05-05.20.24:427][  0]LogNetVersion: Set ProjectVersion to 1.0.0.0. Version Checksum will be recalculated on next use.
[2020.12.05-05.20.24:600][  0]LogDerivedDataCache: Saved boot cache 0.17s 79MB C:/Users/boste/AppData/Local/UnrealEngine/4.25/DerivedDataCache/Boot.ddc.
[2020.12.05-05.20.24:601][  0]LogInit: Texture streaming: Enabled
[2020.12.05-05.20.24:623][  0]LogEngineSessionManager: EngineSessionManager initialized
[2020.12.05-05.20.24:623][  0]LogEngineSessionManager: EngineSessionManager sent abnormal shutdown report. Type=Crashed, SessionId={2D0328D7-48CD-9974-9A01-7AABD8CC3D30}
[2020.12.05-05.20.24:623][  0]LogEditorSessionSummary: Verbose: Initializing EditorSessionSummaryWriter for editor session tracking
[2020.12.05-05.20.24:644][  0]LogEditorSessionSummary: EditorSessionSummaryWriter initialized
[2020.12.05-05.20.24:687][  0]LogInit: Transaction tracking system initialized
[2020.12.05-05.20.24:707][  0]BlueprintLog: New page: Editor Load
[2020.12.05-05.20.24:769][  0]LocalizationService: Localization service is disabled
[2020.12.05-05.20.24:901][  0]LogCook: Display: Max memory allowance for cook 16384mb min free memory 0mb
[2020.12.05-05.20.24:901][  0]LogCook: Display: Mobile HDR setting 1
[2020.12.05-05.20.25:038][  0]LogFileCache: Scanning file cache for directory 'E:/Unreal Projects/UnrealGame/UnrealGame/Content/' took 0.02s
[2020.12.05-05.20.25:183][  0]SourceControl: Source control is disabled
[2020.12.05-05.20.25:183][  0]LogUnrealEdMisc: Loading editor; pre map load, took 14.304
[2020.12.05-05.20.25:183][  0]Cmd: MAP LOAD FILE="../../../../../Unreal Projects/UnrealGame/UnrealGame/Content/SideScrollerBP/Maps/SideScrollerExampleMap.umap" TEMPLATE=0 SHOWPROGRESS=1 FEATURELEVEL=3
[2020.12.05-05.20.25:183][  0]LogEditorServer: Warning: Can't find file '../../../../../Unreal Projects/UnrealGame/UnrealGame/Content/SideScrollerBP/Maps/SideScrollerExampleMap.umap'
[2020.12.05-05.20.25:183][  0]Cmd: MAP CHECKDEP NOCLEARLOG
[2020.12.05-05.20.25:183][  0]MapCheck: Map check complete: 0 Error(s), 0 Warning(s), took 0.085ms to complete.
[2020.12.05-05.20.25:183][  0]LogFileHelpers: Loading map 'SideScrollerExampleMap' took 0.000
[2020.12.05-05.20.25:185][  0]LogUnrealEdMisc: Total Editor Startup Time, took 14.306
[2020.12.05-05.20.25:322][  0]LogSlate: Updating window title bar state: overlay mode, drag disabled, window buttons hidden, title bar hidden
[2020.12.05-05.20.25:331][  0]LogSlate: Updating window title bar state: overlay mode, drag disabled, window buttons hidden, title bar hidden
[2020.12.05-05.20.25:338][  0]LogSlate: Updating window title bar state: overlay mode, drag disabled, window buttons hidden, title bar hidden
[2020.12.05-05.20.25:346][  0]LogSlate: Updating window title bar state: overlay mode, drag disabled, window buttons hidden, title bar hidden
[2020.12.05-05.20.25:351][  0]LogCollectionManager: Loaded 0 collections in 0.000671 seconds
[2020.12.05-05.20.25:366][  0]LogFileCache: Scanning file cache for directory 'E:/Unreal Projects/UnrealGame/UnrealGame/Saved/Collections/' took 0.00s
[2020.12.05-05.20.25:366][  0]LogFileCache: Scanning file cache for directory 'E:/Unreal Projects/UnrealGame/UnrealGame/Content/Developers/boste/Collections/' took 0.00s
[2020.12.05-05.20.25:366][  0]LogFileCache: Scanning file cache for directory 'E:/Unreal Projects/UnrealGame/UnrealGame/Content/Collections/' took 0.00s
[2020.12.05-05.20.25:366][  0]LogContentBrowser: Native class hierarchy populated in 0.0100 seconds. Added 3448 classes and 830 folders.
[2020.12.05-05.20.25:371][  0]LogContentBrowser: Native class hierarchy updated for 'WidgetCarousel' in 0.0003 seconds. Added 0 classes and 0 folders.
[2020.12.05-05.20.25:402][  0]LogContentBrowser: Native class hierarchy updated for 'AddContentDialog' in 0.0003 seconds. Added 0 classes and 0 folders.
[2020.12.05-05.20.25:403][  0]LogContentBrowser: Native class hierarchy updated for 'SceneOutliner' in 0.0002 seconds. Added 2 classes and 0 folders.
[2020.12.05-05.20.25:488][  0]LogSlate: Took 0.000166 seconds to synchronously load lazily loaded font '../../../Engine/Content/Slate/Fonts/Roboto-Regular.ttf' (155K)
[2020.12.05-05.20.25:489][  0]LogSlate: Took 0.000087 seconds to synchronously load lazily loaded font '../../../Engine/Content/Slate/Fonts/Roboto-Bold.ttf' (160K)
[2020.12.05-05.20.25:493][  0]LogSlate: Took 0.000124 seconds to synchronously load lazily loaded font '../../../Engine/Content/Editor/Slate/Fonts/FontAwesome.ttf' (139K)
[2020.12.05-05.20.25:542][  0]LogRenderer: Reallocating scene render targets to support 1208x572 Format 10 NumSamples 1 (Frame:1).
[2020.12.05-05.20.25:613][  0]LogContentBrowser: Native class hierarchy updated for 'HierarchicalLODOutliner' in 0.0004 seconds. Added 0 classes and 0 folders.
[2020.12.05-05.20.25:613][  0]LogLoad: (Engine Initialization) Total time: 14.73 seconds
[2020.12.05-05.20.25:613][  0]LogLoad: (Engine Initialization) Total Blueprint compile time: 0.00 seconds
[2020.12.05-05.20.25:669][  0]LogAssetRegistry: Asset discovery search completed in 4.4273 seconds
[2020.12.05-05.20.25:672][  0]LogCollectionManager: Fixed up redirectors for 0 collections in 0.000002 seconds (updated 0 objects)
[2020.12.05-05.20.25:673][  0]LogContentStreaming: Texture pool size now 1000 MB
[2020.12.05-05.20.25:714][  0]LogSlate: Took 0.000139 seconds to synchronously load lazily loaded font '../../../Engine/Content/Slate/Fonts/Roboto-Light.ttf' (167K)
[2020.12.05-05.20.26:967][  4]LogSlate: Took 0.000159 seconds to synchronously load lazily loaded font '../../../Engine/Content/Slate/Fonts/Roboto-Light.ttf' (167K)
[2020.12.05-05.21.00:479][680]LogLinker: Warning: Asset '../../../../../Unreal Projects/UnrealGame/UnrealGame/Content/MSPresets/MSTextures/Albedo.uasset' has been saved with empty engine version. The asset will be loaded but may be incompatible.
[2020.12.05-05.21.00:479][680]LogLinker: Warning: Asset '../../../../../Unreal Projects/UnrealGame/UnrealGame/Content/MSPresets/MSTextures/Normal.uasset' has been saved with empty engine version. The asset will be loaded but may be incompatible.
[2020.12.05-05.21.00:480][680]LogLinker: Warning: Asset '../../../../../Unreal Projects/UnrealGame/UnrealGame/Content/MSPresets/MSTextures/Roughness.uasset' has been saved with empty engine version. The asset will be loaded but may be incompatible.
[2020.12.05-05.21.00:556][680]LogAssetEditorSubsystem: Opening Asset editor for World /Game/OurContent/Maps/Map.Map
[2020.12.05-05.21.00:572][680]LogUObjectHash: Compacting FUObjectHashTables data took   0.86ms
[2020.12.05-05.21.00:574][680]Cmd: MAP LOAD FILE="../../../../../Unreal Projects/UnrealGame/UnrealGame/Content/OurContent/Maps/Map.umap" TEMPLATE=0 SHOWPROGRESS=1 FEATURELEVEL=3
[2020.12.05-05.21.00:574][680]LightingResults: New page: Lighting Build
[2020.12.05-05.21.00:575][680]LogContentBrowser: Native class hierarchy updated for 'StatsViewer' in 0.0004 seconds. Added 6 classes and 0 folders.
[2020.12.05-05.21.00:576][680]LoadErrors: New page: Loading map: Map.umap
[2020.12.05-05.21.00:616][680]LogWorld: UWorld::CleanupWorld for Untitled, bSessionEnded=true, bCleanupResources=true
[2020.12.05-05.21.00:616][680]LogSlate: InvalidateAllWidgets triggered.  All widgets were invalidated
[2020.12.05-05.21.00:616][680]MapCheck: New page: Map Check
[2020.12.05-05.21.00:616][680]LightingResults: New page: Lighting Build
[2020.12.05-05.21.00:625][680]LogAISub: UAISubsystem::~UAISubsystem EnvQueryManager (000001EE9A68D600), frame # 680
[2020.12.05-05.21.00:625][680]LogAISub: UAISubsystem::~UAISubsystem AIPerceptionSystem (000001EE9A6C2480), frame # 680
[2020.12.05-05.21.00:626][680]LogUObjectHash: Compacting FUObjectHashTables data took   0.68ms
[2020.12.05-05.21.00:685][680]LogEditorServer: Finished looking for orphan Actors (0.000 secs)
[2020.12.05-05.21.00:685][680]LogAIModule: Creating AISystem for world Map
[2020.12.05-05.21.00:685][680]LogAISub: UAISubsystem::UAISubsystem EnvQueryManager (000001EEB8276400), frame # 680
[2020.12.05-05.21.00:685][680]LogAISub: UAISubsystem::UAISubsystem AIPerceptionSystem (000001EEF4F1E340), frame # 680
[2020.12.05-05.21.00:711][680]LogUObjectHash: Compacting FUObjectHashTables data took   0.81ms
[2020.12.05-05.21.00:734][680]Cmd: MAP CHECKDEP NOCLEARLOG
[2020.12.05-05.21.00:734][680]MapCheck: Map check complete: 0 Error(s), 0 Warning(s), took 0.07ms to complete.
[2020.12.05-05.21.00:734][680]LogFileHelpers: Loading map 'Map' took 0.160
[2020.12.05-05.21.09:073][586]LogAssetEditorSubsystem: Opening Asset editor for Blueprint /Game/OurContent/BP_Character.BP_Character
[2020.12.05-05.21.09:201][586]LogContentBrowser: Native class hierarchy updated for 'BlueprintGraph' in 0.0006 seconds. Added 125 classes and 0 folders.
[2020.12.05-05.21.09:980][586]LogSlate: Took 0.000156 seconds to synchronously load lazily loaded font '../../../Engine/Content/Slate/Fonts/Roboto-BoldCondensed.ttf' (158K)
[2020.12.05-05.21.10:025][587]LogSlate: Took 0.000156 seconds to synchronously load lazily loaded font '../../../Engine/Content/Slate/Fonts/Roboto-Italic.ttf' (157K)
[2020.12.05-05.21.11:306][724]LogRenderer: Reallocating scene render targets to support 1208x692 Format 10 NumSamples 1 (Frame:1).
[2020.12.05-05.21.29:423][801]LogHotReload: New module detected: UE4Editor-UnrealGame-0016.dll
[2020.12.05-05.21.30:110][804]LogHotReload: Starting Hot-Reload from IDE
[2020.12.05-05.21.30:150][804]LogHotReload: Re-instancing DashCameraShake after hot-reload.
[2020.12.05-05.21.30:165][804]LogHotReload: Re-instancing MainPlayer after hot-reload.
[2020.12.05-05.21.30:211][804]LogContentBrowser: Native class hierarchy updated for 'UnrealGame' in 0.0004 seconds. Added 2 classes and 2 folders.
[2020.12.05-05.21.30:215][804]Display: HotReload successful (1 functions remapped  0 scriptstructs remapped)
[2020.12.05-05.21.30:271][804]LogContentBrowser: Native class hierarchy populated in 0.0100 seconds. Added 3448 classes and 830 folders.
[2020.12.05-05.21.30:283][804]Display: HotReload took  0.2s.
[2020.12.05-05.21.36:892][389]Cmd: OBJ SAVEPACKAGE PACKAGE="/Game/OurContent/BP_Character" FILE="../../../../../Unreal Projects/UnrealGame/UnrealGame/Content/OurContent/BP_Character.uasset" SILENT=true
[2020.12.05-05.21.36:917][389]LogSavePackage: Moving '../../../../../Unreal Projects/UnrealGame/UnrealGame/Saved/BP_Character1BEA6AA84A6E78C120D7AF92F42982E8.tmp' to '../../../../../Unreal Projects/UnrealGame/UnrealGame/Content/OurContent/BP_Character.uasset'
[2020.12.05-05.21.36:931][389]AssetCheck: New page: Asset Save: BP_Character
[2020.12.05-05.21.36:931][389]LogContentValidation: Display: Validating Blueprint /Game/OurContent/BP_Character.BP_Character
[2020.12.05-05.21.38:604][568]LogTemp: Repeating last play command: Simulate
[2020.12.05-05.21.38:620][568]LogPlayLevel: PlayLevel: No blueprints needed recompiling
[2020.12.05-05.21.38:620][568]PIE: New page: SIE session: Map (Dec 4, 2020, 3:21:38 PM)
[2020.12.05-05.21.38:621][568]LogOnline: OSS: Creating online subsystem instance for: NULL
[2020.12.05-05.21.38:622][568]LogOnline: OSS: TryLoadSubsystemAndSetDefault: Loaded subsystem for module [NULL]
[2020.12.05-05.21.38:622][568]LogPlayLevel: Creating play world package: /Game/OurContent/Maps/UEDPIE_0_Map
[2020.12.05-05.21.38:628][568]LogPlayLevel: PIE: StaticDuplicateObject took: (0.005744s)
[2020.12.05-05.21.38:629][568]LogAIModule: Creating AISystem for world Map
[2020.12.05-05.21.38:629][568]LogAISub: UAISubsystem::UAISubsystem EnvQueryManager (000001EEB7FBDE00), frame # 3568
[2020.12.05-05.21.38:629][568]LogAISub: UAISubsystem::UAISubsystem AIPerceptionSystem (000001EEB8041080), frame # 3568
[2020.12.05-05.21.38:629][568]LogPlayLevel: PIE: World Init took: (0.001011s)
[2020.12.05-05.21.38:629][568]LogPlayLevel: PIE: Created PIE world by copying editor world from /Game/OurContent/Maps/Map.Map to /Game/OurContent/Maps/UEDPIE_0_Map.Map (0.006871s)
[2020.12.05-05.21.38:676][568]LogUObjectHash: Compacting FUObjectHashTables data took   3.97ms
[2020.12.05-05.21.38:679][568]LogAudioMixer: Display: Audio Mixer Platform Settings:
[2020.12.05-05.21.38:679][568]LogAudioMixer: Display: 	Sample Rate:						  48000
[2020.12.05-05.21.38:679][568]LogAudioMixer: Display: 	Callback Buffer Frame Size Requested: 1024
[2020.12.05-05.21.38:679][568]LogAudioMixer: Display: 	Callback Buffer Frame Size To Use:	  1024
[2020.12.05-05.21.38:679][568]LogAudioMixer: Display: 	Number of buffers to queue:			  2
[2020.12.05-05.21.38:679][568]LogAudioMixer: Display: 	Max Channels (voices):				  32
[2020.12.05-05.21.38:679][568]LogAudioMixer: Display: 	Number of Async Source Workers:		  0
[2020.12.05-05.21.38:679][568]LogAudio: Display: AudioDevice MaxSources: 32
[2020.12.05-05.21.38:679][568]LogAudio: Display: Using built-in audio occlusion.
[2020.12.05-05.21.38:679][568]LogAudioMixer: Display: Initializing audio mixer.
[2020.12.05-05.21.38:694][568]LogAudioMixer: Display: 0: FrontLeft
[2020.12.05-05.21.38:694][568]LogAudioMixer: Display: 1: FrontRight
[2020.12.05-05.21.38:694][568]LogAudioMixer: Display: 2: FrontCenter
[2020.12.05-05.21.38:694][568]LogAudioMixer: Display: 3: LowFrequency
[2020.12.05-05.21.38:694][568]LogAudioMixer: Display: 4: BackLeft
[2020.12.05-05.21.38:694][568]LogAudioMixer: Display: 5: BackRight
[2020.12.05-05.21.38:694][568]LogAudioMixer: Display: 6: SideLeft
[2020.12.05-05.21.38:694][568]LogAudioMixer: Display: 7: SideRight
[2020.12.05-05.21.38:750][568]LogAudioMixer: Display: Using Audio Device Speakers (Realtek High Definition Audio)
[2020.12.05-05.21.38:750][568]LogAudioMixer: Display: Initializing Sound Submixes...
[2020.12.05-05.21.38:750][568]LogAudioMixer: Display: Creating Master Submix 'MasterSubmixDefault'
[2020.12.05-05.21.38:750][568]LogAudioMixer: Display: Creating Master Submix 'MasterReverbSubmixDefault'
[2020.12.05-05.21.38:750][568]LogAudioMixer: Display: Creating Master Submix 'MasterEQSubmixDefault'
[2020.12.05-05.21.38:762][568]LogInit: FAudioDevice initialized.
[2020.12.05-05.21.38:773][568]LogLoad: Game class is 'OurGameBase_C'
[2020.12.05-05.21.38:774][568]LogWorld: Bringing World /Game/OurContent/Maps/UEDPIE_0_Map.Map up for play (max tick rate 0) at 2020.12.04-22.21.38
[2020.12.05-05.21.38:774][568]LogWorld: Bringing up level for play took: 0.000664
[2020.12.05-05.21.38:775][568]LogOnline: OSS: Creating online subsystem instance for: :Context_3
[2020.12.05-05.21.38:790][568]LogContentBrowser: Native class hierarchy updated for 'MovieSceneCapture' in 0.0004 seconds. Added 20 classes and 0 folders.
[2020.12.05-05.21.38:791][568]PIE: Server logged in
[2020.12.05-05.21.38:792][568]PIE: Play in editor total start time 0.175 seconds.
[2020.12.05-05.21.41:146][809]LogSlate: Updating window title bar state: overlay mode, drag disabled, window buttons hidden, title bar hidden
[2020.12.05-05.21.41:146][809]LogWorld: BeginTearingDown for /Game/OurContent/Maps/UEDPIE_0_Map
[2020.12.05-05.21.41:146][809]LogWorld: UWorld::CleanupWorld for Map, bSessionEnded=true, bCleanupResources=true
[2020.12.05-05.21.41:146][809]LogSlate: InvalidateAllWidgets triggered.  All widgets were invalidated
[2020.12.05-05.21.41:155][809]LogPlayLevel: Display: Shutting down PIE online subsystems
[2020.12.05-05.21.41:159][809]LogSlate: InvalidateAllWidgets triggered.  All widgets were invalidated
[2020.12.05-05.21.41:184][809]LogSlate: Updating window title bar state: overlay mode, drag disabled, window buttons hidden, title bar hidden
[2020.12.05-05.21.41:235][809]LogAISub: UAISubsystem::~UAISubsystem EnvQueryManager (000001EEB7FBDE00), frame # 3809
[2020.12.05-05.21.41:235][809]LogAISub: UAISubsystem::~UAISubsystem AIPerceptionSystem (000001EEB8041080), frame # 3809
[2020.12.05-05.21.41:240][809]LogUObjectHash: Compacting FUObjectHashTables data took   4.66ms
[2020.12.05-05.21.41:271][810]LogPlayLevel: Display: Destroying online subsystem :Context_3
[2020.12.05-05.22.00:794][960]LogHotReload: New module detected: UE4Editor-UnrealGame-0017.dll
[2020.12.05-05.22.01:482][963]LogHotReload: Starting Hot-Reload from IDE
[2020.12.05-05.22.01:533][963]LogHotReload: Re-instancing DashCameraShake after hot-reload.
[2020.12.05-05.22.01:552][963]LogContentBrowser: Native class hierarchy updated for 'UnrealGame' in 0.0004 seconds. Added 2 classes and 2 folders.
[2020.12.05-05.22.01:558][963]Display: HotReload successful (1 functions remapped  0 scriptstructs remapped)
[2020.12.05-05.22.01:620][963]LogContentBrowser: Native class hierarchy populated in 0.0108 seconds. Added 3448 classes and 830 folders.
[2020.12.05-05.22.01:630][963]Display: HotReload took  0.1s.
[2020.12.05-05.22.05:581][120]LogTemp: Repeating last play command: Simulate
[2020.12.05-05.22.05:597][120]LogPlayLevel: PlayLevel: No blueprints needed recompiling
[2020.12.05-05.22.05:597][120]PIE: New page: SIE session: Map (Dec 4, 2020, 3:22:05 PM)
[2020.12.05-05.22.05:635][120]LogPlayLevel: Creating play world package: /Game/OurContent/Maps/UEDPIE_0_Map
[2020.12.05-05.22.05:639][120]LogPlayLevel: PIE: StaticDuplicateObject took: (0.004281s)
[2020.12.05-05.22.05:640][120]LogAIModule: Creating AISystem for world Map
[2020.12.05-05.22.05:640][120]LogAISub: UAISubsystem::UAISubsystem EnvQueryManager (000001EF20CC8E00), frame # 4120
[2020.12.05-05.22.05:640][120]LogAISub: UAISubsystem::UAISubsystem AIPerceptionSystem (000001EEC51D0900), frame # 4120
[2020.12.05-05.22.05:640][120]LogPlayLevel: PIE: World Init took: (0.001020s)
[2020.12.05-05.22.05:640][120]LogPlayLevel: PIE: Created PIE world by copying editor world from /Game/OurContent/Maps/Map.Map to /Game/OurContent/Maps/UEDPIE_0_Map.Map (0.005464s)
[2020.12.05-05.22.05:710][120]LogUObjectHash: Compacting FUObjectHashTables data took   4.20ms
[2020.12.05-05.22.05:710][120]LogAudioMixer: Display: Audio Mixer Platform Settings:
[2020.12.05-05.22.05:710][120]LogAudioMixer: Display: 	Sample Rate:						  48000
[2020.12.05-05.22.05:710][120]LogAudioMixer: Display: 	Callback Buffer Frame Size Requested: 1024
[2020.12.05-05.22.05:710][120]LogAudioMixer: Display: 	Callback Buffer Frame Size To Use:	  1024
[2020.12.05-05.22.05:710][120]LogAudioMixer: Display: 	Number of buffers to queue:			  2
[2020.12.05-05.22.05:711][120]LogAudioMixer: Display: 	Max Channels (voices):				  32
[2020.12.05-05.22.05:711][120]LogAudioMixer: Display: 	Number of Async Source Workers:		  0
[2020.12.05-05.22.05:711][120]LogAudio: Display: AudioDevice MaxSources: 32
[2020.12.05-05.22.05:711][120]LogAudio: Display: Using built-in audio occlusion.
[2020.12.05-05.22.05:711][120]LogAudioMixer: Display: Initializing audio mixer.
[2020.12.05-05.22.05:724][120]LogAudioMixer: Display: 0: FrontLeft
[2020.12.05-05.22.05:724][120]LogAudioMixer: Display: 1: FrontRight
[2020.12.05-05.22.05:724][120]LogAudioMixer: Display: 2: FrontCenter
[2020.12.05-05.22.05:724][120]LogAudioMixer: Display: 3: LowFrequency
[2020.12.05-05.22.05:724][120]LogAudioMixer: Display: 4: BackLeft
[2020.12.05-05.22.05:724][120]LogAudioMixer: Display: 5: BackRight
[2020.12.05-05.22.05:724][120]LogAudioMixer: Display: 6: SideLeft
[2020.12.05-05.22.05:724][120]LogAudioMixer: Display: 7: SideRight
[2020.12.05-05.22.05:780][120]LogAudioMixer: Display: Using Audio Device Speakers (Realtek High Definition Audio)
[2020.12.05-05.22.05:781][120]LogAudioMixer: Display: Initializing Sound Submixes...
[2020.12.05-05.22.05:781][120]LogAudioMixer: Display: Creating Master Submix 'MasterSubmixDefault'
[2020.12.05-05.22.05:781][120]LogAudioMixer: Display: Creating Master Submix 'MasterReverbSubmixDefault'
[2020.12.05-05.22.05:781][120]LogAudioMixer: Display: Creating Master Submix 'MasterEQSubmixDefault'
[2020.12.05-05.22.05:793][120]LogInit: FAudioDevice initialized.
[2020.12.05-05.22.05:798][120]LogLoad: Game class is 'OurGameBase_C'
[2020.12.05-05.22.05:799][120]LogWorld: Bringing World /Game/OurContent/Maps/UEDPIE_0_Map.Map up for play (max tick rate 0) at 2020.12.04-22.22.05
[2020.12.05-05.22.05:799][120]LogWorld: Bringing up level for play took: 0.000844
[2020.12.05-05.22.05:800][120]LogOnline: OSS: Creating online subsystem instance for: :Context_4
[2020.12.05-05.22.05:801][120]PIE: Server logged in
[2020.12.05-05.22.05:802][120]PIE: Play in editor total start time 0.208 seconds.
[2020.12.05-05.22.11:526][793]LogSlate: Updating window title bar state: overlay mode, drag disabled, window buttons hidden, title bar hidden
[2020.12.05-05.22.11:526][793]LogWorld: BeginTearingDown for /Game/OurContent/Maps/UEDPIE_0_Map
[2020.12.05-05.22.11:526][793]LogWorld: UWorld::CleanupWorld for Map, bSessionEnded=true, bCleanupResources=true
[2020.12.05-05.22.11:526][793]LogSlate: InvalidateAllWidgets triggered.  All widgets were invalidated
[2020.12.05-05.22.11:536][793]LogPlayLevel: Display: Shutting down PIE online subsystems
[2020.12.05-05.22.11:539][793]LogSlate: InvalidateAllWidgets triggered.  All widgets were invalidated
[2020.12.05-05.22.11:575][793]LogSlate: Updating window title bar state: overlay mode, drag disabled, window buttons hidden, title bar hidden
[2020.12.05-05.22.11:578][793]LogAISub: UAISubsystem::~UAISubsystem EnvQueryManager (000001EF20CC8E00), frame # 4793
[2020.12.05-05.22.11:578][793]LogAISub: UAISubsystem::~UAISubsystem AIPerceptionSystem (000001EEC51D0900), frame # 4793
[2020.12.05-05.22.11:582][793]LogUObjectHash: Compacting FUObjectHashTables data took   2.55ms
[2020.12.05-05.22.11:611][794]LogPlayLevel: Display: Destroying online subsystem :Context_4
[2020.12.05-05.25.39:263][518]LogHotReload: New module detected: UE4Editor-UnrealGame-0019.dll
[2020.12.05-05.25.39:942][521]LogHotReload: Starting Hot-Reload from IDE
[2020.12.05-05.25.40:040][521]LogHotReload: Re-instancing DashCameraShake after hot-reload.
[2020.12.05-05.25.41:225][521]LogWindows: Error: === Critical error: ===
[2020.12.05-05.25.41:225][521]LogWindows: Error: 
[2020.12.05-05.25.41:225][521]LogWindows: Error: Fatal error!
[2020.12.05-05.25.41:225][521]LogWindows: Error: 
[2020.12.05-05.25.41:225][521]LogWindows: Error: Unhandled Exception: EXCEPTION_ACCESS_VIOLATION writing address 0x00000000
[2020.12.05-05.25.41:225][521]LogWindows: Error: 
[2020.12.05-05.25.41:225][521]LogWindows: Error: [Callstack] 0x00007ffdd6c82d7a UE4Editor-UnrealGame-0019.dll!AMainPlayer::AMainPlayer() [E:\Unreal Projects\UnrealGame\UnrealGame\Source\UnrealGame\MainPlayer.cpp:19]
[2020.12.05-05.25.41:225][521]LogWindows: Error: [Callstack] 0x00007ffd6f9844be UE4Editor-HotReload.dll!UnknownFunction []
[2020.12.05-05.25.41:225][521]LogWindows: Error: [Callstack] 0x00007ffd6f973d4e UE4Editor-HotReload.dll!UnknownFunction []
[2020.12.05-05.25.41:225][521]LogWindows: Error: [Callstack] 0x00007ffd6f97a995 UE4Editor-HotReload.dll!UnknownFunction []
[2020.12.05-05.25.41:225][521]LogWindows: Error: [Callstack] 0x00007ffd6f986b33 UE4Editor-HotReload.dll!UnknownFunction []
[2020.12.05-05.25.41:225][521]LogWindows: Error: [Callstack] 0x00007ffd6f986e01 UE4Editor-HotReload.dll!UnknownFunction []
[2020.12.05-05.25.41:225][521]LogWindows: Error: [Callstack] 0x00007ffd6f97f836 UE4Editor-HotReload.dll!UnknownFunction []
[2020.12.05-05.25.41:225][521]LogWindows: Error: [Callstack] 0x00007ffdd528ed1d UE4Editor-CoreUObject.dll!UnknownFunction []
[2020.12.05-05.25.41:225][521]LogWindows: Error: [Callstack] 0x00007ffdd5616839 UE4Editor-CoreUObject.dll!UnknownFunction []
[2020.12.05-05.25.41:225][521]LogWindows: Error: [Callstack] 0x00007ffdd55f5bc6 UE4Editor-CoreUObject.dll!UnknownFunction []
[2020.12.05-05.25.41:225][521]LogWindows: Error: [Callstack] 0x00007ffdd5514465 UE4Editor-CoreUObject.dll!UnknownFunction []
[2020.12.05-05.25.41:225][521]LogWindows: Error: [Callstack] 0x00007ffdd5c2986a UE4Editor-Core.dll!UnknownFunction []
[2020.12.05-05.25.41:225][521]LogWindows: Error: [Callstack] 0x00007ffdd5c499f0 UE4Editor-Core.dll!UnknownFunction []
[2020.12.05-05.25.41:225][521]LogWindows: Error: [Callstack] 0x00007ffdd5c48b08 UE4Editor-Core.dll!UnknownFunction []
[2020.12.05-05.25.41:225][521]LogWindows: Error: [Callstack] 0x00007ffd6f97b9b2 UE4Editor-HotReload.dll!UnknownFunction []
[2020.12.05-05.25.41:225][521]LogWindows: Error: [Callstack] 0x00007ffd6f97b708 UE4Editor-HotReload.dll!UnknownFunction []
[2020.12.05-05.25.41:225][521]LogWindows: Error: [Callstack] 0x00007ffd6f98c3e1 UE4Editor-HotReload.dll!UnknownFunction []
[2020.12.05-05.25.41:225][521]LogWindows: Error: [Callstack] 0x00007ffdd59ad0a9 UE4Editor-Core.dll!UnknownFunction []
[2020.12.05-05.25.41:226][521]LogWindows: Error: [Callstack] 0x00007ff7fe80a213 UE4Editor.exe!UnknownFunction []
[2020.12.05-05.25.41:226][521]LogWindows: Error: [Callstack] 0x00007ff7fe81ba7c UE4Editor.exe!UnknownFunction []
[2020.12.05-05.25.41:226][521]LogWindows: Error: [Callstack] 0x00007ff7fe81bb5a UE4Editor.exe!UnknownFunction []
[2020.12.05-05.25.41:226][521]LogWindows: Error: [Callstack] 0x00007ff7fe82e31d UE4Editor.exe!UnknownFunction []
[2020.12.05-05.25.41:226][521]LogWindows: Error: [Callstack] 0x00007ff7fe83145a UE4Editor.exe!UnknownFunction []
[2020.12.05-05.25.41:226][521]LogWindows: Error: [Callstack] 0x00007ffdfc607c24 KERNEL32.DLL!UnknownFunction []
[2020.12.05-05.25.41:226][521]LogWindows: Error: [Callstack] 0x00007ffdfce4d4d1 ntdll.dll!UnknownFunction []
[2020.12.05-05.25.41:226][521]LogWindows: Error: 
[2020.12.05-05.25.41:233][521]LogExit: Executing StaticShutdownAfterError
[2020.12.05-05.25.41:238][521]LogWindows: FPlatformMisc::RequestExit(1)
[2020.12.05-05.25.41:238][521]LogCore: Engine exit requested (reason: Win RequestExit)
[2020.12.05-05.25.41:249][521]Log file closed, 12/04/20 22:25:41
